--- Log opened Sat Nov 06 13:25:01 2010
13:25          --> playahater has joined
13:25 #drupal-sr: Total of 8 nicks [0 ops, 0 halfops, 0 voices, 8 normal]
13:25 Join to #drupal-sr was synced in 2 secs
13:27  el22or| ok krecemo polako....
13:28  el22or| homoludens:
13:28  el22or| http://localize.drupal.org/translate/languages/sr/translate?page=126&project=drupal&status=0&release=41024&search=&author=&context=all&limit=10&sid=0
13:28  el22or| od stringa @type: added %title using blog API.
13:29  el22or| pa narednih 10 stringova.... do stringa 'edit order and titles'
13:29          <-- nenads has quit irc
13:30  el22or| mihha1:  http://localize.drupal.org/translate/languages/sr/translate?page=127&project=drupal&status=0&release=41024&search=&author=&context=all&limit=10&sid=0
13:30  el22or| od stringa: 'Book'
13:32  el22or| pa 10-ak stringova... do stringa: 'This book has been modified by another user, the changes could not be saved.'
13:32  mihha1| dobio.
13:32          --> aleksandar1 has joined
13:32  el22or| pivica: http://localize.drupal.org/translate/languages/sr/translate?page=129&project=drupal&status=0&release=41024&search=&author=&context=all&limit=10&sid=0
13:33  el22or| od stringa: 'Title changed from %original to %current.'
13:33  el22or| pa 10-ak stringova... do stinga: 'The post has been added to the selected book. You may now position it relative to other pages.'
13:34          <-- aleksandar has quit irc
13:34  el22or| aleksandar1:  http://localize.drupal.org/translate/languages/sr/translate?page=130&project=drupal&status=0&release=41024&search=&author=&context=all&limit=10&sid=0
13:35  el22or| od stringa: 'The book outline has been updated.'
13:35  aleksandar1| ok!
13:35  el22or| pa 10-ak stringova...  do stringa: 'Show block on all pages'
13:40          --> mlivan has joined
13:40  el22or| mlivan: http://localize.drupal.org/translate/languages/sr/translate?page=131&project=drupal&status=0&release=41024&search=&author=&context=all&limit=10&sid=0
13:40  el22or| od stringa: 'Show block only on book pages'
13:41  el22or| pa narednih 10-ak... do stringa: The parent page in the book. The maximum depth for a book and all child pages is !maxdepth. Some pages in the selected book may not be available as parents if selecting them would exceed this limit.
13:44  el22or| prevod pisemo na cirilici, nemojte zaboraviti.... :)
13:44          --> nenads has joined
13:44  el22or| nenads: http://localize.drupal.org/translate/languages/sr/translate?page=132&project=drupal&status=0&release=41024&search=&author=&context=all&limit=10&sid=0
13:45  el22or| od stringa: 'Book outline'
13:45  el22or| pa narednih 10-ak stringova... do stringa: 'For more information, see the online handbook entry for <a href="@book">Book module</a>.'
13:47          --> ivanvujovic has joined
13:49          --> jelena has joined
13:52  homoludens| kratko uputsvto: http://l10n.montenasoft.com/node/27
14:05  jelena| fgfghhghhg hhjjkj
14:06          <-- jelena has quit irc
14:07          --> mr02077 has joined
14:07  Shin-en| http://l10n.montenasoft.com/recnik
14:07  Shin-en| Ovo je zvanični resčnik
14:07  Shin-en| mole se svi prevodioci da novoprevedene termine unose u ovaj rečnik
14:08  Shin-en| da biste olakšali posao onima koji dolaze posle vas
14:08  Shin-en| hvala :)
14:10          <-- mihha1 has quit irc
14:12          --> mihha1 has joined
14:12          --> mr020771 has joined
14:13  mr020771| dfgxsdf
14:13          <-- aleksandar1 has left
14:15          --> aleksandar has joined
14:15  pivica| el22or daj nove stringove
14:16  aleksandar| @el22or: spreman za nove stringove
14:17  mihha1| @el22or daj jos!
14:17  pivica| pa da
14:17  pivica| ajde bre el22or
14:22  el22or| pivica: http://localize.drupal.org/translate/languages/sr/translate?page=136&project=drupal&status=0&release=41024&search=&author=&context=all&limit=10&sid=0
14:22  el22or| od: 'The outline feature allows you to include posts in the <a href="@book">book hierarchy</a>, as well as move them within the hierarchy or to <a href="@book-admin">reorder an entire book</a>.'
14:23  el22or| do: A <em>book page</em> is a page of content, organized into a collection of related entries collectively known as a <em>book</em>. A <em>book page</em> automatically displays links to adjacent pages, providing a simple navigation system for organizing and reviewing structured content.
14:23  el22or| homoludens: http://localize.drupal.org/translate/languages/sr/translate?page=137&project=drupal&status=0&release=41024&search=&author=&context=all&limit=10&sid=0
14:23  el22or| od: Allows users to structure site pages in a hierarchy or outline
14:24  el22or| do: Link color
14:24  el22or| mihha1: http://localize.drupal.org/translate/languages/sr/translate?page=138&project=drupal&status=0&release=41024&search=&author=&context=all&limit=10&sid=0
14:24  el22or| od: Header top
14:25  el22or| do: The GD library for PHP is missing or outdated. Please check the <a href="@url">PHP image documentation</a> for information on how to correct this.
14:26  el22or| playahater: http://localize.drupal.org/translate/languages/sr/translate?page=139&project=drupal&status=0&release=41024&search=&author=&context=all&limit=10&sid=0
14:26  el22or| od: GD library
14:29          <-- mr02077 has quit irc
14:31  el22or| do: Please select one or more comments to perform the update on.
14:34  el22or| aleksandar: http://localize.drupal.org/translate/languages/sr/translate?page=140&project=drupal&status=0&release=41024&search=&author=&context=all&limit=10&sid=0
14:34  el22or| od: The update has been performed.
14:34  el22or| do: The comment and all its replies have been deleted.
14:35  el22or| pivica: http://localize.drupal.org/translate/languages/sr/translate?page=141&project=drupal&status=0&release=41024&search=&author=&context=all&limit=10&sid=0
14:35  el22or| od: Comment: updated %subject.
14:36  el22or| do: Comment permissions are assigned to user roles, and are used to determine whether anonymous users (or other roles) are allowed to comment on posts. If anonymous users are allowed to comment, their individual contact information may be retained in cookies stored on their local computer for use in later comment submissions. When a comment has no replies, it may be (optionally) edited by its author. The comment module uses the same inpu
14:37          --> ticici has joined
14:38  el22or| mr020771: http://localize.drupal.org/translate/languages/sr/translate?page=142&project=drupal&status=0&release=41024&search=&author=&context=all&limit=10&sid=0
14:38  el22or| od: For more information, see the online handbook entry for <a href="@comment">Comment module</a>.
14:39  el22or| do: Share your thoughts and opinions related to this posting.
14:39          --> jelena has joined
14:41  el22or| ticici: http://localize.drupal.org/translate/languages/sr/translate?page=144&project=drupal&status=0&release=41024&search=&author=&context=all&limit=10&sid=0
14:41  el22or| od: Comment settings
14:42  el22or| do: Default comments per page
14:42  el22or| ivanvujovic: http://localize.drupal.org/translate/languages/sr/translate?page=145&project=drupal&status=0&release=41024&search=&author=&context=all&limit=10&sid=0
14:42  el22or| od: Default number of comments for each page: more comments are distributed in several pages.
14:42  el22or| do: Anonymous posters may leave their contact information
14:43  aleksandar| @el22or -- šalji stringove
14:45  el22or| aleksandar: http://localize.drupal.org/translate/languages/sr/translate?page=146&project=drupal&status=0&release=41024&search=&author=&context=all&limit=10&sid=0
14:46  el22or| od: Anonymous posters must leave their contact information
14:47  el22or| do: The URL of your homepage is not valid. Remember that it must be fully qualified, i.e. of the form <code>http://example.com/directory</code>.
14:47  el22or| ima oko 25 komada ;)
14:49  el22or| nenads: http://localize.drupal.org/translate/languages/sr/translate?page=148&project=drupal&status=0&release=41024&search=&author=&context=all&limit=10&sid=0
14:49  el22or| od: Administration
14:49  el22or| do: (No subject)
14:52  el22or| mlivan: http://localize.drupal.org/translate/languages/sr/translate?page=150&project=drupal&status=0&release=41024&search=&author=&context=all&limit=10&sid=0
14:52  el22or| od: !a comments per page
14:53  el22or| do: When a comment is being viewed by an authenticated user
14:55  el22or| jelena: http://localize.drupal.org/translate/languages/sr/translate?page=152&project=drupal&status=0&release=41024&search=&author=&context=all&limit=10&sid=0
14:55  el22or| od: Publish comment
14:55  el22or| do: Unpublished comment %subject.
14:58          --> moca has joined
14:59  el22or| moca: http://localize.drupal.org/translate/languages/sr/translate?page=153&project=drupal&status=0&release=41024&search=&author=&context=all&limit=10&sid=0
14:59  el22or| od: 1 comment
14:59  el22or| @count comments
15:00  el22or| do: List and edit site comments and the comment moderation queue.
15:02          <-- nenads has quit irc
15:06          <-- pivica has quit irc
15:37  el22or| ivanvujovic: http://localize.drupal.org/translate/languages/sr/translate?page=157&project=drupal&status=0&release=41024&search=&author=&context=all&limit=10&sid=0
15:37  el22or| od: Published comments
15:38  el22or| do: Example: 'website feedback' or 'product information'.
15:55          <-- mihha1 has left
15:57  el22or| homoludens: http://localize.drupal.org/translate/languages/sr/translate?page=159&project=drupal&status=0&release=41024&search=&author=&context=all&limit=10&sid=0
15:57  el22or| od: Example: 'webmaster@example.com' or 'sales@example.com,support@example.com'. To specify multiple recipients, separate each e-mail address with a comma.
15:57  el22or| do: You can leave a message using the contact form below.
15:57  el22or| ivanvujovic: http://localize.drupal.org/translate/languages/sr/translate?page=160&project=drupal&status=0&release=41024&search=&author=&context=all&limit=10&sid=0
15:58  el22or| od: Information to show on the <a href="@form">contact page</a>. Can be anything from submission guidelines to your postal address or telephone number.
15:58  el22or| do: You cannot send more than %number messages per hour. Please try again later.
15:58  mr020771| meni jednu turu!
15:58  Shin-en| primer sajta gde je Read more Ceo tekst http://www.spvz.be/
16:02  el22or| mr020771: http://localize.drupal.org/translate/languages/sr/translate?page=161&project=drupal&status=0&release=41024&search=&author=&context=all&limit=10&sid=0
16:02  el22or| od: Your e-mail address
16:03  el22or| do: The contact form has not been configured. <a href="@add">Add one or more categories</a> to the form.
16:08  el22or| playahater: http://localize.drupal.org/translate/languages/sr/translate?page=162&project=drupal&status=0&release=41024&search=&author=&context=all&limit=10&sid=0
16:09  el22or| http://localize.drupal.org/translate/languages/sr/translate?page=163&project=drupal&status=0&release=41024&search=&author=&context=all&limit=10&sid=0
16:09  el22or| od: You must select a valid category.
16:10  el22or| do: A link to your site's <a href="@contact">contact page</a> from the main <em>Navigation</em>  menu is created, but is disabled by default. Create a similar link on  another menu by adding a menu item pointing to the path "contact"
16:10  el22or| aleksandar: http://localize.drupal.org/translate/languages/sr/translate?page=164&project=drupal&status=0&release=41024&search=&author=&context=all&limit=10&sid=0
16:11  el22or| od: The contact module facilitates communication via e-mail, by  allowing your site's visitors to contact one another (personal contact  forms), and by providing a simple way to direct messages to a set of  administrator-defined recipients (the <a href="@contact">contact page</a>).  With either form, users specify a subject, write their message, and  (optionally) have a copy of their message sent to their own e-mail  address.
16:11  el22or| do: The contact module also adds a <a href="@menu-settings">menu item</a> (disabled by default) to the navigation block.
16:11  el22or| jelena: http://localize.drupal.org/translate/languages/sr/translate?page=165&project=drupal&status=0&release=41024&search=&author=&context=all&limit=10&sid=0
16:11  el22or| od: Contact settings
16:12  el22or| do: Allow other users to contact you by e-mail via <a href="@url">your personal contact form</a>.  Note that while your e-mail address is not made public to other members  of the community, privileged users such as site administrators are able  to contact you even if you choose not to enable this feature.
16:20  mr020771| конобар!
16:21  el22or| ko je konobar? :)
16:23  el22or| mlivan: http://localize.drupal.org/translate/languages/sr/translate?page=168&project=drupal&status=0&release=41024&search=&author=&context=all&limit=10&sid=0
16:23  el22or| od: Contact form
16:24  el22or| do: No log messages available.
16:24  mr020771| ма мислио сам још једну туру
16:26  el22or| homoludens: http://localize.drupal.org/translate/languages/sr/translate?page=169&project=drupal&status=0&release=41024&search=&author=&context=all&limit=10&sid=0
16:26  el22or| od: Count
16:26  el22or| do: The dblog module monitors your system, capturing system events in a  log to be reviewed by an authorized individual at a later time. This is  useful for site administrators who want a quick overview of activities  on their site. The logs also record the sequence of events, so it can be  useful for debugging site errors.
16:26  el22or| mr020771: http://localize.drupal.org/translate/languages/sr/translate?page=171&project=drupal&status=0&release=41024&search=&author=&context=all&limit=10&sid=0
16:26  el22or| od: The dblog module monitors your website, capturing system events in  a log to be reviewed by an authorized individual at a later time. The  dblog log is simply a list of recorded events containing usage data,  performance data, errors, warnings and operational information. It is  vital to check the dblog report on a regular basis as it is often the  only way to tell what is going on.
16:27  el22or| do: Choose which roles may use this filter format. Note that roles  with the "administer filters" permission can always use all the filter  formats.
16:28  el22or| moca: http://localize.drupal.org/translate/languages/sr/translate?page=173&project=drupal&status=0&release=41024&search=&author=&context=all&limit=10&sid=0
16:28  el22or| od: Filters
16:28  el22or| do: If you have any content left in this input format, it will be  switched to the default input format. This action cannot be undone.
16:44  el22or| http://localize.drupal.org/translate/languages/sr/translate?page=176&project=drupal&status=0&release=41024&search=&author=&context=all&limit=10&sid=0
16:44  el22or| homoludens: http://localize.drupal.org/translate/languages/sr/translate?page=176&project=drupal&status=0&release=41024&search=&author=&context=all&limit=10&sid=0
16:44  el22or| od: The default format cannot be deleted.
16:44  el22or| do: Use the list below to configure which input formats are available  to which roles, as well as choose a default input format (used for  imported content, for example). The default format is always available  to users. All input formats are available to users in a role with the  "administer filters" permission.
16:58  el22or| mlivan: http://localize.drupal.org/translate/languages/sr/translate?page=179&project=drupal&status=0&release=41024&search=&author=&context=all&limit=10&sid=0
16:59  el22or| od: Every <em>filter</em>  performs one particular change on the user input, for example stripping  out malicious HTML or making URLs clickable. Choose which filters you  want to apply to text in this input format. If you notice some filters  are causing conflicts in the output, you can <a href="@rearrange">rearrange them</a>.
16:59  el22or| do: Filters are executed from top-to-bottom. To change the order of the filters, modify the values in the <em>Weight</em> column or grab a drag-and-drop handle under the <em>Name</em>  column and drag filters to new locations in the list. (Grab a handle by  clicking and holding the mouse while hovering over a handle icon.)  Remember that your changes will not be saved until you click the <em>Save configuration</em> button at the bottom o
16:59  mr020771| још једну
17:00  el22or| evo
17:00  el22or| mr020771: http://localize.drupal.org/translate/languages/sr/translate?page=180&project=drupal&status=0&release=41024&search=&author=&context=all&limit=10&sid=0
17:00  el22or| od: Emphasized
17:01  el22or| do: By default line break tags are automatically added, so use this  tag to add additional ones. Use of this tag is different because it is  not used with an open/close pair like all the others. Use the extra " /"  inside the tag to maintain XHTML 1.0 compatibility
17:23          <-- aleksandar has quit irc
17:24  el22or| playahater: http://localize.drupal.org/translate/languages/sr/translate?page=182&project=drupal&status=0&release=41024&search=&author=&context=all&limit=10&sid=0
17:24  el22or| od: Coded
17:25  el22or| do: Ordered list - use the &lt;li&gt; to begin each list item
17:27          --> nenads has joined
17:39  ticici| ел22ор, може и мени?
17:40  mr020771| ууу, тиџо, ћирилица. лајк за то
17:41  el22or| uf
17:44  el22or| playahater: http://localize.drupal.org/translate/languages/sr/translate?page=185&project=drupal&status=0&release=41024&search=&author=&context=all&limit=10&sid=0
17:44  el22or| od: First item
17:44  el22or| do: Lines and paragraphs are automatically recognized. The &lt;br  /&gt; line break, &lt;p&gt; paragraph and &lt;/p&gt;  close paragraph tags are inserted automatically. If paragraphs are not  recognized simply add a couple blank lines.
17:45  el22or| ticici: http://localize.drupal.org/translate/languages/sr/translate?page=187&project=drupal&status=0&release=41024&search=&author=&context=all&limit=10&sid=0
17:45  el22or| od: Web page addresses and e-mail addresses turn into links automatically.
17:45  el22or| do: If "Strip disallowed tags" is selected, optionally specify tags  which should not be stripped. JavaScript event attributes are always  stripped.
17:47  el22or| moca: http://localize.drupal.org/translate/languages/sr/translate?page=189&project=drupal&status=0&release=41024&search=&author=&context=all&limit=10&sid=0
17:47  el22or| od: Display HTML help
17:47  el22or| do: Configure how content input by users is filtered, including allowed HTML tags. Also allows enabling of module-provided filters.
17:47  el22or| jelena: http://localize.drupal.org/translate/languages/sr/translate?page=190&project=drupal&status=0&release=41024&search=&author=&context=all&limit=10&sid=0
17:47  el22or| od: Delete input format
17:48  el22or| do: Short but meaningful name for this collection of threaded discussions.
17:48  el22or| nenads: http://localize.drupal.org/translate/languages/sr/translate?page=191&project=drupal&status=0&release=41024&search=&author=&context=all&limit=10&sid=0
17:48  el22or| od: Description and guidelines for discussions within this forum.
17:48  el22or| do: Containers are displayed in ascending order by weight (containers with equal weights are displayed alphabetically).
17:53  ivanvujovic| i još samo meni, ako ima
18:08          --> markoobradovic has joined
18:10  el22or| ivanvujovic: http://localize.drupal.org/translate/languages/sr/translate?page=194&project=drupal&status=0&release=41024&search=&author=&context=all&limit=10&sid=0
18:10  el22or| od: Are you sure you want to delete the forum %name?
18:10  el22or| do: There are no existing containers or forums. Containers and forums may be added using the <a href="@container">add container</a> and <a href="@forum">add forum</a> pages.
18:10  el22or| markoobradovic: http://localize.drupal.org/translate/languages/sr/translate?page=195&project=drupal&status=0&release=41024&search=&author=&context=all&limit=10&sid=0
18:10  el22or| od: root
18:11  el22or| do: For more information, see the online handbook entry for <a href="@forum">Forum module</a>.
18:11  el22or| mr020771: http://localize.drupal.org/translate/languages/sr/translate?page=197&project=drupal&status=0&release=41024&search=&author=&context=all&limit=10&sid=0
18:11  el22or| od: This page displays a list of existing forums and containers.  Containers (optionally) hold forums, and forums hold forum topics (a  forum topic is the initial post to a threaded discussion). To provide  structure, both containers and forums may be placed inside other  containers and forums. To rearrange forums and containers, grab a  drag-and-drop handle under the <em>Name</em>  column and drag the forum or container to a new locatio
18:12  el22or| do: If you move this topic, you can leave a link in the old forum to the new forum.
18:12          <-- mlivan has quit irc
18:14  el22or| jelena: http://localize.drupal.org/translate/languages/sr/translate?page=198&project=drupal&status=0&release=41024&search=&author=&context=all&limit=10&sid=0
18:14  el22or| od: Topic
18:14  el22or| do: Control forums and their hierarchy and change forum settings.
18:17  el22or| markoobradovic: http://localize.drupal.org/translate/languages/sr/translate?page=200&project=drupal&status=0&release=41024&search=&author=&context=all&limit=10&sid=0
18:17  el22or| od: Add container
18:18  el22or| do: This guide provides context sensitive help on the use and configuration of <a href="@drupal">Drupal</a> and its modules, and is a supplement to the more extensive online <a href="@handbook">Drupal handbook</a>.  The online handbook may contain more up-to-date information, is  annotated with helpful user-contributed comments, and serves as the  definitive reference point for all Drupal documentation.
18:42  jelena| moze jos jedna
18:43  el22or| moze
18:44  el22or| jelena: http://localize.drupal.org/translate/languages/sr/translate?page=204&project=drupal&status=0&release=41024&search=&author=&context=all&limit=10&sid=0
18:44  el22or| od: For more information, see the online handbook entry for <a href="@help">Help module</a>.
18:44  el22or| do: The locale module allows your Drupal site to be presented in  languages other than the default English, a defining feature of  multi-lingual websites. The locale module works by examining text as it  is about to be displayed: when a translation of the text is available in  the language to be displayed, the translation is displayed rather than  the original text. When a translation is unavailable, the original text  is displayed, and 
18:51  ivanvujovic| дај још мало
18:57  el22or| ivanvujovic: http://localize.drupal.org/translate/languages/sr/translate?page=206&project=drupal&status=0&release=41024&search=&author=&context=all&limit=10&sid=0
18:57  el22or| od: Beyond translation of the Drupal interface, the locale module  provides a feature set tailored to the needs of a multi-lingual site.  Language negotiation allows your site to automatically change language  based on the domain or path used for each request. Users may  (optionally) select their preferred language on their <em>My account</em>  page, and your site can be configured to honor a web browser's  preferred language settings. Y
18:57  el22or| do: Add all languages to be supported by your site. If your desired language is not available in the <em>Language name</em> drop-down, click <em>Custom language</em>  and provide a language code and other details manually. When providing a  language code manually, be sure to enter a standardized language code,  since this code may be used by browsers to determine an appropriate  display language.
18:58  el22or| mr020771: http://localize.drupal.org/translate/languages/sr/translate?page=207&project=drupal&status=0&release=41024&search=&author=&context=all&limit=10&sid=0
18:58  el22or| od: <strong>Path prefix only.</strong>  The presentation language is determined by examining the path for a  language code or other custom string that matches the path prefix (if  any) specified for each language. If a suitable prefix is not  identified, the default language is used. <em>Example: "example.com/de/contact" sets presentation language to German based on the use of "de" within the path.</em>
18:58  el22or| do: Note that the <em>.po</em>  files within a translation package are imported automatically (if  available) when new modules or themes are enabled, or as new languages  are added. Since this page only allows the import of one <em>.po</em> file at a time, it may be simpler to download and extract a translation package into your Drupal installation directory and <a href="@language-add">add the language</a> (which automatically imports al
19:02          <-- Shin-en has quit irc
19:12  el22or| playahater: http://localize.drupal.org/translate/languages/sr/translate?page=209&project=drupal&status=0&release=41024&search=&author=&context=all&limit=10&sid=0
19:12  el22or| od: This page exports the translated strings used by your site. An export file may be in Gettext Portable Object (<em>.po</em>)  form, which includes both the original string and the translation (used  to share translations with others), or in Gettext Portable Object  Template (<em>.pot</em>) form, which includes the original strings only (used to create new translations with a Gettext translation editor).
19:12  el22or| do: Enable multilingual support for this content type. If enabled, a  language selection field will be added to the editing form, allowing you  to select from one of the <a href="!languages">enabled languages</a>. If disabled, new posts are saved with the default language. Existing content will not be affected by changing this option.
19:13  el22or| homoludens: http://localize.drupal.org/translate/languages/sr/translate?page=211&project=drupal&status=0&release=41024&search=&author=&context=all&limit=10&sid=0
19:13  el22or| od: Translate interface
19:14  el22or| do: Apr
19:19  el22or| moca: http://localize.drupal.org/translate/languages/sr/translate?page=213&project=drupal&status=0&release=41024&search=&author=&context=all&limit=10&sid=0
19:19  el22or| od: !long-month-name May
19:19  mr020771| uzmi, molim te od
19:19  mr020771| This page provides an overview of available translatable strings.  Drupal displays translatable strings in text groups; modules may define  additional text groups containing other translatable strings. Because  text groups provide a method of grouping related strings, they are often  used to focus translation efforts on specific areas of the Drupal  interface.
19:19  mr020771| do kraja da dodelis nekom drugom, necu stici do 8
19:19  el22or| do: This page allows a translator to search for specific translated  and untranslated strings, and is used when creating or editing  translations. (Note: For translation tasks involving many strings, it  may be more convenient to <a href="@export">export</a>  strings for off-line editing in a desktop Gettext translation editor.)  Searches may be limited to strings found within a specific text group or  in a specific language.
19:20  el22or| ok
19:20  el22or| ja cu to resiti
19:22          <-- nenads has quit irc
19:38  jelena| moye jos
19:38  ticici| и мени
19:40  el22or| evo
19:45          <-- mr020771 has left
19:46          <-- markoobradovic has left
19:47          <-- moca has left
19:50  ivanvujovic| poslednji string koji sam preveo:
19:50  ivanvujovic| If an existing translation package does not meet your needs, the Gettext Portable Object (<em>.po</em>) files within a package may be modified, or new <em>.po</em> files may be created, using a desktop Gettext editor. The locale module's <a href="@import">import</a> feature allows the translated strings from a new or modified <em>.po</em> file to be added to your site. The locale module's <a href="@export">export</a> feature ge
19:50          <-- jelena has quit irc
19:51          <-- ivanvujovic has quit irc
19:53          <-- ticici has left
19:55          <-- el22or has quit irc
--- Log closed Sun Nov 07 00:17:02 2010
--- Log opened Sun Nov 07 00:22:59 2010
00:22          --> playahater has joined
00:22  ServerMode/#drupal-sr [+ns] by hubbard.freenode.net
00:22 #drupal-sr: Total of 1 nicks [1 ops, 0 halfops, 0 voices, 0 normal]
00:23 Join to #drupal-sr was synced in 5 secs
00:23  ServerMode/#drupal-sr [-o playahater] by services.
00:23 !hubbard.freenode.net *** Notice -- TS for #drupal-sr changed from 1289085843 to 1269870014
00:23  ServerMode/#drupal-sr [+ct-s] by services.
00:23          --> ChanServ has joined
00:23  ServerMode/#drupal-sr [+o ChanServ] by services.
00:23  ChanServ topic change -> #drupal-sr to: Drupal Srbija | Grupa za prevođenje Drupala na srpski jezik | Zvanični IRC kanal
00:23          <-- ChanServ has left
09:46          --> pivica has joined
12:16          <-- playahater has left
--- Log closed Sun Nov 07 12:16:20 2010
--- Log opened Mon Nov 29 17:18:39 2010
17:18          --> playahater has joined
17:18 #drupal-sr: Total of 2 nicks [0 ops, 0 halfops, 0 voices, 2 normal]
17:18 Join to #drupal-sr was synced in 0 secs
17:18          <-- playahater has left
--- Log closed Mon Nov 29 17:18:55 2010
