--- Log opened Sat Feb 27 04:05:22 2010
04:05 -ChanServ(ChanServ@services.)- [#drupal-support] This channel is LOGGED at http://www.disobey.com/bot/log/drupal-support .
--- Log closed Sat Feb 27 04:11:19 2010
--- Log opened Sat Feb 27 04:23:03 2010
04:23 -ChanServ(ChanServ@services.)- [#drupal-support] This channel is LOGGED at http://www.disobey.com/bot/log/drupal-support .
--- Log closed Sat Feb 27 04:28:59 2010
--- Log opened Sat Feb 27 04:43:04 2010
04:43 -ChanServ(ChanServ@services.)- [#drupal-support] This channel is LOGGED at http://www.disobey.com/bot/log/drupal-support .
--- Log closed Sat Feb 27 04:49:02 2010
--- Log opened Sat Feb 27 04:54:11 2010
04:54 -ChanServ(ChanServ@services.)- [#drupal-support] This channel is LOGGED at http://www.disobey.com/bot/log/drupal-support .
--- Log closed Sat Feb 27 05:00:07 2010
--- Log opened Sat Feb 27 22:40:31 2010
22:40 -ChanServ(ChanServ@services.)- [#drupal-support] This channel is LOGGED at http://www.disobey.com/bot/log/drupal-support .
--- Log closed Sat Feb 27 22:41:38 2010
--- Log opened Sat Feb 27 22:41:44 2010
22:41 -ChanServ(ChanServ@services.)- [#drupal-support] This channel is LOGGED at http://www.disobey.com/bot/log/drupal-support .
--- Log closed Sat Feb 27 22:42:07 2010
--- Log opened Sat Feb 27 22:42:11 2010
22:42 -ChanServ(ChanServ@services.)- [#drupal-support] This channel is LOGGED at http://www.disobey.com/bot/log/drupal-support .
--- Log closed Sat Feb 27 22:45:42 2010
--- Log opened Sat Feb 27 22:46:18 2010
22:46 -ChanServ(ChanServ@services.)- [#drupal-support] This channel is LOGGED at http://www.disobey.com/bot/log/drupal-support .
--- Log closed Sat Feb 27 22:52:14 2010
--- Log opened Sat Feb 27 22:56:17 2010
22:56 -ChanServ(ChanServ@services.)- [#drupal-support] This channel is LOGGED at http://www.disobey.com/bot/log/drupal-support .
--- Log closed Sat Feb 27 22:59:56 2010
--- Log opened Sat Feb 27 23:01:31 2010
23:01 -ChanServ(ChanServ@services.)- [#drupal-support] This channel is LOGGED at http://www.disobey.com/bot/log/drupal-support .
--- Log closed Sat Feb 27 23:06:18 2010
--- Log opened Sat Feb 27 23:09:37 2010
23:09 -ChanServ(ChanServ@services.)- [#drupal-support] This channel is LOGGED at http://www.disobey.com/bot/log/drupal-support .
--- Log closed Sat Feb 27 23:10:03 2010
--- Log opened Sat Feb 27 23:11:55 2010
23:11 -ChanServ(ChanServ@services.)- [#drupal-support] This channel is LOGGED at http://www.disobey.com/bot/log/drupal-support .
--- Log closed Sat Feb 27 23:14:11 2010
--- Log opened Sat Feb 27 23:14:16 2010
23:14 -ChanServ(ChanServ@services.)- [#drupal-support] This channel is LOGGED at http://www.disobey.com/bot/log/drupal-support .
--- Log closed Sat Feb 27 23:15:50 2010
--- Log opened Sat Feb 27 23:15:55 2010
23:15 -ChanServ(ChanServ@services.)- [#drupal-support] This channel is LOGGED at http://www.disobey.com/bot/log/drupal-support .
--- Log closed Sat Feb 27 23:16:18 2010
--- Log opened Sat Feb 27 23:20:01 2010
23:20 -ChanServ(ChanServ@services.)- [#drupal-support] This channel is LOGGED at http://www.disobey.com/bot/log/drupal-support .
--- Log closed Sat Feb 27 23:21:02 2010
--- Log opened Sat Feb 27 23:23:45 2010
23:23 -ChanServ(ChanServ@services.)- [#drupal-support] This channel is LOGGED at http://www.disobey.com/bot/log/drupal-support .
--- Log closed Sat Feb 27 23:29:43 2010
--- Log opened Sat Feb 27 23:36:05 2010
23:36 -ChanServ(ChanServ@services.)- [#drupal-support] This channel is LOGGED at http://www.disobey.com/bot/log/drupal-support .
--- Log closed Sat Feb 27 23:36:14 2010
--- Log opened Sat Feb 27 23:40:45 2010
23:40 -ChanServ(ChanServ@services.)- [#drupal-support] This channel is LOGGED at http://www.disobey.com/bot/log/drupal-support .
--- Log closed Sat Feb 27 23:45:59 2010
--- Log opened Sat Feb 27 23:46:50 2010
23:46 -ChanServ(ChanServ@services.)- [#drupal-support] This channel is LOGGED at http://www.disobey.com/bot/log/drupal-support .
--- Log closed Sat Feb 27 23:47:13 2010
--- Log opened Sat Feb 27 23:48:24 2010
23:48 -ChanServ(ChanServ@services.)- [#drupal-support] This channel is LOGGED at http://www.disobey.com/bot/log/drupal-support .
--- Log closed Sat Feb 27 23:50:20 2010
--- Log opened Sat Feb 27 23:51:15 2010
23:51 -ChanServ(ChanServ@services.)- [#drupal-support] This channel is LOGGED at http://www.disobey.com/bot/log/drupal-support .
--- Log closed Sat Feb 27 23:51:19 2010
--- Log opened Sun Feb 28 00:21:09 2010
00:21 -ChanServ(ChanServ@services.)- [#drupal-support] This channel is LOGGED at http://www.disobey.com/bot/log/drupal-support .
--- Log closed Sun Feb 28 00:21:16 2010
--- Log opened Sun Feb 28 02:48:14 2010
02:48 -ChanServ(ChanServ@services.)- [#drupal-support] This channel is LOGGED at http://www.disobey.com/bot/log/drupal-support .
--- Log closed Sun Feb 28 02:48:41 2010
--- Log opened Sun Feb 28 02:50:52 2010
02:50 -ChanServ(ChanServ@services.)- [#drupal-support] This channel is LOGGED at http://www.disobey.com/bot/log/drupal-support .
--- Log closed Sun Feb 28 02:56:49 2010
--- Log opened Sun Feb 28 03:12:27 2010
03:12 -ChanServ(ChanServ@services.)- [#drupal-support] This channel is LOGGED at http://www.disobey.com/bot/log/drupal-support .
--- Log closed Sun Feb 28 03:12:34 2010
--- Log opened Sun Feb 28 03:12:47 2010
03:12 -ChanServ(ChanServ@services.)- [#drupal-support] This channel is LOGGED at http://www.disobey.com/bot/log/drupal-support .
--- Log closed Sun Feb 28 03:13:45 2010
--- Log opened Sun Feb 28 03:24:19 2010
03:24 -ChanServ(ChanServ@services.)- [#drupal-support] This channel is LOGGED at http://www.disobey.com/bot/log/drupal-support .
--- Log closed Sun Feb 28 03:26:48 2010
--- Log opened Sun Feb 28 03:28:12 2010
03:28 -ChanServ(ChanServ@services.)- [#drupal-support] This channel is LOGGED at http://www.disobey.com/bot/log/drupal-support .
--- Log closed Sun Feb 28 03:29:53 2010
--- Log opened Sun Feb 28 03:33:59 2010
03:33 -ChanServ(ChanServ@services.)- [#drupal-support] This channel is LOGGED at http://www.disobey.com/bot/log/drupal-support .
--- Log closed Sun Feb 28 03:34:32 2010
--- Log opened Sun Feb 28 03:35:57 2010
03:35 -ChanServ(ChanServ@services.)- [#drupal-support] This channel is LOGGED at http://www.disobey.com/bot/log/drupal-support .
--- Log closed Sun Feb 28 03:37:21 2010
--- Log opened Sun Feb 28 03:37:50 2010
03:37 -ChanServ(ChanServ@services.)- [#drupal-support] This channel is LOGGED at http://www.disobey.com/bot/log/drupal-support .
--- Log closed Sun Feb 28 03:43:47 2010
--- Log opened Sun Feb 28 03:47:03 2010
03:47 -ChanServ(ChanServ@services.)- [#drupal-support] This channel is LOGGED at http://www.disobey.com/bot/log/drupal-support .
--- Log closed Sun Feb 28 03:53:00 2010
--- Log opened Sun Feb 28 04:07:03 2010
04:07 -ChanServ(ChanServ@services.)- [#drupal-support] This channel is LOGGED at http://www.disobey.com/bot/log/drupal-support .
--- Log closed Sun Feb 28 04:09:04 2010
--- Log opened Sun Feb 28 04:13:26 2010
04:13 -ChanServ(ChanServ@services.)- [#drupal-support] This channel is LOGGED at http://www.disobey.com/bot/log/drupal-support .
--- Log closed Sun Feb 28 04:16:07 2010
--- Log opened Sun Feb 28 04:16:59 2010
04:16 -ChanServ(ChanServ@services.)- [#drupal-support] This channel is LOGGED at http://www.disobey.com/bot/log/drupal-support .
--- Log closed Sun Feb 28 04:19:24 2010
--- Log opened Sun Feb 28 04:19:32 2010
04:19 -ChanServ(ChanServ@services.)- [#drupal-support] This channel is LOGGED at http://www.disobey.com/bot/log/drupal-support .
--- Log closed Sun Feb 28 04:20:04 2010
--- Log opened Sun Feb 28 04:22:00 2010
04:22 -ChanServ(ChanServ@services.)- [#drupal-support] This channel is LOGGED at http://www.disobey.com/bot/log/drupal-support .
--- Log closed Sun Feb 28 04:27:40 2010
--- Log opened Sun Feb 28 04:27:45 2010
04:27 -ChanServ(ChanServ@services.)- [#drupal-support] This channel is LOGGED at http://www.disobey.com/bot/log/drupal-support .
--- Log closed Sun Feb 28 04:29:03 2010
--- Log opened Sun Feb 28 04:30:20 2010
04:30 -ChanServ(ChanServ@services.)- [#drupal-support] This channel is LOGGED at http://www.disobey.com/bot/log/drupal-support .
--- Log closed Sun Feb 28 04:33:19 2010
--- Log opened Sun Feb 28 04:33:23 2010
04:33 -ChanServ(ChanServ@services.)- [#drupal-support] This channel is LOGGED at http://www.disobey.com/bot/log/drupal-support .
--- Log closed Sun Feb 28 04:33:36 2010
--- Log opened Sun Feb 28 04:34:27 2010
04:34 -ChanServ(ChanServ@services.)- [#drupal-support] This channel is LOGGED at http://www.disobey.com/bot/log/drupal-support .
--- Log closed Sun Feb 28 04:35:26 2010
--- Log opened Sun Feb 28 04:35:31 2010
04:35 -ChanServ(ChanServ@services.)- [#drupal-support] This channel is LOGGED at http://www.disobey.com/bot/log/drupal-support .
--- Log closed Sun Feb 28 04:37:21 2010
--- Log opened Sun Feb 28 04:37:27 2010
04:37 -ChanServ(ChanServ@services.)- [#drupal-support] This channel is LOGGED at http://www.disobey.com/bot/log/drupal-support .
--- Log closed Sun Feb 28 04:43:01 2010
--- Log opened Sun Feb 28 04:43:05 2010
04:43 -ChanServ(ChanServ@services.)- [#drupal-support] This channel is LOGGED at http://www.disobey.com/bot/log/drupal-support .
--- Log closed Sun Feb 28 04:43:43 2010
--- Log opened Sun Feb 28 04:44:53 2010
04:44 -ChanServ(ChanServ@services.)- [#drupal-support] This channel is LOGGED at http://www.disobey.com/bot/log/drupal-support .
--- Log closed Sun Feb 28 04:45:09 2010
--- Log opened Sun Feb 28 04:46:05 2010
04:46 -ChanServ(ChanServ@services.)- [#drupal-support] This channel is LOGGED at http://www.disobey.com/bot/log/drupal-support .
--- Log closed Sun Feb 28 04:46:24 2010
--- Log opened Sun Feb 28 04:47:12 2010
04:47 -ChanServ(ChanServ@services.)- [#drupal-support] This channel is LOGGED at http://www.disobey.com/bot/log/drupal-support .
--- Log closed Sun Feb 28 04:47:25 2010
--- Log opened Sun Feb 28 04:47:56 2010
04:47 -ChanServ(ChanServ@services.)- [#drupal-support] This channel is LOGGED at http://www.disobey.com/bot/log/drupal-support .
--- Log closed Sun Feb 28 04:49:19 2010
--- Log opened Sun Feb 28 04:54:20 2010
04:54 -ChanServ(ChanServ@services.)- [#drupal-support] This channel is LOGGED at http://www.disobey.com/bot/log/drupal-support .
--- Log closed Sun Feb 28 04:55:09 2010
--- Log opened Sun Feb 28 04:56:41 2010
04:56 -ChanServ(ChanServ@services.)- [#drupal-support] This channel is LOGGED at http://www.disobey.com/bot/log/drupal-support .
--- Log closed Sun Feb 28 04:56:49 2010
--- Log opened Sun Feb 28 04:57:11 2010
04:57 -ChanServ(ChanServ@services.)- [#drupal-support] This channel is LOGGED at http://www.disobey.com/bot/log/drupal-support .
--- Log closed Sun Feb 28 05:03:08 2010
--- Log opened Sun Feb 28 04:43:15 2010
04:43 -ChanServ(ChanServ@services.)- [#drupal-support] This channel is LOGGED at http://www.disobey.com/bot/log/drupal-support .
--- Log closed Sun Feb 28 04:49:12 2010
--- Log opened Mon Mar 01 19:00:13 2010
19:00 -ChanServ(ChanServ@services.)- [#drupal-support] This channel is LOGGED at http://www.disobey.com/bot/log/drupal-support .
--- Log closed Mon Mar 01 19:06:10 2010
--- Log opened Mon Mar 01 22:49:02 2010
22:49 -ChanServ(ChanServ@services.)- [#drupal-support] This channel is LOGGED at http://www.disobey.com/bot/log/drupal-support .
--- Log closed Mon Mar 01 22:55:00 2010
--- Log opened Tue Mar 02 04:23:42 2010
04:23 -ChanServ(ChanServ@services.)- [#drupal-support] This channel is LOGGED at http://www.disobey.com/bot/log/drupal-support .
--- Log closed Tue Mar 02 04:29:40 2010
--- Log opened Tue Mar 02 06:27:15 2010
06:27 -ChanServ(ChanServ@services.)- [#drupal-support] This channel is LOGGED at http://www.disobey.com/bot/log/drupal-support .
06:27 -ChanServ(ChanServ@services.)- [#gentoo] Welcome to #gentoo || Acceptable Usage Policy @ http://www.gentoo.org/main/en/irc.xml || Keep the language clean || Google is your friend || No bots or scripts that talk || Turn off public away messages || More than three lines to #flood or a pastebin service, no spam!
06:27 -ChanServ(ChanServ@services.)- [#openmoko] This channel may be set +R which means you *need* to register and identify to nickserv to be able to post. Please read http://freenode.net/faq.shtml#nicksetup for details
--- Log closed Tue Mar 02 06:27:25 2010
--- Log opened Tue Mar 02 06:27:43 2010
06:27 -ChanServ(ChanServ@services.)- [#drupal-support] This channel is LOGGED at http://www.disobey.com/bot/log/drupal-support .
06:27 -ChanServ(ChanServ@services.)- [#gentoo] Welcome to #gentoo || Acceptable Usage Policy @ http://www.gentoo.org/main/en/irc.xml || Keep the language clean || Google is your friend || No bots or scripts that talk || Turn off public away messages || More than three lines to #flood or a pastebin service, no spam!
06:27 -ChanServ(ChanServ@services.)- [#openmoko] This channel may be set +R which means you *need* to register and identify to nickserv to be able to post. Please read http://freenode.net/faq.shtml#nicksetup for details
--- Log closed Tue Mar 02 06:33:41 2010
--- Log opened Tue Mar 02 17:49:05 2010
17:49 -ChanServ(ChanServ@services.)- [#drupal-support] This channel is LOGGED at http://www.disobey.com/bot/log/drupal-support .
17:49 -ChanServ(ChanServ@services.)- [#gentoo] Welcome to #gentoo || Acceptable Usage Policy @ http://www.gentoo.org/main/en/irc.xml || Keep the language clean || Google is your friend || No bots or scripts that talk || Turn off public away messages || More than three lines to #flood or a pastebin service, no spam!
17:49 -ChanServ(ChanServ@services.)- [#openmoko] This channel may be set +R which means you *need* to register and identify to nickserv to be able to post. Please read http://freenode.net/faq.shtml#nicksetup for details
--- Log closed Tue Mar 02 17:55:01 2010
--- Log opened Tue Mar 02 20:40:57 2010
20:40 -ChanServ(ChanServ@services.)- [#drupal-support] This channel is LOGGED at http://www.disobey.com/bot/log/drupal-support .
20:40 -ChanServ(ChanServ@services.)- [#gentoo] Welcome to #gentoo || Acceptable Usage Policy @ http://www.gentoo.org/main/en/irc.xml || Keep the language clean || Google is your friend || No bots or scripts that talk || Turn off public away messages || More than three lines to #flood or a pastebin service, no spam!
20:40 -ChanServ(ChanServ@services.)- [#openmoko] This channel may be set +R which means you *need* to register and identify to nickserv to be able to post. Please read http://freenode.net/faq.shtml#nicksetup for details
--- Log closed Tue Mar 02 20:41:15 2010
--- Log opened Tue Mar 02 20:46:46 2010
20:46 -ChanServ(ChanServ@services.)- [#drupal-support] This channel is LOGGED at http://www.disobey.com/bot/log/drupal-support .
20:46 -ChanServ(ChanServ@services.)- [#gentoo] Welcome to #gentoo || Acceptable Usage Policy @ http://www.gentoo.org/main/en/irc.xml || Keep the language clean || Google is your friend || No bots or scripts that talk || Turn off public away messages || More than three lines to #flood or a pastebin service, no spam!
20:46 -ChanServ(ChanServ@services.)- [#openmoko] This channel may be set +R which means you *need* to register and identify to nickserv to be able to post. Please read http://freenode.net/faq.shtml#nicksetup for details
--- Log closed Tue Mar 02 20:52:42 2010
--- Log opened Wed Mar 03 20:37:31 2010
20:37 -ChanServ(ChanServ@services.)- [#Drupal] Welcome to the generic Drupal channel. Feel free to ask here -- you might get an answer or a suggestion of which channel would fit better. Visit #drupal-contribute if you want to contribute something (and you know you want to).
--- Log closed Wed Mar 03 20:41:11 2010
