--- Log opened Sat Feb 27 04:05:19 2010
--- Log closed Sat Feb 27 04:10:19 2010
--- Log opened Sat Feb 27 04:23:00 2010
--- Log closed Sat Feb 27 04:28:59 2010
--- Log opened Sat Feb 27 04:43:02 2010
--- Log closed Sat Feb 27 04:48:02 2010
--- Log opened Sat Feb 27 04:54:08 2010
--- Log closed Sat Feb 27 05:00:07 2010
--- Log opened Sat Feb 27 22:40:28 2010
--- Log closed Sat Feb 27 22:41:38 2010
--- Log opened Sat Feb 27 22:41:41 2010
--- Log closed Sat Feb 27 22:42:07 2010
--- Log opened Sat Feb 27 22:42:09 2010
--- Log closed Sat Feb 27 22:45:42 2010
--- Log opened Sat Feb 27 22:46:15 2010
--- Log closed Sat Feb 27 22:52:14 2010
--- Log opened Sat Feb 27 22:56:15 2010
--- Log closed Sat Feb 27 22:59:56 2010
--- Log opened Sat Feb 27 23:01:29 2010
--- Log closed Sat Feb 27 23:06:18 2010
--- Log opened Sat Feb 27 23:09:35 2010
--- Log closed Sat Feb 27 23:10:03 2010
--- Log opened Sat Feb 27 23:11:53 2010
--- Log closed Sat Feb 27 23:14:11 2010
--- Log opened Sat Feb 27 23:14:14 2010
--- Log closed Sat Feb 27 23:15:50 2010
--- Log opened Sat Feb 27 23:15:52 2010
--- Log closed Sat Feb 27 23:16:18 2010
--- Log opened Sat Feb 27 23:19:59 2010
--- Log closed Sat Feb 27 23:21:02 2010
--- Log opened Sat Feb 27 23:23:43 2010
--- Log closed Sat Feb 27 23:28:43 2010
--- Log opened Sat Feb 27 23:36:04 2010
--- Log closed Sat Feb 27 23:36:14 2010
--- Log opened Sat Feb 27 23:40:43 2010
--- Log closed Sat Feb 27 23:45:59 2010
--- Log opened Sat Feb 27 23:46:48 2010
--- Log closed Sat Feb 27 23:47:13 2010
--- Log opened Sat Feb 27 23:48:22 2010
--- Log closed Sat Feb 27 23:50:20 2010
--- Log opened Sat Feb 27 23:51:12 2010
--- Log closed Sat Feb 27 23:51:19 2010
--- Log opened Sun Feb 28 00:21:07 2010
--- Log closed Sun Feb 28 00:21:16 2010
--- Log opened Sun Feb 28 02:48:12 2010
--- Log closed Sun Feb 28 02:48:41 2010
--- Log opened Sun Feb 28 02:50:49 2010
--- Log closed Sun Feb 28 02:55:49 2010
--- Log opened Sun Feb 28 03:12:25 2010
--- Log closed Sun Feb 28 03:12:34 2010
--- Log opened Sun Feb 28 03:12:45 2010
--- Log closed Sun Feb 28 03:13:45 2010
--- Log opened Sun Feb 28 03:24:17 2010
--- Log closed Sun Feb 28 03:26:48 2010
--- Log opened Sun Feb 28 03:28:10 2010
--- Log closed Sun Feb 28 03:29:53 2010
--- Log opened Sun Feb 28 03:33:57 2010
--- Log closed Sun Feb 28 03:34:32 2010
--- Log opened Sun Feb 28 03:35:55 2010
--- Log closed Sun Feb 28 03:37:21 2010
--- Log opened Sun Feb 28 03:37:48 2010
--- Log closed Sun Feb 28 03:43:47 2010
--- Log opened Sun Feb 28 03:47:01 2010
--- Log closed Sun Feb 28 03:53:00 2010
--- Log opened Sun Feb 28 04:07:00 2010
--- Log closed Sun Feb 28 04:09:04 2010
--- Log opened Sun Feb 28 04:13:23 2010
--- Log closed Sun Feb 28 04:16:07 2010
--- Log opened Sun Feb 28 04:16:57 2010
--- Log closed Sun Feb 28 04:19:24 2010
--- Log opened Sun Feb 28 04:19:29 2010
--- Log closed Sun Feb 28 04:20:04 2010
--- Log opened Sun Feb 28 04:21:58 2010
--- Log closed Sun Feb 28 04:27:40 2010
--- Log opened Sun Feb 28 04:27:42 2010
--- Log closed Sun Feb 28 04:29:03 2010
--- Log opened Sun Feb 28 04:30:17 2010
--- Log closed Sun Feb 28 04:33:19 2010
--- Log opened Sun Feb 28 04:33:21 2010
--- Log closed Sun Feb 28 04:33:36 2010
--- Log opened Sun Feb 28 04:34:23 2010
--- Log closed Sun Feb 28 04:35:26 2010
--- Log opened Sun Feb 28 04:35:29 2010
--- Log closed Sun Feb 28 04:37:21 2010
--- Log opened Sun Feb 28 04:37:24 2010
--- Log closed Sun Feb 28 04:43:01 2010
--- Log opened Sun Feb 28 04:43:03 2010
--- Log closed Sun Feb 28 04:43:43 2010
--- Log opened Sun Feb 28 04:44:51 2010
--- Log closed Sun Feb 28 04:45:09 2010
--- Log opened Sun Feb 28 04:46:03 2010
--- Log closed Sun Feb 28 04:46:24 2010
--- Log opened Sun Feb 28 04:47:10 2010
--- Log closed Sun Feb 28 04:47:25 2010
--- Log opened Sun Feb 28 04:47:54 2010
--- Log closed Sun Feb 28 04:49:19 2010
--- Log opened Sun Feb 28 04:54:18 2010
--- Log closed Sun Feb 28 04:55:09 2010
--- Log opened Sun Feb 28 04:56:39 2010
--- Log closed Sun Feb 28 04:56:49 2010
--- Log opened Sun Feb 28 04:57:09 2010
--- Log closed Sun Feb 28 05:03:08 2010
--- Log opened Sun Feb 28 04:43:13 2010
--- Log closed Sun Feb 28 04:49:12 2010
--- Log opened Mon Mar 01 19:00:11 2010
--- Log closed Mon Mar 01 19:06:10 2010
--- Log opened Mon Mar 01 22:49:00 2010
--- Log closed Mon Mar 01 22:54:00 2010
--- Log opened Tue Mar 02 04:23:40 2010
--- Log closed Tue Mar 02 04:28:40 2010
--- Log opened Tue Mar 02 06:27:13 2010
--- Log closed Tue Mar 02 06:27:25 2010
--- Log opened Tue Mar 02 06:27:41 2010
--- Log closed Tue Mar 02 06:32:41 2010
--- Log opened Tue Mar 02 17:49:02 2010
--- Log closed Tue Mar 02 17:55:01 2010
--- Log opened Tue Mar 02 20:40:56 2010
--- Log closed Tue Mar 02 20:41:15 2010
--- Log opened Tue Mar 02 20:46:43 2010
--- Log closed Tue Mar 02 20:52:42 2010
--- Log opened Wed Mar 03 17:39:48 2010
--- Log closed Wed Mar 03 17:40:01 2010
--- Log opened Wed Mar 03 17:40:26 2010
--- Log closed Wed Mar 03 17:45:26 2010
--- Log opened Wed Mar 03 18:21:53 2010
--- Log closed Wed Mar 03 18:27:52 2010
--- Log opened Wed Mar 03 20:35:26 2010
--- Log closed Wed Mar 03 20:40:26 2010
--- Log opened Wed Mar 03 20:51:15 2010
--- Log closed Wed Mar 03 20:57:14 2010
--- Log opened Wed Mar 03 21:02:58 2010
--- Log closed Wed Mar 03 21:03:05 2010
--- Log opened Wed Mar 03 21:03:47 2010
--- Log closed Wed Mar 03 21:09:46 2010
--- Log opened Thu Mar 04 01:38:05 2010
--- Log closed Thu Mar 04 01:44:03 2010
--- Log opened Thu Mar 04 15:40:10 2010
--- Log closed Thu Mar 04 15:46:09 2010
--- Log opened Fri Mar 05 04:09:09 2010
--- Log closed Fri Mar 05 04:14:09 2010
--- Log opened Fri Mar 05 04:49:55 2010
--- Log closed Fri Mar 05 04:54:55 2010
--- Log opened Sun Mar 07 17:32:43 2010
--- Log closed Sun Mar 07 17:38:41 2010
--- Log opened Sun Mar 07 21:34:19 2010
--- Log closed Sun Mar 07 21:39:41 2010
--- Log opened Tue Mar 09 15:10:59 2010
--- Log closed Tue Mar 09 15:16:56 2010
--- Log opened Tue Mar 09 23:34:32 2010
--- Log closed Tue Mar 09 23:39:32 2010
--- Log opened Wed Mar 10 08:10:19 2010
--- Log closed Wed Mar 10 08:15:19 2010
--- Log opened Wed Mar 10 09:19:42 2010
--- Log closed Wed Mar 10 09:25:19 2010
--- Log opened Fri Mar 12 03:07:03 2010
--- Log closed Fri Mar 12 03:13:02 2010
--- Log opened Fri Mar 12 05:19:23 2010
--- Log closed Fri Mar 12 05:25:22 2010
--- Log opened Fri Mar 12 18:23:12 2010
--- Log closed Fri Mar 12 18:29:11 2010
--- Log opened Sat Mar 13 03:33:46 2010
--- Log closed Sat Mar 13 03:39:45 2010
--- Log opened Sat Mar 13 22:28:54 2010
--- Log closed Sat Mar 13 22:34:53 2010
--- Log opened Sun Mar 14 07:35:00 2010
--- Log closed Sun Mar 14 07:35:31 2010
--- Log opened Sun Mar 14 07:36:03 2010
--- Log closed Sun Mar 14 07:42:02 2010
--- Log opened Sun Mar 14 20:11:46 2010
--- Log closed Sun Mar 14 20:16:46 2010
--- Log opened Sun Mar 14 20:44:38 2010
--- Log closed Sun Mar 14 20:49:46 2010
--- Log opened Mon Mar 15 19:58:10 2010
--- Log closed Mon Mar 15 20:03:10 2010
--- Log opened Tue Mar 16 05:24:35 2010
--- Log closed Tue Mar 16 05:30:10 2010
--- Log opened Tue Mar 16 08:59:19 2010
--- Log closed Tue Mar 16 09:05:11 2010
--- Log opened Tue Mar 16 09:22:11 2010
--- Log closed Tue Mar 16 09:22:43 2010
--- Log opened Tue Mar 16 09:23:20 2010
--- Log closed Tue Mar 16 09:29:19 2010
--- Log opened Tue Mar 16 19:29:40 2010
--- Log closed Tue Mar 16 19:34:40 2010
--- Log opened Thu Mar 18 01:10:57 2010
--- Log closed Thu Mar 18 01:15:57 2010
--- Log opened Thu Mar 18 03:18:15 2010
--- Log closed Thu Mar 18 03:24:14 2010
--- Log opened Thu Mar 18 10:06:53 2010
--- Log closed Thu Mar 18 10:12:14 2010
--- Log opened Fri Mar 19 00:09:01 2010
--- Log closed Fri Mar 19 00:14:14 2010
--- Log opened Fri Mar 19 20:40:42 2010
--- Log closed Fri Mar 19 20:46:14 2010
--- Log opened Sat Mar 20 01:05:23 2010
--- Log closed Sat Mar 20 01:11:22 2010
--- Log opened Sat Mar 20 07:29:43 2010
--- Log closed Sat Mar 20 07:35:26 2010
--- Log opened Sat Mar 20 21:59:53 2010
--- Log closed Sat Mar 20 22:04:53 2010
--- Log opened Sun Mar 21 03:04:24 2010
--- Log closed Sun Mar 21 03:09:24 2010
--- Log opened Sun Mar 21 08:22:45 2010
--- Log closed Sun Mar 21 08:28:44 2010
--- Log opened Mon Mar 22 08:39:06 2010
--- Log closed Mon Mar 22 08:45:05 2010
--- Log opened Tue Mar 23 08:37:01 2010
--- Log closed Tue Mar 23 08:42:59 2010
--- Log opened Tue Mar 23 12:10:49 2010
--- Log closed Tue Mar 23 12:16:27 2010
--- Log opened Tue Mar 23 15:43:56 2010
--- Log closed Tue Mar 23 15:48:56 2010
--- Log opened Tue Mar 23 15:50:07 2010
--- Log closed Tue Mar 23 15:55:56 2010
--- Log opened Wed Mar 24 01:13:05 2010
--- Log closed Wed Mar 24 01:19:02 2010
--- Log opened Wed Mar 24 17:21:34 2010
--- Log closed Wed Mar 24 17:26:53 2010
--- Log opened Wed Mar 24 22:02:44 2010
--- Log closed Wed Mar 24 22:07:53 2010
--- Log opened Thu Mar 25 09:57:05 2010
--- Log closed Thu Mar 25 10:02:05 2010
--- Log opened Thu Mar 25 13:52:36 2010
--- Log closed Thu Mar 25 13:57:53 2010
--- Log opened Thu Mar 25 17:05:14 2010
--- Log closed Thu Mar 25 17:10:14 2010
--- Log opened Fri Mar 26 10:58:29 2010
--- Log closed Fri Mar 26 11:04:28 2010
--- Log opened Fri Mar 26 17:12:40 2010
--- Log closed Fri Mar 26 17:17:40 2010
--- Log opened Sun Mar 28 12:56:45 2010
--- Log closed Sun Mar 28 13:02:38 2010
--- Log opened Sun Mar 28 19:56:07 2010
--- Log closed Sun Mar 28 20:02:00 2010
--- Log opened Mon Mar 29 11:15:05 2010
--- Log closed Mon Mar 29 11:20:05 2010
--- Log opened Mon Mar 29 22:05:59 2010
--- Log closed Mon Mar 29 22:11:55 2010
--- Log opened Tue Mar 30 12:24:32 2010
--- Log closed Tue Mar 30 12:30:09 2010
--- Log opened Wed Mar 31 09:51:56 2010
--- Log closed Wed Mar 31 09:57:00 2010
--- Log opened Wed Mar 31 19:16:35 2010
--- Log closed Wed Mar 31 19:22:12 2010
--- Log opened Thu Apr 01 10:20:03 2010
--- Log closed Thu Apr 01 10:25:45 2010
--- Log opened Thu Apr 01 10:57:49 2010
--- Log closed Thu Apr 01 11:02:49 2010
--- Log opened Fri Apr 02 02:57:51 2010
--- Log closed Fri Apr 02 03:03:49 2010
--- Log opened Fri Apr 02 12:12:46 2010
--- Log closed Fri Apr 02 12:18:00 2010
--- Log opened Fri Apr 02 18:08:07 2010
--- Log closed Fri Apr 02 18:14:05 2010
--- Log opened Fri Apr 02 20:28:13 2010
--- Log closed Fri Apr 02 20:34:05 2010
--- Log opened Sat Apr 03 02:28:07 2010
--- Log closed Sat Apr 03 02:33:27 2010
--- Log opened Sat Apr 03 13:28:21 2010
--- Log closed Sat Apr 03 13:34:19 2010
--- Log opened Sat Apr 03 13:53:24 2010
--- Log closed Sat Apr 03 13:59:23 2010
--- Log opened Sat Apr 03 19:07:02 2010
--- Log closed Sat Apr 03 19:12:02 2010
--- Log opened Sun Apr 04 13:52:36 2010
--- Log closed Sun Apr 04 13:57:49 2010
--- Log opened Sun Apr 04 14:39:04 2010
--- Log closed Sun Apr 04 14:45:03 2010
--- Log opened Sun Apr 04 21:37:21 2010
--- Log closed Sun Apr 04 21:43:20 2010
--- Log opened Sun Apr 04 22:16:53 2010
--- Log closed Sun Apr 04 22:22:52 2010
--- Log opened Mon Apr 05 21:13:47 2010
--- Log closed Mon Apr 05 21:19:46 2010
--- Log opened Tue Apr 06 11:17:19 2010
--- Log closed Tue Apr 06 11:23:17 2010
--- Log opened Wed Apr 07 00:54:29 2010
--- Log closed Wed Apr 07 01:00:28 2010
--- Log opened Wed Apr 07 03:00:39 2010
--- Log closed Wed Apr 07 03:05:39 2010
--- Log opened Wed Apr 07 13:27:01 2010
--- Log closed Wed Apr 07 13:32:17 2010
--- Log opened Wed Apr 07 22:05:19 2010
--- Log closed Wed Apr 07 22:11:17 2010
--- Log opened Thu Apr 08 13:00:16 2010
--- Log closed Thu Apr 08 13:06:10 2010
--- Log opened Thu Apr 08 19:42:45 2010
--- Log closed Thu Apr 08 19:48:28 2010
--- Log opened Thu Apr 08 21:53:32 2010
--- Log closed Thu Apr 08 21:59:30 2010
--- Log opened Fri Apr 09 01:13:29 2010
--- Log closed Fri Apr 09 01:18:30 2010
--- Log opened Fri Apr 09 10:32:10 2010
--- Log closed Fri Apr 09 10:37:30 2010
--- Log opened Fri Apr 09 23:01:59 2010
--- Log closed Fri Apr 09 23:07:30 2010
--- Log opened Sun Apr 11 12:57:13 2010
--- Log closed Sun Apr 11 13:02:53 2010
--- Log opened Sun Apr 11 14:35:01 2010
--- Log closed Sun Apr 11 14:40:01 2010
--- Log opened Sun Apr 11 16:49:35 2010
--- Log closed Sun Apr 11 16:55:01 2010
--- Log opened Mon Apr 12 13:57:04 2010
--- Log closed Mon Apr 12 14:02:27 2010
--- Log opened Mon Apr 12 19:41:06 2010
--- Log closed Mon Apr 12 19:46:27 2010
--- Log opened Tue Apr 13 14:03:38 2010
--- Log closed Tue Apr 13 14:09:23 2010
--- Log opened Tue Apr 13 17:48:56 2010
--- Log closed Tue Apr 13 17:54:37 2010
--- Log opened Tue Apr 13 19:25:55 2010
--- Log closed Tue Apr 13 19:31:54 2010
--- Log opened Thu Apr 15 12:34:00 2010
--- Log closed Thu Apr 15 12:39:58 2010
--- Log opened Thu Apr 15 23:31:03 2010
--- Log closed Thu Apr 15 23:36:58 2010
--- Log opened Fri Apr 16 00:00:04 2010
--- Log closed Fri Apr 16 00:05:58 2010
--- Log opened Fri Apr 16 00:56:18 2010
--- Log closed Fri Apr 16 01:01:58 2010
--- Log opened Fri Apr 16 13:10:29 2010
--- Log closed Fri Apr 16 13:16:27 2010
--- Log opened Sat Apr 17 14:14:19 2010
--- Log closed Sat Apr 17 14:20:09 2010
--- Log opened Sun Apr 18 13:09:22 2010
--- Log closed Sun Apr 18 13:14:33 2010
--- Log opened Sun Apr 18 16:29:38 2010
--- Log closed Sun Apr 18 16:35:37 2010
--- Log opened Mon Apr 19 12:07:03 2010
--- Log closed Mon Apr 19 12:12:48 2010
--- Log opened Wed Apr 21 00:31:21 2010
--- Log closed Wed Apr 21 00:31:25 2010
--- Log opened Wed Apr 21 00:33:41 2010
--- Log closed Wed Apr 21 00:34:31 2010
--- Log opened Wed Apr 21 15:41:39 2010
--- Log closed Wed Apr 21 15:47:38 2010
--- Log opened Wed Apr 21 20:31:35 2010
--- Log closed Wed Apr 21 20:31:51 2010
--- Log opened Wed Apr 21 20:33:15 2010
--- Log closed Wed Apr 21 20:39:13 2010
--- Log opened Thu Apr 22 16:52:51 2010
--- Log closed Thu Apr 22 16:58:50 2010
--- Log opened Thu Apr 22 17:29:56 2010
--- Log closed Thu Apr 22 17:35:55 2010
--- Log opened Thu Apr 22 21:12:07 2010
--- Log closed Thu Apr 22 21:17:55 2010
--- Log opened Fri Apr 23 12:07:40 2010
--- Log closed Fri Apr 23 12:13:34 2010
--- Log opened Sat Apr 24 12:15:14 2010
--- Log closed Sat Apr 24 12:20:51 2010
--- Log opened Sun Apr 25 12:53:36 2010
--- Log closed Sun Apr 25 12:59:20 2010
--- Log opened Mon Apr 26 11:07:50 2010
--- Log closed Mon Apr 26 11:13:31 2010
--- Log opened Tue Apr 27 11:54:27 2010
--- Log closed Tue Apr 27 12:00:09 2010
--- Log opened Wed Apr 28 12:07:37 2010
--- Log closed Wed Apr 28 12:13:11 2010
--- Log opened Thu Apr 29 10:40:28 2010
--- Log closed Thu Apr 29 10:46:11 2010
--- Log opened Fri Apr 30 11:12:10 2010
--- Log closed Fri Apr 30 11:17:29 2010
--- Log opened Sat May 01 23:00:08 2010
--- Log closed Sat May 01 23:06:06 2010
--- Log opened Sun May 02 11:19:05 2010
--- Log closed Sun May 02 11:25:04 2010
--- Log opened Mon May 03 12:51:26 2010
--- Log closed Mon May 03 12:57:05 2010
--- Log opened Tue May 04 23:01:26 2010
--- Log closed Tue May 04 23:07:05 2010
--- Log opened Wed May 05 02:06:18 2010
--- Log closed Wed May 05 02:12:17 2010
--- Log opened Wed May 05 02:40:47 2010
--- Log closed Wed May 05 02:45:47 2010
--- Log opened Wed May 05 11:49:33 2010
--- Log closed Wed May 05 11:55:31 2010
--- Log opened Wed May 05 12:22:49 2010
--- Log closed Wed May 05 12:28:48 2010
--- Log opened Wed May 05 14:09:36 2010
--- Log closed Wed May 05 14:14:36 2010
--- Log opened Thu May 06 12:25:01 2010
--- Log closed Thu May 06 12:30:36 2010
--- Log opened Thu May 06 13:21:37 2010
--- Log closed Thu May 06 13:27:36 2010
--- Log opened Thu May 06 13:39:16 2010
--- Log closed Thu May 06 13:45:15 2010
--- Log opened Fri May 07 11:05:40 2010
--- Log closed Fri May 07 11:11:04 2010
--- Log opened Sat May 08 16:17:04 2010
--- Log closed Sat May 08 16:22:04 2010
--- Log opened Sun May 09 17:32:33 2010
--- Log closed Sun May 09 17:38:19 2010
--- Log opened Mon May 10 20:02:36 2010
--- Log closed Mon May 10 20:08:35 2010
--- Log opened Tue May 11 15:26:03 2010
--- Log closed Tue May 11 15:31:16 2010
--- Log opened Tue May 11 23:42:16 2010
--- Log closed Tue May 11 23:48:15 2010
--- Log opened Wed May 12 12:10:11 2010
--- Log closed Wed May 12 12:15:43 2010
--- Log opened Wed May 12 16:24:29 2010
--- Log closed Wed May 12 16:29:43 2010
--- Log opened Thu May 13 13:30:46 2010
--- Log closed Thu May 13 13:32:43 2010
--- Log opened Thu May 13 13:32:44 2010
--- Log closed Thu May 13 13:37:44 2010
--- Log opened Fri May 14 13:25:53 2010
--- Log closed Fri May 14 13:31:50 2010
--- Log opened Sat May 15 16:06:03 2010
--- Log closed Sat May 15 16:07:00 2010
--- Log opened Sat May 15 16:07:25 2010
--- Log closed Sat May 15 16:13:24 2010
--- Log opened Sat May 15 16:14:03 2010
--- Log closed Sat May 15 16:20:02 2010
--- Log opened Sun May 16 15:19:03 2010
--- Log closed Sun May 16 15:25:02 2010
--- Log opened Wed May 19 11:14:02 2010
--- Log closed Wed May 19 11:19:33 2010
--- Log opened Thu May 20 05:54:28 2010
--- Log closed Thu May 20 05:59:33 2010
--- Log opened Thu May 20 20:40:11 2010
--- Log closed Thu May 20 20:45:33 2010
--- Log opened Fri May 21 10:04:34 2010
--- Log closed Fri May 21 10:10:33 2010
--- Log opened Fri May 21 17:11:57 2010
--- Log closed Fri May 21 17:17:33 2010
--- Log opened Fri May 21 19:02:29 2010
--- Log closed Fri May 21 19:08:28 2010
--- Log opened Sat May 22 12:08:01 2010
--- Log closed Sat May 22 12:13:01 2010
--- Log opened Sun May 23 12:32:26 2010
--- Log closed Sun May 23 12:38:18 2010
--- Log opened Sun May 23 15:56:01 2010
--- Log closed Sun May 23 16:01:18 2010
--- Log opened Sun May 23 21:46:01 2010
--- Log closed Sun May 23 21:51:59 2010
--- Log opened Mon May 24 03:57:54 2010
--- Log closed Mon May 24 04:02:59 2010
--- Log opened Mon May 24 14:21:52 2010
--- Log closed Mon May 24 14:27:51 2010
--- Log opened Mon May 24 15:56:43 2010
--- Log closed Mon May 24 16:01:51 2010
--- Log opened Tue May 25 01:12:31 2010
--- Log closed Tue May 25 01:18:29 2010
--- Log opened Tue May 25 13:22:35 2010
--- Log closed Tue May 25 13:28:29 2010
--- Log opened Tue May 25 15:34:50 2010
--- Log closed Tue May 25 15:40:48 2010
--- Log opened Tue May 25 15:41:59 2010
--- Log closed Tue May 25 15:46:59 2010
--- Log opened Tue May 25 15:56:28 2010
--- Log closed Tue May 25 16:01:59 2010
--- Log opened Wed May 26 01:34:25 2010
--- Log closed Wed May 26 01:40:03 2010
--- Log opened Wed May 26 01:40:05 2010
--- Log closed Wed May 26 01:45:05 2010
--- Log opened Thu May 27 16:37:51 2010
--- Log closed Thu May 27 16:43:49 2010
--- Log opened Fri May 28 11:28:29 2010
--- Log closed Fri May 28 11:33:55 2010
--- Log opened Fri May 28 21:35:32 2010
--- Log closed Fri May 28 21:41:12 2010
--- Log opened Sat May 29 08:07:16 2010
--- Log closed Sat May 29 08:07:57 2010
--- Log opened Mon May 31 00:20:28 2010
--- Log closed Mon May 31 00:26:27 2010
--- Log opened Mon May 31 01:44:56 2010
--- Log closed Mon May 31 01:50:27 2010
--- Log opened Mon May 31 14:34:59 2010
--- Log closed Mon May 31 14:40:58 2010
--- Log opened Mon May 31 21:47:25 2010
--- Log closed Mon May 31 21:52:25 2010
--- Log opened Mon May 31 22:18:43 2010
--- Log closed Mon May 31 22:18:51 2010
--- Log opened Mon May 31 22:20:21 2010
--- Log closed Mon May 31 22:25:21 2010
--- Log opened Tue Jun 01 10:45:54 2010
--- Log closed Tue Jun 01 10:51:37 2010
--- Log opened Wed Jun 02 10:07:31 2010
--- Log closed Wed Jun 02 10:12:37 2010
--- Log opened Wed Jun 02 13:41:05 2010
--- Log closed Wed Jun 02 13:47:04 2010
--- Log opened Thu Jun 03 00:41:25 2010
--- Log closed Thu Jun 03 00:47:23 2010
--- Log opened Fri Jun 04 16:14:58 2010
--- Log closed Fri Jun 04 16:20:23 2010
--- Log opened Sat Jun 05 13:03:14 2010
--- Log closed Sat Jun 05 13:09:13 2010
--- Log opened Tue Jun 08 15:30:20 2010
--- Log closed Tue Jun 08 15:36:19 2010
--- Log opened Wed Jun 09 11:02:54 2010
--- Log closed Wed Jun 09 11:08:19 2010
--- Log opened Sat Jun 12 01:16:06 2010
--- Log closed Sat Jun 12 01:21:19 2010
--- Log opened Sat Jun 12 11:43:53 2010
--- Log closed Sat Jun 12 11:49:19 2010
--- Log opened Sun Jun 13 11:48:08 2010
--- Log closed Sun Jun 13 11:53:19 2010
--- Log opened Sun Jun 13 22:35:24 2010
--- Log closed Sun Jun 13 22:40:24 2010
--- Log opened Mon Jun 14 10:55:49 2010
--- Log closed Mon Jun 14 11:01:24 2010
--- Log opened Mon Jun 14 21:05:25 2010
--- Log closed Mon Jun 14 21:10:54 2010
--- Log opened Wed Jun 16 19:33:48 2010
--- Log closed Wed Jun 16 19:39:47 2010
--- Log opened Thu Jun 17 07:27:49 2010
--- Log closed Thu Jun 17 07:33:47 2010
--- Log opened Thu Jun 17 19:56:11 2010
--- Log closed Thu Jun 17 20:01:47 2010
--- Log opened Sat Jun 19 13:46:59 2010
--- Log closed Sat Jun 19 13:52:58 2010
--- Log opened Mon Jun 21 03:28:37 2010
--- Log closed Mon Jun 21 03:34:00 2010
--- Log opened Mon Jun 21 07:09:31 2010
--- Log closed Mon Jun 21 07:15:00 2010
--- Log opened Tue Jun 22 01:27:25 2010
--- Log closed Tue Jun 22 01:33:24 2010
--- Log opened Wed Jun 23 00:48:37 2010
--- Log closed Wed Jun 23 00:54:36 2010
--- Log opened Wed Jun 23 23:49:16 2010
--- Log closed Wed Jun 23 23:54:36 2010
--- Log opened Thu Jun 24 17:37:11 2010
--- Log closed Thu Jun 24 17:42:11 2010
--- Log opened Thu Jun 24 19:16:30 2010
--- Log closed Thu Jun 24 19:22:26 2010
--- Log opened Fri Jun 25 11:25:57 2010
--- Log closed Fri Jun 25 11:31:26 2010
--- Log opened Sat Jun 26 13:14:22 2010
--- Log closed Sat Jun 26 13:19:26 2010
--- Log opened Sat Jun 26 14:12:53 2010
--- Log closed Sat Jun 26 14:18:26 2010
--- Log opened Sun Jun 27 11:29:47 2010
--- Log closed Sun Jun 27 11:35:13 2010
--- Log opened Sun Jun 27 21:12:12 2010
--- Log closed Sun Jun 27 21:18:10 2010
--- Log opened Mon Jun 28 16:28:51 2010
--- Log closed Mon Jun 28 16:34:28 2010
--- Log opened Mon Jun 28 19:53:18 2010
--- Log closed Mon Jun 28 19:58:28 2010
--- Log opened Tue Jun 29 13:39:55 2010
--- Log closed Tue Jun 29 13:45:53 2010
--- Log opened Thu Jul 01 23:58:28 2010
--- Log closed Fri Jul 02 00:03:53 2010
--- Log opened Sat Jul 03 23:15:59 2010
--- Log closed Sat Jul 03 23:21:53 2010
--- Log opened Sun Jul 04 18:25:32 2010
--- Log closed Sun Jul 04 18:31:31 2010
--- Log opened Tue Jul 06 02:55:50 2010
--- Log closed Tue Jul 06 03:01:31 2010
--- Log opened Tue Jul 06 13:07:55 2010
--- Log closed Tue Jul 06 13:13:31 2010
--- Log opened Tue Jul 06 15:48:51 2010
--- Log closed Tue Jul 06 15:54:50 2010
--- Log opened Wed Jul 07 13:07:04 2010
--- Log closed Wed Jul 07 13:12:50 2010
--- Log opened Wed Jul 07 15:17:33 2010
--- Log closed Wed Jul 07 15:23:32 2010
--- Log opened Wed Jul 07 15:58:11 2010
--- Log closed Wed Jul 07 16:04:10 2010
--- Log opened Thu Jul 08 02:06:13 2010
--- Log closed Thu Jul 08 02:12:12 2010
--- Log opened Thu Jul 08 18:31:48 2010
--- Log closed Thu Jul 08 18:37:47 2010
--- Log opened Thu Jul 08 21:04:55 2010
--- Log closed Thu Jul 08 21:10:54 2010
--- Log opened Fri Jul 09 00:44:36 2010
--- Log closed Fri Jul 09 00:50:35 2010
--- Log opened Fri Jul 09 15:14:27 2010
--- Log closed Fri Jul 09 15:20:26 2010
--- Log opened Sun Jul 11 00:56:08 2010
--- Log closed Sun Jul 11 01:02:07 2010
--- Log opened Sun Jul 11 16:24:28 2010
--- Log closed Sun Jul 11 16:25:22 2010
--- Log opened Sun Jul 11 16:25:24 2010
--- Log closed Sun Jul 11 16:30:24 2010
--- Log opened Mon Jul 12 00:35:28 2010
--- Log closed Mon Jul 12 00:41:21 2010
--- Log opened Fri Jul 16 14:22:56 2010
--- Log closed Fri Jul 16 14:28:54 2010
--- Log opened Sat Jul 17 00:45:26 2010
--- Log closed Sat Jul 17 00:51:25 2010
--- Log opened Sun Jul 18 21:43:08 2010
--- Log closed Sun Jul 18 21:49:07 2010
--- Log opened Mon Jul 19 21:34:13 2010
--- Log closed Mon Jul 19 21:40:12 2010
--- Log opened Wed Jul 21 01:00:31 2010
--- Log closed Wed Jul 21 01:03:59 2010
--- Log opened Wed Jul 21 01:05:20 2010
--- Log closed Wed Jul 21 01:10:20 2010
--- Log opened Wed Jul 21 02:59:00 2010
--- Log closed Wed Jul 21 03:04:59 2010
--- Log opened Thu Jul 22 00:24:50 2010
--- Log closed Thu Jul 22 00:29:50 2010
--- Log opened Thu Jul 22 01:00:13 2010
--- Log closed Thu Jul 22 01:05:13 2010
--- Log opened Thu Jul 22 19:31:04 2010
--- Log closed Thu Jul 22 19:37:02 2010
--- Log opened Fri Jul 23 14:41:45 2010
--- Log closed Fri Jul 23 14:42:06 2010
--- Log opened Fri Jul 23 14:43:24 2010
--- Log closed Fri Jul 23 14:48:24 2010
--- Log opened Sat Jul 24 20:35:07 2010
--- Log closed Sat Jul 24 20:40:07 2010
--- Log opened Sat Jul 24 23:57:49 2010
--- Log closed Sun Jul 25 00:02:49 2010
--- Log opened Tue Jul 27 04:15:00 2010
--- Log closed Tue Jul 27 04:20:49 2010
--- Log opened Tue Jul 27 05:51:15 2010
--- Log closed Tue Jul 27 05:56:49 2010
--- Log opened Tue Jul 27 06:33:35 2010
--- Log closed Tue Jul 27 06:38:49 2010
--- Log opened Sat Jul 31 00:22:39 2010
--- Log closed Sat Jul 31 00:27:49 2010
--- Log opened Sat Jul 31 20:48:43 2010
--- Log closed Sat Jul 31 20:54:42 2010
--- Log opened Sat Jul 31 23:02:35 2010
--- Log closed Sat Jul 31 23:08:34 2010
--- Log opened Tue Aug 10 21:37:14 2010
--- Log closed Tue Aug 10 21:43:13 2010
--- Log opened Wed Aug 11 14:36:49 2010
--- Log closed Wed Aug 11 14:42:43 2010
--- Log opened Thu Aug 12 14:05:00 2010
--- Log closed Thu Aug 12 14:10:43 2010
--- Log opened Mon Aug 16 22:58:01 2010
--- Log closed Mon Aug 16 23:04:00 2010
--- Log opened Tue Aug 24 12:16:23 2010
--- Log closed Tue Aug 24 12:21:23 2010
--- Log opened Wed Aug 25 17:10:44 2010
--- Log closed Wed Aug 25 17:15:44 2010
--- Log opened Fri Aug 27 12:10:36 2010
--- Log closed Fri Aug 27 12:16:34 2010
--- Log opened Sun Aug 29 14:28:01 2010
--- Log closed Sun Aug 29 14:34:00 2010
--- Log opened Sun Aug 29 21:34:44 2010
--- Log closed Sun Aug 29 21:40:00 2010
--- Log opened Mon Aug 30 18:03:17 2010
--- Log closed Mon Aug 30 18:09:00 2010
--- Log opened Tue Aug 31 08:04:46 2010
--- Log closed Tue Aug 31 08:10:00 2010
--- Log opened Tue Aug 31 19:09:17 2010
--- Log closed Tue Aug 31 19:15:16 2010
--- Log opened Wed Sep 01 04:03:28 2010
--- Log closed Wed Sep 01 04:09:16 2010
--- Log opened Wed Sep 01 14:04:08 2010
--- Log closed Wed Sep 01 14:09:16 2010
--- Log opened Thu Sep 02 02:16:16 2010
--- Log closed Thu Sep 02 02:21:16 2010
--- Log opened Sat Sep 04 14:41:44 2010
--- Log closed Sat Sep 04 14:47:16 2010
--- Log opened Sat Sep 04 15:17:57 2010
--- Log closed Sat Sep 04 15:23:56 2010
--- Log opened Sun Sep 05 12:32:12 2010
--- Log closed Sun Sep 05 12:37:56 2010
--- Log opened Tue Sep 07 18:37:09 2010
--- Log closed Tue Sep 07 18:43:08 2010
--- Log opened Tue Sep 07 19:08:44 2010
--- Log closed Tue Sep 07 19:14:08 2010
--- Log opened Wed Sep 08 20:26:01 2010
--- Log closed Wed Sep 08 20:31:01 2010
--- Log opened Fri Sep 10 00:07:19 2010
--- Log closed Fri Sep 10 00:13:01 2010
--- Log opened Fri Sep 10 12:27:19 2010
--- Log closed Fri Sep 10 12:33:01 2010
--- Log opened Sat Sep 11 12:37:04 2010
--- Log closed Sat Sep 11 12:43:01 2010
--- Log opened Mon Sep 13 09:47:05 2010
--- Log closed Mon Sep 13 09:53:04 2010
--- Log opened Mon Sep 13 11:46:22 2010
--- Log closed Mon Sep 13 11:52:04 2010
--- Log opened Mon Sep 13 22:20:14 2010
--- Log closed Mon Sep 13 22:25:14 2010
--- Log opened Mon Sep 13 23:10:58 2010
--- Log closed Mon Sep 13 23:16:14 2010
--- Log opened Tue Sep 14 09:28:36 2010
--- Log closed Tue Sep 14 09:34:35 2010
--- Log opened Tue Sep 14 12:09:25 2010
--- Log closed Tue Sep 14 12:14:35 2010
--- Log opened Tue Sep 14 20:02:03 2010
--- Log closed Tue Sep 14 20:08:02 2010
--- Log opened Wed Sep 15 09:14:40 2010
--- Log closed Wed Sep 15 09:20:39 2010
--- Log opened Wed Sep 15 20:49:18 2010
--- Log closed Wed Sep 15 20:54:18 2010
--- Log opened Wed Sep 15 23:35:11 2010
--- Log closed Wed Sep 15 23:40:18 2010
--- Log opened Thu Sep 16 10:17:43 2010
--- Log closed Thu Sep 16 10:23:42 2010
--- Log opened Thu Sep 16 11:20:53 2010
--- Log closed Thu Sep 16 11:26:42 2010
--- Log opened Thu Sep 16 13:53:33 2010
--- Log closed Thu Sep 16 13:58:42 2010
--- Log opened Thu Sep 16 14:19:34 2010
--- Log closed Thu Sep 16 14:24:42 2010
--- Log opened Thu Sep 16 21:17:42 2010
--- Log closed Thu Sep 16 21:23:29 2010
--- Log opened Fri Sep 17 09:18:19 2010
--- Log closed Fri Sep 17 09:23:19 2010
--- Log opened Fri Sep 17 10:01:42 2010
--- Log closed Fri Sep 17 10:07:19 2010
--- Log opened Fri Sep 17 19:39:05 2010
--- Log closed Fri Sep 17 19:44:05 2010
--- Log opened Sat Sep 18 10:32:44 2010
--- Log closed Sat Sep 18 10:38:05 2010
--- Log opened Sun Sep 19 03:45:03 2010
--- Log closed Sun Sep 19 03:50:05 2010
--- Log opened Sun Sep 19 10:01:07 2010
--- Log closed Sun Sep 19 10:07:05 2010
--- Log opened Sun Sep 19 19:37:14 2010
--- Log closed Sun Sep 19 19:43:05 2010
--- Log opened Mon Sep 20 09:24:05 2010
--- Log closed Mon Sep 20 09:30:02 2010
--- Log opened Mon Sep 20 14:06:10 2010
--- Log closed Mon Sep 20 14:12:02 2010
--- Log opened Mon Sep 20 15:32:18 2010
--- Log closed Mon Sep 20 15:38:02 2010
--- Log opened Tue Sep 21 09:11:04 2010
--- Log closed Tue Sep 21 09:16:55 2010
--- Log opened Tue Sep 21 09:30:44 2010
--- Log closed Tue Sep 21 09:35:55 2010
--- Log opened Tue Sep 21 09:47:31 2010
--- Log closed Tue Sep 21 09:53:30 2010
--- Log opened Tue Sep 21 15:32:28 2010
--- Log closed Tue Sep 21 15:37:30 2010
--- Log opened Tue Sep 21 20:23:50 2010
--- Log closed Tue Sep 21 20:29:48 2010
--- Log opened Tue Sep 21 21:00:58 2010
--- Log closed Tue Sep 21 21:05:58 2010
--- Log opened Wed Sep 22 09:19:41 2010
--- Log closed Wed Sep 22 09:25:39 2010
--- Log opened Wed Sep 22 15:55:26 2010
--- Log closed Wed Sep 22 16:00:39 2010
--- Log opened Thu Sep 23 22:02:57 2010
--- Log closed Thu Sep 23 22:03:22 2010
--- Log opened Fri Sep 24 09:16:35 2010
--- Log closed Fri Sep 24 09:22:33 2010
--- Log opened Fri Sep 24 11:48:22 2010
--- Log closed Fri Sep 24 11:53:33 2010
--- Log opened Fri Sep 24 13:13:57 2010
--- Log closed Fri Sep 24 13:19:33 2010
--- Log opened Fri Sep 24 20:17:01 2010
--- Log closed Fri Sep 24 20:22:01 2010
--- Log opened Sun Sep 26 21:03:05 2010
--- Log closed Sun Sep 26 21:09:01 2010
--- Log opened Mon Sep 27 08:06:00 2010
--- Log closed Mon Sep 27 08:11:01 2010
--- Log opened Mon Sep 27 10:00:13 2010
--- Log closed Mon Sep 27 10:06:12 2010
--- Log opened Mon Sep 27 19:25:39 2010
--- Log closed Mon Sep 27 19:30:39 2010
--- Log opened Mon Sep 27 20:05:38 2010
--- Log closed Mon Sep 27 20:11:37 2010
--- Log opened Tue Sep 28 09:14:54 2010
--- Log closed Tue Sep 28 09:20:52 2010
--- Log opened Tue Sep 28 11:09:15 2010
--- Log closed Tue Sep 28 11:15:05 2010
--- Log opened Tue Sep 28 18:55:46 2010
--- Log closed Tue Sep 28 19:01:45 2010
--- Log opened Tue Sep 28 19:32:34 2010
--- Log closed Tue Sep 28 19:37:45 2010
--- Log opened Wed Sep 29 07:54:19 2010
--- Log closed Wed Sep 29 07:59:45 2010
--- Log opened Wed Sep 29 09:12:59 2010
--- Log closed Wed Sep 29 09:18:58 2010
--- Log opened Thu Sep 30 09:20:39 2010
--- Log closed Thu Sep 30 09:25:39 2010
--- Log opened Thu Sep 30 13:38:12 2010
--- Log closed Thu Sep 30 13:43:39 2010
--- Log opened Thu Sep 30 17:15:54 2010
--- Log closed Thu Sep 30 17:21:39 2010
--- Log opened Thu Sep 30 23:34:54 2010
--- Log closed Thu Sep 30 23:39:54 2010
--- Log opened Fri Oct 01 07:23:48 2010
--- Log closed Fri Oct 01 07:28:54 2010
--- Log opened Fri Oct 01 09:19:58 2010
--- Log closed Fri Oct 01 09:25:55 2010
--- Log opened Fri Oct 01 11:03:46 2010
--- Log closed Fri Oct 01 11:08:55 2010
--- Log opened Fri Oct 01 12:25:26 2010
--- Log closed Fri Oct 01 12:30:55 2010
--- Log opened Fri Oct 01 15:35:46 2010
--- Log closed Fri Oct 01 15:40:55 2010
--- Log opened Fri Oct 01 15:55:07 2010
--- Log closed Fri Oct 01 16:00:55 2010
--- Log opened Fri Oct 01 17:58:20 2010
--- Log closed Fri Oct 01 18:03:41 2010
--- Log opened Fri Oct 01 18:46:42 2010
--- Log closed Fri Oct 01 18:52:41 2010
--- Log opened Fri Oct 01 21:12:59 2010
--- Log closed Fri Oct 01 21:18:41 2010
--- Log opened Sun Oct 03 10:42:01 2010
--- Log closed Sun Oct 03 10:47:41 2010
--- Log opened Sun Oct 03 12:45:55 2010
--- Log closed Sun Oct 03 12:51:53 2010
--- Log opened Mon Oct 04 12:45:02 2010
--- Log closed Mon Oct 04 12:50:53 2010
--- Log opened Mon Oct 04 13:12:39 2010
--- Log closed Mon Oct 04 13:17:53 2010
--- Log opened Tue Oct 05 13:44:30 2010
--- Log closed Tue Oct 05 13:50:23 2010
--- Log opened Tue Oct 05 19:50:05 2010
--- Log closed Tue Oct 05 19:56:04 2010
--- Log opened Tue Oct 05 20:49:01 2010
--- Log closed Tue Oct 05 20:54:04 2010
--- Log opened Tue Oct 05 23:23:27 2010
--- Log closed Tue Oct 05 23:29:04 2010
--- Log opened Wed Oct 06 10:08:29 2010
--- Log closed Wed Oct 06 10:14:28 2010
--- Log opened Wed Oct 06 19:24:15 2010
--- Log closed Wed Oct 06 19:29:34 2010
--- Log opened Thu Oct 07 09:27:40 2010
--- Log closed Thu Oct 07 09:33:39 2010
--- Log opened Thu Oct 07 19:49:42 2010
--- Log closed Thu Oct 07 19:55:40 2010
--- Log opened Fri Oct 08 09:26:07 2010
--- Log closed Fri Oct 08 09:31:07 2010
--- Log opened Fri Oct 08 12:50:06 2010
--- Log closed Fri Oct 08 12:55:07 2010
--- Log opened Fri Oct 08 19:35:44 2010
--- Log closed Fri Oct 08 19:41:21 2010
--- Log opened Fri Oct 08 21:07:08 2010
--- Log closed Fri Oct 08 21:12:21 2010
--- Log opened Fri Oct 08 23:34:17 2010
--- Log closed Fri Oct 08 23:39:21 2010
--- Log opened Sat Oct 09 10:24:03 2010
--- Log closed Sat Oct 09 10:29:21 2010
--- Log opened Sun Oct 10 04:28:21 2010
--- Log closed Sun Oct 10 04:33:21 2010
--- Log opened Sun Oct 10 05:57:36 2010
--- Log closed Sun Oct 10 06:03:35 2010
--- Log opened Sun Oct 10 20:47:43 2010
--- Log closed Sun Oct 10 20:53:42 2010
--- Log opened Mon Oct 11 11:45:56 2010
--- Log closed Mon Oct 11 11:51:55 2010
--- Log opened Mon Oct 11 19:33:10 2010
--- Log closed Mon Oct 11 19:39:06 2010
--- Log opened Tue Oct 12 02:21:17 2010
--- Log closed Tue Oct 12 02:27:06 2010
--- Log opened Tue Oct 12 09:25:41 2010
--- Log closed Tue Oct 12 09:31:38 2010
--- Log opened Wed Oct 13 09:59:10 2010
--- Log closed Wed Oct 13 10:04:10 2010
--- Log opened Wed Oct 13 11:24:41 2010
--- Log closed Wed Oct 13 11:30:10 2010
--- Log opened Wed Oct 13 11:34:57 2010
--- Log closed Wed Oct 13 11:40:10 2010
--- Log opened Wed Oct 13 13:34:10 2010
--- Log closed Wed Oct 13 13:39:10 2010
--- Log opened Wed Oct 13 13:41:35 2010
--- Log closed Wed Oct 13 13:47:10 2010
--- Log opened Wed Oct 13 14:55:00 2010
--- Log closed Wed Oct 13 15:00:10 2010
--- Log opened Wed Oct 13 15:10:26 2010
--- Log closed Wed Oct 13 15:16:10 2010
--- Log opened Wed Oct 13 15:49:15 2010
--- Log closed Wed Oct 13 15:55:10 2010
--- Log opened Wed Oct 13 15:58:57 2010
--- Log closed Wed Oct 13 16:04:10 2010
--- Log opened Wed Oct 13 16:20:26 2010
--- Log closed Wed Oct 13 16:26:10 2010
--- Log opened Wed Oct 13 16:32:59 2010
--- Log closed Wed Oct 13 16:38:10 2010
--- Log opened Wed Oct 13 17:12:51 2010
--- Log closed Wed Oct 13 17:18:10 2010
--- Log opened Wed Oct 13 17:26:23 2010
--- Log closed Wed Oct 13 17:32:10 2010
--- Log opened Wed Oct 13 17:44:53 2010
--- Log closed Wed Oct 13 17:50:10 2010
--- Log opened Wed Oct 13 18:05:00 2010
--- Log closed Wed Oct 13 18:10:10 2010
--- Log opened Wed Oct 13 19:29:04 2010
--- Log closed Wed Oct 13 19:34:04 2010
--- Log opened Thu Oct 14 09:39:35 2010
--- Log closed Thu Oct 14 09:45:34 2010
--- Log opened Thu Oct 14 11:58:59 2010
--- Log closed Thu Oct 14 12:04:34 2010
--- Log opened Thu Oct 14 12:12:24 2010
--- Log closed Thu Oct 14 12:17:34 2010
--- Log opened Thu Oct 14 12:33:53 2010
--- Log closed Thu Oct 14 12:39:34 2010
--- Log opened Thu Oct 14 12:50:18 2010
--- Log closed Thu Oct 14 12:55:34 2010
--- Log opened Thu Oct 14 12:58:38 2010
--- Log closed Thu Oct 14 13:04:34 2010
--- Log opened Thu Oct 14 13:28:18 2010
--- Log closed Thu Oct 14 13:33:34 2010
--- Log opened Thu Oct 14 13:50:48 2010
--- Log closed Thu Oct 14 13:56:34 2010
--- Log opened Thu Oct 14 14:04:11 2010
--- Log closed Thu Oct 14 14:09:34 2010
--- Log opened Thu Oct 14 14:35:50 2010
--- Log closed Thu Oct 14 14:41:34 2010
--- Log opened Thu Oct 14 14:56:17 2010
--- Log closed Thu Oct 14 15:01:34 2010
--- Log opened Thu Oct 14 20:48:44 2010
--- Log closed Thu Oct 14 20:53:44 2010
--- Log opened Fri Oct 15 09:56:32 2010
--- Log closed Fri Oct 15 10:02:31 2010
--- Log opened Fri Oct 15 10:05:51 2010
--- Log closed Fri Oct 15 10:11:31 2010
--- Log opened Fri Oct 15 18:47:44 2010
--- Log closed Fri Oct 15 18:52:44 2010
--- Log opened Sun Oct 17 20:24:10 2010
--- Log closed Sun Oct 17 20:30:09 2010
--- Log opened Mon Oct 18 10:26:40 2010
--- Log closed Mon Oct 18 10:32:36 2010
--- Log opened Mon Oct 18 14:12:32 2010
--- Log closed Mon Oct 18 14:17:36 2010
--- Log opened Mon Oct 18 14:58:12 2010
--- Log closed Mon Oct 18 15:03:12 2010
--- Log opened Mon Oct 18 15:41:17 2010
--- Log closed Mon Oct 18 15:47:12 2010
--- Log opened Mon Oct 18 20:49:19 2010
--- Log closed Mon Oct 18 20:55:17 2010
--- Log opened Tue Oct 19 00:49:37 2010
--- Log closed Tue Oct 19 00:55:36 2010
--- Log opened Tue Oct 19 09:50:53 2010
--- Log closed Tue Oct 19 09:56:51 2010
--- Log opened Tue Oct 19 20:51:21 2010
--- Log closed Tue Oct 19 20:57:19 2010
--- Log opened Wed Oct 20 09:50:10 2010
--- Log closed Wed Oct 20 09:56:08 2010
--- Log opened Wed Oct 20 12:25:55 2010
--- Log closed Wed Oct 20 12:31:08 2010
--- Log opened Wed Oct 20 15:50:27 2010
--- Log closed Wed Oct 20 15:56:08 2010
--- Log opened Wed Oct 20 16:34:06 2010
--- Log closed Wed Oct 20 16:39:08 2010
--- Log opened Wed Oct 20 16:53:55 2010
--- Log closed Wed Oct 20 16:59:08 2010
--- Log opened Wed Oct 20 17:34:55 2010
--- Log closed Wed Oct 20 17:40:08 2010
--- Log opened Wed Oct 20 19:46:15 2010
--- Log closed Wed Oct 20 19:52:08 2010
--- Log opened Wed Oct 20 20:58:56 2010
--- Log closed Wed Oct 20 21:04:55 2010
--- Log opened Thu Oct 21 09:55:02 2010
--- Log closed Thu Oct 21 10:00:59 2010
--- Log opened Thu Oct 21 21:25:14 2010
--- Log closed Thu Oct 21 21:31:12 2010
--- Log opened Fri Oct 22 09:41:39 2010
--- Log closed Fri Oct 22 09:46:39 2010
--- Log opened Fri Oct 22 10:10:26 2010
--- Log closed Fri Oct 22 10:15:39 2010
--- Log opened Fri Oct 22 10:40:09 2010
--- Log closed Fri Oct 22 10:45:39 2010
--- Log opened Fri Oct 22 11:57:34 2010
--- Log closed Fri Oct 22 12:02:39 2010
--- Log opened Fri Oct 22 13:16:56 2010
--- Log closed Fri Oct 22 13:22:39 2010
--- Log opened Fri Oct 22 18:46:44 2010
--- Log closed Fri Oct 22 18:52:39 2010
--- Log opened Sat Oct 23 20:42:30 2010
--- Log closed Sat Oct 23 20:48:29 2010
--- Log opened Mon Oct 25 10:39:55 2010
--- Log closed Mon Oct 25 10:45:52 2010
--- Log opened Mon Oct 25 12:37:57 2010
--- Log closed Mon Oct 25 12:43:52 2010
--- Log opened Mon Oct 25 15:19:46 2010
--- Log closed Mon Oct 25 15:24:52 2010
--- Log opened Mon Oct 25 17:34:15 2010
--- Log closed Mon Oct 25 17:39:52 2010
--- Log opened Mon Oct 25 22:11:08 2010
--- Log closed Mon Oct 25 22:17:07 2010
--- Log opened Tue Oct 26 09:29:11 2010
--- Log closed Tue Oct 26 09:35:09 2010
--- Log opened Tue Oct 26 12:21:12 2010
--- Log closed Tue Oct 26 12:27:09 2010
--- Log opened Tue Oct 26 17:39:32 2010
--- Log closed Tue Oct 26 17:45:09 2010
--- Log opened Tue Oct 26 21:00:09 2010
--- Log closed Tue Oct 26 21:05:47 2010
--- Log opened Wed Oct 27 09:43:07 2010
--- Log closed Wed Oct 27 09:49:05 2010
--- Log opened Wed Oct 27 10:03:35 2010
--- Log closed Wed Oct 27 10:09:05 2010
--- Log opened Wed Oct 27 13:00:36 2010
--- Log closed Wed Oct 27 13:06:05 2010
--- Log opened Wed Oct 27 19:36:59 2010
--- Log closed Wed Oct 27 19:38:30 2010
--- Log opened Thu Oct 28 09:30:24 2010
--- Log closed Thu Oct 28 09:35:24 2010
--- Log opened Thu Oct 28 12:20:19 2010
--- Log closed Thu Oct 28 12:25:24 2010
--- Log opened Thu Oct 28 19:41:35 2010
--- Log closed Thu Oct 28 19:47:32 2010
--- Log opened Fri Oct 29 10:26:53 2010
--- Log closed Fri Oct 29 10:31:53 2010
--- Log opened Fri Oct 29 10:36:10 2010
--- Log closed Fri Oct 29 10:41:53 2010
--- Log opened Fri Oct 29 10:58:54 2010
--- Log closed Fri Oct 29 11:04:53 2010
--- Log opened Fri Oct 29 18:31:00 2010
--- Log closed Fri Oct 29 18:36:53 2010
--- Log opened Fri Oct 29 20:43:30 2010
--- Log closed Fri Oct 29 20:48:30 2010
--- Log opened Sun Oct 31 17:41:31 2010
--- Log closed Sun Oct 31 17:47:30 2010
--- Log opened Mon Nov 01 09:54:55 2010
--- Log closed Mon Nov 01 10:00:54 2010
--- Log opened Mon Nov 01 10:42:57 2010
--- Log closed Mon Nov 01 10:48:54 2010
--- Log opened Mon Nov 01 10:57:00 2010
--- Log closed Mon Nov 01 11:02:54 2010
--- Log opened Mon Nov 01 14:31:35 2010
--- Log closed Mon Nov 01 14:36:54 2010
--- Log opened Mon Nov 01 20:45:59 2010
--- Log closed Mon Nov 01 20:51:17 2010
--- Log opened Mon Nov 01 23:54:02 2010
--- Log closed Mon Nov 01 23:59:17 2010
--- Log opened Tue Nov 02 09:50:34 2010
--- Log closed Tue Nov 02 09:56:32 2010
--- Log opened Tue Nov 02 19:40:05 2010
--- Log closed Tue Nov 02 19:46:03 2010
--- Log opened Wed Nov 03 09:51:01 2010
--- Log closed Wed Nov 03 09:56:59 2010
--- Log opened Wed Nov 03 18:40:41 2010
--- Log closed Wed Nov 03 18:45:59 2010
--- Log opened Wed Nov 03 21:08:01 2010
--- Log closed Wed Nov 03 21:13:53 2010
--- Log opened Thu Nov 04 09:49:02 2010
--- Log closed Thu Nov 04 09:54:59 2010
--- Log opened Thu Nov 04 19:42:06 2010
--- Log closed Thu Nov 04 19:47:58 2010
--- Log opened Fri Nov 05 09:29:19 2010
--- Log closed Fri Nov 05 09:35:17 2010
--- Log opened Fri Nov 05 20:08:02 2010
--- Log closed Fri Nov 05 20:14:01 2010
--- Log opened Sat Nov 06 13:05:47 2010
--- Log closed Sat Nov 06 13:11:46 2010
--- Log opened Sat Nov 06 13:24:54 2010
--- Log closed Sat Nov 06 13:30:53 2010
--- Log opened Sun Nov 07 00:22:44 2010
--- Log closed Sun Nov 07 00:28:01 2010
--- Log opened Sun Nov 07 18:48:13 2010
--- Log closed Sun Nov 07 18:54:12 2010
--- Log opened Mon Nov 08 10:01:24 2010
--- Log closed Mon Nov 08 10:06:24 2010
--- Log opened Mon Nov 08 20:50:56 2010
--- Log closed Mon Nov 08 20:56:54 2010
--- Log opened Tue Nov 09 09:42:27 2010
--- Log closed Tue Nov 09 09:48:25 2010
--- Log opened Tue Nov 09 20:30:59 2010
--- Log closed Tue Nov 09 20:36:57 2010
--- Log opened Wed Nov 10 09:54:03 2010
--- Log closed Wed Nov 10 10:00:01 2010
--- Log opened Wed Nov 10 13:35:55 2010
--- Log closed Wed Nov 10 13:41:01 2010
--- Log opened Wed Nov 10 20:19:59 2010
--- Log closed Wed Nov 10 20:25:57 2010
--- Log opened Thu Nov 11 09:31:36 2010
--- Log closed Thu Nov 11 09:37:35 2010
--- Log opened Thu Nov 11 17:32:04 2010
--- Log closed Thu Nov 11 17:37:35 2010
--- Log opened Thu Nov 11 23:03:24 2010
--- Log closed Thu Nov 11 23:08:24 2010
--- Log opened Fri Nov 12 13:38:58 2010
--- Log closed Fri Nov 12 13:43:58 2010
--- Log opened Mon Nov 15 09:30:16 2010
--- Log closed Mon Nov 15 09:36:13 2010
--- Log opened Mon Nov 15 20:34:03 2010
--- Log closed Mon Nov 15 20:39:57 2010
--- Log opened Tue Nov 16 09:30:00 2010
--- Log closed Tue Nov 16 09:35:57 2010
--- Log opened Tue Nov 16 19:40:15 2010
--- Log closed Tue Nov 16 19:46:13 2010
--- Log opened Wed Nov 17 09:38:34 2010
--- Log closed Wed Nov 17 09:44:31 2010
--- Log opened Wed Nov 17 15:33:29 2010
--- Log closed Wed Nov 17 15:39:28 2010
--- Log opened Thu Nov 18 10:05:13 2010
--- Log closed Thu Nov 18 10:10:13 2010
--- Log opened Thu Nov 18 23:16:55 2010
--- Log closed Thu Nov 18 23:21:55 2010
--- Log opened Fri Nov 19 09:30:16 2010
--- Log closed Fri Nov 19 09:36:14 2010
--- Log opened Fri Nov 19 20:53:09 2010
--- Log closed Fri Nov 19 20:58:46 2010
--- Log opened Fri Nov 19 22:27:55 2010
--- Log closed Fri Nov 19 22:33:53 2010
--- Log opened Sun Nov 21 13:23:54 2010
--- Log closed Sun Nov 21 13:29:52 2010
--- Log opened Mon Nov 22 10:03:09 2010
--- Log closed Mon Nov 22 10:03:20 2010
--- Log opened Mon Nov 22 10:03:35 2010
--- Log closed Mon Nov 22 10:08:35 2010
--- Log opened Mon Nov 22 10:29:21 2010
--- Log closed Mon Nov 22 10:34:35 2010
--- Log opened Mon Nov 22 11:45:20 2010
--- Log closed Mon Nov 22 11:50:35 2010
--- Log opened Mon Nov 22 12:33:45 2010
--- Log closed Mon Nov 22 12:39:35 2010
--- Log opened Mon Nov 22 17:36:10 2010
--- Log closed Mon Nov 22 17:41:35 2010
--- Log opened Mon Nov 22 19:22:06 2010
--- Log closed Mon Nov 22 19:27:06 2010
--- Log opened Tue Nov 23 09:52:04 2010
--- Log closed Tue Nov 23 09:57:04 2010
--- Log opened Tue Nov 23 19:17:22 2010
--- Log closed Tue Nov 23 19:23:20 2010
--- Log opened Wed Nov 24 09:39:26 2010
--- Log closed Wed Nov 24 09:45:24 2010
--- Log opened Wed Nov 24 19:57:45 2010
--- Log closed Wed Nov 24 20:03:38 2010
--- Log opened Thu Nov 25 05:06:07 2010
--- Log closed Thu Nov 25 05:11:38 2010
--- Log opened Thu Nov 25 09:38:07 2010
--- Log closed Thu Nov 25 09:44:05 2010
--- Log opened Thu Nov 25 23:16:06 2010
--- Log closed Thu Nov 25 23:22:04 2010
--- Log opened Fri Nov 26 09:48:28 2010
--- Log closed Fri Nov 26 09:54:26 2010
--- Log opened Fri Nov 26 11:24:28 2010
--- Log closed Fri Nov 26 11:30:26 2010
--- Log opened Fri Nov 26 20:15:19 2010
--- Log closed Fri Nov 26 20:21:17 2010
--- Log opened Sat Nov 27 13:33:46 2010
--- Log closed Sat Nov 27 13:39:17 2010
--- Log opened Sat Nov 27 15:59:52 2010
--- Log closed Sat Nov 27 16:05:17 2010
--- Log opened Sun Nov 28 02:53:51 2010
--- Log closed Sun Nov 28 02:59:37 2010
--- Log opened Mon Nov 29 09:58:51 2010
--- Log closed Mon Nov 29 10:03:54 2010
--- Log opened Mon Nov 29 11:03:57 2010
--- Log closed Mon Nov 29 11:09:54 2010
--- Log opened Mon Nov 29 11:31:48 2010
--- Log closed Mon Nov 29 11:36:54 2010
--- Log opened Mon Nov 29 12:46:27 2010
--- Log closed Mon Nov 29 12:51:54 2010
--- Log opened Mon Nov 29 13:16:17 2010
--- Log closed Mon Nov 29 13:21:54 2010
--- Log opened Mon Nov 29 13:42:47 2010
--- Log closed Mon Nov 29 13:47:54 2010
--- Log opened Mon Nov 29 17:37:53 2010
--- Log closed Mon Nov 29 17:42:54 2010
--- Log opened Mon Nov 29 19:22:07 2010
--- Log closed Mon Nov 29 19:28:05 2010
--- Log opened Tue Nov 30 09:47:42 2010
--- Log closed Tue Nov 30 09:53:40 2010
--- Log opened Tue Nov 30 10:03:07 2010
--- Log closed Tue Nov 30 10:04:38 2010
--- Log opened Tue Nov 30 10:06:59 2010
--- Log closed Tue Nov 30 10:12:58 2010
--- Log opened Tue Nov 30 10:16:26 2010
--- Log closed Tue Nov 30 10:21:58 2010
--- Log opened Tue Nov 30 10:25:57 2010
--- Log closed Tue Nov 30 10:30:58 2010
--- Log opened Tue Nov 30 10:44:22 2010
--- Log closed Tue Nov 30 10:49:58 2010
--- Log opened Tue Nov 30 10:58:44 2010
--- Log closed Tue Nov 30 11:03:58 2010
--- Log opened Tue Nov 30 11:21:28 2010
--- Log closed Tue Nov 30 11:26:58 2010
--- Log opened Tue Nov 30 20:13:38 2010
--- Log closed Tue Nov 30 20:19:37 2010
--- Log opened Wed Dec 01 09:45:30 2010
--- Log closed Wed Dec 01 09:51:28 2010
--- Log opened Wed Dec 01 10:27:32 2010
--- Log closed Wed Dec 01 10:33:28 2010
--- Log opened Wed Dec 01 10:54:21 2010
--- Log closed Wed Dec 01 10:59:28 2010
--- Log opened Wed Dec 01 13:40:28 2010
--- Log closed Wed Dec 01 13:45:28 2010
--- Log opened Wed Dec 01 14:31:40 2010
--- Log closed Wed Dec 01 14:37:28 2010
--- Log opened Wed Dec 01 21:26:52 2010
--- Log closed Wed Dec 01 21:32:10 2010
--- Log opened Wed Dec 01 21:45:24 2010
--- Log closed Wed Dec 01 21:51:10 2010
--- Log opened Thu Dec 02 09:37:58 2010
--- Log closed Thu Dec 02 09:43:56 2010
--- Log opened Thu Dec 02 10:16:55 2010
--- Log closed Thu Dec 02 10:21:56 2010
--- Log opened Thu Dec 02 12:17:03 2010
--- Log closed Thu Dec 02 12:22:56 2010
--- Log opened Thu Dec 02 12:23:18 2010
--- Log closed Thu Dec 02 12:28:56 2010
--- Log opened Thu Dec 02 12:34:31 2010
--- Log closed Thu Dec 02 12:39:56 2010
--- Log opened Thu Dec 02 13:13:30 2010
--- Log closed Thu Dec 02 13:18:56 2010
--- Log opened Thu Dec 02 13:41:15 2010
--- Log closed Thu Dec 02 13:46:56 2010
--- Log opened Thu Dec 02 13:47:43 2010
--- Log closed Thu Dec 02 13:52:56 2010
--- Log opened Thu Dec 02 18:03:07 2010
--- Log closed Thu Dec 02 18:08:56 2010
--- Log opened Thu Dec 02 20:04:13 2010
--- Log closed Thu Dec 02 20:10:11 2010
--- Log opened Fri Dec 03 09:32:31 2010
--- Log closed Fri Dec 03 09:38:29 2010
--- Log opened Fri Dec 03 12:33:48 2010
--- Log closed Fri Dec 03 12:39:29 2010
--- Log opened Fri Dec 03 14:02:33 2010
--- Log closed Fri Dec 03 14:08:29 2010
--- Log opened Fri Dec 03 16:00:44 2010
--- Log closed Fri Dec 03 16:06:29 2010
--- Log opened Fri Dec 03 20:36:16 2010
--- Log closed Fri Dec 03 20:41:34 2010
--- Log opened Sun Dec 05 22:24:56 2010
--- Log closed Sun Dec 05 22:30:36 2010
--- Log opened Mon Dec 06 09:49:17 2010
--- Log closed Mon Dec 06 09:55:15 2010
--- Log opened Mon Dec 06 16:16:49 2010
--- Log closed Mon Dec 06 16:22:15 2010
--- Log opened Mon Dec 06 16:50:41 2010
--- Log closed Mon Dec 06 16:56:15 2010
--- Log opened Mon Dec 06 17:07:21 2010
--- Log closed Mon Dec 06 17:13:15 2010
--- Log opened Mon Dec 06 17:14:52 2010
--- Log closed Mon Dec 06 17:20:15 2010
--- Log opened Mon Dec 06 17:36:34 2010
--- Log closed Mon Dec 06 17:42:15 2010
--- Log opened Mon Dec 06 18:20:39 2010
--- Log closed Mon Dec 06 18:26:15 2010
--- Log opened Mon Dec 06 20:23:07 2010
--- Log closed Mon Dec 06 20:28:24 2010
--- Log opened Tue Dec 07 09:51:28 2010
--- Log closed Tue Dec 07 09:57:27 2010
--- Log opened Tue Dec 07 10:49:45 2010
--- Log closed Tue Dec 07 10:55:27 2010
--- Log opened Tue Dec 07 11:40:56 2010
--- Log closed Tue Dec 07 11:46:27 2010
--- Log opened Tue Dec 07 12:50:22 2010
--- Log closed Tue Dec 07 12:55:27 2010
--- Log opened Tue Dec 07 15:16:06 2010
--- Log closed Tue Dec 07 15:21:27 2010
--- Log opened Tue Dec 07 15:50:59 2010
--- Log closed Tue Dec 07 15:56:27 2010
--- Log opened Tue Dec 07 16:32:53 2010
--- Log closed Tue Dec 07 16:38:27 2010
--- Log opened Tue Dec 07 19:49:03 2010
--- Log closed Tue Dec 07 19:55:01 2010
--- Log opened Wed Dec 08 09:42:27 2010
--- Log closed Wed Dec 08 09:48:24 2010
--- Log opened Wed Dec 08 10:53:56 2010
--- Log closed Wed Dec 08 10:59:24 2010
--- Log opened Wed Dec 08 16:55:00 2010
--- Log closed Wed Dec 08 17:00:24 2010
--- Log opened Wed Dec 08 17:36:03 2010
--- Log closed Wed Dec 08 17:41:24 2010
--- Log opened Wed Dec 08 17:42:30 2010
--- Log closed Wed Dec 08 17:48:24 2010
--- Log opened Wed Dec 08 18:53:08 2010
--- Log closed Wed Dec 08 18:58:24 2010
--- Log opened Wed Dec 08 19:19:54 2010
--- Log closed Wed Dec 08 19:25:24 2010
--- Log opened Wed Dec 08 22:34:46 2010
--- Log closed Wed Dec 08 22:40:43 2010
--- Log opened Thu Dec 09 09:41:00 2010
--- Log closed Thu Dec 09 09:46:58 2010
--- Log opened Thu Dec 09 13:08:04 2010
--- Log closed Thu Dec 09 13:13:58 2010
--- Log opened Thu Dec 09 13:41:02 2010
--- Log closed Thu Dec 09 13:46:58 2010
--- Log opened Thu Dec 09 13:48:49 2010
--- Log closed Thu Dec 09 13:53:58 2010
--- Log opened Thu Dec 09 13:59:00 2010
--- Log closed Thu Dec 09 14:04:58 2010
--- Log opened Thu Dec 09 14:43:58 2010
--- Log closed Thu Dec 09 14:49:58 2010
--- Log opened Thu Dec 09 14:54:11 2010
--- Log closed Thu Dec 09 14:59:58 2010
--- Log opened Thu Dec 09 15:09:25 2010
--- Log closed Thu Dec 09 15:14:58 2010
--- Log opened Thu Dec 09 15:19:55 2010
--- Log closed Thu Dec 09 15:24:58 2010
--- Log opened Thu Dec 09 15:26:48 2010
--- Log closed Thu Dec 09 15:31:58 2010
--- Log opened Thu Dec 09 16:00:42 2010
--- Log closed Thu Dec 09 16:05:58 2010
--- Log opened Thu Dec 09 19:00:51 2010
--- Log closed Thu Dec 09 19:05:58 2010
--- Log opened Thu Dec 09 20:16:58 2010
--- Log closed Thu Dec 09 20:22:57 2010
--- Log opened Fri Dec 10 10:03:25 2010
--- Log closed Fri Dec 10 10:09:23 2010
--- Log opened Sat Dec 11 10:33:11 2010
--- Log closed Sat Dec 11 10:38:29 2010
--- Log opened Sat Dec 11 14:13:48 2010
--- Log closed Sat Dec 11 14:19:29 2010
--- Log opened Sat Dec 11 14:42:26 2010
--- Log closed Sat Dec 11 14:47:29 2010
--- Log opened Sat Dec 11 14:54:45 2010
--- Log closed Sat Dec 11 15:00:29 2010
--- Log opened Sat Dec 11 15:06:18 2010
--- Log closed Sat Dec 11 15:11:29 2010
--- Log opened Sun Dec 12 06:03:37 2010
--- Log closed Sun Dec 12 06:09:36 2010
--- Log opened Mon Dec 13 10:12:29 2010
--- Log closed Mon Dec 13 10:18:25 2010
--- Log opened Tue Dec 14 09:41:37 2010
--- Log closed Tue Dec 14 09:47:24 2010
--- Log opened Tue Dec 14 20:27:30 2010
--- Log closed Tue Dec 14 20:33:27 2010
--- Log opened Wed Dec 15 05:22:29 2010
--- Log closed Wed Dec 15 05:28:27 2010
--- Log opened Wed Dec 15 09:57:00 2010
--- Log closed Wed Dec 15 10:02:18 2010
--- Log opened Wed Dec 15 11:32:12 2010
--- Log closed Wed Dec 15 11:37:18 2010
--- Log opened Wed Dec 15 11:52:09 2010
--- Log closed Wed Dec 15 11:57:18 2010
--- Log opened Wed Dec 15 12:08:44 2010
--- Log closed Wed Dec 15 12:14:18 2010
--- Log opened Wed Dec 15 20:13:34 2010
--- Log closed Wed Dec 15 20:19:33 2010
--- Log opened Thu Dec 16 09:49:18 2010
--- Log closed Thu Dec 16 09:55:16 2010
--- Log opened Thu Dec 16 13:09:55 2010
--- Log closed Thu Dec 16 13:15:16 2010
--- Log opened Thu Dec 16 13:59:01 2010
--- Log closed Thu Dec 16 14:04:16 2010
--- Log opened Thu Dec 16 15:29:46 2010
--- Log closed Thu Dec 16 15:35:16 2010
--- Log opened Thu Dec 16 18:07:06 2010
--- Log closed Thu Dec 16 18:12:16 2010
--- Log opened Thu Dec 16 23:20:57 2010
--- Log closed Thu Dec 16 23:26:55 2010
--- Log opened Mon Dec 20 00:45:20 2010
--- Log closed Mon Dec 20 00:51:02 2010
--- Log opened Mon Dec 20 09:56:37 2010
--- Log closed Mon Dec 20 10:02:35 2010
--- Log opened Mon Dec 20 16:42:31 2010
--- Log closed Mon Dec 20 16:47:35 2010
--- Log opened Tue Dec 21 09:43:53 2010
--- Log closed Tue Dec 21 09:49:35 2010
--- Log opened Tue Dec 21 10:02:20 2010
--- Log closed Tue Dec 21 10:07:35 2010
--- Log opened Tue Dec 21 10:18:44 2010
--- Log closed Tue Dec 21 10:24:35 2010
--- Log opened Tue Dec 21 18:10:45 2010
--- Log closed Tue Dec 21 18:16:35 2010
--- Log opened Tue Dec 21 20:45:48 2010
--- Log closed Tue Dec 21 20:51:46 2010
--- Log opened Wed Dec 22 00:47:57 2010
--- Log closed Wed Dec 22 00:53:46 2010
--- Log opened Wed Dec 22 09:52:47 2010
--- Log closed Wed Dec 22 09:58:45 2010
--- Log opened Wed Dec 22 10:37:46 2010
--- Log closed Wed Dec 22 10:43:45 2010
--- Log opened Wed Dec 22 11:33:28 2010
--- Log closed Wed Dec 22 11:38:45 2010
--- Log opened Wed Dec 22 13:29:25 2010
--- Log closed Wed Dec 22 13:34:45 2010
--- Log opened Wed Dec 22 19:42:03 2010
--- Log closed Wed Dec 22 19:48:00 2010
--- Log opened Thu Dec 23 09:47:42 2010
--- Log closed Thu Dec 23 09:53:40 2010
--- Log opened Thu Dec 23 09:56:55 2010
--- Log closed Thu Dec 23 10:02:40 2010
--- Log opened Thu Dec 23 16:57:08 2010
--- Log closed Thu Dec 23 17:02:40 2010
--- Log opened Thu Dec 23 21:46:30 2010
--- Log closed Thu Dec 23 21:52:28 2010
--- Log opened Fri Dec 24 09:48:18 2010
--- Log closed Fri Dec 24 09:54:16 2010
--- Log opened Fri Dec 24 10:46:32 2010
--- Log closed Fri Dec 24 10:52:16 2010
--- Log opened Fri Dec 24 17:06:45 2010
--- Log closed Fri Dec 24 17:12:44 2010
--- Log opened Fri Dec 24 18:16:05 2010
--- Log closed Fri Dec 24 18:21:44 2010
--- Log opened Fri Dec 24 21:13:31 2010
--- Log closed Fri Dec 24 21:19:28 2010
--- Log opened Fri Dec 24 23:08:28 2010
--- Log closed Fri Dec 24 23:14:27 2010
--- Log opened Sat Dec 25 01:37:31 2010
--- Log closed Sat Dec 25 01:42:31 2010
--- Log opened Sat Dec 25 01:56:03 2010
--- Log closed Sat Dec 25 02:01:20 2010
--- Log opened Sat Dec 25 15:44:44 2010
--- Log closed Sat Dec 25 15:50:43 2010
--- Log opened Sun Dec 26 23:20:40 2010
--- Log closed Sun Dec 26 23:26:22 2010
--- Log opened Mon Dec 27 09:49:09 2010
--- Log closed Mon Dec 27 09:55:07 2010
--- Log opened Mon Dec 27 20:32:20 2010
--- Log closed Mon Dec 27 20:38:19 2010
--- Log opened Tue Dec 28 10:02:20 2010
--- Log closed Tue Dec 28 10:08:17 2010
--- Log opened Tue Dec 28 10:34:07 2010
--- Log closed Tue Dec 28 10:39:17 2010
--- Log opened Tue Dec 28 11:45:18 2010
--- Log closed Tue Dec 28 11:45:33 2010
--- Log opened Tue Dec 28 11:45:48 2010
--- Log closed Tue Dec 28 11:51:47 2010
--- Log opened Tue Dec 28 19:53:21 2010
--- Log closed Tue Dec 28 19:59:18 2010
--- Log opened Tue Dec 28 20:38:19 2010
--- Log closed Tue Dec 28 20:44:18 2010
--- Log opened Wed Dec 29 11:30:13 2010
--- Log closed Wed Dec 29 11:36:10 2010
--- Log opened Wed Dec 29 12:55:41 2010
--- Log closed Wed Dec 29 13:07:10 2010
--- Log opened Wed Dec 29 22:01:19 2010
--- Log closed Wed Dec 29 22:07:17 2010
--- Log opened Thu Dec 30 01:04:41 2010
--- Log closed Thu Dec 30 01:10:40 2010
--- Log opened Thu Dec 30 09:56:24 2010
--- Log closed Thu Dec 30 10:02:22 2010
--- Log opened Fri Dec 31 02:21:50 2010
--- Log closed Fri Dec 31 02:27:48 2010
--- Log opened Fri Dec 31 14:00:00 2010
--- Log closed Fri Dec 31 14:05:58 2010
--- Log opened Mon Jan 03 05:38:51 2011
--- Log closed Mon Jan 03 05:43:58 2011
--- Log opened Tue Jan 04 19:32:39 2011
--- Log closed Tue Jan 04 19:37:59 2011
--- Log opened Fri Jan 07 08:24:58 2011
--- Log closed Fri Jan 07 08:29:59 2011
--- Log opened Fri Jan 07 09:56:17 2011
--- Log closed Fri Jan 07 10:01:59 2011
--- Log opened Sun Jan 09 19:36:05 2011
--- Log closed Sun Jan 09 19:36:57 2011
--- Log opened Sun Jan 09 19:37:33 2011
--- Log closed Sun Jan 09 19:43:30 2011
--- Log opened Mon Jan 10 10:00:53 2011
--- Log closed Mon Jan 10 10:06:50 2011
--- Log opened Mon Jan 10 20:28:00 2011
--- Log closed Mon Jan 10 20:28:10 2011
--- Log opened Mon Jan 10 20:28:25 2011
--- Log closed Mon Jan 10 20:34:24 2011
--- Log opened Tue Jan 11 09:51:36 2011
--- Log closed Tue Jan 11 09:57:34 2011
--- Log opened Tue Jan 11 21:05:21 2011
--- Log closed Tue Jan 11 21:11:20 2011
--- Log opened Wed Jan 12 09:44:24 2011
--- Log closed Wed Jan 12 09:50:22 2011
--- Log opened Wed Jan 12 09:52:32 2011
--- Log closed Wed Jan 12 09:58:22 2011
--- Log opened Wed Jan 12 15:06:34 2011
--- Log closed Wed Jan 12 15:12:22 2011
--- Log opened Wed Jan 12 15:50:28 2011
--- Log closed Wed Jan 12 15:56:22 2011
--- Log opened Wed Jan 12 16:30:26 2011
--- Log closed Wed Jan 12 16:36:22 2011
--- Log opened Wed Jan 12 16:40:36 2011
--- Log closed Wed Jan 12 16:46:22 2011
--- Log opened Wed Jan 12 17:28:25 2011
--- Log closed Wed Jan 12 17:34:22 2011
--- Log opened Wed Jan 12 20:22:26 2011
--- Log closed Wed Jan 12 20:28:25 2011
--- Log opened Thu Jan 13 09:41:52 2011
--- Log closed Thu Jan 13 09:47:50 2011
--- Log opened Thu Jan 13 15:51:09 2011
--- Log closed Thu Jan 13 15:56:50 2011
--- Log opened Thu Jan 13 16:47:51 2011
--- Log closed Thu Jan 13 16:53:50 2011
--- Log opened Thu Jan 13 17:07:56 2011
--- Log closed Thu Jan 13 17:13:50 2011
--- Log opened Thu Jan 13 19:25:13 2011
--- Log closed Thu Jan 13 19:31:12 2011
--- Log opened Fri Jan 14 10:06:52 2011
--- Log closed Fri Jan 14 10:12:49 2011
--- Log opened Fri Jan 14 21:51:33 2011
--- Log closed Fri Jan 14 21:57:31 2011
--- Log opened Sat Jan 15 21:23:16 2011
--- Log closed Sat Jan 15 21:28:16 2011
--- Log opened Mon Jan 17 09:42:07 2011
--- Log closed Mon Jan 17 09:48:06 2011
--- Log opened Mon Jan 17 22:25:39 2011
--- Log closed Mon Jan 17 22:31:37 2011
--- Log opened Tue Jan 18 09:37:53 2011
--- Log closed Tue Jan 18 09:43:51 2011
--- Log opened Tue Jan 18 21:25:37 2011
--- Log closed Tue Jan 18 21:31:35 2011
--- Log opened Wed Jan 19 05:15:43 2011
--- Log closed Wed Jan 19 05:21:35 2011
--- Log opened Wed Jan 19 09:44:31 2011
--- Log closed Wed Jan 19 09:50:30 2011
--- Log opened Wed Jan 19 20:20:32 2011
--- Log closed Wed Jan 19 20:26:29 2011
--- Log opened Wed Jan 19 22:54:58 2011
--- Log closed Wed Jan 19 23:00:57 2011
--- Log opened Wed Jan 19 23:37:27 2011
--- Log closed Wed Jan 19 23:42:27 2011
--- Log opened Thu Jan 20 00:24:51 2011
--- Log closed Thu Jan 20 00:30:49 2011
--- Log opened Thu Jan 20 09:41:23 2011
--- Log closed Thu Jan 20 09:46:23 2011
--- Log opened Thu Jan 20 18:23:21 2011
--- Log closed Thu Jan 20 18:28:21 2011
--- Log opened Fri Jan 21 10:41:34 2011
--- Log closed Fri Jan 21 10:47:16 2011
--- Log opened Fri Jan 21 19:15:07 2011
--- Log closed Fri Jan 21 19:20:16 2011
--- Log opened Fri Jan 21 19:22:26 2011
--- Log closed Fri Jan 21 19:28:16 2011
--- Log opened Sat Jan 22 10:21:28 2011
--- Log closed Sat Jan 22 10:26:28 2011
--- Log opened Sat Jan 22 15:40:56 2011
--- Log closed Sat Jan 22 15:46:28 2011
--- Log opened Sat Jan 22 17:16:26 2011
--- Log closed Sat Jan 22 17:21:28 2011
--- Log opened Sat Jan 22 18:10:10 2011
--- Log closed Sat Jan 22 18:15:28 2011
--- Log opened Sat Jan 22 19:05:05 2011
--- Log closed Sat Jan 22 19:10:29 2011
--- Log opened Sat Jan 22 19:55:45 2011
--- Log closed Sat Jan 22 20:01:29 2011
--- Log opened Sat Jan 22 20:35:13 2011
--- Log closed Sat Jan 22 20:40:29 2011
--- Log opened Sun Jan 23 10:44:02 2011
--- Log closed Sun Jan 23 10:49:46 2011
--- Log opened Sun Jan 23 11:04:38 2011
--- Log closed Sun Jan 23 11:10:37 2011
--- Log opened Sun Jan 23 15:32:01 2011
--- Log closed Sun Jan 23 15:37:37 2011
--- Log opened Sun Jan 23 16:33:42 2011
--- Log closed Sun Jan 23 16:39:37 2011
--- Log opened Sun Jan 23 20:58:34 2011
--- Log closed Sun Jan 23 21:03:37 2011
--- Log opened Mon Jan 24 09:43:18 2011
--- Log closed Mon Jan 24 09:49:08 2011
--- Log opened Mon Jan 24 17:20:53 2011
--- Log closed Mon Jan 24 17:26:08 2011
--- Log opened Mon Jan 24 19:48:13 2011
--- Log closed Mon Jan 24 19:54:12 2011
--- Log opened Tue Jan 25 10:27:57 2011
--- Log closed Tue Jan 25 10:32:57 2011
--- Log opened Tue Jan 25 11:34:03 2011
--- Log closed Tue Jan 25 11:40:02 2011
--- Log opened Tue Jan 25 21:42:38 2011
--- Log closed Tue Jan 25 21:47:38 2011
--- Log opened Wed Jan 26 01:59:49 2011
--- Log closed Wed Jan 26 02:05:38 2011
--- Log opened Wed Jan 26 09:51:28 2011
--- Log closed Wed Jan 26 09:57:27 2011
--- Log opened Wed Jan 26 14:22:00 2011
--- Log closed Wed Jan 26 14:27:27 2011
--- Log opened Wed Jan 26 20:49:12 2011
--- Log closed Wed Jan 26 20:55:11 2011
--- Log opened Wed Jan 26 22:55:39 2011
--- Log closed Wed Jan 26 23:01:38 2011
--- Log opened Thu Jan 27 09:45:01 2011
--- Log closed Thu Jan 27 09:50:01 2011
--- Log opened Thu Jan 27 10:33:01 2011
--- Log closed Thu Jan 27 10:39:00 2011
--- Log opened Thu Jan 27 11:14:24 2011
--- Log closed Thu Jan 27 11:20:23 2011
--- Log opened Thu Jan 27 20:50:52 2011
--- Log closed Thu Jan 27 20:55:52 2011
--- Log opened Thu Jan 27 22:54:37 2011
--- Log closed Thu Jan 27 23:00:36 2011
--- Log opened Fri Jan 28 09:43:37 2011
--- Log closed Fri Jan 28 09:49:36 2011
--- Log opened Sat Jan 29 01:57:17 2011
--- Log closed Sat Jan 29 02:03:16 2011
--- Log opened Sat Jan 29 03:48:52 2011
--- Log closed Sat Jan 29 03:54:16 2011
--- Log opened Sun Jan 30 10:41:26 2011
--- Log closed Sun Jan 30 10:47:25 2011
--- Log opened Sun Jan 30 22:09:31 2011
--- Log closed Sun Jan 30 22:15:30 2011
--- Log opened Mon Jan 31 10:16:18 2011
--- Log closed Mon Jan 31 10:22:17 2011
--- Log opened Mon Jan 31 20:10:27 2011
--- Log closed Mon Jan 31 20:16:26 2011
--- Log opened Tue Feb 01 10:31:42 2011
--- Log closed Tue Feb 01 10:37:41 2011
--- Log opened Tue Feb 01 19:44:29 2011
--- Log closed Tue Feb 01 19:50:27 2011
--- Log opened Wed Feb 02 09:54:38 2011
--- Log closed Wed Feb 02 10:00:37 2011
--- Log opened Thu Feb 03 10:23:09 2011
--- Log closed Thu Feb 03 10:29:08 2011
--- Log opened Thu Feb 03 17:26:53 2011
--- Log closed Thu Feb 03 17:27:23 2011
--- Log opened Thu Feb 03 17:28:50 2011
--- Log closed Thu Feb 03 17:33:50 2011
--- Log opened Fri Feb 04 10:27:04 2011
--- Log closed Fri Feb 04 10:32:55 2011
--- Log opened Fri Feb 04 18:27:05 2011
--- Log closed Fri Feb 04 18:32:55 2011
--- Log opened Sat Feb 05 10:19:26 2011
--- Log closed Sat Feb 05 10:25:18 2011
--- Log opened Sat Feb 05 14:09:20 2011
--- Log closed Sat Feb 05 14:15:19 2011
--- Log opened Sun Feb 06 00:10:26 2011
--- Log closed Sun Feb 06 00:15:26 2011
--- Log opened Mon Feb 07 10:18:43 2011
--- Log closed Mon Feb 07 10:24:42 2011
--- Log opened Tue Feb 08 04:23:21 2011
--- Log closed Tue Feb 08 04:29:13 2011
--- Log opened Tue Feb 08 14:52:33 2011
--- Log closed Tue Feb 08 14:58:26 2011
--- Log opened Tue Feb 08 20:01:41 2011
--- Log closed Tue Feb 08 20:07:40 2011
--- Log opened Tue Feb 08 22:21:51 2011
--- Log closed Tue Feb 08 22:27:40 2011
--- Log opened Wed Feb 09 10:30:47 2011
--- Log closed Wed Feb 09 10:36:46 2011
--- Log opened Wed Feb 09 19:56:31 2011
--- Log closed Wed Feb 09 20:02:28 2011
--- Log opened Thu Feb 10 10:34:49 2011
--- Log closed Thu Feb 10 10:40:48 2011
--- Log opened Fri Feb 11 10:23:12 2011
--- Log closed Fri Feb 11 10:29:11 2011
--- Log opened Sat Feb 12 05:08:41 2011
--- Log closed Sat Feb 12 05:14:40 2011
--- Log opened Sun Feb 13 16:36:49 2011
--- Log closed Sun Feb 13 16:42:48 2011
--- Log opened Sun Feb 13 16:55:52 2011
--- Log closed Sun Feb 13 17:00:52 2011
--- Log opened Sun Feb 13 18:45:40 2011
--- Log closed Sun Feb 13 18:51:34 2011
--- Log opened Sun Feb 13 19:37:54 2011
--- Log closed Sun Feb 13 19:43:53 2011
--- Log opened Mon Feb 14 10:25:17 2011
--- Log closed Mon Feb 14 10:31:16 2011
--- Log opened Tue Feb 15 00:49:55 2011
--- Log closed Tue Feb 15 00:55:52 2011
--- Log opened Tue Feb 15 01:30:11 2011
--- Log closed Tue Feb 15 01:36:10 2011
--- Log opened Tue Feb 15 01:38:32 2011
--- Log closed Tue Feb 15 01:44:10 2011
--- Log opened Tue Feb 15 11:40:40 2011
--- Log closed Tue Feb 15 11:46:39 2011
--- Log opened Tue Feb 15 23:24:37 2011
--- Log closed Tue Feb 15 23:29:37 2011
--- Log opened Wed Feb 16 10:09:06 2011
--- Log closed Wed Feb 16 10:15:05 2011
--- Log opened Wed Feb 16 22:09:49 2011
--- Log closed Wed Feb 16 22:10:39 2011
--- Log opened Thu Feb 17 11:34:20 2011
--- Log closed Thu Feb 17 11:40:19 2011
--- Log opened Fri Feb 18 17:56:54 2011
--- Log closed Fri Feb 18 18:02:36 2011
--- Log opened Fri Feb 18 23:31:44 2011
--- Log closed Fri Feb 18 23:37:43 2011
--- Log opened Sat Feb 19 12:02:22 2011
--- Log closed Sat Feb 19 12:07:43 2011
--- Log opened Sat Feb 19 15:06:36 2011
--- Log closed Sat Feb 19 15:11:43 2011
--- Log opened Sun Feb 20 11:28:27 2011
--- Log closed Sun Feb 20 11:33:27 2011
--- Log opened Mon Feb 21 14:18:55 2011
--- Log closed Mon Feb 21 14:24:54 2011
--- Log opened Mon Feb 21 15:46:47 2011
--- Log closed Mon Feb 21 15:51:54 2011
--- Log opened Mon Feb 21 21:50:30 2011
--- Log closed Mon Feb 21 21:55:30 2011
--- Log opened Tue Feb 22 09:56:55 2011
--- Log closed Tue Feb 22 10:02:54 2011
--- Log opened Tue Feb 22 12:43:45 2011
--- Log closed Tue Feb 22 12:49:44 2011
--- Log opened Tue Feb 22 21:36:39 2011
--- Log closed Tue Feb 22 21:41:44 2011
--- Log opened Tue Feb 22 22:04:12 2011
--- Log closed Tue Feb 22 22:09:44 2011
--- Log opened Tue Feb 22 22:12:26 2011
--- Log closed Tue Feb 22 22:17:44 2011
--- Log opened Tue Feb 22 23:14:32 2011
--- Log closed Tue Feb 22 23:19:44 2011
--- Log opened Wed Feb 23 14:20:28 2011
--- Log closed Wed Feb 23 14:26:27 2011
--- Log opened Thu Feb 24 11:08:27 2011
--- Log closed Thu Feb 24 11:14:18 2011
--- Log opened Thu Feb 24 20:57:17 2011
--- Log closed Thu Feb 24 21:03:16 2011
--- Log opened Thu Feb 24 21:06:53 2011
--- Log closed Thu Feb 24 21:12:16 2011
--- Log opened Mon Feb 28 12:35:04 2011
--- Log closed Mon Feb 28 12:41:03 2011
--- Log opened Mon Feb 28 20:54:02 2011
--- Log closed Mon Feb 28 21:00:01 2011
--- Log opened Tue Mar 01 00:02:15 2011
--- Log closed Tue Mar 01 00:08:01 2011
--- Log opened Tue Mar 01 00:56:22 2011
--- Log closed Tue Mar 01 01:02:01 2011
--- Log opened Tue Mar 01 09:27:49 2011
--- Log closed Tue Mar 01 09:32:49 2011
--- Log opened Wed Mar 02 09:13:51 2011
--- Log closed Wed Mar 02 09:18:51 2011
--- Log opened Wed Mar 02 20:17:04 2011
--- Log closed Wed Mar 02 20:23:01 2011
--- Log opened Thu Mar 03 09:27:57 2011
--- Log closed Thu Mar 03 09:33:55 2011
--- Log opened Thu Mar 03 20:00:23 2011
--- Log closed Thu Mar 03 20:01:53 2011
--- Log opened Thu Mar 03 20:02:26 2011
--- Log closed Thu Mar 03 20:08:25 2011
--- Log opened Fri Mar 04 09:16:29 2011
--- Log closed Fri Mar 04 09:21:29 2011
--- Log opened Fri Mar 04 20:28:28 2011
--- Log closed Fri Mar 04 20:33:28 2011
--- Log opened Fri Mar 04 21:50:55 2011
--- Log closed Fri Mar 04 21:56:54 2011
--- Log opened Sat Mar 05 16:01:20 2011
--- Log closed Sat Mar 05 16:07:19 2011
--- Log opened Sat Mar 05 21:29:02 2011
--- Log closed Sat Mar 05 21:35:00 2011
--- Log opened Sun Mar 06 15:02:31 2011
--- Log closed Sun Mar 06 15:08:14 2011
--- Log opened Mon Mar 07 09:36:11 2011
--- Log closed Mon Mar 07 09:42:10 2011
--- Log opened Mon Mar 07 22:04:30 2011
--- Log closed Mon Mar 07 22:10:21 2011
--- Log opened Tue Mar 08 09:42:05 2011
--- Log closed Tue Mar 08 09:48:04 2011
--- Log opened Tue Mar 08 20:29:25 2011
--- Log closed Tue Mar 08 20:35:23 2011
--- Log opened Wed Mar 09 09:27:11 2011
--- Log closed Wed Mar 09 09:32:11 2011
--- Log opened Wed Mar 09 19:45:16 2011
--- Log closed Wed Mar 09 19:51:15 2011
--- Log opened Thu Mar 10 09:37:09 2011
--- Log closed Thu Mar 10 09:42:09 2011
--- Log opened Thu Mar 10 10:11:33 2011
--- Log closed Thu Mar 10 10:17:09 2011
--- Log opened Thu Mar 10 12:28:58 2011
--- Log closed Thu Mar 10 12:34:09 2011
--- Log opened Thu Mar 10 19:56:40 2011
--- Log closed Thu Mar 10 19:59:57 2011
--- Log opened Thu Mar 10 20:00:00 2011
--- Log closed Thu Mar 10 20:05:59 2011
--- Log opened Fri Mar 11 09:37:03 2011
--- Log closed Fri Mar 11 09:43:01 2011
--- Log opened Fri Mar 11 23:24:41 2011
--- Log closed Fri Mar 11 23:29:41 2011
--- Log opened Sat Mar 12 15:35:33 2011
--- Log closed Sat Mar 12 15:41:32 2011
--- Log opened Mon Mar 14 09:08:02 2011
--- Log closed Mon Mar 14 09:13:02 2011
--- Log opened Mon Mar 14 20:22:39 2011
--- Log closed Mon Mar 14 20:28:38 2011
--- Log opened Mon Mar 14 23:53:38 2011
--- Log closed Mon Mar 14 23:59:21 2011
--- Log opened Tue Mar 15 09:28:31 2011
--- Log closed Tue Mar 15 09:34:30 2011
--- Log opened Tue Mar 15 14:22:59 2011
--- Log closed Tue Mar 15 14:28:30 2011
--- Log opened Tue Mar 15 17:18:01 2011
--- Log closed Tue Mar 15 17:23:30 2011
--- Log opened Tue Mar 15 22:30:31 2011
--- Log closed Tue Mar 15 22:36:30 2011
--- Log opened Wed Mar 16 09:44:26 2011
--- Log closed Wed Mar 16 09:49:26 2011
--- Log opened Wed Mar 16 20:46:19 2011
--- Log closed Wed Mar 16 20:52:17 2011
--- Log opened Wed Mar 16 21:21:50 2011
--- Log closed Wed Mar 16 21:27:36 2011
--- Log opened Thu Mar 17 03:58:09 2011
--- Log closed Thu Mar 17 04:03:36 2011
--- Log opened Thu Mar 17 09:41:08 2011
--- Log closed Thu Mar 17 09:47:07 2011
--- Log opened Fri Mar 18 09:58:48 2011
--- Log closed Fri Mar 18 10:04:47 2011
--- Log opened Fri Mar 18 11:02:46 2011
--- Log closed Fri Mar 18 11:07:47 2011
--- Log opened Fri Mar 18 15:17:53 2011
--- Log closed Fri Mar 18 15:23:47 2011
--- Log opened Fri Mar 18 21:08:44 2011
--- Log closed Fri Mar 18 21:13:44 2011
--- Log opened Sat Mar 19 16:18:21 2011
--- Log closed Sat Mar 19 16:23:21 2011
--- Log opened Sat Mar 19 16:52:57 2011
--- Log closed Sat Mar 19 16:58:56 2011
--- Log opened Sat Mar 19 20:35:13 2011
--- Log closed Sat Mar 19 20:41:12 2011
--- Log opened Sun Mar 20 18:46:09 2011
--- Log closed Sun Mar 20 18:52:08 2011
--- Log opened Mon Mar 21 22:15:33 2011
--- Log closed Mon Mar 21 22:21:32 2011
--- Log opened Tue Mar 22 22:06:07 2011
--- Log closed Tue Mar 22 22:11:07 2011
--- Log opened Wed Mar 23 21:05:55 2011
--- Log closed Wed Mar 23 21:11:45 2011
--- Log opened Wed Mar 23 22:44:14 2011
--- Log closed Wed Mar 23 22:50:13 2011
--- Log opened Sat Mar 26 11:32:12 2011
--- Log closed Sat Mar 26 11:38:11 2011
--- Log opened Sat Mar 26 14:22:34 2011
--- Log closed Sat Mar 26 14:28:33 2011
--- Log opened Sat Mar 26 14:41:55 2011
--- Log closed Sat Mar 26 14:47:54 2011
--- Log opened Sat Mar 26 15:11:02 2011
--- Log closed Sat Mar 26 15:13:50 2011
--- Log opened Sat Mar 26 15:49:36 2011
--- Log closed Sat Mar 26 15:55:35 2011
--- Log opened Sun Mar 27 03:58:27 2011
--- Log closed Sun Mar 27 04:04:18 2011
--- Log opened Sun Mar 27 13:58:32 2011
--- Log closed Sun Mar 27 14:04:18 2011
--- Log opened Sun Mar 27 16:54:43 2011
--- Log closed Sun Mar 27 16:55:19 2011
--- Log opened Sun Mar 27 16:55:21 2011
--- Log closed Sun Mar 27 16:56:04 2011
--- Log opened Sun Mar 27 16:56:07 2011
--- Log closed Sun Mar 27 16:58:48 2011
--- Log opened Sun Mar 27 16:59:10 2011
--- Log closed Sun Mar 27 17:05:09 2011
--- Log opened Sun Mar 27 21:41:34 2011
--- Log closed Sun Mar 27 21:42:04 2011
--- Log opened Sun Mar 27 21:43:52 2011
--- Log closed Sun Mar 27 21:46:54 2011
--- Log opened Sun Mar 27 21:46:57 2011
--- Log closed Sun Mar 27 21:52:56 2011
--- Log opened Sun Mar 27 22:04:32 2011
--- Log closed Sun Mar 27 22:05:58 2011
--- Log opened Sun Mar 27 22:06:00 2011
--- Log closed Sun Mar 27 22:11:00 2011
--- Log opened Wed Mar 30 10:42:52 2011
--- Log closed Wed Mar 30 10:47:52 2011
--- Log opened Wed Mar 30 12:35:58 2011
--- Log closed Wed Mar 30 12:41:52 2011
--- Log opened Wed Mar 30 12:43:15 2011
--- Log closed Wed Mar 30 12:48:52 2011
--- Log opened Thu Mar 31 10:19:23 2011
--- Log closed Thu Mar 31 10:24:43 2011
--- Log opened Thu Mar 31 10:42:59 2011
--- Log closed Thu Mar 31 10:48:43 2011
--- Log opened Thu Mar 31 12:37:00 2011
--- Log closed Thu Mar 31 12:42:43 2011
--- Log opened Thu Mar 31 14:53:21 2011
--- Log closed Thu Mar 31 14:58:43 2011
--- Log opened Thu Mar 31 15:38:08 2011
--- Log closed Thu Mar 31 15:43:43 2011
--- Log opened Fri Apr 01 10:21:23 2011
--- Log closed Fri Apr 01 10:27:22 2011
--- Log opened Fri Apr 01 10:35:04 2011
--- Log closed Fri Apr 01 10:40:22 2011
--- Log opened Fri Apr 01 11:31:03 2011
--- Log closed Fri Apr 01 11:36:22 2011
--- Log opened Fri Apr 01 11:42:40 2011
--- Log closed Fri Apr 01 11:48:22 2011
--- Log opened Fri Apr 01 12:46:47 2011
--- Log closed Fri Apr 01 12:52:22 2011
--- Log opened Fri Apr 01 12:59:02 2011
--- Log closed Fri Apr 01 13:04:22 2011
--- Log opened Fri Apr 01 13:55:00 2011
--- Log closed Fri Apr 01 14:00:22 2011
--- Log opened Fri Apr 01 14:38:13 2011
--- Log closed Fri Apr 01 14:43:22 2011
--- Log opened Fri Apr 01 15:41:19 2011
--- Log closed Fri Apr 01 15:46:22 2011
--- Log opened Fri Apr 01 15:53:19 2011
--- Log closed Fri Apr 01 15:58:22 2011
--- Log opened Fri Apr 01 22:37:55 2011
--- Log closed Fri Apr 01 22:42:53 2011
--- Log opened Fri Apr 01 22:43:15 2011
--- Log closed Fri Apr 01 22:43:41 2011
--- Log opened Fri Apr 01 22:45:59 2011
--- Log closed Fri Apr 01 22:46:21 2011
--- Log opened Fri Apr 01 22:47:32 2011
--- Log closed Fri Apr 01 22:47:57 2011
--- Log opened Fri Apr 01 22:48:00 2011
--- Log closed Fri Apr 01 22:53:59 2011
--- Log opened Fri Apr 01 23:29:33 2011
--- Log closed Fri Apr 01 23:34:33 2011
--- Log opened Fri Apr 01 23:55:43 2011
--- Log closed Sat Apr 02 00:00:43 2011
--- Log opened Sat Apr 02 12:48:51 2011
--- Log closed Sat Apr 02 12:54:43 2011
--- Log opened Sat Apr 02 13:32:34 2011
--- Log closed Sat Apr 02 13:37:43 2011
--- Log opened Sat Apr 02 15:12:08 2011
--- Log closed Sat Apr 02 15:17:43 2011
--- Log opened Sat Apr 02 15:25:01 2011
--- Log closed Sat Apr 02 15:30:43 2011
--- Log opened Sat Apr 02 15:34:28 2011
--- Log closed Sat Apr 02 15:35:29 2011
--- Log opened Sat Apr 02 15:35:43 2011
--- Log closed Sat Apr 02 15:40:43 2011
--- Log opened Sat Apr 02 16:10:19 2011
--- Log closed Sat Apr 02 16:16:18 2011
--- Log opened Sat Apr 02 17:16:52 2011
--- Log closed Sat Apr 02 17:22:51 2011
--- Log opened Sun Apr 03 00:45:47 2011
--- Log closed Sun Apr 03 00:50:47 2011
--- Log opened Sun Apr 03 12:15:46 2011
--- Log closed Sun Apr 03 12:20:46 2011
--- Log opened Mon Apr 04 10:01:15 2011
--- Log closed Mon Apr 04 10:06:15 2011
--- Log opened Mon Apr 04 20:46:07 2011
--- Log closed Mon Apr 04 20:52:06 2011
--- Log opened Tue Apr 05 10:04:50 2011
--- Log closed Tue Apr 05 10:10:49 2011
--- Log opened Tue Apr 05 15:15:04 2011
--- Log closed Tue Apr 05 15:20:49 2011
--- Log opened Tue Apr 05 15:39:38 2011
--- Log closed Tue Apr 05 15:44:49 2011
--- Log opened Tue Apr 05 17:18:24 2011
--- Log closed Tue Apr 05 17:23:49 2011
--- Log opened Tue Apr 05 21:39:19 2011
--- Log closed Tue Apr 05 21:44:19 2011
--- Log opened Wed Apr 06 09:44:06 2011
--- Log closed Wed Apr 06 09:49:06 2011
--- Log opened Wed Apr 06 16:27:00 2011
--- Log closed Wed Apr 06 16:32:06 2011
--- Log opened Wed Apr 06 16:35:09 2011
--- Log closed Wed Apr 06 16:41:06 2011
--- Log opened Wed Apr 06 19:35:31 2011
--- Log closed Wed Apr 06 19:41:30 2011
--- Log opened Thu Apr 07 09:32:52 2011
--- Log closed Thu Apr 07 09:37:52 2011
--- Log opened Thu Apr 07 09:46:48 2011
--- Log closed Thu Apr 07 09:51:52 2011
--- Log opened Thu Apr 07 09:56:07 2011
--- Log closed Thu Apr 07 10:01:07 2011
--- Log opened Thu Apr 07 10:16:43 2011
--- Log closed Thu Apr 07 10:22:07 2011
--- Log opened Fri Apr 08 02:00:18 2011
--- Log closed Fri Apr 08 02:06:17 2011
--- Log opened Fri Apr 08 12:32:24 2011
--- Log closed Fri Apr 08 12:37:24 2011
--- Log opened Fri Apr 08 18:26:58 2011
--- Log closed Fri Apr 08 18:32:24 2011
--- Log opened Fri Apr 08 18:35:35 2011
--- Log closed Fri Apr 08 18:41:24 2011
--- Log opened Fri Apr 08 18:52:37 2011
--- Log closed Fri Apr 08 18:58:24 2011
--- Log opened Fri Apr 08 19:03:49 2011
--- Log closed Fri Apr 08 19:09:24 2011
--- Log opened Fri Apr 08 21:04:03 2011
--- Log closed Fri Apr 08 21:09:03 2011
--- Log opened Sat Apr 09 12:09:19 2011
--- Log closed Sat Apr 09 12:14:19 2011
--- Log opened Sat Apr 09 20:25:29 2011
--- Log closed Sat Apr 09 20:31:19 2011
--- Log opened Sun Apr 10 01:43:21 2011
--- Log closed Sun Apr 10 01:48:21 2011
--- Log opened Sun Apr 10 16:32:06 2011
--- Log closed Sun Apr 10 16:37:55 2011
--- Log opened Mon Apr 11 09:45:40 2011
--- Log closed Mon Apr 11 09:50:40 2011
--- Log opened Mon Apr 11 11:17:28 2011
--- Log closed Mon Apr 11 11:22:40 2011
--- Log opened Mon Apr 11 13:28:41 2011
--- Log closed Mon Apr 11 13:33:41 2011
--- Log opened Mon Apr 11 13:41:28 2011
--- Log closed Mon Apr 11 13:46:28 2011
--- Log opened Mon Apr 11 15:57:11 2011
--- Log closed Mon Apr 11 16:02:28 2011
--- Log opened Mon Apr 11 16:06:21 2011
--- Log closed Mon Apr 11 16:11:28 2011
--- Log opened Mon Apr 11 16:51:57 2011
--- Log closed Mon Apr 11 16:57:28 2011
--- Log opened Mon Apr 11 16:59:05 2011
--- Log closed Mon Apr 11 17:04:28 2011
--- Log opened Mon Apr 11 17:25:02 2011
--- Log closed Mon Apr 11 17:30:02 2011
--- Log opened Mon Apr 11 20:23:40 2011
--- Log closed Mon Apr 11 20:26:50 2011
--- Log opened Tue Apr 12 10:32:02 2011
--- Log closed Tue Apr 12 10:38:01 2011
--- Log opened Tue Apr 12 12:16:28 2011
--- Log closed Tue Apr 12 12:22:01 2011
--- Log opened Tue Apr 12 12:22:35 2011
--- Log closed Tue Apr 12 12:28:01 2011
--- Log opened Tue Apr 12 16:06:01 2011
--- Log closed Tue Apr 12 16:11:01 2011
--- Log opened Tue Apr 12 19:08:53 2011
--- Log closed Tue Apr 12 19:13:53 2011
--- Log opened Wed Apr 13 09:56:23 2011
--- Log closed Wed Apr 13 10:02:15 2011
--- Log opened Wed Apr 13 10:02:39 2011
--- Log closed Wed Apr 13 10:08:38 2011
--- Log opened Wed Apr 13 11:04:18 2011
--- Log closed Wed Apr 13 11:09:38 2011
--- Log opened Wed Apr 13 11:19:29 2011
--- Log closed Wed Apr 13 11:24:38 2011
--- Log opened Wed Apr 13 13:23:10 2011
--- Log closed Wed Apr 13 13:28:38 2011
--- Log opened Wed Apr 13 14:07:50 2011
--- Log closed Wed Apr 13 14:13:38 2011
--- Log opened Wed Apr 13 14:54:31 2011
--- Log closed Wed Apr 13 15:00:30 2011
--- Log opened Wed Apr 13 21:55:07 2011
--- Log closed Wed Apr 13 22:00:07 2011
--- Log opened Thu Apr 14 09:21:02 2011
--- Log closed Thu Apr 14 09:26:02 2011
--- Log opened Thu Apr 14 15:31:32 2011
--- Log closed Thu Apr 14 15:37:31 2011
--- Log opened Thu Apr 14 19:48:09 2011
--- Log closed Thu Apr 14 19:53:09 2011
--- Log opened Fri Apr 15 09:53:28 2011
--- Log closed Fri Apr 15 09:59:27 2011
--- Log opened Fri Apr 15 13:33:18 2011
--- Log closed Fri Apr 15 13:38:27 2011
--- Log opened Fri Apr 15 13:44:31 2011
--- Log closed Fri Apr 15 13:50:27 2011
--- Log opened Fri Apr 15 13:50:38 2011
--- Log closed Fri Apr 15 13:56:27 2011
--- Log opened Fri Apr 15 14:02:47 2011
--- Log closed Fri Apr 15 14:08:27 2011
--- Log opened Fri Apr 15 14:21:09 2011
--- Log closed Fri Apr 15 14:26:27 2011
--- Log opened Fri Apr 15 14:33:24 2011
--- Log closed Fri Apr 15 14:37:54 2011
--- Log opened Fri Apr 15 14:41:17 2011
--- Log closed Fri Apr 15 14:46:17 2011
--- Log opened Fri Apr 15 15:23:07 2011
--- Log closed Fri Apr 15 15:28:17 2011
--- Log opened Fri Apr 15 15:45:19 2011
--- Log closed Fri Apr 15 15:51:18 2011
--- Log opened Fri Apr 15 16:39:01 2011
--- Log closed Sat Apr 16 00:43:36 2011
--- Log opened Sat Apr 16 01:00:26 2011
--- Log closed Sat Apr 16 01:05:26 2011
--- Log opened Sat Apr 16 13:33:13 2011
--- Log closed Sat Apr 16 13:39:12 2011
--- Log opened Sun Apr 17 12:27:36 2011
--- Log closed Sun Apr 17 12:33:35 2011
--- Log opened Mon Apr 18 09:49:01 2011
--- Log closed Mon Apr 18 09:54:59 2011
--- Log opened Mon Apr 18 12:08:52 2011
--- Log closed Mon Apr 18 12:14:51 2011
--- Log opened Mon Apr 18 13:27:42 2011
--- Log closed Mon Apr 18 13:32:51 2011
--- Log opened Mon Apr 18 13:36:53 2011
--- Log closed Mon Apr 18 13:42:51 2011
--- Log opened Mon Apr 18 16:17:55 2011
--- Log closed Mon Apr 18 16:23:54 2011
--- Log opened Mon Apr 18 20:06:29 2011
--- Log closed Mon Apr 18 20:12:27 2011
--- Log opened Tue Apr 19 09:09:37 2011
--- Log closed Tue Apr 19 09:15:35 2011
--- Log opened Tue Apr 19 12:00:33 2011
--- Log closed Tue Apr 19 12:05:35 2011
--- Log opened Tue Apr 19 12:07:43 2011
--- Log closed Tue Apr 19 12:13:35 2011
--- Log opened Tue Apr 19 14:24:21 2011
--- Log closed Tue Apr 19 14:29:21 2011
--- Log opened Tue Apr 19 23:25:29 2011
--- Log closed Tue Apr 19 23:30:29 2011
--- Log opened Wed Apr 20 00:31:01 2011
--- Log closed Wed Apr 20 00:36:01 2011
--- Log opened Wed Apr 20 09:06:41 2011
--- Log closed Wed Apr 20 09:11:41 2011
--- Log opened Wed Apr 20 12:44:45 2011
--- Log closed Wed Apr 20 12:50:41 2011
--- Log opened Wed Apr 20 13:15:17 2011
--- Log closed Wed Apr 20 13:20:41 2011
--- Log opened Wed Apr 20 20:17:59 2011
--- Log closed Wed Apr 20 20:23:58 2011
--- Log opened Thu Apr 21 09:08:50 2011
--- Log closed Thu Apr 21 09:13:50 2011
--- Log opened Thu Apr 21 19:37:43 2011
--- Log closed Thu Apr 21 19:42:43 2011
--- Log opened Fri Apr 22 07:46:48 2011
--- Log closed Fri Apr 22 07:52:39 2011
--- Log opened Fri Apr 22 17:42:51 2011
--- Log closed Fri Apr 22 17:48:50 2011
--- Log opened Fri Apr 22 20:22:13 2011
--- Log closed Fri Apr 22 20:27:13 2011
--- Log opened Sun Apr 24 13:07:46 2011
--- Log closed Sun Apr 24 13:13:45 2011
--- Log opened Mon Apr 25 11:21:34 2011
--- Log closed Mon Apr 25 11:26:57 2011
--- Log opened Tue Apr 26 09:13:55 2011
--- Log closed Tue Apr 26 09:19:53 2011
--- Log opened Tue Apr 26 09:32:59 2011
--- Log closed Tue Apr 26 09:37:59 2011
--- Log opened Tue Apr 26 13:54:02 2011
--- Log closed Tue Apr 26 14:00:01 2011
--- Log opened Tue Apr 26 19:28:50 2011
--- Log closed Tue Apr 26 19:33:50 2011
--- Log opened Tue Apr 26 21:02:19 2011
--- Log closed Tue Apr 26 21:07:19 2011
--- Log opened Tue Apr 26 21:13:07 2011
--- Log closed Tue Apr 26 21:13:33 2011
--- Log opened Tue Apr 26 22:09:27 2011
--- Log closed Tue Apr 26 22:09:51 2011
--- Log opened Tue Apr 26 22:24:39 2011
--- Log closed Tue Apr 26 22:29:39 2011
--- Log opened Wed Apr 27 09:04:36 2011
--- Log closed Wed Apr 27 09:10:35 2011
--- Log opened Wed Apr 27 12:58:39 2011
--- Log closed Wed Apr 27 13:04:35 2011
--- Log opened Wed Apr 27 13:04:46 2011
--- Log closed Wed Apr 27 13:10:35 2011
--- Log opened Wed Apr 27 13:45:21 2011
--- Log closed Wed Apr 27 13:50:21 2011
--- Log opened Wed Apr 27 17:05:11 2011
--- Log closed Wed Apr 27 17:10:21 2011
--- Log opened Wed Apr 27 17:25:35 2011
--- Log closed Wed Apr 27 17:31:21 2011
--- Log opened Wed Apr 27 20:32:04 2011
--- Log closed Wed Apr 27 20:38:03 2011
--- Log opened Thu Apr 28 12:01:01 2011
--- Log closed Thu Apr 28 12:07:00 2011
--- Log opened Fri Apr 29 09:36:10 2011
--- Log closed Fri Apr 29 09:42:09 2011
--- Log opened Sat Apr 30 11:22:11 2011
--- Log closed Sat Apr 30 11:28:10 2011
--- Log opened Sun May 01 11:23:19 2011
--- Log closed Sun May 01 11:28:19 2011
