--- Log opened Sat May 15 00:49:31 2010
00:49 Starting query in Bitlbee with -1398560122
00:49 -1398560122| alo hefeee!!! Pa gde si,sto te nema???
00:49 -1398560122| :(
00:52          <-- -1398560122 has quit irc
00:54          <-- -1398560122 has quit irc
--- Log closed Sat May 15 01:00:50 2010
--- Log opened Sat May 15 01:01:43 2010
01:01          <-- -1398560122 has quit irc
--- Log closed Sat May 15 01:06:50 2010
--- Log opened Sat May 15 01:09:58 2010
01:09          <-- -1398560122 has quit irc
01:11          <-- -1398560122 has quit irc
01:12          <-- -1398560122 has quit irc
--- Log closed Sat May 15 01:18:50 2010
--- Log opened Sat May 15 01:21:58 2010
01:21          <-- -1398560122 has quit irc
01:24          <-- -1398560122 has quit irc
01:29          <-- -1398560122 has quit irc
--- Log closed Sat May 15 01:34:50 2010
--- Log opened Sat May 15 01:51:58 2010
01:51          <-- -1398560122 has quit irc
--- Log closed Sat May 15 01:57:50 2010
--- Log opened Sat May 15 02:26:28 2010
02:26          <-- -1398560122 has quit irc
--- Log closed Sat May 15 02:31:50 2010
--- Log opened Sat May 15 12:16:44 2010
12:16          <-- -1398560122 has quit irc
--- Log closed Sat May 15 12:21:50 2010
--- Log opened Sat May 15 13:34:55 2010
13:34 Closing query with -1398560122
--- Log closed Sat May 15 13:34:55 2010
