--- Log opened Sat May 15 17:53:45 2010
17:53 Starting query in Bitlbee with -1424133085
17:53 -1424133085| de si bre komso
--- Log closed Sat May 15 17:59:02 2010
--- Log opened Sat Apr 02 18:52:27 2011
18:52 Starting query in Bitlbee with -1424133085
18:52 -1424133085| de si komso
18:52 -1424133085| tj bivsi
18:52 -1424133085| ocemo li veceras na pivo
18:54 playahater| opa .. pa ti se odselio?
18:54 playahater| :)
18:54 Closing query with -1424133085
--- Log closed Sat Apr 02 18:54:21 2011
--- Log opened Sat Apr 02 18:54:34 2011
18:54 Starting query in Bitlbee with -1424133085
18:54 -1424133085| jps pre 15 dana
18:54 -1424133085| zvanicno od 25 marta
18:55 -1424133085| hoces li na pivo
--- Log closed Sat Apr 02 19:00:51 2011
--- Log opened Sat Apr 02 19:08:51 2011
19:08 Closing query with -1424133085
--- Log closed Sat Apr 02 19:08:51 2011
