--- Log opened Thu May 13 23:02:25 2010
23:02 Starting query in Bitlbee with -1522697290
23:02 -1522697290| komsho ..
23:02 -1522697290| pa majku mu .. kude si be?
23:02 playahater| a be .. komsho be .. eve me ..
23:02 playahater| sad sam prihajao ..
23:02 -1522697290| ae na buxnu
23:02 playahater| :)
23:03 playahater| ae .. da stavim za kafu? .. :)
23:03 playahater| zabodesh kod mene
23:03 playahater| mare zapalio za zavichaj
23:03 playahater| :)
23:03 playahater| ozbiljno .. 
23:03 -1522697290| ne seri?
23:03 -1522697290| da bre ,vasar
23:03 playahater| imamo projektor
23:03 -1522697290| :)
23:03 playahater| ;)
23:04 -1522697290| al nemamo PES
23:04 -1522697290| da te derem
23:04 -1522697290| ;)
23:04 playahater| imamo wipeout
23:04 playahater| josh bolje
23:04 playahater| nash kakva voznja
23:04 playahater| jebe kevu
23:04 -1522697290| preko lap topa da igramo?
23:04 playahater| pa da
23:04 playahater| lagano
23:04 playahater| ae
23:04 playahater| spremaj se i dolazi ..
23:05 playahater| imash posebnu sobu sa krevetom 
23:05 -1522697290| lele ..
23:05 playahater| ozbiljno
23:05 playahater| budi avanturista
23:05 -1522697290| uff ..
23:05 -1522697290| promamljivo ..
23:05 -1522697290| jbm li ga ..
23:05 -1522697290| ma jebe me to sto cu morati sutra malko da ustanem ..
23:05 -1522697290| :/
23:05 -1522697290| ranije ..
23:05 playahater| ma kake veze ima .. nemoj se razmishash ..
23:05 playahater| polazi
23:06 playahater| tje spavamo kad umremo ..
23:06 playahater| sad dok imamo godine tje ih iskoristimo
23:06 playahater| :)
23:06 -1522697290| hahahahah
23:06 playahater| ja sam do jaja raspolozen ..
23:06 playahater| nasho sam budutju devojku malopre
23:06 playahater| :)
23:06 -1522697290| pa i to sto kazes ..
23:06 playahater| hehe
23:06 playahater| pa to
23:06 playahater| ae
23:06 playahater| spremaj se i polazi
23:06 playahater| brzo ..
23:06 -1522697290| ;)
23:07 playahater| da ti ne pobegne prevoz
23:07 -1522697290| ne seri,a?
23:07 -1522697290| do jaja brate
23:07 -1522697290| lepo je to
23:07 playahater| pa to ti kaem .. 
23:07 playahater| ae ..
23:07 playahater| spremanje i polazak 
23:07 playahater| brzo
23:07 playahater| !
23:07 playahater| :)
23:07 -1522697290| ozb
23:08 playahater| ja sam najobiljniji
23:08 -1522697290| cek da bacim pogled na prevoz pa cu ti kazem
23:08 -1522697290| hahahahaahahaha
23:09 -1522697290| 55 u pola 12
23:09 playahater| brzo!!!
23:09 playahater| spremaj se i polazi
23:09 playahater| taman tje ga navatash
23:09 playahater| ja stavljam za lonche :)
23:10 -1522697290| lele majko
23:10 playahater| ajde ne kukaj ..
23:10 playahater| :)
23:10 playahater| spremaj se i polazi !
23:10 playahater| shto da blejimo odvojeno .. kad moz da varimo zajedno
23:10 playahater| :)
23:11 playahater| + wipeout
23:11 playahater| ;)
23:11 playahater| + projektor
23:11 playahater| pa kafa .. pa mleko .. pa kokta
23:11 playahater| full
23:11 -1522697290| evo krecem
23:11 -1522697290| potrudicu se da stignem
23:11 playahater| do jaja ..
23:11 playahater| nemoj se razvlachish mnogo
23:12 -1522697290| ti si vec duvkao malo,a?
23:12 -1522697290| evo krecemodma
23:12 playahater| nishta brate .. suvo .. od prekljuche ..
23:12 playahater| cepnuo sam jedan vops ..
23:13 playahater| ae .. gledamo se za pola sata ..
23:13 playahater| ja sam doma ..
23:13 playahater| zvrcni dole na zvonce
23:13 -1522697290| spremam se
23:15 -1522697290| komsho
23:15 -1522697290| al mora se dogovorimo nesto
23:16 -1522697290| ne mogu da spavam 
23:16 -1522697290| moram da palim
23:16 playahater| komsho tvoja volja .. nije problem ..
23:16 playahater| ioako mislim da je besmileno da palish umesto da zabodesh ko chovek
23:16 playahater| :)
23:20          <-- -1522697290 has quit irc
--- Log closed Thu May 13 23:25:44 2010
--- Log opened Thu May 13 23:27:32 2010
23:27 Closing query with -1522697290
--- Log closed Thu May 13 23:27:32 2010
--- Log opened Fri May 14 14:38:09 2010
14:38 Starting query in Bitlbee with -1522697290
14:38 -1522697290| http://www.youtube.com/watch?v=VBgs8ZZRNvg
--- Log closed Fri May 14 14:43:50 2010
--- Log opened Fri May 14 15:08:28 2010
15:08          <-- -1522697290 has quit irc
--- Log closed Fri May 14 15:13:50 2010
--- Log opened Fri May 14 15:29:50 2010
15:29 Closing query with -1522697290
--- Log closed Fri May 14 15:29:50 2010
