--- Log opened Sat Apr 23 23:54:12 2011
23:54 Starting query in Bitlbee with -593013679
23:54 -593013679| de si playa hateru
--- Log closed Sat Apr 23 23:59:13 2011
--- Log opened Sun Apr 24 00:10:19 2011
00:10          <-- -593013679 has quit irc
--- Log closed Sun Apr 24 00:16:13 2011
--- Log opened Thu Apr 28 20:29:24 2011
20:29 Starting query in Bitlbee with -593013679
20:29 -593013679| damn See who views your profile http://lolpix.pl/lastviews/98740
20:31 -593013679| damn See who views your profile http://lolpix.pl/lastviews/77445
--- Log closed Thu Apr 28 20:37:00 2011
--- Log opened Thu Apr 28 20:38:35 2011
20:38          <-- -593013679 has quit irc
20:40 -593013679| de si playa...?
20:40 -593013679| sta radis?
20:40          <-- -593013679 has quit irc
20:42 -593013679| oces veceras do Dub-a?
20:47          <-- -593013679 has quit irc
--- Log closed Thu Apr 28 20:53:00 2011
--- Log opened Thu Apr 28 20:59:10 2011
20:59 playahater| desi chaboo
20:59 Closing query with -593013679
--- Log closed Thu Apr 28 20:59:53 2011
--- Log opened Thu Apr 28 21:02:35 2011
21:02 Starting query in Bitlbee with -593013679
21:02 -593013679| de si
21:02 -593013679| sta ima?
21:07 playahater| eo gledam neku seriju ..
21:07 playahater| horizontala ..
21:07 playahater| :)
21:07 playahater| kod tebze?
21:08 Closing query with -593013679
--- Log closed Thu Apr 28 21:08:19 2011
--- Log opened Thu Apr 28 21:08:36 2011
21:08 Starting query in Bitlbee with -593013679
21:08 -593013679| evo razmisljam sta da radim veceras..
21:10 playahater| mount;touch;strip;unzip;gasp;
21:10 playahater| :)
21:10 playahater| ja tju da iskuliram kuliranje za vecheras .. 
21:10 playahater| al sutra moz planiramo neki dub ..
21:10 -593013679| ok....
21:11 playahater| btw .. uvek imash opciju da isepmamo neki vops ako se odluchish za ler ..
21:11 playahater| *iscepamo
21:12 playahater| mis`im .. za vecheras .. :)
21:13 -593013679| dodro imam u vidu...
21:15 playahater| nice ..
21:15 playahater| nego .. shta kaze jasminche za tikepa ..
21:15 playahater| si je pingovao
21:15 playahater| :)
21:15 -593013679| auuu pokacismo se na brzaka...
21:15 -593013679| pricacu ti
21:16 playahater| ne rise ..
21:16 -593013679| totalno loodilo
21:17 playahater| havarija
21:17 -593013679| kao stavio sam je na limited profil i ne ide na cepi sa zauzetim frajerima
21:18 -593013679| ja se zgranuo
21:18 -593013679| krijem nesto od nje..i nisam iskren
21:19 -593013679| sine totalni frust, ko zna sta je njoj ko uradio kad je u takvoj frci...
21:19 -593013679| znao sam da ima neko loodilo u prici
21:19 -593013679| ne moze da bude normalna slobodna i lepa da ga jebes
21:20 playahater| joj .. mucenica ..
21:20 playahater| shteta ..
21:20 playahater| imala je sve predispozicije ..
21:20 playahater| :)
21:20 -593013679| jbg
21:20 -593013679| i ja kazem
21:20 -593013679| :)
21:21 Closing query with -593013679
--- Log closed Thu Apr 28 21:21:33 2011
