--- Log opened Sun May 23 23:12:13 2010
23:12 Starting query in Bitlbee with -705929578
23:12 -705929578| ccc
23:12 -705929578| sho bre
--- Log closed Sun May 23 23:17:59 2010
--- Log opened Sun May 23 23:25:04 2010
23:25 playahater| ma besmisleno ..
23:25 playahater| http://www.facebook.com/photo.php?pid=890049&id=1634692248
23:25 playahater| ako vidish .. bitje ti jasno .. ako ne vidish .. 
23:25 playahater| .. besmisleno ..
23:25 playahater| :)
23:25 Closing query with -705929578
--- Log closed Sun May 23 23:25:30 2010
--- Log opened Sun May 23 23:26:00 2010
23:26 Starting query in Bitlbee with -705929578
23:26 -705929578| ne vidim
23:26 -705929578| This content is currently unavailable
23:26 -705929578| 
23:26 -705929578| The page you requested cannot be displayed right now. It may be temporarily unavailable, the link you clicked on may have expired, or you may not have permission to view this page.
23:26 -705929578| 
23:26 -705929578|     * Return home
23:26 -705929578| 
23:26 -705929578| Create an Ad
23:26 -705929578|  
23:26 -705929578| Najveći muzički hitovi
23:26 -705929578| Slušajte Radio S na internetu! Muzika, Zabava, Noviteti, Nagrade, Kvizovi, Nacionalno razgibavanje, Dan sa Natalijom, Omnibus S...
23:26 -705929578| Like
23:26 -705929578|  
23:26 -705929578| Uključi se
23:26 -705929578| Pošalji svoju poruku podrške i navijaj za Srbiju tokom Mondijala!
23:26 -705929578| Like
23:26 -705929578|  
23:26 -705929578| Stroller Envy?
23:26 -705929578| Pets are good practice for babies! Have one today - play PetVille!
23:26 -705929578| Like
23:26 -705929578| More Ads
23:27 playahater| ma nema veze .. 
23:27 playahater| uglavnom ..
23:27 playahater| besmisleno ..
23:27 playahater| :)
23:27 -705929578| ma znam bre
23:27 -705929578| zezam se
23:28 -705929578| sinoć smo išli sa Radovanom i Jocom na pivce
23:28 -705929578| pa mi Radovan reče
23:28 -705929578| i tako
23:28 -705929578| šta ima kod vas
23:28 -705929578| ?
23:29 playahater| evo .. borba ..
23:29 playahater| radno ..
23:29 playahater| .. klasika ..
23:29 playahater| sve po starom ..
--- Log closed Sun May 23 23:34:59 2010
--- Log opened Sun May 23 23:37:24 2010
23:37          <-- -705929578 has quit irc
23:38 Closing query with -705929578
--- Log closed Sun May 23 23:38:20 2010
