--- Log opened Sun Feb 06 03:03:43 2011
03:03 Starting query in Bitlbee with -727017014
03:03 -727017014| marsh na spavanje!!
03:06          <-- -727017014 has quit irc
--- Log closed Sun Feb 06 03:11:26 2011
--- Log opened Sun Feb 06 17:20:19 2011
17:20          <-- -727017014 has quit irc
--- Log closed Sun Feb 06 17:25:26 2011
--- Log opened Sun Feb 06 18:48:04 2011
18:48          <-- -727017014 has quit irc
--- Log closed Sun Feb 06 18:53:26 2011
--- Log opened Fri Feb 11 23:48:36 2011
23:48 Starting query in Bitlbee with -727017014
23:48 -727017014| e si tu??
23:48 -727017014| ajde digni taj fon nije valjda da jos radite?
23:53 playahater| joj .. ne pitaj .. i dalje kljitjemo ..
23:53 playahater| debugujem vitamin .. :/
23:54 -727017014| dobro hoces u amstedam ili ne?
23:54 playahater| hotju
23:54 playahater| :)
23:54 -727017014| dobro javim ti onda cene 
23:54 playahater| ql ..
23:54 -727017014| naravno gledam najjeftinije
23:54 -727017014| mozemo kod richarda da budemo
23:54 playahater| of skroz ..
23:54 -727017014| on je u zwolliju
23:54 -727017014| mozd dobijemo i prevoz od aerodr do gajbe
23:54 -727017014| idi radi saljem mail kad budem znala
23:55 -727017014| jel tijana tu?
23:55 -727017014| pitam da znam da ces joj preneti sve ovo ili moram da joj kucam
23:55 playahater| jeste
23:55 playahater| tu je
23:55 -727017014| ok onda joj prenesi pa valm saljem mail caooo
23:55 playahater| chujemo se sutra za vino :)
23:55 playahater| broditj .. ovo onon ..
23:55 -727017014| vazi
23:56 -727017014| znaci ides i n abrodic sutra??
23:56 playahater| meni se ovaj ortak nije javio .. ne znam da l je prihajao u bgd //
23:56 playahater| kontam da sam free sutra
23:56 -727017014| a hoces i u amsterdam@@:D
23:56 playahater| ali chutjiemo se da potrvrdim ..
23:56 -727017014| sjajno!
23:56 playahater| pa naravno..
23:56 -727017014| ok ok 
23:56 -727017014| ajde radi nemoj da zagines
23:56 playahater| ja sam dechko od akcije:D
23:56 playahater| :P
23:56 -727017014| ako treba pomoc oko css-a vici!!
23:56 -727017014| i kukaj!
23:56 -727017014| sta ti mogu!
23:56 -727017014| :D
23:57 -727017014| ijaoo dobro! ajde akcijo na poso idem da jurim karte
23:57 playahater| mani .. jurim ove servise .. ko zna kad tju kutji .. ?\
23:57 playahater| :\
--- Log closed Sat Feb 12 00:03:11 2011
--- Log opened Sat Feb 12 02:02:01 2011
02:02 Closing query with -727017014
--- Log closed Sat Feb 12 02:02:01 2011
--- Log opened Sun Feb 13 16:23:33 2011
16:23 Starting query in Bitlbee with -727017014
16:23 -727017014| ee smao da ti kazem da ce ti mozda biti frka za pasos jer murija strajkuje! a setila sam se jos da bi mogao da kazes da ti treba za poslovni put pa da uzmemo neke papire za to od agene a mozda i ako bi uzimali karte preko firme, ne znam da li bi bilo nesto jeftinije. Inace, bolja varijanta je 24-27 - 199eu je karta JOS JEFTINIJA nego da se ide 25 vreme isto: 09:35 iz Bg u 12;10 Amsterdam, nazada u nedelju 27 u 13:10 u BG
16:23 -727017014| u 15:30 da se vracamo u ponedeljak ne isplati se jer su karte oko 220 ili malo jace..ne mogu sad ada se setim
16:25          <-- -727017014 has quit irc
--- Log closed Sun Feb 13 16:31:40 2011
--- Log opened Sun Feb 13 16:33:42 2011
16:33 Closing query with -727017014
--- Log closed Sun Feb 13 16:33:42 2011
--- Log opened Fri Mar 11 19:37:39 2011
19:37 Starting query in Bitlbee with -727017014
19:37 -727017014| alo ludak
19:37 -727017014| si jos na poslu?
--- Log closed Fri Mar 11 19:43:01 2011
--- Log opened Fri Mar 11 20:36:11 2011
20:36 Closing query with -727017014
--- Log closed Fri Mar 11 20:36:11 2011
--- Log opened Sun Mar 13 17:15:44 2011
17:15 Starting query in Bitlbee with -727017014
17:15 -727017014| me died, me not going any-where
--- Log closed Sun Mar 13 17:21:32 2011
--- Log opened Sun Mar 13 17:26:49 2011
17:26 playahater| zabod,a
17:27 playahater| i ja tju izgleda iskulirati 
17:27 playahater| :)
--- Log closed Sun Mar 13 17:32:32 2011
--- Log opened Sun Mar 13 17:55:22 2011
17:55 -727017014| samo napred..c-ya tomorrow
--- Log closed Sun Mar 13 18:00:32 2011
--- Log opened Sun Mar 13 18:01:29 2011
18:01 Closing query with -727017014
--- Log closed Sun Mar 13 18:01:29 2011
--- Log opened Tue Mar 15 20:26:32 2011
20:26 Starting query in Bitlbee with -727017014
20:26 -727017014| EEE
20:26 -727017014| SI TU?
--- Log closed Tue Mar 15 20:32:30 2011
--- Log opened Tue Mar 15 20:35:03 2011
20:35 playahater| jesam
20:35 playahater| i dalje u ageni
20:35 playahater| :\
20:35 -727017014| EE BREEE
20:35 -727017014| dobro
20:35 -727017014| UZELA SAM FON!!
20:35 -727017014| beli je!!
20:35 -727017014| ne znam kako da setujem net:(((
20:36 -727017014| ali vidimo se sutra..odo sad..caooo
20:36 -727017014| ovo samo malo da se nasmejes...s obzirom da si jos u ageni@
--- Log closed Tue Mar 15 20:42:30 2011
--- Log opened Tue Mar 15 21:19:52 2011
21:19 Closing query with -727017014
--- Log closed Tue Mar 15 21:19:52 2011
--- Log opened Mon Apr 25 15:33:05 2011
15:33 Starting query in Bitlbee with -727017014
15:33 -727017014| EEE
15:33 -727017014| I MORAS DA POZOVES IVANU SAJSI!!
--- Log closed Mon Apr 25 15:38:57 2011
--- Log opened Mon Apr 25 16:36:33 2011
16:36          <-- -727017014 has quit irc
--- Log closed Mon Apr 25 16:41:57 2011
--- Log opened Mon Apr 25 17:04:17 2011
17:04 Closing query with -727017014
--- Log closed Mon Apr 25 17:04:17 2011
