--- Log opened Mon Jan 03 22:17:07 2011
22:17 Starting query in Bitlbee with adipson
22:17 adipson| tuki
22:17 adipson| B-)
--- Log closed Mon Jan 03 22:22:58 2011
--- Log opened Mon Jan 03 22:34:16 2011
22:34          <-- adipson has quit irc
--- Log closed Mon Jan 03 22:39:58 2011
--- Log opened Tue Jan 04 15:57:58 2011
15:57 Closing query with adipson
--- Log closed Tue Jan 04 15:57:59 2011
--- Log opened Mon Jan 10 23:15:48 2011
23:15 Starting query in Bitlbee with adipson
23:15 adipson| alo tuki
23:17          <-- adipson has quit irc
23:21 adipson| vb
--- Log closed Mon Jan 10 23:27:24 2011
--- Log opened Mon Jan 10 23:42:47 2011
23:42 playahater| oooo
23:42 playahater| tukice ..
23:42 playahater| pa ti znash da koristish to chudo,a?
23:42 playahater| :)
--- Log closed Mon Jan 10 23:48:24 2011
--- Log opened Mon Jan 10 23:52:17 2011
23:52 adipson| gde si jebote
23:52 adipson| ;)
23:53 adipson| jhkj
--- Log closed Mon Jan 10 23:58:24 2011
--- Log opened Tue Jan 11 00:18:48 2011
00:18 adipson| ja das jedeem ami ke se cujemo sutra da ugovorimo vreme za talk
00:18          <-- adipson has quit irc
--- Log closed Tue Jan 11 00:24:24 2011
--- Log opened Tue Jan 11 09:48:04 2011
09:48 Closing query with adipson
--- Log closed Tue Jan 11 09:48:04 2011
