--- Log opened Sun Feb 06 21:36:55 2011
21:36 Starting query in Bitlbee with andrijapanic
21:36 andrijapanic| mishez, cao. Samo da pitam da li imas slucajno telefon od Miroljuba, treba da mu javimo da ne dolazi pre 10 sutra...
21:36 andrijapanic| sorry na cimanju
--- Log closed Sun Feb 06 21:42:26 2011
--- Log opened Sun Feb 06 22:05:59 2011
22:05          <-- andrijapanic has quit irc
--- Log closed Sun Feb 06 22:11:26 2011
--- Log opened Sun Feb 06 23:17:37 2011
23:17          <-- andrijapanic has quit irc
--- Log closed Sun Feb 06 23:23:26 2011
--- Log opened Mon Feb 07 00:47:15 2011
00:47          <-- andrijapanic has quit irc
--- Log closed Mon Feb 07 00:52:26 2011
--- Log opened Mon Feb 07 01:49:46 2011
01:49          <-- andrijapanic has quit irc
--- Log closed Mon Feb 07 01:55:26 2011
--- Log opened Fri Feb 11 21:09:55 2011
21:09 Starting query in Bitlbee with andrijapanic
21:09 andrijapanic| mishkez, sorry na cimanju... jel radite sutra mozda i od kada ?
21:13 playahater| ehe .. druze .. 
21:13 playahater| ma opushteno ..
21:14 playahater| ja josh u office
21:14 playahater| :)
21:14 playahater| radi se .. 
21:14 playahater| bitje neka ekpia u office ..
21:14 andrijapanic| mama mia\
21:14 playahater| ja se nadam da tje da me preskoche ..,
21:14 playahater| :)
21:14 Closing query with andrijapanic
--- Log closed Fri Feb 11 21:14:28 2011
--- Log opened Fri Feb 11 21:14:56 2011
21:14 Starting query in Bitlbee with andrijapanic
21:14 andrijapanic| hehe :)
21:15 andrijapanic| a znas li od koliko sati, trebao bih da navratim, ostao mi kabal za fon
21:15 playahater| aha ..
21:15 playahater| pa ..
21:15 playahater| mislim da ne pre 10
21:15 playahater| ae dapitam pa ti javljam
21:15 andrijapanic| ajd, please
21:15 andrijapanic| ako ti niej frka
21:17 playahater| e .. kaze bogi ..
21:17 playahater| najbolje da pustish sms ..
21:17 Closing query with andrijapanic
--- Log closed Fri Feb 11 21:17:27 2011
--- Log opened Fri Feb 11 21:17:34 2011
21:17 Starting query in Bitlbee with andrijapanic
21:17 andrijapanic| ok, kome samo ?
21:17 andrijapanic| njemu ?
21:17 playahater| pa da
21:17 andrijapanic| oket druze mishez, thx na info
21:18 playahater| ;)
21:18 playahater| np
21:18 andrijapanic| see ya :
21:18 playahater| of skroz .. ;) ..
21:18 playahater| poz ..
21:18 andrijapanic| zop
21:20          <-- andrijapanic has quit irc
--- Log closed Fri Feb 11 21:26:11 2011
--- Log opened Fri Feb 11 21:53:46 2011
21:53 Closing query with andrijapanic
--- Log closed Fri Feb 11 21:53:46 2011
--- Log opened Mon Feb 28 19:26:34 2011
19:26 Starting query in Bitlbee with andrijapanic
19:26 andrijapanic| digao sam ti na 512M i 90sec execuytion time
19:26 andrijapanic| na devu
--- Log closed Mon Feb 28 19:32:03 2011
--- Log opened Mon Feb 28 19:35:36 2011
19:35 playahater| ql ..
19:35 playahater| danke
19:35 playahater| :)
19:35 Closing query with andrijapanic
--- Log closed Mon Feb 28 19:35:41 2011
--- Log opened Tue Mar 01 16:19:24 2011
16:19 Starting query in Bitlbee with andrijapanic
16:19 andrijapanic| http://drupal.org/node/559922
--- Log closed Tue Mar 01 16:24:49 2011
--- Log opened Tue Mar 01 16:34:07 2011
16:34 Closing query with andrijapanic
--- Log closed Tue Mar 01 16:34:07 2011
--- Log opened Wed Mar 02 11:36:00 2011
11:36 Starting query in Bitlbee with andrijapanic
11:36 andrijapanic| cisto da znas, error log za mysql je (iz nekog cudnog razloga) /var/lib/mysql/devloper.err
11:36 andrijapanic| developer.err
11:36 playahater| aha .. ql ..
11:36 playahater| che da vidim
11:36 playahater| :)
11:36 andrijapanic| <FONT>tu imas i za slow queroij: mysqd.slow.query.log</FONT>
11:37 playahater| ql
--- Log closed Wed Mar 02 11:42:51 2011
--- Log opened Wed Mar 02 11:59:20 2011
11:59 Closing query with andrijapanic
--- Log closed Wed Mar 02 11:59:20 2011
--- Log opened Wed Mar 09 09:52:30 2011
09:52 Starting query in Bitlbee with andrijapanic
09:52 playahater| yo dude ..
09:52 playahater| :)
09:53 playahater| jel imamo setovan index na nekim tablama u bazi ?
09:53          <-- andrijapanic has quit irc
--- Log closed Wed Mar 09 09:59:11 2011
--- Log opened Wed Mar 09 10:26:37 2011
10:26 Closing query with andrijapanic
--- Log closed Wed Mar 09 10:26:37 2011
--- Log opened Tue Mar 15 10:21:21 2011
10:21 Starting query in Bitlbee with andrijapanic
10:21 andrijapanic| http://img143.imageshack.us/i/osg.mp4/
10:22 playahater| al ga je zveknuo .. :) .. bamboocha ..
10:22 playahater| :)
10:25 Closing query with andrijapanic
--- Log closed Tue Mar 15 10:25:14 2011
--- Log opened Thu Mar 17 17:36:20 2011
17:36 Starting query in Bitlbee with andrijapanic
17:36 andrijapanic| jeste samo na dev, ako probas sa staging, on ne brise cookie
17:36 andrijapanic| tako da to je to :)
17:36 andrijapanic| mislim, mogu da probam da mu kazem da koristi LIVE bazu, ali se ne bih zezao sa tim bas :)
17:38          <-- andrijapanic has quit irc
--- Log closed Thu Mar 17 17:44:07 2011
--- Log opened Thu Mar 17 17:45:40 2011
17:45 playahater| aha .. ql .. nema veze .. nije strashno .. 
17:45 playahater| netjemo da komplikujemo previshe .. :) ..
17:45 playahater| moz zatvorish ticket .. :)
17:46 andrijapanic| <FONT>jbg, ako probas i da predjes na lokalni dev, cenim da nece radirti</FONT>
--- Log closed Thu Mar 17 17:51:07 2011
--- Log opened Thu Mar 17 18:51:44 2011
18:51          <-- andrijapanic has quit irc
--- Log closed Thu Mar 17 18:57:07 2011
--- Log opened Thu Mar 17 19:04:45 2011
19:04 Closing query with andrijapanic
--- Log closed Thu Mar 17 19:04:45 2011
--- Log opened Mon Apr 04 16:11:30 2011
16:11 Starting query in Bitlbee with andrijapanic
16:11 playahater| extension=openssl.so
16:12          <-- andrijapanic has quit irc
--- Log closed Mon Apr 04 16:17:15 2011
--- Log opened Mon Apr 04 16:42:14 2011
16:42 Closing query with andrijapanic
--- Log closed Mon Apr 04 16:42:14 2011
--- Log opened Wed Apr 06 15:09:30 2011
15:09 Starting query in Bitlbee with andrijapanic
15:09 andrijapanic| hakeru, da uklonim gd.so modul iz php-a, na web1,2,3 ?
--- Log closed Wed Apr 06 15:15:06 2011
--- Log opened Wed Apr 06 15:20:57 2011
15:20 playahater| :)
15:20 Closing query with andrijapanic
--- Log closed Wed Apr 06 15:20:59 2011
--- Log opened Wed Apr 06 15:21:52 2011
15:21 Starting query in Bitlbee with andrijapanic
15:21 andrijapanic| <FONT>ok</FONT>
15:22 Closing query with andrijapanic
--- Log closed Wed Apr 06 15:22:28 2011
--- Log opened Thu Apr 07 18:14:18 2011
18:14 Starting query in Bitlbee with andrijapanic
18:14 playahater| http://linux.die.net/man/8/gfs_mount
18:16 andrijapanic| <FONT>ok</FONT>
--- Log closed Thu Apr 07 18:21:07 2011
--- Log opened Thu Apr 07 18:29:37 2011
18:29 Closing query with andrijapanic
--- Log closed Thu Apr 07 18:29:37 2011
