--- Log opened Fri Feb 04 14:18:39 2011
14:18 Starting query in Bitlbee with AnitaLazarevic
14:18 AnitaLazarevic| Da li se vidimo sura?
14:19 AnitaLazarevic| ?
--- Log closed Fri Feb 04 14:24:55 2011
--- Log opened Fri Feb 04 14:31:08 2011
14:31 playahater| uh .. sura .. teshko ..
14:31 playahater| :)
14:31 playahater| radim ceo dan ..
14:31 playahater| ako ne zaginem previshe na poslu .. mogu da banem ..
14:31 playahater| koje vreme se zbirate?
14:31 playahater| :)
14:31 playahater| i do kad traje event?
14:31 playahater| :)
14:31 AnitaLazarevic| oko 7h..
14:32 AnitaLazarevic| gde radis? da trazimo izuzece za okupljnjanje, nije to nesto sto se desava svaki-dan..
14:32 playahater| casa de punja beshe ?
14:32 playahater| :)
14:33 AnitaLazarevic| pa , cekamo punju da potvrdi da li ostje dogovor, za sada je tako..
14:33 AnitaLazarevic| Jesi li ti jos uvek u KOtezu?
14:34 AnitaLazarevic| ?
14:34 AnitaLazarevic| Ako si u kraju, mogli bi se naci...?
14:36 AnitaLazarevic| Moram da se off lineujem , mozes mi poslati poruku na pp. pozz :)
14:39          <-- AnitaLazarevic has quit irc
--- Log closed Fri Feb 04 14:44:55 2011
--- Log opened Fri Feb 04 14:57:07 2011
14:57 Closing query with AnitaLazarevic
--- Log closed Fri Feb 04 14:57:07 2011
--- Log opened Wed Apr 20 09:49:40 2011
09:49 Starting query in Bitlbee with AnitaLazarevic
09:49 AnitaLazarevic| da ne znas slucajno nekog da ide za ZA kolima, nema karata da se kupe, smrcc.
09:50          <-- AnitaLazarevic has quit irc
--- Log closed Wed Apr 20 09:55:41 2011
--- Log opened Wed Apr 20 10:17:50 2011
10:17 Closing query with AnitaLazarevic
--- Log closed Wed Apr 20 10:17:50 2011
