--- Log opened Sun Apr 18 20:27:13 2010
20:27 Starting query in Bitlbee with anrxc
20:27 anrxc| Headline: 
20:27 anrxc| Headline: 
20:30 Closing query with anrxc
--- Log closed Sun Apr 18 20:30:42 2010
--- Log opened Sun Apr 18 21:38:07 2010
21:38 Starting query in Bitlbee with anrxc
21:38 anrxc| Headline: 
21:38 anrxc| Headline: 
--- Log closed Sun Apr 18 21:43:37 2010
--- Log opened Sun Apr 18 21:50:02 2010
21:50 anrxc| Headline: 
21:50 anrxc| Headline: 
21:50 anrxc| Headline: 
21:50 anrxc| Headline: 
--- Log closed Sun Apr 18 21:55:37 2010
--- Log opened Sun Apr 18 21:58:50 2010
21:58 Closing query with anrxc
--- Log closed Sun Apr 18 21:58:50 2010
