--- Log opened Sun Feb 28 02:50:49 2010
02:50 !void.gentoo BitlBee-IRCd initialized, please go on
--- Log closed Sun Feb 28 02:55:49 2010
--- Log opened Sun Feb 28 03:37:47 2010
03:37 !void.gentoo BitlBee-IRCd initialized, please go on
--- Log closed Sun Feb 28 03:42:47 2010
--- Log opened Sun Feb 28 03:47:00 2010
03:47 !void.gentoo BitlBee-IRCd initialized, please go on
--- Log closed Sun Feb 28 03:52:00 2010
--- Log opened Sun Feb 28 04:19:29 2010
04:19 !void.gentoo BitlBee-IRCd initialized, please go on
--- Log closed Sun Feb 28 04:20:04 2010
--- Log opened Sun Feb 28 04:21:57 2010
04:21 !void.gentoo BitlBee-IRCd initialized, please go on
--- Log closed Sun Feb 28 04:26:57 2010
--- Log opened Sun Feb 28 04:27:42 2010
04:27 !void.gentoo BitlBee-IRCd initialized, please go on
--- Log closed Sun Feb 28 04:29:03 2010
--- Log opened Sun Feb 28 04:30:17 2010
04:30 !void.gentoo BitlBee-IRCd initialized, please go on
--- Log closed Sun Feb 28 04:33:19 2010
--- Log opened Sun Feb 28 04:33:21 2010
04:33 !void.gentoo BitlBee-IRCd initialized, please go on
--- Log closed Sun Feb 28 04:33:36 2010
--- Log opened Sun Feb 28 04:34:23 2010
04:34 !void.gentoo BitlBee-IRCd initialized, please go on
--- Log closed Sun Feb 28 04:35:26 2010
--- Log opened Sun Feb 28 04:35:29 2010
04:35 !void.gentoo BitlBee-IRCd initialized, please go on
--- Log closed Sun Feb 28 04:37:21 2010
--- Log opened Sun Feb 28 04:37:24 2010
04:37 !void.gentoo BitlBee-IRCd initialized, please go on
--- Log closed Sun Feb 28 04:43:01 2010
--- Log opened Sun Feb 28 04:43:03 2010
04:43 !void.gentoo BitlBee-IRCd initialized, please go on
--- Log closed Sun Feb 28 04:43:43 2010
--- Log opened Sun Feb 28 04:57:09 2010
04:57 !void.gentoo BitlBee-IRCd initialized, please go on
--- Log closed Sun Feb 28 05:03:08 2010
--- Log opened Sun Feb 28 04:43:13 2010
04:43 !void.gentoo BitlBee-IRCd initialized, please go on
--- Log closed Sun Feb 28 04:49:12 2010
--- Log opened Mon Mar 01 19:00:11 2010
19:00 !void.gentoo BitlBee-IRCd initialized, please go on
--- Log closed Mon Mar 01 19:06:10 2010
--- Log opened Mon Mar 01 22:49:01 2010
22:49 !void.gentoo BitlBee-IRCd initialized, please go on
--- Log closed Mon Mar 01 22:55:00 2010
--- Log opened Tue Mar 02 04:23:41 2010
04:23 !void.gentoo BitlBee-IRCd initialized, please go on
--- Log closed Tue Mar 02 04:29:40 2010
--- Log opened Tue Mar 02 06:27:42 2010
06:27 !void.gentoo BitlBee-IRCd initialized, please go on
--- Log closed Tue Mar 02 06:33:41 2010
--- Log opened Tue Mar 02 17:49:02 2010
17:49 !void.gentoo BitlBee-IRCd initialized, please go on
--- Log closed Tue Mar 02 17:55:01 2010
--- Log opened Tue Mar 02 20:46:42 2010
20:46 !void.gentoo BitlBee-IRCd initialized, please go on
--- Log closed Tue Mar 02 20:51:42 2010
--- Log opened Wed Mar 03 17:39:48 2010
17:39 !void.gentoo BitlBee-IRCd initialized, please go on
--- Log closed Wed Mar 03 17:40:01 2010
--- Log opened Wed Mar 03 17:40:26 2010
17:40 !void.gentoo BitlBee-IRCd initialized, please go on
--- Log closed Wed Mar 03 17:45:26 2010
--- Log opened Wed Mar 03 18:21:53 2010
18:21 !void.gentoo BitlBee-IRCd initialized, please go on
--- Log closed Wed Mar 03 18:27:52 2010
--- Log opened Wed Mar 03 20:35:27 2010
20:35 !void.gentoo BitlBee-IRCd initialized, please go on
--- Log closed Wed Mar 03 20:41:11 2010
--- Log opened Wed Mar 03 20:51:15 2010
20:51 !void.gentoo BitlBee-IRCd initialized, please go on
--- Log closed Wed Mar 03 20:57:14 2010
--- Log opened Wed Mar 03 21:02:58 2010
21:02 !void.gentoo BitlBee-IRCd initialized, please go on
--- Log closed Wed Mar 03 21:03:05 2010
--- Log opened Wed Mar 03 21:03:47 2010
21:03 !void.gentoo BitlBee-IRCd initialized, please go on
--- Log closed Wed Mar 03 21:09:46 2010
--- Log opened Thu Mar 04 01:38:04 2010
01:38 !void.gentoo BitlBee-IRCd initialized, please go on
--- Log closed Thu Mar 04 01:44:03 2010
--- Log opened Thu Mar 04 15:40:10 2010
15:40 !void.gentoo BitlBee-IRCd initialized, please go on
--- Log closed Thu Mar 04 15:46:09 2010
--- Log opened Fri Mar 05 04:09:10 2010
04:09 !void.gentoo BitlBee-IRCd initialized, please go on
--- Log closed Fri Mar 05 04:15:09 2010
--- Log opened Fri Mar 05 04:49:55 2010
04:49 !void.gentoo BitlBee-IRCd initialized, please go on
--- Log closed Fri Mar 05 04:54:55 2010
--- Log opened Sun Mar 07 17:32:44 2010
17:32 !void.gentoo BitlBee-IRCd initialized, please go on
--- Log closed Sun Mar 07 17:38:41 2010
--- Log opened Tue Mar 09 15:10:59 2010
15:10 !void.gentoo BitlBee-IRCd initialized, please go on
--- Log closed Tue Mar 09 15:16:56 2010
--- Log opened Tue Mar 09 23:20:30 2010
23:20 !void.gentoo BitlBee-IRCd initialized, please go on
--- Log closed Tue Mar 09 23:20:32 2010
--- Log opened Tue Mar 09 23:34:33 2010
23:34 !void.gentoo BitlBee-IRCd initialized, please go on
--- Log closed Tue Mar 09 23:40:32 2010
--- Log opened Wed Mar 10 08:10:19 2010
08:10 !void.gentoo BitlBee-IRCd initialized, please go on
--- Log closed Wed Mar 10 08:15:19 2010
--- Log opened Fri Mar 12 03:07:03 2010
03:07 !void.gentoo BitlBee-IRCd initialized, please go on
--- Log closed Fri Mar 12 03:13:02 2010
--- Log opened Fri Mar 12 05:19:24 2010
05:19 !void.gentoo BitlBee-IRCd initialized, please go on
--- Log closed Fri Mar 12 05:25:22 2010
--- Log opened Fri Mar 12 18:23:12 2010
18:23 !void.gentoo BitlBee-IRCd initialized, please go on
--- Log closed Fri Mar 12 18:29:11 2010
--- Log opened Sat Mar 13 03:33:46 2010
03:33 !void.gentoo BitlBee-IRCd initialized, please go on
--- Log closed Sat Mar 13 03:39:45 2010
--- Log opened Sat Mar 13 22:28:54 2010
22:28 !void.gentoo BitlBee-IRCd initialized, please go on
--- Log closed Sat Mar 13 22:34:53 2010
--- Log opened Sun Mar 14 07:36:03 2010
07:36 !void.gentoo BitlBee-IRCd initialized, please go on
--- Log closed Sun Mar 14 07:42:02 2010
--- Log opened Sun Mar 14 20:11:46 2010
20:11 !void.gentoo BitlBee-IRCd initialized, please go on
--- Log closed Sun Mar 14 20:16:46 2010
--- Log opened Mon Mar 15 19:58:10 2010
19:58 !void.gentoo BitlBee-IRCd initialized, please go on
--- Log closed Mon Mar 15 20:03:10 2010
--- Log opened Tue Mar 16 09:23:19 2010
09:23 !void.gentoo BitlBee-IRCd initialized, please go on
--- Log closed Tue Mar 16 09:28:19 2010
--- Log opened Tue Mar 16 19:29:40 2010
19:29 !void.gentoo BitlBee-IRCd initialized, please go on
--- Log closed Tue Mar 16 19:34:40 2010
--- Log opened Thu Mar 18 01:10:58 2010
01:10 !void.gentoo BitlBee-IRCd initialized, please go on
--- Log closed Thu Mar 18 01:16:57 2010
--- Log opened Thu Mar 18 03:18:15 2010
03:18 !void.gentoo BitlBee-IRCd initialized, please go on
--- Log closed Thu Mar 18 03:24:14 2010
--- Log opened Sat Mar 20 01:05:23 2010
01:05 !void.gentoo BitlBee-IRCd initialized, please go on
--- Log closed Sat Mar 20 01:11:22 2010
--- Log opened Sat Mar 20 21:59:53 2010
21:59 !void.gentoo BitlBee-IRCd initialized, please go on
--- Log closed Sat Mar 20 22:04:53 2010
--- Log opened Sun Mar 21 03:04:24 2010
03:04 !void.gentoo BitlBee-IRCd initialized, please go on
--- Log closed Sun Mar 21 03:09:24 2010
--- Log opened Sun Mar 21 08:22:45 2010
08:22 !void.gentoo BitlBee-IRCd initialized, please go on
--- Log closed Sun Mar 21 08:28:44 2010
--- Log opened Mon Mar 22 08:39:06 2010
08:39 !void.gentoo BitlBee-IRCd initialized, please go on
--- Log closed Mon Mar 22 08:45:05 2010
--- Log opened Tue Mar 23 15:43:56 2010
15:43 !void.gentoo BitlBee-IRCd initialized, please go on
--- Log closed Tue Mar 23 15:48:56 2010
--- Log opened Thu Mar 25 09:57:06 2010
09:57 !void.gentoo BitlBee-IRCd initialized, please go on
--- Log closed Thu Mar 25 10:03:05 2010
--- Log opened Thu Mar 25 17:05:14 2010
17:05 !void.gentoo BitlBee-IRCd initialized, please go on
--- Log closed Thu Mar 25 17:10:14 2010
--- Log opened Fri Mar 26 10:58:28 2010
10:58 !void.gentoo BitlBee-IRCd initialized, please go on
--- Log closed Fri Mar 26 11:03:28 2010
--- Log opened Fri Mar 26 17:12:40 2010
17:12 !void.gentoo BitlBee-IRCd initialized, please go on
--- Log closed Fri Mar 26 17:17:40 2010
--- Log opened Sun Mar 28 12:56:45 2010
12:56 !void.gentoo BitlBee-IRCd initialized, please go on
--- Log closed Sun Mar 28 13:02:38 2010
--- Log opened Mon Mar 29 11:15:05 2010
11:15 !void.gentoo BitlBee-IRCd initialized, please go on
--- Log closed Mon Mar 29 11:20:05 2010
--- Log opened Mon Mar 29 22:05:56 2010
22:05 !void.gentoo BitlBee-IRCd initialized, please go on
--- Log closed Mon Mar 29 22:11:55 2010
--- Log opened Tue Mar 30 12:20:10 2010
12:20 !void.gentoo BitlBee-IRCd initialized, please go on
--- Log closed Tue Mar 30 12:26:09 2010
--- Log opened Thu Apr 01 10:57:49 2010
10:57 !void.gentoo BitlBee-IRCd initialized, please go on
--- Log closed Thu Apr 01 11:02:49 2010
--- Log opened Sat Apr 03 13:53:23 2010
13:53 !void.gentoo BitlBee-IRCd initialized, please go on
--- Log closed Sat Apr 03 13:58:23 2010
--- Log opened Sat Apr 03 19:07:02 2010
19:07 !void.gentoo BitlBee-IRCd initialized, please go on
--- Log closed Sat Apr 03 19:12:02 2010
--- Log opened Sun Apr 04 14:39:05 2010
14:39 !void.gentoo BitlBee-IRCd initialized, please go on
--- Log closed Sun Apr 04 14:45:03 2010
--- Log opened Sun Apr 04 21:37:26 2010
21:37 !void.gentoo BitlBee-IRCd initialized, please go on
--- Log closed Sun Apr 04 21:43:20 2010
--- Log opened Sun Apr 04 22:16:53 2010
22:16 !void.gentoo BitlBee-IRCd initialized, please go on
--- Log closed Sun Apr 04 22:22:52 2010
--- Log opened Mon Apr 05 21:13:47 2010
21:13 !void.gentoo BitlBee-IRCd initialized, please go on
--- Log closed Mon Apr 05 21:19:46 2010
--- Log opened Wed Apr 07 00:54:28 2010
00:54 !void.gentoo BitlBee-IRCd initialized, please go on
--- Log closed Wed Apr 07 00:59:28 2010
--- Log opened Wed Apr 07 03:00:39 2010
03:00 !void.gentoo BitlBee-IRCd initialized, please go on
--- Log closed Wed Apr 07 03:05:39 2010
--- Log opened Wed Apr 07 22:05:18 2010
22:05 !void.gentoo BitlBee-IRCd initialized, please go on
--- Log closed Wed Apr 07 22:11:17 2010
--- Log opened Sun Apr 11 12:51:54 2010
12:51 !void.gentoo BitlBee-IRCd initialized, please go on
--- Log closed Sun Apr 11 12:57:53 2010
--- Log opened Sun Apr 11 14:35:01 2010
14:35 !void.gentoo BitlBee-IRCd initialized, please go on
--- Log closed Sun Apr 11 14:40:01 2010
--- Log opened Tue Apr 13 19:25:55 2010
19:25 !void.gentoo BitlBee-IRCd initialized, please go on
--- Log closed Tue Apr 13 19:31:54 2010
--- Log opened Sun Apr 18 16:29:38 2010
16:29 !void.gentoo BitlBee-IRCd initialized, please go on
--- Log closed Sun Apr 18 16:35:37 2010
--- Log opened Wed Apr 21 00:33:41 2010
00:33 !void.gentoo BitlBee-IRCd initialized, please go on
--- Log closed Wed Apr 21 00:34:31 2010
--- Log opened Wed Apr 21 15:41:39 2010
15:41 !void.gentoo BitlBee-IRCd initialized, please go on
--- Log closed Wed Apr 21 15:47:38 2010
--- Log opened Wed Apr 21 20:31:34 2010
20:31 !void.gentoo BitlBee-IRCd initialized, please go on
--- Log closed Wed Apr 21 20:31:51 2010
--- Log opened Wed Apr 21 20:33:13 2010
20:33 !void.gentoo BitlBee-IRCd initialized, please go on
--- Log closed Wed Apr 21 20:38:13 2010
--- Log opened Thu Apr 22 16:52:51 2010
16:52 !void.gentoo BitlBee-IRCd initialized, please go on
--- Log closed Thu Apr 22 16:58:50 2010
--- Log opened Thu Apr 22 17:29:55 2010
17:29 !void.gentoo BitlBee-IRCd initialized, please go on
--- Log closed Thu Apr 22 17:34:55 2010
--- Log opened Sun May 02 11:19:05 2010
11:19 !void.gentoo BitlBee-IRCd initialized, please go on
--- Log closed Sun May 02 11:25:04 2010
--- Log opened Wed May 05 02:06:17 2010
02:06 !void.gentoo BitlBee-IRCd initialized, please go on
--- Log closed Wed May 05 02:11:17 2010
--- Log opened Wed May 05 02:40:47 2010
02:40 !void.gentoo BitlBee-IRCd initialized, please go on
--- Log closed Wed May 05 02:45:47 2010
--- Log opened Wed May 05 12:22:50 2010
12:22 !void.gentoo BitlBee-IRCd initialized, please go on
--- Log closed Wed May 05 12:28:48 2010
--- Log opened Wed May 05 14:09:36 2010
14:09 !void.gentoo BitlBee-IRCd initialized, please go on
--- Log closed Wed May 05 14:14:36 2010
--- Log opened Thu May 06 13:39:15 2010
13:39 !void.gentoo BitlBee-IRCd initialized, please go on
--- Log closed Thu May 06 13:44:15 2010
--- Log opened Mon May 10 20:02:35 2010
20:02 !void.gentoo BitlBee-IRCd initialized, please go on
--- Log closed Mon May 10 20:07:35 2010
--- Log opened Tue May 11 23:41:50 2010
23:41 !void.gentoo BitlBee-IRCd initialized, please go on
--- Log closed Tue May 11 23:41:55 2010
--- Log opened Tue May 11 23:42:15 2010
23:42 !void.gentoo BitlBee-IRCd initialized, please go on
--- Log closed Tue May 11 23:47:15 2010
--- Log opened Thu May 13 13:32:44 2010
13:32 !void.gentoo BitlBee-IRCd initialized, please go on
--- Log closed Thu May 13 13:37:44 2010
--- Log opened Sat May 15 16:06:03 2010
16:06 !void.gentoo BitlBee-IRCd initialized, please go on
--- Log closed Sat May 15 16:07:00 2010
--- Log opened Sat May 15 16:07:25 2010
16:07 !void.gentoo BitlBee-IRCd initialized, please go on
--- Log closed Sat May 15 16:13:24 2010
--- Log opened Sat May 15 16:14:03 2010
16:14 !void.gentoo BitlBee-IRCd initialized, please go on
--- Log closed Sat May 15 16:20:02 2010
--- Log opened Fri May 21 19:02:29 2010
19:02 !void.gentoo BitlBee-IRCd initialized, please go on
--- Log closed Fri May 21 19:08:28 2010
--- Log opened Sat May 22 12:08:03 2010
12:08 !void.gentoo BitlBee-IRCd initialized, please go on
--- Log closed Sat May 22 12:14:01 2010
--- Log opened Mon May 24 14:22:12 2010
14:22 !void.gentoo BitlBee-IRCd initialized, please go on
--- Log closed Mon May 24 14:27:51 2010
--- Log opened Tue May 25 15:41:59 2010
15:41 !void.gentoo BitlBee-IRCd initialized, please go on
--- Log closed Tue May 25 15:46:59 2010
--- Log opened Wed May 26 01:40:06 2010
01:40 !void.gentoo BitlBee-IRCd initialized, please go on
--- Log closed Wed May 26 01:46:05 2010
--- Log opened Sat May 29 08:45:11 2010
08:45 !void.gentoo BitlBee-IRCd initialized, please go on
--- Log closed Sat May 29 08:47:00 2010
--- Log opened Mon May 31 00:20:28 2010
00:20 !void.gentoo BitlBee-IRCd initialized, please go on
--- Log closed Mon May 31 00:26:27 2010
--- Log opened Mon May 31 14:34:59 2010
14:35 !void.gentoo BitlBee-IRCd initialized, please go on
--- Log closed Mon May 31 14:40:58 2010
--- Log opened Mon May 31 21:47:25 2010
21:47 !void.gentoo BitlBee-IRCd initialized, please go on
--- Log closed Mon May 31 21:52:25 2010
--- Log opened Mon May 31 22:20:21 2010
22:20 !void.gentoo BitlBee-IRCd initialized, please go on
--- Log closed Mon May 31 22:25:21 2010
--- Log opened Wed Jun 02 13:41:05 2010
13:41 !void.gentoo BitlBee-IRCd initialized, please go on
--- Log closed Wed Jun 02 13:47:04 2010
--- Log opened Sat Jun 05 13:03:14 2010
13:03 !void.gentoo BitlBee-IRCd initialized, please go on
--- Log closed Sat Jun 05 13:09:13 2010
--- Log opened Tue Jun 08 15:30:20 2010
15:30 !void.gentoo BitlBee-IRCd initialized, please go on
--- Log closed Tue Jun 08 15:36:19 2010
--- Log opened Sat Jun 12 11:42:34 2010
11:42 !void.gentoo BitlBee-IRCd initialized, please go on
--- Log closed Sat Jun 12 11:48:19 2010
--- Log opened Sun Jun 13 09:32:31 2010
09:32 !void.gentoo BitlBee-IRCd initialized, please go on
--- Log closed Sun Jun 13 09:38:19 2010
--- Log opened Sun Jun 13 22:35:25 2010
22:35 !void.gentoo BitlBee-IRCd initialized, please go on
--- Log closed Sun Jun 13 22:41:24 2010
--- Log opened Mon Jun 14 10:55:54 2010
10:55 !void.gentoo BitlBee-IRCd initialized, please go on
--- Log closed Mon Jun 14 11:01:24 2010
--- Log opened Mon Jun 14 21:05:07 2010
21:05 !void.gentoo BitlBee-IRCd initialized, please go on
--- Log closed Mon Jun 14 21:10:54 2010
--- Log opened Wed Jun 16 19:33:49 2010
19:33 !void.gentoo BitlBee-IRCd initialized, please go on
--- Log closed Wed Jun 16 19:39:47 2010
--- Log opened Thu Jun 17 10:08:06 2010
10:08 !void.gentoo BitlBee-IRCd initialized, please go on
--- Log closed Thu Jun 17 10:13:47 2010
--- Log opened Thu Jun 17 20:11:20 2010
20:11 !void.gentoo BitlBee-IRCd initialized, please go on
--- Log closed Thu Jun 17 20:16:47 2010
--- Log opened Sat Jun 19 13:47:00 2010
13:47 !void.gentoo BitlBee-IRCd initialized, please go on
--- Log closed Sat Jun 19 13:52:58 2010
--- Log opened Mon Jun 21 11:08:43 2010
11:08 !void.gentoo BitlBee-IRCd initialized, please go on
--- Log closed Mon Jun 21 11:14:00 2010
--- Log opened Tue Jun 22 01:27:25 2010
01:27 !void.gentoo BitlBee-IRCd initialized, please go on
--- Log closed Tue Jun 22 01:33:24 2010
--- Log opened Wed Jun 23 00:48:37 2010
00:48 !void.gentoo BitlBee-IRCd initialized, please go on
--- Log closed Wed Jun 23 00:54:36 2010
--- Log opened Thu Jun 24 17:37:12 2010
17:37 !void.gentoo BitlBee-IRCd initialized, please go on
--- Log closed Thu Jun 24 17:43:11 2010
--- Log opened Thu Jun 24 19:16:27 2010
19:16 !void.gentoo BitlBee-IRCd initialized, please go on
--- Log closed Thu Jun 24 19:22:26 2010
--- Log opened Fri Jun 25 11:26:19 2010
11:26 !void.gentoo BitlBee-IRCd initialized, please go on
--- Log closed Fri Jun 25 11:31:26 2010
--- Log opened Sat Jun 26 13:12:30 2010
13:12 !void.gentoo BitlBee-IRCd initialized, please go on
--- Log closed Sat Jun 26 13:18:26 2010
--- Log opened Sat Jun 26 15:32:55 2010
15:32 !void.gentoo BitlBee-IRCd initialized, please go on
--- Log closed Sat Jun 26 15:38:26 2010
--- Log opened Sun Jun 27 11:41:23 2010
11:41 !void.gentoo BitlBee-IRCd initialized, please go on
--- Log closed Sun Jun 27 11:47:13 2010
--- Log opened Sun Jun 27 21:08:16 2010
21:08 !void.gentoo BitlBee-IRCd initialized, please go on
--- Log closed Sun Jun 27 21:14:10 2010
--- Log opened Mon Jun 28 16:28:54 2010
16:28 !void.gentoo BitlBee-IRCd initialized, please go on
--- Log closed Mon Jun 28 16:34:28 2010
--- Log opened Tue Jun 29 13:39:56 2010
13:39 !void.gentoo BitlBee-IRCd initialized, please go on
--- Log closed Tue Jun 29 13:45:53 2010
--- Log opened Fri Jul 02 00:12:36 2010
00:12 !void.gentoo BitlBee-IRCd initialized, please go on
--- Log closed Fri Jul 02 00:17:53 2010
--- Log opened Sat Jul 03 23:15:06 2010
23:15 !void.gentoo BitlBee-IRCd initialized, please go on
23:15 !void.gentoo BitlBee-IRCd initialized, please go on
--- Log closed Sat Jul 03 23:20:53 2010
--- Log opened Sun Jul 04 12:34:59 2010
12:34 !void.gentoo BitlBee-IRCd initialized, please go on
--- Log closed Sun Jul 04 12:40:53 2010
--- Log opened Sun Jul 04 18:25:32 2010
18:25 !void.gentoo BitlBee-IRCd initialized, please go on
--- Log closed Sun Jul 04 18:31:31 2010
--- Log opened Tue Jul 06 02:56:36 2010
02:56 !void.gentoo BitlBee-IRCd initialized, please go on
--- Log closed Tue Jul 06 03:02:31 2010
--- Log opened Tue Jul 06 15:48:51 2010
15:48 !void.gentoo BitlBee-IRCd initialized, please go on
--- Log closed Tue Jul 06 15:54:50 2010
--- Log opened Wed Jul 07 15:17:34 2010
15:17 !void.gentoo BitlBee-IRCd initialized, please go on
--- Log closed Wed Jul 07 15:23:32 2010
--- Log opened Wed Jul 07 15:58:11 2010
15:58 !void.gentoo BitlBee-IRCd initialized, please go on
--- Log closed Wed Jul 07 16:04:10 2010
--- Log opened Thu Jul 08 02:06:13 2010
02:06 !void.gentoo BitlBee-IRCd initialized, please go on
--- Log closed Thu Jul 08 02:12:12 2010
--- Log opened Thu Jul 08 18:31:53 2010
18:31 !void.gentoo BitlBee-IRCd initialized, please go on
--- Log closed Thu Jul 08 18:37:47 2010
--- Log opened Thu Jul 08 21:04:55 2010
21:04 !void.gentoo BitlBee-IRCd initialized, please go on
--- Log closed Thu Jul 08 21:10:54 2010
--- Log opened Fri Jul 09 00:44:36 2010
00:44 !void.gentoo BitlBee-IRCd initialized, please go on
--- Log closed Fri Jul 09 00:50:35 2010
--- Log opened Fri Jul 09 15:14:28 2010
15:14 !void.gentoo BitlBee-IRCd initialized, please go on
--- Log closed Fri Jul 09 15:20:26 2010
--- Log opened Sun Jul 11 00:56:08 2010
00:56 !void.gentoo BitlBee-IRCd initialized, please go on
--- Log closed Sun Jul 11 01:02:07 2010
--- Log opened Sun Jul 11 16:24:27 2010
16:24 !void.gentoo BitlBee-IRCd initialized, please go on
--- Log closed Sun Jul 11 16:25:22 2010
--- Log opened Sun Jul 11 16:25:44 2010
16:25 !void.gentoo BitlBee-IRCd initialized, please go on
--- Log closed Sun Jul 11 16:31:24 2010
--- Log opened Sat Jul 17 00:45:26 2010
00:45 !void.gentoo BitlBee-IRCd initialized, please go on
--- Log closed Sat Jul 17 00:51:25 2010
--- Log opened Sat Jul 17 16:42:17 2010
16:42 !void.gentoo BitlBee-IRCd initialized, please go on
--- Log closed Sat Jul 17 16:47:25 2010
--- Log opened Sun Jul 18 21:43:08 2010
21:43 !void.gentoo BitlBee-IRCd initialized, please go on
--- Log closed Sun Jul 18 21:49:07 2010
--- Log opened Sun Jul 18 22:17:18 2010
22:17 !void.gentoo BitlBee-IRCd initialized, please go on
--- Log closed Sun Jul 18 22:23:07 2010
--- Log opened Mon Jul 19 21:09:17 2010
21:09 !void.gentoo BitlBee-IRCd initialized, please go on
--- Log closed Mon Jul 19 21:15:07 2010
--- Log opened Mon Jul 19 21:34:14 2010
21:34 !void.gentoo BitlBee-IRCd initialized, please go on
--- Log closed Mon Jul 19 21:40:12 2010
--- Log opened Wed Jul 21 01:00:31 2010
01:00 !void.gentoo BitlBee-IRCd initialized, please go on
--- Log closed Wed Jul 21 01:03:59 2010
--- Log opened Wed Jul 21 01:05:20 2010
01:05 !void.gentoo BitlBee-IRCd initialized, please go on
--- Log closed Wed Jul 21 01:10:20 2010
--- Log opened Wed Jul 21 02:59:00 2010
02:59 !void.gentoo BitlBee-IRCd initialized, please go on
--- Log closed Wed Jul 21 03:04:59 2010
--- Log opened Thu Jul 22 00:24:51 2010
00:24 !void.gentoo BitlBee-IRCd initialized, please go on
--- Log closed Thu Jul 22 00:30:50 2010
--- Log opened Thu Jul 22 01:00:13 2010
01:00 !void.gentoo BitlBee-IRCd initialized, please go on
--- Log closed Thu Jul 22 01:05:13 2010
--- Log opened Thu Jul 22 19:31:04 2010
19:31 !void.gentoo BitlBee-IRCd initialized, please go on
--- Log closed Thu Jul 22 19:37:02 2010
--- Log opened Fri Jul 23 14:41:45 2010
14:41 !void.gentoo BitlBee-IRCd initialized, please go on
--- Log closed Fri Jul 23 14:42:06 2010
--- Log opened Fri Jul 23 14:43:25 2010
14:43 !void.gentoo BitlBee-IRCd initialized, please go on
--- Log closed Fri Jul 23 14:49:24 2010
--- Log opened Sat Jul 24 20:35:08 2010
20:35 !void.gentoo BitlBee-IRCd initialized, please go on
--- Log closed Sat Jul 24 20:41:07 2010
--- Log opened Sat Jul 24 23:57:49 2010
23:57 !void.gentoo BitlBee-IRCd initialized, please go on
--- Log closed Sun Jul 25 00:02:49 2010
--- Log opened Sat Jul 31 00:20:59 2010
00:20 !void.gentoo BitlBee-IRCd initialized, please go on
--- Log closed Sat Jul 31 00:26:49 2010
--- Log opened Sat Jul 31 20:48:43 2010
20:48 !void.gentoo BitlBee-IRCd initialized, please go on
--- Log closed Sat Jul 31 20:54:42 2010
--- Log opened Sat Jul 31 23:02:55 2010
23:02 !void.gentoo BitlBee-IRCd initialized, please go on
--- Log closed Sat Jul 31 23:08:34 2010
--- Log opened Tue Aug 10 21:37:14 2010
21:37 !void.gentoo BitlBee-IRCd initialized, please go on
--- Log closed Tue Aug 10 21:43:13 2010
--- Log opened Mon Aug 16 22:58:01 2010
22:58 !void.gentoo BitlBee-IRCd initialized, please go on
--- Log closed Mon Aug 16 23:04:00 2010
--- Log opened Tue Aug 24 12:16:24 2010
12:16 !void.gentoo BitlBee-IRCd initialized, please go on
--- Log closed Tue Aug 24 12:22:23 2010
--- Log opened Tue Aug 24 12:56:56 2010
12:56 !void.gentoo BitlBee-IRCd initialized, please go on
--- Log closed Tue Aug 24 13:02:23 2010
--- Log opened Wed Aug 25 17:10:44 2010
17:10 !void.gentoo BitlBee-IRCd initialized, please go on
--- Log closed Wed Aug 25 17:15:44 2010
--- Log opened Wed Aug 25 17:21:01 2010
17:21 !void.gentoo BitlBee-IRCd initialized, please go on
--- Log closed Wed Aug 25 17:26:44 2010
--- Log opened Sun Aug 29 14:28:01 2010
14:28 !void.gentoo BitlBee-IRCd initialized, please go on
--- Log closed Sun Aug 29 14:34:00 2010
--- Log opened Sun Aug 29 21:35:35 2010
21:35 !void.gentoo BitlBee-IRCd initialized, please go on
--- Log closed Sun Aug 29 21:41:00 2010
--- Log opened Tue Aug 31 19:09:17 2010
19:09 !void.gentoo BitlBee-IRCd initialized, please go on
--- Log closed Tue Aug 31 19:15:16 2010
--- Log opened Wed Sep 01 13:22:55 2010
13:22 !void.gentoo BitlBee-IRCd initialized, please go on
--- Log closed Wed Sep 01 13:28:16 2010
--- Log opened Thu Sep 02 02:16:16 2010
02:16 !void.gentoo BitlBee-IRCd initialized, please go on
--- Log closed Thu Sep 02 02:21:16 2010
--- Log opened Fri Sep 03 15:25:18 2010
15:25 !void.gentoo BitlBee-IRCd initialized, please go on
--- Log closed Fri Sep 03 15:31:16 2010
--- Log opened Sat Sep 04 15:17:57 2010
15:17 !void.gentoo BitlBee-IRCd initialized, please go on
--- Log closed Sat Sep 04 15:23:56 2010
--- Log opened Sun Sep 05 12:41:59 2010
12:41 !void.gentoo BitlBee-IRCd initialized, please go on
--- Log closed Sun Sep 05 12:47:56 2010
--- Log opened Tue Sep 07 18:37:09 2010
18:37 !void.gentoo BitlBee-IRCd initialized, please go on
--- Log closed Tue Sep 07 18:43:08 2010
--- Log opened Wed Sep 08 20:26:02 2010
20:26 !void.gentoo BitlBee-IRCd initialized, please go on
--- Log closed Wed Sep 08 20:32:01 2010
--- Log opened Mon Sep 13 09:47:05 2010
09:47 !void.gentoo BitlBee-IRCd initialized, please go on
--- Log closed Mon Sep 13 09:53:04 2010
--- Log opened Tue Sep 14 09:28:36 2010
09:28 !void.gentoo BitlBee-IRCd initialized, please go on
--- Log closed Tue Sep 14 09:34:35 2010
--- Log opened Tue Sep 14 20:02:03 2010
20:02 !void.gentoo BitlBee-IRCd initialized, please go on
--- Log closed Tue Sep 14 20:08:02 2010
--- Log opened Wed Sep 15 09:14:40 2010
09:14 !void.gentoo BitlBee-IRCd initialized, please go on
--- Log closed Wed Sep 15 09:20:39 2010
--- Log opened Wed Sep 15 20:49:18 2010
20:49 !void.gentoo BitlBee-IRCd initialized, please go on
--- Log closed Wed Sep 15 20:54:18 2010
--- Log opened Thu Sep 16 10:17:45 2010
10:17 !void.gentoo BitlBee-IRCd initialized, please go on
--- Log closed Thu Sep 16 10:23:42 2010
--- Log opened Fri Sep 17 09:18:25 2010
09:18 !void.gentoo BitlBee-IRCd initialized, please go on
--- Log closed Fri Sep 17 09:24:19 2010
--- Log opened Fri Sep 17 19:34:05 2010
19:34 !void.gentoo BitlBee-IRCd initialized, please go on
--- Log closed Fri Sep 17 19:39:05 2010
--- Log opened Mon Sep 20 11:46:58 2010
11:46 !void.gentoo BitlBee-IRCd initialized, please go on
--- Log closed Mon Sep 20 11:52:02 2010
--- Log opened Tue Sep 21 09:47:31 2010
09:47 !void.gentoo BitlBee-IRCd initialized, please go on
--- Log closed Tue Sep 21 09:53:30 2010
--- Log opened Tue Sep 21 21:00:58 2010
21:00 !void.gentoo BitlBee-IRCd initialized, please go on
--- Log closed Tue Sep 21 21:05:58 2010
--- Log opened Thu Sep 23 22:02:56 2010
22:02 !void.gentoo BitlBee-IRCd initialized, please go on
--- Log closed Thu Sep 23 22:03:22 2010
--- Log opened Fri Sep 24 09:16:36 2010
09:16 !void.gentoo BitlBee-IRCd initialized, please go on
--- Log closed Fri Sep 24 09:22:33 2010
--- Log opened Fri Sep 24 14:27:10 2010
14:27 !void.gentoo BitlBee-IRCd initialized, please go on
--- Log closed Fri Sep 24 14:32:33 2010
--- Log opened Fri Sep 24 20:17:02 2010
20:17 !void.gentoo BitlBee-IRCd initialized, please go on
--- Log closed Fri Sep 24 20:23:01 2010
--- Log opened Mon Sep 27 10:00:13 2010
10:00 !void.gentoo BitlBee-IRCd initialized, please go on
--- Log closed Mon Sep 27 10:06:12 2010
--- Log opened Mon Sep 27 19:25:39 2010
19:25 !void.gentoo BitlBee-IRCd initialized, please go on
--- Log closed Mon Sep 27 19:30:39 2010
--- Log opened Mon Sep 27 20:05:38 2010
20:05 !void.gentoo BitlBee-IRCd initialized, please go on
--- Log closed Mon Sep 27 20:11:37 2010
--- Log opened Tue Sep 28 09:14:54 2010
09:14 !void.gentoo BitlBee-IRCd initialized, please go on
--- Log closed Tue Sep 28 09:20:52 2010
--- Log opened Tue Sep 28 18:55:46 2010
18:55 !void.gentoo BitlBee-IRCd initialized, please go on
--- Log closed Tue Sep 28 19:01:45 2010
--- Log opened Wed Sep 29 09:12:59 2010
09:12 !void.gentoo BitlBee-IRCd initialized, please go on
--- Log closed Wed Sep 29 09:18:58 2010
--- Log opened Thu Sep 30 09:20:39 2010
09:20 !void.gentoo BitlBee-IRCd initialized, please go on
--- Log closed Thu Sep 30 09:25:39 2010
--- Log opened Thu Sep 30 23:34:55 2010
23:34 !void.gentoo BitlBee-IRCd initialized, please go on
--- Log closed Thu Sep 30 23:40:54 2010
--- Log opened Fri Oct 01 18:46:43 2010
18:46 !void.gentoo BitlBee-IRCd initialized, please go on
--- Log closed Fri Oct 01 18:52:41 2010
--- Log opened Tue Oct 05 19:50:05 2010
19:50 !void.gentoo BitlBee-IRCd initialized, please go on
--- Log closed Tue Oct 05 19:56:04 2010
--- Log opened Thu Oct 07 09:27:40 2010
09:27 !void.gentoo BitlBee-IRCd initialized, please go on
--- Log closed Thu Oct 07 09:33:39 2010
--- Log opened Sun Oct 10 05:57:36 2010
05:57 !void.gentoo BitlBee-IRCd initialized, please go on
--- Log closed Sun Oct 10 06:03:35 2010
--- Log opened Mon Oct 11 11:45:56 2010
11:45 !void.gentoo BitlBee-IRCd initialized, please go on
--- Log closed Mon Oct 11 11:51:55 2010
--- Log opened Wed Oct 13 09:59:10 2010
09:59 !void.gentoo BitlBee-IRCd initialized, please go on
--- Log closed Wed Oct 13 10:04:10 2010
--- Log opened Wed Oct 13 19:29:04 2010
19:29 !void.gentoo BitlBee-IRCd initialized, please go on
--- Log closed Wed Oct 13 19:34:04 2010
--- Log opened Thu Oct 14 09:38:00 2010
09:38 !void.gentoo BitlBee-IRCd initialized, please go on
--- Log closed Thu Oct 14 09:38:04 2010
--- Log opened Thu Oct 14 09:39:35 2010
09:39 !void.gentoo BitlBee-IRCd initialized, please go on
--- Log closed Thu Oct 14 09:45:34 2010
--- Log opened Thu Oct 14 20:48:44 2010
20:48 !void.gentoo BitlBee-IRCd initialized, please go on
--- Log closed Thu Oct 14 20:53:44 2010
--- Log opened Fri Oct 15 09:56:32 2010
09:56 !void.gentoo BitlBee-IRCd initialized, please go on
--- Log closed Fri Oct 15 10:02:31 2010
--- Log opened Fri Oct 15 18:47:44 2010
18:47 !void.gentoo BitlBee-IRCd initialized, please go on
--- Log closed Fri Oct 15 18:52:44 2010
--- Log opened Sun Oct 17 20:24:11 2010
20:24 !void.gentoo BitlBee-IRCd initialized, please go on
--- Log closed Sun Oct 17 20:30:09 2010
--- Log opened Mon Oct 18 10:28:29 2010
10:28 !void.gentoo BitlBee-IRCd initialized, please go on
--- Log closed Mon Oct 18 10:33:36 2010
--- Log opened Mon Oct 18 14:58:13 2010
14:58 !void.gentoo BitlBee-IRCd initialized, please go on
--- Log closed Mon Oct 18 15:04:12 2010
--- Log opened Tue Oct 19 00:49:37 2010
00:49 !void.gentoo BitlBee-IRCd initialized, please go on
--- Log closed Tue Oct 19 00:55:36 2010
--- Log opened Wed Oct 20 20:58:56 2010
20:58 !void.gentoo BitlBee-IRCd initialized, please go on
--- Log closed Wed Oct 20 21:04:55 2010
--- Log opened Fri Oct 22 09:41:39 2010
09:41 !void.gentoo BitlBee-IRCd initialized, please go on
--- Log closed Fri Oct 22 09:46:39 2010
--- Log opened Sat Oct 23 20:42:30 2010
20:42 !void.gentoo BitlBee-IRCd initialized, please go on
--- Log closed Sat Oct 23 20:48:29 2010
--- Log opened Mon Oct 25 22:11:08 2010
22:11 !void.gentoo BitlBee-IRCd initialized, please go on
--- Log closed Mon Oct 25 22:17:07 2010
--- Log opened Tue Oct 26 09:25:54 2010
09:25 !void.gentoo BitlBee-IRCd initialized, please go on
--- Log closed Tue Oct 26 09:31:09 2010
--- Log opened Thu Oct 28 09:30:24 2010
09:30 !void.gentoo BitlBee-IRCd initialized, please go on
--- Log closed Thu Oct 28 09:35:24 2010
--- Log opened Thu Oct 28 19:39:58 2010
19:39 !void.gentoo BitlBee-IRCd initialized, please go on
--- Log closed Thu Oct 28 19:45:32 2010
--- Log opened Fri Oct 29 10:26:54 2010
10:26 !void.gentoo BitlBee-IRCd initialized, please go on
--- Log closed Fri Oct 29 10:32:53 2010
--- Log opened Fri Oct 29 20:42:33 2010
20:42 !void.gentoo BitlBee-IRCd initialized, please go on
--- Log closed Fri Oct 29 20:42:39 2010
--- Log opened Fri Oct 29 20:43:30 2010
20:43 !void.gentoo BitlBee-IRCd initialized, please go on
--- Log closed Fri Oct 29 20:48:30 2010
--- Log opened Sun Oct 31 17:41:32 2010
17:41 !void.gentoo BitlBee-IRCd initialized, please go on
--- Log closed Sun Oct 31 17:47:30 2010
--- Log opened Mon Nov 01 09:54:55 2010
09:54 !void.gentoo BitlBee-IRCd initialized, please go on
--- Log closed Mon Nov 01 10:00:54 2010
--- Log opened Mon Nov 01 20:42:23 2010
20:42 !void.gentoo BitlBee-IRCd initialized, please go on
--- Log closed Mon Nov 01 20:48:17 2010
--- Log opened Fri Nov 05 20:08:03 2010
20:08 !void.gentoo BitlBee-IRCd initialized, please go on
--- Log closed Fri Nov 05 20:14:01 2010
--- Log opened Sat Nov 06 13:05:48 2010
13:05 !void.gentoo BitlBee-IRCd initialized, please go on
--- Log closed Sat Nov 06 13:11:46 2010
--- Log opened Sat Nov 06 13:24:55 2010
13:24 !void.gentoo BitlBee-IRCd initialized, please go on
--- Log closed Sat Nov 06 13:30:53 2010
--- Log opened Sun Nov 07 18:48:13 2010
18:48 !void.gentoo BitlBee-IRCd initialized, please go on
--- Log closed Sun Nov 07 18:54:12 2010
--- Log opened Mon Nov 08 10:01:24 2010
10:01 !void.gentoo BitlBee-IRCd initialized, please go on
--- Log closed Mon Nov 08 10:06:24 2010
--- Log opened Thu Nov 11 09:31:09 2010
09:31 !void.gentoo BitlBee-IRCd initialized, please go on
--- Log closed Thu Nov 11 09:31:16 2010
--- Log opened Thu Nov 11 09:31:36 2010
09:31 !void.gentoo BitlBee-IRCd initialized, please go on
--- Log closed Thu Nov 11 09:37:35 2010
--- Log opened Thu Nov 11 23:03:44 2010
23:03 !void.gentoo BitlBee-IRCd initialized, please go on
--- Log closed Thu Nov 11 23:09:24 2010
--- Log opened Fri Nov 12 13:38:58 2010
13:38 !void.gentoo BitlBee-IRCd initialized, please go on
--- Log closed Fri Nov 12 13:43:58 2010
--- Log opened Wed Nov 17 15:33:31 2010
15:33 !void.gentoo BitlBee-IRCd initialized, please go on
--- Log closed Wed Nov 17 15:39:28 2010
--- Log opened Thu Nov 18 10:05:13 2010
10:05 !void.gentoo BitlBee-IRCd initialized, please go on
--- Log closed Thu Nov 18 10:10:13 2010
--- Log opened Thu Nov 18 23:16:55 2010
23:16 !void.gentoo BitlBee-IRCd initialized, please go on
--- Log closed Thu Nov 18 23:21:55 2010
--- Log opened Fri Nov 19 22:27:58 2010
22:27 !void.gentoo BitlBee-IRCd initialized, please go on
--- Log closed Fri Nov 19 22:33:53 2010
--- Log opened Sun Nov 21 13:23:53 2010
13:23 !void.gentoo BitlBee-IRCd initialized, please go on
--- Log closed Sun Nov 21 13:29:52 2010
--- Log opened Mon Nov 22 10:03:35 2010
10:03 !void.gentoo BitlBee-IRCd initialized, please go on
--- Log closed Mon Nov 22 10:08:35 2010
--- Log opened Mon Nov 22 19:22:06 2010
19:22 !void.gentoo BitlBee-IRCd initialized, please go on
--- Log closed Mon Nov 22 19:27:06 2010
--- Log opened Tue Nov 23 09:52:04 2010
09:52 !void.gentoo BitlBee-IRCd initialized, please go on
--- Log closed Tue Nov 23 09:57:04 2010
--- Log opened Fri Nov 26 09:45:00 2010
09:45 !void.gentoo BitlBee-IRCd initialized, please go on
--- Log closed Fri Nov 26 09:50:26 2010
--- Log opened Fri Nov 26 20:16:42 2010
20:16 !void.gentoo BitlBee-IRCd initialized, please go on
--- Log closed Fri Nov 26 20:22:17 2010
--- Log opened Mon Nov 29 10:26:54 2010
10:26 !void.gentoo BitlBee-IRCd initialized, please go on
--- Log closed Mon Nov 29 10:31:54 2010
--- Log opened Tue Nov 30 10:06:59 2010
10:06 !void.gentoo BitlBee-IRCd initialized, please go on
--- Log closed Tue Nov 30 10:12:58 2010
--- Log opened Tue Nov 30 20:13:38 2010
20:13 !void.gentoo BitlBee-IRCd initialized, please go on
--- Log closed Tue Nov 30 20:19:37 2010
--- Log opened Fri Dec 03 20:36:49 2010
20:36 !void.gentoo BitlBee-IRCd initialized, please go on
--- Log closed Fri Dec 03 20:42:34 2010
--- Log opened Sun Dec 05 22:29:59 2010
22:29 !void.gentoo BitlBee-IRCd initialized, please go on
--- Log closed Sun Dec 05 22:35:36 2010
--- Log opened Tue Dec 07 19:48:34 2010
19:48 !void.gentoo BitlBee-IRCd initialized, please go on
--- Log closed Tue Dec 07 19:54:01 2010
--- Log opened Wed Dec 08 09:39:23 2010
09:39 !void.gentoo BitlBee-IRCd initialized, please go on
--- Log closed Wed Dec 08 09:44:24 2010
--- Log opened Thu Dec 09 14:39:39 2010
14:39 !void.gentoo BitlBee-IRCd initialized, please go on
--- Log closed Thu Dec 09 14:44:58 2010
--- Log opened Fri Dec 10 09:59:22 2010
09:59 !void.gentoo BitlBee-IRCd initialized, please go on
--- Log closed Fri Dec 10 10:04:23 2010
--- Log opened Sun Dec 12 06:03:37 2010
06:03 !void.gentoo BitlBee-IRCd initialized, please go on
--- Log closed Sun Dec 12 06:09:36 2010
--- Log opened Mon Dec 13 10:08:54 2010
10:08 !void.gentoo BitlBee-IRCd initialized, please go on
--- Log closed Mon Dec 13 10:14:25 2010
--- Log opened Tue Dec 14 09:39:35 2010
09:39 !void.gentoo BitlBee-IRCd initialized, please go on
--- Log closed Tue Dec 14 09:45:24 2010
--- Log opened Tue Dec 14 20:38:40 2010
20:38 !void.gentoo BitlBee-IRCd initialized, please go on
--- Log closed Tue Dec 14 20:44:27 2010
--- Log opened Mon Dec 20 00:45:51 2010
00:45 !void.gentoo BitlBee-IRCd initialized, please go on
--- Log closed Mon Dec 20 00:51:02 2010
--- Log opened Thu Dec 23 09:47:45 2010
09:47 !void.gentoo BitlBee-IRCd initialized, please go on
09:48 !void.gentoo BitlBee-IRCd initialized, please go on
--- Log closed Thu Dec 23 09:53:40 2010
--- Log opened Thu Dec 23 21:42:20 2010
21:42 !void.gentoo BitlBee-IRCd initialized, please go on
--- Log closed Thu Dec 23 21:47:28 2010
--- Log opened Fri Dec 24 23:08:28 2010
23:08 !void.gentoo BitlBee-IRCd initialized, please go on
--- Log closed Fri Dec 24 23:14:27 2010
--- Log opened Sat Dec 25 01:37:31 2010
01:37 !void.gentoo BitlBee-IRCd initialized, please go on
--- Log closed Sat Dec 25 01:42:31 2010
--- Log opened Sat Dec 25 15:44:44 2010
15:44 !void.gentoo BitlBee-IRCd initialized, please go on
--- Log closed Sat Dec 25 15:50:43 2010
--- Log opened Tue Dec 28 10:34:00 2010
10:34 !void.gentoo BitlBee-IRCd initialized, please go on
--- Log closed Tue Dec 28 10:39:17 2010
--- Log opened Tue Dec 28 11:45:48 2010
11:45 !void.gentoo BitlBee-IRCd initialized, please go on
--- Log closed Tue Dec 28 11:51:47 2010
--- Log opened Wed Dec 29 11:33:28 2010
11:33 !void.gentoo BitlBee-IRCd initialized, please go on
--- Log closed Wed Dec 29 11:39:10 2010
--- Log opened Wed Dec 29 12:36:50 2010
12:36 !void.gentoo BitlBee-IRCd initialized, please go on
--- Log closed Wed Dec 29 12:42:10 2010
--- Log opened Wed Dec 29 22:16:03 2010
22:16 !void.gentoo BitlBee-IRCd initialized, please go on
--- Log closed Wed Dec 29 22:16:42 2010
--- Log opened Thu Dec 30 01:04:41 2010
01:04 !void.gentoo BitlBee-IRCd initialized, please go on
--- Log closed Thu Dec 30 01:10:40 2010
--- Log opened Fri Dec 31 13:59:59 2010
13:59 !void.gentoo BitlBee-IRCd initialized, please go on
--- Log closed Fri Dec 31 14:05:58 2010
--- Log opened Fri Jan 07 06:20:20 2011
06:20 !void.gentoo BitlBee-IRCd initialized, please go on
--- Log closed Fri Jan 07 06:25:59 2011
--- Log opened Fri Jan 07 09:54:42 2011
09:54 !void.gentoo BitlBee-IRCd initialized, please go on
--- Log closed Fri Jan 07 09:59:59 2011
--- Log opened Sun Jan 09 19:37:31 2011
19:37 !void.gentoo BitlBee-IRCd initialized, please go on
--- Log closed Sun Jan 09 19:43:30 2011
--- Log opened Mon Jan 10 20:28:24 2011
20:28 !void.gentoo BitlBee-IRCd initialized, please go on
--- Log closed Mon Jan 10 20:33:24 2011
--- Log opened Tue Jan 11 21:05:21 2011
21:05 !void.gentoo BitlBee-IRCd initialized, please go on
--- Log closed Tue Jan 11 21:11:20 2011
--- Log opened Wed Jan 12 20:22:26 2011
20:22 !void.gentoo BitlBee-IRCd initialized, please go on
--- Log closed Wed Jan 12 20:28:25 2011
--- Log opened Thu Jan 13 15:54:58 2011
15:54 !void.gentoo BitlBee-IRCd initialized, please go on
--- Log closed Thu Jan 13 16:00:50 2011
--- Log opened Thu Jan 13 19:25:13 2011
19:25 !void.gentoo BitlBee-IRCd initialized, please go on
--- Log closed Thu Jan 13 19:31:12 2011
--- Log opened Fri Jan 14 10:04:54 2011
10:04 !void.gentoo BitlBee-IRCd initialized, please go on
--- Log closed Fri Jan 14 10:10:49 2011
--- Log opened Sat Jan 15 21:23:16 2011
21:23 !void.gentoo BitlBee-IRCd initialized, please go on
--- Log closed Sat Jan 15 21:28:16 2011
--- Log opened Mon Jan 17 09:42:07 2011
09:42 !void.gentoo BitlBee-IRCd initialized, please go on
--- Log closed Mon Jan 17 09:48:06 2011
--- Log opened Wed Jan 19 09:44:31 2011
09:44 !void.gentoo BitlBee-IRCd initialized, please go on
--- Log closed Wed Jan 19 09:50:30 2011
--- Log opened Wed Jan 19 22:54:58 2011
22:54 !void.gentoo BitlBee-IRCd initialized, please go on
--- Log closed Wed Jan 19 23:00:57 2011
--- Log opened Wed Jan 19 23:37:27 2011
23:37 !void.gentoo BitlBee-IRCd initialized, please go on
--- Log closed Wed Jan 19 23:42:27 2011
--- Log opened Thu Jan 20 09:41:23 2011
09:41 !void.gentoo BitlBee-IRCd initialized, please go on
--- Log closed Thu Jan 20 09:46:23 2011
--- Log opened Thu Jan 20 18:23:21 2011
18:23 !void.gentoo BitlBee-IRCd initialized, please go on
--- Log closed Thu Jan 20 18:28:21 2011
--- Log opened Sat Jan 22 10:21:28 2011
10:21 !void.gentoo BitlBee-IRCd initialized, please go on
--- Log closed Sat Jan 22 10:26:28 2011
--- Log opened Sun Jan 23 11:04:38 2011
11:04 !void.gentoo BitlBee-IRCd initialized, please go on
--- Log closed Sun Jan 23 11:10:37 2011
--- Log opened Mon Jan 24 19:48:13 2011
19:48 !void.gentoo BitlBee-IRCd initialized, please go on
--- Log closed Mon Jan 24 19:54:12 2011
--- Log opened Tue Jan 25 10:27:57 2011
10:27 !void.gentoo BitlBee-IRCd initialized, please go on
--- Log closed Tue Jan 25 10:32:57 2011
--- Log opened Tue Jan 25 11:34:03 2011
11:34 !void.gentoo BitlBee-IRCd initialized, please go on
--- Log closed Tue Jan 25 11:40:02 2011
--- Log opened Tue Jan 25 21:42:38 2011
21:42 !void.gentoo BitlBee-IRCd initialized, please go on
--- Log closed Tue Jan 25 21:47:38 2011
--- Log opened Wed Jan 26 09:51:28 2011
09:51 !void.gentoo BitlBee-IRCd initialized, please go on
--- Log closed Wed Jan 26 09:57:27 2011
--- Log opened Wed Jan 26 20:49:12 2011
20:49 !void.gentoo BitlBee-IRCd initialized, please go on
--- Log closed Wed Jan 26 20:55:11 2011
--- Log opened Wed Jan 26 22:55:39 2011
22:55 !void.gentoo BitlBee-IRCd initialized, please go on
--- Log closed Wed Jan 26 23:01:38 2011
--- Log opened Thu Jan 27 09:45:01 2011
09:45 !void.gentoo BitlBee-IRCd initialized, please go on
--- Log closed Thu Jan 27 09:50:01 2011
--- Log opened Thu Jan 27 10:33:01 2011
10:33 !void.gentoo BitlBee-IRCd initialized, please go on
--- Log closed Thu Jan 27 10:39:00 2011
--- Log opened Thu Jan 27 11:14:24 2011
11:14 !void.gentoo BitlBee-IRCd initialized, please go on
--- Log closed Thu Jan 27 11:20:23 2011
--- Log opened Thu Jan 27 20:50:52 2011
20:50 !void.gentoo BitlBee-IRCd initialized, please go on
--- Log closed Thu Jan 27 20:55:52 2011
--- Log opened Thu Jan 27 22:54:37 2011
22:54 !void.gentoo BitlBee-IRCd initialized, please go on
--- Log closed Thu Jan 27 23:00:36 2011
--- Log opened Fri Jan 28 09:43:36 2011
09:43 !void.gentoo BitlBee-IRCd initialized, please go on
--- Log closed Fri Jan 28 09:48:36 2011
--- Log opened Sat Jan 29 01:57:17 2011
01:57 !void.gentoo BitlBee-IRCd initialized, please go on
--- Log closed Sat Jan 29 02:03:16 2011
--- Log opened Sun Jan 30 10:41:26 2011
10:41 !void.gentoo BitlBee-IRCd initialized, please go on
--- Log closed Sun Jan 30 10:47:25 2011
--- Log opened Sun Jan 30 22:09:31 2011
22:09 !void.gentoo BitlBee-IRCd initialized, please go on
--- Log closed Sun Jan 30 22:15:30 2011
--- Log opened Mon Jan 31 10:16:18 2011
10:16 !void.gentoo BitlBee-IRCd initialized, please go on
--- Log closed Mon Jan 31 10:22:17 2011
--- Log opened Mon Jan 31 20:10:26 2011
20:10 !void.gentoo BitlBee-IRCd initialized, please go on
--- Log closed Mon Jan 31 20:15:26 2011
--- Log opened Tue Feb 01 10:31:42 2011
10:31 !void.gentoo BitlBee-IRCd initialized, please go on
--- Log closed Tue Feb 01 10:37:41 2011
--- Log opened Wed Feb 02 09:54:38 2011
09:54 !void.gentoo BitlBee-IRCd initialized, please go on
--- Log closed Wed Feb 02 10:00:37 2011
--- Log opened Thu Feb 03 10:23:08 2011
10:23 !void.gentoo BitlBee-IRCd initialized, please go on
--- Log closed Thu Feb 03 10:28:08 2011
--- Log opened Thu Feb 03 17:26:53 2011
17:26 !void.gentoo BitlBee-IRCd initialized, please go on
--- Log closed Thu Feb 03 17:27:23 2011
--- Log opened Thu Feb 03 17:28:50 2011
17:28 !void.gentoo BitlBee-IRCd initialized, please go on
--- Log closed Thu Feb 03 17:33:50 2011
--- Log opened Sat Feb 05 14:09:19 2011
14:09 !void.gentoo BitlBee-IRCd initialized, please go on
--- Log closed Sat Feb 05 14:14:19 2011
--- Log opened Sun Feb 06 00:10:26 2011
00:10 !void.gentoo BitlBee-IRCd initialized, please go on
--- Log closed Sun Feb 06 00:15:26 2011
--- Log opened Mon Feb 07 10:18:43 2011
10:18 !void.gentoo BitlBee-IRCd initialized, please go on
--- Log closed Mon Feb 07 10:24:42 2011
--- Log opened Tue Feb 08 20:01:40 2011
20:01 !void.gentoo BitlBee-IRCd initialized, please go on
--- Log closed Tue Feb 08 20:06:40 2011
--- Log opened Wed Feb 09 10:25:47 2011
10:25 !void.gentoo BitlBee-IRCd initialized, please go on
--- Log closed Wed Feb 09 10:31:46 2011
--- Log opened Thu Feb 10 10:34:49 2011
10:34 !void.gentoo BitlBee-IRCd initialized, please go on
--- Log closed Thu Feb 10 10:40:48 2011
--- Log opened Fri Feb 11 10:23:11 2011
10:23 !void.gentoo BitlBee-IRCd initialized, please go on
--- Log closed Fri Feb 11 10:28:11 2011
--- Log opened Sat Feb 12 05:08:41 2011
05:08 !void.gentoo BitlBee-IRCd initialized, please go on
--- Log closed Sat Feb 12 05:14:40 2011
--- Log opened Sun Feb 13 16:36:49 2011
16:36 !void.gentoo BitlBee-IRCd initialized, please go on
--- Log closed Sun Feb 13 16:42:48 2011
--- Log opened Sun Feb 13 16:55:52 2011
16:55 !void.gentoo BitlBee-IRCd initialized, please go on
--- Log closed Sun Feb 13 17:00:52 2011
--- Log opened Sun Feb 13 18:45:35 2011
18:45 !void.gentoo BitlBee-IRCd initialized, please go on
--- Log closed Sun Feb 13 18:51:34 2011
--- Log opened Sun Feb 13 19:37:53 2011
19:37 !void.gentoo BitlBee-IRCd initialized, please go on
--- Log closed Sun Feb 13 19:42:53 2011
--- Log opened Mon Feb 14 10:25:16 2011
10:25 !void.gentoo BitlBee-IRCd initialized, please go on
--- Log closed Mon Feb 14 10:31:16 2011
--- Log opened Tue Feb 15 01:30:11 2011
01:30 !void.gentoo BitlBee-IRCd initialized, please go on
--- Log closed Tue Feb 15 01:36:10 2011
--- Log opened Tue Feb 15 11:40:40 2011
11:40 !void.gentoo BitlBee-IRCd initialized, please go on
--- Log closed Tue Feb 15 11:46:39 2011
--- Log opened Tue Feb 15 23:24:37 2011
23:24 !void.gentoo BitlBee-IRCd initialized, please go on
--- Log closed Tue Feb 15 23:29:37 2011
--- Log opened Wed Feb 16 10:09:06 2011
10:09 !void.gentoo BitlBee-IRCd initialized, please go on
--- Log closed Wed Feb 16 10:15:05 2011
--- Log opened Wed Feb 16 22:09:49 2011
22:09 !void.gentoo BitlBee-IRCd initialized, please go on
--- Log closed Wed Feb 16 22:10:39 2011
--- Log opened Thu Feb 17 11:34:20 2011
11:34 !void.gentoo BitlBee-IRCd initialized, please go on
--- Log closed Thu Feb 17 11:40:19 2011
--- Log opened Fri Feb 18 23:31:43 2011
23:31 !void.gentoo BitlBee-IRCd initialized, please go on
--- Log closed Fri Feb 18 23:36:43 2011
--- Log opened Sun Feb 20 11:23:27 2011
11:23 !void.gentoo BitlBee-IRCd initialized, please go on
--- Log closed Sun Feb 20 11:28:27 2011
--- Log opened Mon Feb 21 14:13:55 2011
14:13 !void.gentoo BitlBee-IRCd initialized, please go on
--- Log closed Mon Feb 21 14:19:54 2011
--- Log opened Mon Feb 21 21:50:30 2011
21:50 !void.gentoo BitlBee-IRCd initialized, please go on
--- Log closed Mon Feb 21 21:55:30 2011
--- Log opened Tue Feb 22 09:56:54 2011
09:56 !void.gentoo BitlBee-IRCd initialized, please go on
--- Log closed Tue Feb 22 10:01:54 2011
--- Log opened Tue Feb 22 12:43:44 2011
12:43 !void.gentoo BitlBee-IRCd initialized, please go on
--- Log closed Tue Feb 22 12:48:44 2011
--- Log opened Wed Feb 23 14:20:27 2011
14:20 !void.gentoo BitlBee-IRCd initialized, please go on
--- Log closed Wed Feb 23 14:26:27 2011
--- Log opened Wed Feb 23 21:01:19 2011
21:01 !void.gentoo BitlBee-IRCd initialized, please go on
--- Log closed Wed Feb 23 21:03:53 2011
--- Log opened Thu Feb 24 11:00:18 2011
11:00 !void.gentoo BitlBee-IRCd initialized, please go on
--- Log closed Thu Feb 24 11:05:18 2011
--- Log opened Thu Feb 24 20:57:17 2011
20:57 !void.gentoo BitlBee-IRCd initialized, please go on
--- Log closed Thu Feb 24 21:03:16 2011
--- Log opened Mon Feb 28 12:35:04 2011
12:35 !void.gentoo BitlBee-IRCd initialized, please go on
--- Log closed Mon Feb 28 12:41:03 2011
--- Log opened Mon Feb 28 19:35:39 2011
19:35 !void.gentoo BitlBee-IRCd initialized, please go on
--- Log closed Mon Feb 28 19:36:31 2011
--- Log opened Mon Feb 28 20:49:01 2011
20:49 !void.gentoo BitlBee-IRCd initialized, please go on
--- Log closed Mon Feb 28 20:54:01 2011
--- Log opened Tue Mar 01 09:27:49 2011
09:27 !void.gentoo BitlBee-IRCd initialized, please go on
--- Log closed Tue Mar 01 09:32:49 2011
--- Log opened Wed Mar 02 09:13:51 2011
09:13 !void.gentoo BitlBee-IRCd initialized, please go on
--- Log closed Wed Mar 02 09:18:51 2011
--- Log opened Thu Mar 03 20:00:22 2011
20:00 !void.gentoo BitlBee-IRCd initialized, please go on
--- Log closed Thu Mar 03 20:01:53 2011
--- Log opened Thu Mar 03 20:02:25 2011
20:02 !void.gentoo BitlBee-IRCd initialized, please go on
--- Log closed Thu Mar 03 20:07:25 2011
--- Log opened Fri Mar 04 09:16:29 2011
09:16 !void.gentoo BitlBee-IRCd initialized, please go on
--- Log closed Fri Mar 04 09:21:29 2011
--- Log opened Fri Mar 04 20:28:28 2011
20:28 !void.gentoo BitlBee-IRCd initialized, please go on
--- Log closed Fri Mar 04 20:33:28 2011
--- Log opened Fri Mar 04 21:50:54 2011
21:50 !void.gentoo BitlBee-IRCd initialized, please go on
--- Log closed Fri Mar 04 21:55:54 2011
--- Log opened Sat Mar 05 16:01:20 2011
16:01 !void.gentoo BitlBee-IRCd initialized, please go on
--- Log closed Sat Mar 05 16:07:19 2011
--- Log opened Mon Mar 07 09:36:11 2011
09:36 !void.gentoo BitlBee-IRCd initialized, please go on
--- Log closed Mon Mar 07 09:42:10 2011
--- Log opened Mon Mar 07 21:56:21 2011
21:56 !void.gentoo BitlBee-IRCd initialized, please go on
--- Log closed Mon Mar 07 22:01:21 2011
--- Log opened Tue Mar 08 09:37:04 2011
09:37 !void.gentoo BitlBee-IRCd initialized, please go on
--- Log closed Tue Mar 08 09:42:04 2011
--- Log opened Wed Mar 09 09:27:11 2011
09:27 !void.gentoo BitlBee-IRCd initialized, please go on
--- Log closed Wed Mar 09 09:32:11 2011
--- Log opened Wed Mar 09 19:45:15 2011
19:45 !void.gentoo BitlBee-IRCd initialized, please go on
--- Log closed Wed Mar 09 19:50:15 2011
--- Log opened Thu Mar 10 09:32:09 2011
09:32 !void.gentoo BitlBee-IRCd initialized, please go on
--- Log closed Thu Mar 10 09:37:09 2011
--- Log opened Thu Mar 10 19:59:59 2011
19:59 !void.gentoo BitlBee-IRCd initialized, please go on
--- Log closed Thu Mar 10 20:04:59 2011
--- Log opened Fri Mar 11 09:37:02 2011
09:37 !void.gentoo BitlBee-IRCd initialized, please go on
--- Log closed Fri Mar 11 09:43:01 2011
--- Log opened Fri Mar 11 23:24:41 2011
23:24 !void.gentoo BitlBee-IRCd initialized, please go on
--- Log closed Fri Mar 11 23:29:41 2011
--- Log opened Sat Mar 12 15:35:33 2011
15:35 !void.gentoo BitlBee-IRCd initialized, please go on
--- Log closed Sat Mar 12 15:41:32 2011
--- Log opened Mon Mar 14 09:08:02 2011
09:08 !void.gentoo BitlBee-IRCd initialized, please go on
--- Log closed Mon Mar 14 09:13:02 2011
--- Log opened Mon Mar 14 20:22:38 2011
20:22 !void.gentoo BitlBee-IRCd initialized, please go on
--- Log closed Mon Mar 14 20:27:38 2011
--- Log opened Tue Mar 15 09:28:31 2011
09:28 !void.gentoo BitlBee-IRCd initialized, please go on
--- Log closed Tue Mar 15 09:34:30 2011
--- Log opened Tue Mar 15 22:30:31 2011
22:30 !void.gentoo BitlBee-IRCd initialized, please go on
--- Log closed Tue Mar 15 22:36:30 2011
--- Log opened Wed Mar 16 09:39:26 2011
09:39 !void.gentoo BitlBee-IRCd initialized, please go on
--- Log closed Wed Mar 16 09:44:26 2011
--- Log opened Thu Mar 17 09:40:16 2011
09:40 !void.gentoo BitlBee-IRCd initialized, please go on
--- Log closed Thu Mar 17 09:40:20 2011
--- Log opened Thu Mar 17 09:41:08 2011
09:41 !void.gentoo BitlBee-IRCd initialized, please go on
--- Log closed Thu Mar 17 09:47:07 2011
--- Log opened Fri Mar 18 09:53:47 2011
09:53 !void.gentoo BitlBee-IRCd initialized, please go on
--- Log closed Fri Mar 18 09:58:47 2011
--- Log opened Fri Mar 18 21:08:44 2011
21:08 !void.gentoo BitlBee-IRCd initialized, please go on
--- Log closed Fri Mar 18 21:13:44 2011
--- Log opened Sat Mar 19 16:18:21 2011
16:18 !localhost.localdomain BitlBee-IRCd initialized, please go on
--- Log closed Sat Mar 19 16:23:21 2011
--- Log opened Sat Mar 19 16:52:56 2011
16:52 !localhost.localdomain BitlBee-IRCd initialized, please go on
--- Log closed Sat Mar 19 16:57:56 2011
--- Log opened Sat Mar 19 20:35:12 2011
20:35 !localhost.localdomain BitlBee-IRCd initialized, please go on
--- Log closed Sat Mar 19 20:40:12 2011
--- Log opened Sun Mar 20 18:46:08 2011
18:46 !localhost.localdomain BitlBee-IRCd initialized, please go on
--- Log closed Sun Mar 20 18:51:08 2011
--- Log opened Mon Mar 21 22:15:32 2011
22:15 !localhost.localdomain BitlBee-IRCd initialized, please go on
--- Log closed Mon Mar 21 22:20:32 2011
--- Log opened Tue Mar 22 22:06:07 2011
22:06 !localhost.localdomain BitlBee-IRCd initialized, please go on
--- Log closed Tue Mar 22 22:11:07 2011
--- Log opened Wed Mar 23 22:44:14 2011
22:44 !hater.x201 BitlBee-IRCd initialized, please go on
--- Log closed Wed Mar 23 22:50:13 2011
--- Log opened Sat Mar 26 11:32:11 2011
11:32 !hater.x201 BitlBee-IRCd initialized, please go on
--- Log closed Sat Mar 26 11:37:11 2011
--- Log opened Sat Mar 26 14:22:34 2011
14:22 !hater.x201 BitlBee-IRCd initialized, please go on
--- Log closed Sat Mar 26 14:28:33 2011
--- Log opened Sat Mar 26 14:41:55 2011
14:41 !hater.x201 BitlBee-IRCd initialized, please go on
--- Log closed Sat Mar 26 14:47:54 2011
--- Log opened Sat Mar 26 15:08:21 2011
15:08 !hater.x201 BitlBee-IRCd initialized, please go on
--- Log closed Sat Mar 26 15:08:46 2011
--- Log opened Sat Mar 26 15:11:02 2011
15:11 !hater.x201 BitlBee-IRCd initialized, please go on
--- Log closed Sat Mar 26 15:13:50 2011
--- Log opened Sat Mar 26 15:49:36 2011
15:49 !hater.x201 BitlBee-IRCd initialized, please go on
--- Log closed Sat Mar 26 15:55:35 2011
--- Log opened Sun Mar 27 16:54:43 2011
16:54 !hater.x201 BitlBee-IRCd initialized, please go on
--- Log closed Sun Mar 27 16:55:19 2011
--- Log opened Sun Mar 27 16:55:21 2011
16:55 !hater.x201 BitlBee-IRCd initialized, please go on
--- Log closed Sun Mar 27 16:56:04 2011
--- Log opened Sun Mar 27 16:56:07 2011
16:56 !hater.x201 BitlBee-IRCd initialized, please go on
--- Log closed Sun Mar 27 16:58:48 2011
--- Log opened Sun Mar 27 16:59:09 2011
16:59 !hater.x201 BitlBee-IRCd initialized, please go on
17:04 !hater.x201 BitlBee-IRCd initialized, please go on
--- Log closed Sun Mar 27 17:09:09 2011
--- Log opened Sun Mar 27 21:41:34 2011
21:41 !hater.x201 BitlBee-IRCd initialized, please go on
--- Log closed Sun Mar 27 21:42:04 2011
--- Log opened Sun Mar 27 21:43:51 2011
21:43 !hater.x201 BitlBee-IRCd initialized, please go on
--- Log closed Sun Mar 27 21:46:54 2011
--- Log opened Sun Mar 27 21:46:56 2011
21:46 !hater.x201 BitlBee-IRCd initialized, please go on
21:51 !hater.x201 BitlBee-IRCd initialized, please go on
21:56 !hater.x201 BitlBee-IRCd initialized, please go on
22:01 !hater.x201 BitlBee-IRCd initialized, please go on
--- Log closed Sun Mar 27 22:04:30 2011
--- Log opened Sun Mar 27 22:04:32 2011
22:04 !hater.x201 BitlBee-IRCd initialized, please go on
--- Log closed Sun Mar 27 22:05:58 2011
--- Log opened Sun Mar 27 22:06:00 2011
22:06 !hater.x201 BitlBee-IRCd initialized, please go on
22:11 !hater.x201 BitlBee-IRCd initialized, please go on
22:16 !hater.x201 BitlBee-IRCd initialized, please go on
22:21 !hater.x201 BitlBee-IRCd initialized, please go on
22:26 !hater.x201 BitlBee-IRCd initialized, please go on
22:31 !hater.x201 BitlBee-IRCd initialized, please go on
22:36 !hater.x201 BitlBee-IRCd initialized, please go on
22:41 !hater.x201 BitlBee-IRCd initialized, please go on
22:46 !hater.x201 BitlBee-IRCd initialized, please go on
22:51 !hater.x201 BitlBee-IRCd initialized, please go on
22:56 !hater.x201 BitlBee-IRCd initialized, please go on
23:01 !hater.x201 BitlBee-IRCd initialized, please go on
23:06 !hater.x201 BitlBee-IRCd initialized, please go on
23:11 !hater.x201 BitlBee-IRCd initialized, please go on
23:16 !hater.x201 BitlBee-IRCd initialized, please go on
23:21 !hater.x201 BitlBee-IRCd initialized, please go on
--- Log closed Sun Mar 27 23:25:21 2011
--- Log opened Wed Mar 30 10:42:52 2011
10:42 !hater.x201 BitlBee-IRCd initialized, please go on
10:47 !hater.x201 BitlBee-IRCd initialized, please go on
10:52 !hater.x201 BitlBee-IRCd initialized, please go on
10:57 !hater.x201 BitlBee-IRCd initialized, please go on
11:02 !hater.x201 BitlBee-IRCd initialized, please go on
11:07 !hater.x201 BitlBee-IRCd initialized, please go on
11:12 !hater.x201 BitlBee-IRCd initialized, please go on
11:17 !hater.x201 BitlBee-IRCd initialized, please go on
11:22 !hater.x201 BitlBee-IRCd initialized, please go on
11:27 !hater.x201 BitlBee-IRCd initialized, please go on
11:32 !hater.x201 BitlBee-IRCd initialized, please go on
11:37 !hater.x201 BitlBee-IRCd initialized, please go on
11:42 !hater.x201 BitlBee-IRCd initialized, please go on
11:47 !hater.x201 BitlBee-IRCd initialized, please go on
11:52 !hater.x201 BitlBee-IRCd initialized, please go on
11:57 !hater.x201 BitlBee-IRCd initialized, please go on
12:02 !hater.x201 BitlBee-IRCd initialized, please go on
12:07 !hater.x201 BitlBee-IRCd initialized, please go on
12:12 !hater.x201 BitlBee-IRCd initialized, please go on
12:17 !hater.x201 BitlBee-IRCd initialized, please go on
12:22 !hater.x201 BitlBee-IRCd initialized, please go on
12:27 !hater.x201 BitlBee-IRCd initialized, please go on
12:32 !hater.x201 BitlBee-IRCd initialized, please go on
12:37 !hater.x201 BitlBee-IRCd initialized, please go on
12:42 !hater.x201 BitlBee-IRCd initialized, please go on
12:47 !hater.x201 BitlBee-IRCd initialized, please go on
12:52 !hater.x201 BitlBee-IRCd initialized, please go on
12:57 !hater.x201 BitlBee-IRCd initialized, please go on
13:02 !hater.x201 BitlBee-IRCd initialized, please go on
13:07 !hater.x201 BitlBee-IRCd initialized, please go on
13:12 !hater.x201 BitlBee-IRCd initialized, please go on
--- Log closed Wed Mar 30 13:16:10 2011
--- Log opened Thu Mar 31 10:13:43 2011
10:13 !hater.x201 BitlBee-IRCd initialized, please go on
10:18 !hater.x201 BitlBee-IRCd initialized, please go on
10:23 !hater.x201 BitlBee-IRCd initialized, please go on
10:28 !hater.x201 BitlBee-IRCd initialized, please go on
10:33 !hater.x201 BitlBee-IRCd initialized, please go on
10:38 !hater.x201 BitlBee-IRCd initialized, please go on
10:43 !hater.x201 BitlBee-IRCd initialized, please go on
10:48 !hater.x201 BitlBee-IRCd initialized, please go on
10:53 !hater.x201 BitlBee-IRCd initialized, please go on
10:58 !hater.x201 BitlBee-IRCd initialized, please go on
11:03 !hater.x201 BitlBee-IRCd initialized, please go on
11:08 !hater.x201 BitlBee-IRCd initialized, please go on
11:13 !hater.x201 BitlBee-IRCd initialized, please go on
11:18 !hater.x201 BitlBee-IRCd initialized, please go on
11:23 !hater.x201 BitlBee-IRCd initialized, please go on
11:28 !hater.x201 BitlBee-IRCd initialized, please go on
11:33 !hater.x201 BitlBee-IRCd initialized, please go on
11:38 !hater.x201 BitlBee-IRCd initialized, please go on
11:43 !hater.x201 BitlBee-IRCd initialized, please go on
11:48 !hater.x201 BitlBee-IRCd initialized, please go on
11:53 !hater.x201 BitlBee-IRCd initialized, please go on
11:58 !hater.x201 BitlBee-IRCd initialized, please go on
12:03 !hater.x201 BitlBee-IRCd initialized, please go on
12:08 !hater.x201 BitlBee-IRCd initialized, please go on
12:13 !hater.x201 BitlBee-IRCd initialized, please go on
12:18 !hater.x201 BitlBee-IRCd initialized, please go on
12:23 !hater.x201 BitlBee-IRCd initialized, please go on
12:28 !hater.x201 BitlBee-IRCd initialized, please go on
12:33 !hater.x201 BitlBee-IRCd initialized, please go on
12:38 !hater.x201 BitlBee-IRCd initialized, please go on
12:43 !hater.x201 BitlBee-IRCd initialized, please go on
12:48 !hater.x201 BitlBee-IRCd initialized, please go on
12:53 !hater.x201 BitlBee-IRCd initialized, please go on
12:58 !hater.x201 BitlBee-IRCd initialized, please go on
13:03 !hater.x201 BitlBee-IRCd initialized, please go on
13:08 !hater.x201 BitlBee-IRCd initialized, please go on
13:13 !hater.x201 BitlBee-IRCd initialized, please go on
13:18 !hater.x201 BitlBee-IRCd initialized, please go on
13:23 !hater.x201 BitlBee-IRCd initialized, please go on
13:28 !hater.x201 BitlBee-IRCd initialized, please go on
13:33 !hater.x201 BitlBee-IRCd initialized, please go on
13:38 !hater.x201 BitlBee-IRCd initialized, please go on
13:43 !hater.x201 BitlBee-IRCd initialized, please go on
13:48 !hater.x201 BitlBee-IRCd initialized, please go on
13:53 !hater.x201 BitlBee-IRCd initialized, please go on
13:58 !hater.x201 BitlBee-IRCd initialized, please go on
14:03 !hater.x201 BitlBee-IRCd initialized, please go on
14:08 !hater.x201 BitlBee-IRCd initialized, please go on
14:13 !hater.x201 BitlBee-IRCd initialized, please go on
14:18 !hater.x201 BitlBee-IRCd initialized, please go on
14:23 !hater.x201 BitlBee-IRCd initialized, please go on
14:28 !hater.x201 BitlBee-IRCd initialized, please go on
14:33 !hater.x201 BitlBee-IRCd initialized, please go on
14:38 !hater.x201 BitlBee-IRCd initialized, please go on
14:43 !hater.x201 BitlBee-IRCd initialized, please go on
14:48 !hater.x201 BitlBee-IRCd initialized, please go on
14:53 !hater.x201 BitlBee-IRCd initialized, please go on
14:58 !hater.x201 BitlBee-IRCd initialized, please go on
15:03 !hater.x201 BitlBee-IRCd initialized, please go on
15:08 !hater.x201 BitlBee-IRCd initialized, please go on
15:13 !hater.x201 BitlBee-IRCd initialized, please go on
15:18 !hater.x201 BitlBee-IRCd initialized, please go on
15:23 !hater.x201 BitlBee-IRCd initialized, please go on
15:28 !hater.x201 BitlBee-IRCd initialized, please go on
15:33 !hater.x201 BitlBee-IRCd initialized, please go on
15:38 !hater.x201 BitlBee-IRCd initialized, please go on
15:43 !hater.x201 BitlBee-IRCd initialized, please go on
15:48 !hater.x201 BitlBee-IRCd initialized, please go on
15:53 !hater.x201 BitlBee-IRCd initialized, please go on
15:58 !hater.x201 BitlBee-IRCd initialized, please go on
16:03 !hater.x201 BitlBee-IRCd initialized, please go on
16:08 !hater.x201 BitlBee-IRCd initialized, please go on
16:13 !hater.x201 BitlBee-IRCd initialized, please go on
--- Log closed Thu Mar 31 16:17:00 2011
--- Log opened Fri Apr 01 10:21:22 2011
10:21 !hater.x201 BitlBee-IRCd initialized, please go on
10:26 !hater.x201 BitlBee-IRCd initialized, please go on
10:31 !hater.x201 BitlBee-IRCd initialized, please go on
10:36 !hater.x201 BitlBee-IRCd initialized, please go on
10:41 !hater.x201 BitlBee-IRCd initialized, please go on
10:46 !hater.x201 BitlBee-IRCd initialized, please go on
10:51 !hater.x201 BitlBee-IRCd initialized, please go on
10:56 !hater.x201 BitlBee-IRCd initialized, please go on
11:01 !hater.x201 BitlBee-IRCd initialized, please go on
11:06 !hater.x201 BitlBee-IRCd initialized, please go on
11:11 !hater.x201 BitlBee-IRCd initialized, please go on
11:16 !hater.x201 BitlBee-IRCd initialized, please go on
11:21 !hater.x201 BitlBee-IRCd initialized, please go on
11:26 !hater.x201 BitlBee-IRCd initialized, please go on
11:31 !hater.x201 BitlBee-IRCd initialized, please go on
11:36 !hater.x201 BitlBee-IRCd initialized, please go on
11:41 !hater.x201 BitlBee-IRCd initialized, please go on
11:46 !hater.x201 BitlBee-IRCd initialized, please go on
11:51 !hater.x201 BitlBee-IRCd initialized, please go on
11:56 !hater.x201 BitlBee-IRCd initialized, please go on
12:01 !hater.x201 BitlBee-IRCd initialized, please go on
12:06 !hater.x201 BitlBee-IRCd initialized, please go on
12:11 !hater.x201 BitlBee-IRCd initialized, please go on
12:16 !hater.x201 BitlBee-IRCd initialized, please go on
12:21 !hater.x201 BitlBee-IRCd initialized, please go on
12:26 !hater.x201 BitlBee-IRCd initialized, please go on
12:31 !hater.x201 BitlBee-IRCd initialized, please go on
12:36 !hater.x201 BitlBee-IRCd initialized, please go on
12:41 !hater.x201 BitlBee-IRCd initialized, please go on
12:46 !hater.x201 BitlBee-IRCd initialized, please go on
12:51 !hater.x201 BitlBee-IRCd initialized, please go on
12:56 !hater.x201 BitlBee-IRCd initialized, please go on
13:01 !hater.x201 BitlBee-IRCd initialized, please go on
13:06 !hater.x201 BitlBee-IRCd initialized, please go on
13:11 !hater.x201 BitlBee-IRCd initialized, please go on
13:16 !hater.x201 BitlBee-IRCd initialized, please go on
13:21 !hater.x201 BitlBee-IRCd initialized, please go on
13:26 !hater.x201 BitlBee-IRCd initialized, please go on
13:31 !hater.x201 BitlBee-IRCd initialized, please go on
13:36 !hater.x201 BitlBee-IRCd initialized, please go on
13:41 !hater.x201 BitlBee-IRCd initialized, please go on
13:46 !hater.x201 BitlBee-IRCd initialized, please go on
13:51 !hater.x201 BitlBee-IRCd initialized, please go on
13:56 !hater.x201 BitlBee-IRCd initialized, please go on
14:01 !hater.x201 BitlBee-IRCd initialized, please go on
14:06 !hater.x201 BitlBee-IRCd initialized, please go on
14:11 !hater.x201 BitlBee-IRCd initialized, please go on
14:16 !hater.x201 BitlBee-IRCd initialized, please go on
14:21 !hater.x201 BitlBee-IRCd initialized, please go on
14:26 !hater.x201 BitlBee-IRCd initialized, please go on
14:31 !hater.x201 BitlBee-IRCd initialized, please go on
14:36 !hater.x201 BitlBee-IRCd initialized, please go on
14:41 !hater.x201 BitlBee-IRCd initialized, please go on
14:46 !hater.x201 BitlBee-IRCd initialized, please go on
14:51 !hater.x201 BitlBee-IRCd initialized, please go on
14:56 !hater.x201 BitlBee-IRCd initialized, please go on
15:01 !hater.x201 BitlBee-IRCd initialized, please go on
15:06 !hater.x201 BitlBee-IRCd initialized, please go on
15:11 !hater.x201 BitlBee-IRCd initialized, please go on
15:16 !hater.x201 BitlBee-IRCd initialized, please go on
15:21 !hater.x201 BitlBee-IRCd initialized, please go on
15:26 !hater.x201 BitlBee-IRCd initialized, please go on
15:31 !hater.x201 BitlBee-IRCd initialized, please go on
15:36 !hater.x201 BitlBee-IRCd initialized, please go on
15:41 !hater.x201 BitlBee-IRCd initialized, please go on
15:46 !hater.x201 BitlBee-IRCd initialized, please go on
15:51 !hater.x201 BitlBee-IRCd initialized, please go on
15:56 !hater.x201 BitlBee-IRCd initialized, please go on
16:01 !hater.x201 BitlBee-IRCd initialized, please go on
16:06 !hater.x201 BitlBee-IRCd initialized, please go on
16:11 !hater.x201 BitlBee-IRCd initialized, please go on
16:16 !hater.x201 BitlBee-IRCd initialized, please go on
16:21 !hater.x201 BitlBee-IRCd initialized, please go on
16:26 !hater.x201 BitlBee-IRCd initialized, please go on
16:31 !hater.x201 BitlBee-IRCd initialized, please go on
16:36 !hater.x201 BitlBee-IRCd initialized, please go on
16:41 !hater.x201 BitlBee-IRCd initialized, please go on
16:46 !hater.x201 BitlBee-IRCd initialized, please go on
16:51 !hater.x201 BitlBee-IRCd initialized, please go on
16:56 !hater.x201 BitlBee-IRCd initialized, please go on
17:01 !hater.x201 BitlBee-IRCd initialized, please go on
17:06 !hater.x201 BitlBee-IRCd initialized, please go on
17:11 !hater.x201 BitlBee-IRCd initialized, please go on
17:16 !hater.x201 BitlBee-IRCd initialized, please go on
17:21 !hater.x201 BitlBee-IRCd initialized, please go on
17:26 !hater.x201 BitlBee-IRCd initialized, please go on
17:31 !hater.x201 BitlBee-IRCd initialized, please go on
17:36 !hater.x201 BitlBee-IRCd initialized, please go on
17:41 !hater.x201 BitlBee-IRCd initialized, please go on
17:46 !hater.x201 BitlBee-IRCd initialized, please go on
17:51 !hater.x201 BitlBee-IRCd initialized, please go on
17:56 !hater.x201 BitlBee-IRCd initialized, please go on
18:01 !hater.x201 BitlBee-IRCd initialized, please go on
18:06 !hater.x201 BitlBee-IRCd initialized, please go on
18:11 !hater.x201 BitlBee-IRCd initialized, please go on
18:16 !hater.x201 BitlBee-IRCd initialized, please go on
18:21 !hater.x201 BitlBee-IRCd initialized, please go on
--- Log closed Fri Apr 01 18:21:30 2011
--- Log opened Fri Apr 01 22:37:55 2011
22:37 !hater.x201 BitlBee-IRCd initialized, please go on
--- Log closed Fri Apr 01 22:42:53 2011
--- Log opened Fri Apr 01 22:43:15 2011
22:43 !hater.x201 BitlBee-IRCd initialized, please go on
--- Log closed Fri Apr 01 22:43:41 2011
--- Log opened Fri Apr 01 22:45:59 2011
22:45 !hater.x201 BitlBee-IRCd initialized, please go on
--- Log closed Fri Apr 01 22:46:21 2011
--- Log opened Fri Apr 01 22:47:32 2011
22:47 !hater.x201 BitlBee-IRCd initialized, please go on
--- Log closed Fri Apr 01 22:47:57 2011
--- Log opened Fri Apr 01 22:47:59 2011
22:47 !hater.x201 BitlBee-IRCd initialized, please go on
--- Log closed Fri Apr 01 22:52:59 2011
--- Log opened Fri Apr 01 23:29:33 2011
23:29 !hater.x201 BitlBee-IRCd initialized, please go on
--- Log closed Fri Apr 01 23:34:33 2011
--- Log opened Fri Apr 01 23:55:43 2011
23:55 !hater.x201 BitlBee-IRCd initialized, please go on
--- Log closed Sat Apr 02 00:00:43 2011
--- Log opened Sat Apr 02 15:34:55 2011
15:34 !hater.x201 BitlBee-IRCd initialized, please go on
--- Log closed Sat Apr 02 15:35:29 2011
--- Log opened Sat Apr 02 15:35:43 2011
15:35 !hater.x201 BitlBee-IRCd initialized, please go on
--- Log closed Sat Apr 02 15:40:43 2011
--- Log opened Sat Apr 02 16:10:18 2011
16:10 !hater.x201 BitlBee-IRCd initialized, please go on
--- Log closed Sat Apr 02 16:15:18 2011
--- Log opened Sat Apr 02 17:16:51 2011
17:16 !hater.x201 BitlBee-IRCd initialized, please go on
--- Log closed Sat Apr 02 17:21:51 2011
--- Log opened Sun Apr 03 00:45:47 2011
00:45 !hater.x201 BitlBee-IRCd initialized, please go on
--- Log closed Sun Apr 03 00:50:47 2011
--- Log opened Sun Apr 03 12:15:46 2011
12:15 !hater.x201 BitlBee-IRCd initialized, please go on
--- Log closed Sun Apr 03 12:20:46 2011
--- Log opened Mon Apr 04 10:01:15 2011
10:01 !hater.x201 BitlBee-IRCd initialized, please go on
--- Log closed Mon Apr 04 10:06:15 2011
--- Log opened Mon Apr 04 20:46:06 2011
20:46 !hater.x201 BitlBee-IRCd initialized, please go on
--- Log closed Mon Apr 04 20:51:06 2011
--- Log opened Tue Apr 05 10:04:50 2011
10:04 !hater.x201 BitlBee-IRCd initialized, please go on
--- Log closed Tue Apr 05 10:10:49 2011
--- Log opened Tue Apr 05 21:39:19 2011
21:39 !hater.x201 BitlBee-IRCd initialized, please go on
--- Log closed Tue Apr 05 21:44:19 2011
--- Log opened Wed Apr 06 09:44:06 2011
09:44 !hater.x201 BitlBee-IRCd initialized, please go on
--- Log closed Wed Apr 06 09:49:06 2011
--- Log opened Wed Apr 06 19:35:30 2011
19:35 !hater.x201 BitlBee-IRCd initialized, please go on
--- Log closed Wed Apr 06 19:40:30 2011
--- Log opened Thu Apr 07 09:32:52 2011
09:32 !hater.x201 BitlBee-IRCd initialized, please go on
--- Log closed Thu Apr 07 09:37:52 2011
--- Log opened Thu Apr 07 09:56:07 2011
09:56 !hater.x201 BitlBee-IRCd initialized, please go on
--- Log closed Thu Apr 07 10:01:07 2011
--- Log opened Fri Apr 08 02:00:17 2011
02:00 !hater.x201 BitlBee-IRCd initialized, please go on
--- Log closed Fri Apr 08 02:05:17 2011
--- Log opened Fri Apr 08 12:32:24 2011
12:32 !hater.x201 BitlBee-IRCd initialized, please go on
--- Log closed Fri Apr 08 12:37:24 2011
--- Log opened Fri Apr 08 21:04:03 2011
21:04 !hater.x201 BitlBee-IRCd initialized, please go on
--- Log closed Fri Apr 08 21:09:03 2011
--- Log opened Sat Apr 09 12:09:19 2011
12:09 !hater.x201 BitlBee-IRCd initialized, please go on
--- Log closed Sat Apr 09 12:14:19 2011
--- Log opened Sun Apr 10 01:43:21 2011
01:43 !hater.x201 BitlBee-IRCd initialized, please go on
--- Log closed Sun Apr 10 01:48:21 2011
--- Log opened Mon Apr 11 09:45:40 2011
09:45 !hater.x201 BitlBee-IRCd initialized, please go on
--- Log closed Mon Apr 11 09:50:40 2011
--- Log opened Mon Apr 11 13:28:41 2011
13:28 !hater.x201 BitlBee-IRCd initialized, please go on
--- Log closed Mon Apr 11 13:33:41 2011
--- Log opened Mon Apr 11 13:41:28 2011
13:41 !hater.x201 BitlBee-IRCd initialized, please go on
--- Log closed Mon Apr 11 13:46:28 2011
--- Log opened Mon Apr 11 17:20:02 2011
17:20 !hater.x201 BitlBee-IRCd initialized, please go on
--- Log closed Mon Apr 11 17:25:02 2011
--- Log opened Tue Apr 12 10:32:01 2011
10:32 !hater.x201 BitlBee-IRCd initialized, please go on
--- Log closed Tue Apr 12 10:37:01 2011
--- Log opened Tue Apr 12 16:06:01 2011
16:06 !hater.x201 BitlBee-IRCd initialized, please go on
--- Log closed Tue Apr 12 16:11:01 2011
--- Log opened Tue Apr 12 19:08:53 2011
19:08 !hater.x201 BitlBee-IRCd initialized, please go on
--- Log closed Tue Apr 12 19:13:53 2011
--- Log opened Wed Apr 13 10:02:38 2011
10:02 !hater.x201 BitlBee-IRCd initialized, please go on
--- Log closed Wed Apr 13 10:07:38 2011
--- Log opened Wed Apr 13 14:54:30 2011
14:54 !hater.x201 BitlBee-IRCd initialized, please go on
--- Log closed Wed Apr 13 14:59:30 2011
--- Log opened Wed Apr 13 21:55:07 2011
21:55 !hater.x201 BitlBee-IRCd initialized, please go on
--- Log closed Wed Apr 13 22:00:07 2011
--- Log opened Thu Apr 14 09:16:02 2011
09:16 !hater.x201 BitlBee-IRCd initialized, please go on
--- Log closed Thu Apr 14 09:21:02 2011
--- Log opened Thu Apr 14 15:31:31 2011
15:31 !hater.x201 BitlBee-IRCd initialized, please go on
--- Log closed Thu Apr 14 15:36:31 2011
--- Log opened Thu Apr 14 19:48:09 2011
19:48 !hater.x201 BitlBee-IRCd initialized, please go on
--- Log closed Thu Apr 14 19:53:09 2011
--- Log opened Fri Apr 15 09:53:27 2011
09:53 !hater.x201 BitlBee-IRCd initialized, please go on
--- Log closed Fri Apr 15 09:58:27 2011
--- Log opened Fri Apr 15 14:41:17 2011
14:41 !hater.x201 BitlBee-IRCd initialized, please go on
--- Log closed Fri Apr 15 14:46:17 2011
--- Log opened Fri Apr 15 15:45:19 2011
15:45 !hater.x201 BitlBee-IRCd initialized, please go on
--- Log closed Fri Apr 15 15:51:18 2011
--- Log opened Sat Apr 16 01:00:26 2011
01:00 !hater.x201 BitlBee-IRCd initialized, please go on
--- Log closed Sat Apr 16 01:05:26 2011
--- Log opened Sat Apr 16 13:33:12 2011
13:33 !hater.x201 BitlBee-IRCd initialized, please go on
--- Log closed Sat Apr 16 13:38:12 2011
--- Log opened Sun Apr 17 12:27:35 2011
12:27 !hater.x201 BitlBee-IRCd initialized, please go on
--- Log closed Sun Apr 17 12:32:35 2011
--- Log opened Mon Apr 18 12:08:52 2011
12:08 !hater.x201 BitlBee-IRCd initialized, please go on
--- Log closed Mon Apr 18 12:14:51 2011
--- Log opened Mon Apr 18 16:17:54 2011
16:17 !hater.x201 BitlBee-IRCd initialized, please go on
--- Log closed Mon Apr 18 16:22:54 2011
--- Log opened Tue Apr 19 14:24:21 2011
14:24 !hater.x201 BitlBee-IRCd initialized, please go on
--- Log closed Tue Apr 19 14:29:21 2011
--- Log opened Tue Apr 19 23:25:29 2011
23:25 !hater.x201 BitlBee-IRCd initialized, please go on
--- Log closed Tue Apr 19 23:30:29 2011
--- Log opened Wed Apr 20 00:31:01 2011
00:31 !hater.x201 BitlBee-IRCd initialized, please go on
--- Log closed Wed Apr 20 00:36:01 2011
--- Log opened Wed Apr 20 09:06:41 2011
09:06 !hater.x201 BitlBee-IRCd initialized, please go on
--- Log closed Wed Apr 20 09:11:41 2011
--- Log opened Wed Apr 20 20:17:58 2011
20:17 !hater.x201 BitlBee-IRCd initialized, please go on
--- Log closed Wed Apr 20 20:22:58 2011
--- Log opened Thu Apr 21 09:08:50 2011
09:08 !hater.x201 BitlBee-IRCd initialized, please go on
--- Log closed Thu Apr 21 09:13:50 2011
--- Log opened Thu Apr 21 19:37:43 2011
19:37 !hater.x201 BitlBee-IRCd initialized, please go on
--- Log closed Thu Apr 21 19:42:43 2011
--- Log opened Fri Apr 22 17:42:51 2011
17:42 !hater.x201 BitlBee-IRCd initialized, please go on
--- Log closed Fri Apr 22 17:48:50 2011
--- Log opened Fri Apr 22 20:22:13 2011
20:22 !hater.x201 BitlBee-IRCd initialized, please go on
--- Log closed Fri Apr 22 20:27:13 2011
--- Log opened Sun Apr 24 13:07:46 2011
13:07 !hater.x201 BitlBee-IRCd initialized, please go on
--- Log closed Sun Apr 24 13:13:45 2011
--- Log opened Tue Apr 26 09:32:59 2011
09:32 !hater.x201 BitlBee-IRCd initialized, please go on
--- Log closed Tue Apr 26 09:37:59 2011
--- Log opened Tue Apr 26 13:54:02 2011
13:54 !hater.x201 BitlBee-IRCd initialized, please go on
--- Log closed Tue Apr 26 14:00:01 2011
--- Log opened Tue Apr 26 19:28:50 2011
19:28 !hater.x201 BitlBee-IRCd initialized, please go on
--- Log closed Tue Apr 26 19:33:50 2011
--- Log opened Tue Apr 26 21:02:19 2011
21:02 !hater.x201 BitlBee-IRCd initialized, please go on
--- Log closed Tue Apr 26 21:07:19 2011
--- Log opened Tue Apr 26 21:13:07 2011
21:13 !hater.x201 BitlBee-IRCd initialized, please go on
--- Log closed Tue Apr 26 21:13:33 2011
--- Log opened Tue Apr 26 22:09:27 2011
22:09 !hater.x201 BitlBee-IRCd initialized, please go on
--- Log closed Tue Apr 26 22:09:51 2011
--- Log opened Tue Apr 26 22:24:39 2011
22:24 !hater.x201 BitlBee-IRCd initialized, please go on
--- Log closed Tue Apr 26 22:29:39 2011
--- Log opened Wed Apr 27 09:04:36 2011
09:04 !hater.x201 BitlBee-IRCd initialized, please go on
--- Log closed Wed Apr 27 09:10:35 2011
--- Log opened Wed Apr 27 13:45:21 2011
13:45 !hater.x201 BitlBee-IRCd initialized, please go on
--- Log closed Wed Apr 27 13:50:21 2011
--- Log opened Wed Apr 27 20:32:03 2011
20:32 !hater.x201 BitlBee-IRCd initialized, please go on
--- Log closed Wed Apr 27 20:37:03 2011
--- Log opened Thu Apr 28 12:01:01 2011
12:01 !hater.x201 BitlBee-IRCd initialized, please go on
--- Log closed Thu Apr 28 12:07:00 2011
--- Log opened Fri Apr 29 09:36:09 2011
09:36 !hater.x201 BitlBee-IRCd initialized, please go on
--- Log closed Fri Apr 29 09:41:09 2011
--- Log opened Sat Apr 30 11:22:11 2011
11:22 !hater.x201 BitlBee-IRCd initialized, please go on
--- Log closed Sat Apr 30 11:28:10 2011
--- Log opened Sun May 01 11:23:19 2011
11:23 !hater.x201 BitlBee-IRCd initialized, please go on
--- Log closed Sun May 01 11:28:19 2011
