--- Log opened Tue Sep 28 11:36:50 2010
11:36 Starting query in Bitlbee with blaeks
11:36 blaeks| dude c 2
--- Log closed Tue Sep 28 11:42:05 2010
--- Log opened Tue Sep 28 11:47:37 2010
11:47 playahater| yo dude ..
11:47 playahater| whatup
11:48 blaeks| eo sredjujem kontakte
11:48 playahater| fizikalija ..
11:48 playahater| :)
11:48 blaeks| sutra idem kod ortaka da iscrta sajt
11:48 blaeks| pa da smara
11:48 blaeks| ali kupe se kontakti sa svih strana
11:48 playahater| znam .. isti sluchaj .. :)
11:48 playahater| sretjom sad mogu da kliktjem ..
11:48 playahater| :)
11:48 blaeks| :)
11:49 playahater| ok .. beta verzija dizajna,a?
11:49 blaeks| tako nesto
11:49 blaeks| gledacemo da bude sto bilze kecu al realno je da bude  0.8 sutra
11:49 blaeks| php kod ce branko djurkovic da napise
11:50 playahater| pa jel netje do ta ide preko drupala?
11:50 blaeks| a treba mi help oko kinky seo trikova i/ili neceg bazicnog sto sam propustio
11:50 blaeks| jok, ide sve custom
11:50 blaeks| dve forme ili jedna videcemo
11:50 blaeks| sa imputom u bazu
11:50 blaeks| cetiri tabele
11:51 blaeks| najbolji gazda/firma, najgori gazda/firma
11:51 blaeks| taj neki rad
11:51 blaeks| pravimo za milevu iz lajkovca da lako popunjava i koristi
11:51 playahater| aha .. ql .. ali ne bi bilo loshe da se pogledamo .. pa da poprichamo malo o celoj stvari .. 
11:51 blaeks| a da izgleda kao da si uso u neku belu sob
11:51 blaeks| sobu
11:52 blaeks| ako si kuci ja ispaljujem napolje za cuku dve da popravljam bajs pa mogu da svratim
11:52 blaeks| zato ti se i javljam
11:52 playahater| e .. mi smo na shljaci trenutno ..
11:52 playahater| zavrshavamo u 18h .. 
11:52 playahater| oko sedmice sam doma ..
11:52 blaeks| mozda veceras onda
11:53 blaeks| stvratim na pola sata
11:53 blaeks| kad krenem za sd
11:53 playahater| vikend nam je free .. radni dan posle sedmice ..
11:53 blaeks| ja radim nesto 17 - 20 tako nesto
11:53 blaeks| kul. imam u vidu
11:53 playahater| ql .. nije frka .. kako god se organizujesh .. 
11:53 blaeks| gde ste zaboli poso?
11:53 playahater| agena.rs .. drupal development ..
11:54 playahater| do jajca je ..
11:54 blaeks| sacu zirnem
11:54 blaeks| btw sinoc proso ddos za 
11:54 blaeks| http://www.afact.org.au/
11:54 blaeks| :)
11:55 playahater| ne seri ..
11:55 blaeks| :)
11:55 playahater| do jaja
11:55 playahater| :)
11:56 playahater| sledetji je soko.rs,a?
11:56 playahater| :D
11:56 blaeks| udruga :)
11:56 blaeks| to je super ideja
11:56 playahater| *sokoj
11:56 playahater| :)
11:56 blaeks| auuuuuuuuuu ukljucuje im se mjuz kad se ukljuci sajt
11:56 blaeks| sacu ga ddosujem odma:)
11:56 playahater| hehe
11:57 blaeks| aj ttyl. da nesto pozavrsavam
11:58 playahater| ae .. imash nash timetable .. pa svrni na vops kad budesh mogo .. taman da poprichamo malo o tom sajtitju ..
11:59 playahater| radni dan posle sedmice .. vikend * ..
11:59 playahater| :)
11:59 blaeks| super sto imate fixni timetable sad imam jasniji plan
11:59 blaeks| aj srecan rad
11:59 playahater| ae .. takodjer .. :)
--- Log closed Tue Sep 28 12:05:05 2010
--- Log opened Tue Sep 28 12:08:56 2010
12:08 Closing query with blaeks
--- Log closed Tue Sep 28 12:08:56 2010
--- Log opened Mon Nov 01 02:11:31 2010
02:11 Starting query in Bitlbee with blaeks
02:11 blaeks| dude
02:12 blaeks| dobio sam dedicated server (ili servere zavisi od potreba) u holandiji
--- Log closed Mon Nov 01 02:17:30 2010
--- Log opened Mon Nov 15 01:35:49 2010
01:35 Starting query in Bitlbee with blaeks
01:35 blaeks| http://www.youtube.com/watch?v=kLO1djacsfg
--- Log closed Mon Nov 15 01:40:58 2010
--- Log opened Mon Nov 15 08:11:12 2010
08:11          <-- blaeks has quit irc
--- Log closed Mon Nov 15 08:16:58 2010
--- Log opened Mon Nov 15 09:27:34 2010
09:27 Closing query with blaeks
--- Log closed Mon Nov 15 09:27:34 2010
--- Log opened Sun Dec 05 23:45:41 2010
23:45 Starting query in Bitlbee with blaeks
23:45 blaeks| need help
--- Log closed Sun Dec 05 23:51:36 2010
--- Log opened Mon Dec 06 00:08:11 2010
00:08 playahater| yo dude ..
00:08 playahater| :)
00:08 Closing query with blaeks
--- Log closed Mon Dec 06 00:08:17 2010
--- Log opened Mon Dec 06 00:08:34 2010
00:08 Starting query in Bitlbee with blaeks
00:08 blaeks| e super sto si se javio
00:09 playahater| shta ima
00:09 playahater| kaj se dela
00:09 playahater| :)
00:09 blaeks| e
00:09 blaeks| imas OTR?
00:10 playahater| mislim da nemam ukompajirano ..
00:10 blaeks| jel ti frka da aktiviras
00:10 playahater| misish na otr messages
00:10 playahater| preko jabber-a?
00:10 blaeks| a
00:10 blaeks| da
00:10 playahater| ae .. che da ga iskompajliram na brzaka ..
00:10 blaeks| aj thanx
00:14 blaeks| poslao sam ti zahtev sa piratska.partija.srbije@gmail.com
--- Log closed Mon Dec 06 00:19:36 2010
--- Log opened Mon Dec 06 10:02:25 2010
10:02 Closing query with blaeks
--- Log closed Mon Dec 06 10:02:25 2010
--- Log opened Sat Jan 01 22:54:09 2011
22:54 Starting query in Bitlbee with blaeks
22:54 blaeks| brate kako tebi ime ne mogu da se setim ladno!
--- Log closed Sat Jan 01 22:59:58 2011
--- Log opened Mon Jan 03 03:12:17 2011
03:12          <-- blaeks has quit irc
--- Log closed Mon Jan 03 03:17:58 2011
--- Log opened Mon Jan 03 09:07:22 2011
09:07          <-- blaeks has quit irc
--- Log closed Mon Jan 03 09:12:58 2011
--- Log opened Mon Jan 03 13:50:48 2011
13:50          <-- blaeks has quit irc
--- Log closed Mon Jan 03 13:55:58 2011
--- Log opened Tue Jan 04 13:59:05 2011
13:59          <-- blaeks has quit irc
--- Log closed Tue Jan 04 14:04:58 2011
--- Log opened Tue Jan 04 15:57:52 2011
15:57 Closing query with blaeks
--- Log closed Tue Jan 04 15:57:52 2011
--- Log opened Tue Jan 04 23:26:33 2011
23:26 Starting query in Bitlbee with blaeks
23:26 blaeks| e kad si vec online samo da te pitam nesto
--- Log closed Tue Jan 04 23:31:59 2011
--- Log opened Wed Jan 05 00:26:51 2011
00:26          <-- blaeks has quit irc
--- Log closed Wed Jan 05 00:31:59 2011
--- Log opened Wed Jan 05 12:12:02 2011
12:12 Closing query with blaeks
--- Log closed Wed Jan 05 12:12:02 2011
--- Log opened Fri Feb 18 05:16:55 2011
05:16 Starting query in Bitlbee with blaeks
05:16 blaeks| o/
05:17 playahater| yo dude .. :)
05:17 blaeks| ne spava se a?
05:17 blaeks| :)
05:17 playahater| ne verujesh .. ja josh na poslu .. :\
05:18 playahater| havarija
05:19 blaeks| seeeressh!
05:19 blaeks| al mlatish lovu, a?
05:20 playahater| al u kurcu
05:21 playahater| ovo je izrabljivanjeeeeee
05:21 playahater| srbija!!
05:23 blaeks| ja sam siguran da ti do jaja radish poso
05:23 blaeks| moras da budes i placen
05:26 blaeks| javi se kad budes imao malo vise vremena
05:26 blaeks| treba da se ozivi hakerska zajednica u srbiji
05:27 playahater| dude .. obavezno! ..
05:27 playahater| mozemo da isplaniramo neki vops kod nas na gajbi
05:27 blaeks| ja povezujem ljude dan noc
05:27 blaeks| ne stajem
05:27 playahater| kao intro
05:27 playahater| :)
05:27 blaeks| intro scr
05:27 blaeks| pocelo je bas mnogo ljudi da me cima za ideju
05:28 blaeks| sve outsourceujem
05:29 playahater| skroz logichno ..
05:29 blaeks| sto je najgore mozemo da zakasnimo 
05:29 blaeks| zlo ne spava
--- Log closed Fri Feb 18 05:35:19 2011
--- Log opened Fri Feb 18 06:14:26 2011
06:14          <-- blaeks has quit irc
06:15 Closing query with blaeks
--- Log closed Fri Feb 18 06:15:52 2011
--- Log opened Sun Feb 20 14:02:11 2011
14:02 Starting query in Bitlbee with blaeks
14:02 blaeks| sta radite veceras?
14:03 blaeks| mi se okupljamo negde
14:04 blaeks| videcemo gde
14:04 playahater| yo dude ..
14:05 playahater| ja sam nashljaci danas ..
14:05 playahater| ne znam do kad tju da zaglavim ..
14:05 playahater| imamo frku s nekim serverima ..
14:05 playahater| a mare zaronio u knjige .. ima sutra ispit .. 
14:06 playahater| baci lokaciju na twitter/chat .. pa ako se uklopimo vremenski .. mozda svrnemo ..
14:06 playahater| voleo bih da se pojavim .. sve zavisi od obligacija ..
14:06 blaeks| oke necu da ga diram
14:06 blaeks| ajd ovako
14:06 blaeks| da upadnem kod vas u utorak uvece, oke?
14:06 blaeks| jeste uvece slobodni
14:06 blaeks| ovaj put se pojavljujem
14:07 playahater| utorak mi deluje skroz ok ..
14:07 blaeks| oke belezim
14:07 playahater| ae da vidim s maretom .. da preciziramo pa ti javimo ..
14:08 playahater| preliminarno .. mozemo da potvrdimo :)
14:08 playahater| shto se mene tiche ok .. ne znam da l on ima neshto uplanirano ..
14:08 playahater| ne bi trebalo
14:08 blaeks| oke preliminarno oke
14:08 playahater| :)
--- Log closed Sun Feb 20 14:14:27 2011
--- Log opened Sun Feb 20 14:15:36 2011
14:15 blaeks| aj ttyl
--- Log closed Sun Feb 20 14:21:27 2011
--- Log opened Sun Feb 20 16:11:34 2011
16:11 Closing query with blaeks
--- Log closed Sun Feb 20 16:11:34 2011
--- Log opened Fri Feb 25 01:13:08 2011
01:13 Starting query in Bitlbee with blaeks
01:13 blaeks| e malo pre sam usho u kucju
01:13 blaeks| el marko online?
--- Log closed Fri Feb 25 01:18:16 2011
--- Log opened Fri Feb 25 07:06:12 2011
07:06          <-- blaeks has quit irc
--- Log closed Fri Feb 25 07:11:16 2011
--- Log opened Fri Feb 25 12:16:11 2011
12:16 Closing query with blaeks
--- Log closed Fri Feb 25 12:16:11 2011
--- Log opened Fri Mar 04 00:48:26 2011
00:48 Starting query in Bitlbee with blaeks
00:48 blaeks| https://docs.google.com/document/d/1jNsMoNTB0cAWQEBuQRZiLCJU1eN0u9iTJiuPL1ESgHo/edit?hl=en&authkey=CM7C9OUK
00:48 blaeks| FYI course of action tmrw
--- Log closed Fri Mar 04 00:54:25 2011
--- Log opened Mon Mar 07 04:33:09 2011
04:33 Starting query in Bitlbee with blaeks
04:33 blaeks| pazova nocas
04:33 blaeks| https://picasaweb.google.com/100448716824031947278/NightActionOverTheSerbia#
--- Log closed Mon Mar 07 04:38:14 2011
--- Log opened Mon Mar 07 05:03:52 2011
05:03          <-- blaeks has quit irc
--- Log closed Mon Mar 07 05:09:14 2011
--- Log opened Fri Apr 29 17:12:49 2011
17:12 Starting query in Bitlbee with blaeks
17:12 blaeks| javi se ako mozes
--- Log closed Fri Apr 29 17:18:09 2011
--- Log opened Fri Apr 29 19:27:49 2011
19:27 Closing query with blaeks
--- Log closed Fri Apr 29 19:27:49 2011
