--- Log opened Fri Aug 27 17:28:34 2010
17:28 Starting query in Bitlbee with BlaeksBiofor
17:28 BlaeksBiofor| e jel moze da se menja kernel na nazad na postojecoj instalaciji ubunta?
--- Log closed Fri Aug 27 17:33:34 2010
--- Log opened Fri Aug 27 17:53:59 2010
17:53 playahater| da .. naravno ..
17:54 playahater| apt-cache search kernel
17:54 playahater| kad nadjesh verziju koja ti odgovara .. 
17:54 playahater| .. apt-get install kernel-verzija-koa-ti-odgovara ..
17:54 playahater| :)
17:54 playahater| kuzish?
17:54 playahater| :)
17:55 Closing query with BlaeksBiofor
--- Log closed Fri Aug 27 17:55:06 2010
--- Log opened Fri Aug 27 18:06:35 2010
18:06 Starting query in Bitlbee with BlaeksBiofor
18:06 BlaeksBiofor| :)
18:07 BlaeksBiofor| ste cjiku?
18:07 BlaeksBiofor| dupadnem bajsom duznem nozh i cvike
18:10 playahater| kutji ..
18:10 playahater| ae .. slobodno ..
18:10 playahater| mare po gradu neshto .. al bi trebalo da se vrati u skorije vreme ..
18:10 playahater| uglavnom .. ja sam doma ..
18:11 BlaeksBiofor| baci mi kooridnate
18:12 playahater| presevska 48 .. crvena kapija ..
18:12 playahater| 0691270010
18:12 playahater| dovoljno?
18:12 playahater| :)
18:12 BlaeksBiofor| kul
18:13 BlaeksBiofor| samo da te dodam u gcontacts
18:13 playahater| za kolko si ovde?
18:13 playahater| da uzmem neki vops?
18:13 BlaeksBiofor| za 20ak min
18:13 BlaeksBiofor| pa moze
18:13 BlaeksBiofor| to ne odbijam na ovoj vrelini
18:13 BlaeksBiofor| vozim bajs:) 
18:13 BlaeksBiofor| i volim da vozim pijan:)
18:13 playahater| hahaha ..
18:13 playahater| pogotovo na vrutjini ..
18:13 playahater| :)
18:14 playahater| ae .. vidimo se ..
18:14 BlaeksBiofor| aj
--- Log closed Fri Aug 27 18:19:34 2010
--- Log opened Fri Aug 27 18:19:45 2010
18:19 Closing query with BlaeksBiofor
--- Log closed Fri Aug 27 18:19:45 2010
--- Log opened Fri Oct 22 12:26:12 2010
12:26 Starting query in Bitlbee with BlaeksBiofor
12:26 BlaeksBiofor| dude si tu?
--- Log closed Fri Oct 22 12:31:39 2010
--- Log opened Fri Oct 22 13:46:06 2010
13:46 Closing query with BlaeksBiofor
--- Log closed Fri Oct 22 13:46:06 2010
