--- Log opened Thu Oct 21 14:16:16 2010
14:16 Starting query in Bitlbee with bogdanbrkic_
14:16 bogdanbrkic_| pogledaj .. kad budes imao vremena .. mislim da ce trebati za m3com 
14:16 bogdanbrkic_| http://drupal.org/node/401656
--- Log closed Thu Oct 21 14:21:59 2010
--- Log opened Thu Oct 21 15:22:04 2010
15:22 Closing query with bogdanbrkic_
--- Log closed Thu Oct 21 15:22:04 2010
--- Log opened Fri Oct 22 12:58:35 2010
12:58 Starting query in Bitlbee with bogdanbrkic_
12:58 bogdanbrkic_| pushuj user/login .. sad 
12:58 bogdanbrkic_| treba bojanu 
--- Log closed Fri Oct 22 13:03:39 2010
--- Log opened Fri Oct 22 13:11:47 2010
13:11 playahater| pushed
13:15 bogdanbrkic_| oks
--- Log closed Fri Oct 22 13:20:39 2010
--- Log opened Fri Oct 22 13:46:04 2010
13:46 Closing query with bogdanbrkic_
--- Log closed Fri Oct 22 13:46:04 2010
--- Log opened Mon Oct 25 16:26:57 2010
16:26 Starting query in Bitlbee with bogdanbrkic_
16:26 bogdanbrkic_| kako ide
--- Log closed Mon Oct 25 16:32:52 2010
--- Log opened Mon Oct 25 16:36:24 2010
16:36 playahater| pa m3com sada radi ali uz gomilu nekih greshaka ..
16:36 playahater| shto vezanih za module, shto za blueprint ..
16:36 bogdanbrkic_| ux
16:36 bogdanbrkic_| reci mi http://178.79.140.115/admin/settings/mail_reroute_rules
16:36 bogdanbrkic_| za wfest
16:37 playahater| upravo jurim da vidim u chemu je problem ..
16:37 bogdanbrkic_| ko dobija kontakt mail
16:37 bogdanbrkic_| kad budes imao vremena reci mi kome idu tj na koji mail 
16:37 bogdanbrkic_| trbal ob ina info@wfest.org <mailto:info@wfest.org> ili tako nesto
16:37 playahater| hmm .. chek da proverim ..
16:37 bogdanbrkic_| oks
--- Log closed Mon Oct 25 16:43:52 2010
--- Log opened Mon Oct 25 16:46:39 2010
16:46 playahater| e .. taj modul je tu samo zbog skripte koja je odvajala nodove po kategorijama ..
16:46 playahater| inache je neaktivan ..
16:47 bogdanbrkic_| uxxxx
16:47 playahater| inache .. glavni i odgovorni mail je ..  
16:47 playahater| noreplay@wfest.org
16:47 bogdanbrkic_| javili se ljudi .. popizd
16:47 bogdanbrkic_| kojij
16:47 bogdanbrkic_| xaxa
16:47 bogdanbrkic_| ok stavi info@wfest.org <mailto:info@wfest.org>
16:47 bogdanbrkic_| da bude za formu 
16:47 bogdanbrkic_| tacnije da sa forme idu tamo
16:49 playahater| nisam skontao gde ide taj mail 
16:49 playahater| :)
16:50 playahater| koja forma
16:50 bogdanbrkic_| kontakt
16:50 playahater| little hint
16:50 playahater| :)
16:50 bogdanbrkic_| contanct
16:50 playahater| aaaa
16:50 playahater| ok
16:50 playahater| ql
16:50 playahater| :)
16:50 bogdanbrkic_| reci mi kad setujes
16:50 playahater| done
16:51 Closing query with bogdanbrkic_
--- Log closed Mon Oct 25 16:51:36 2010
--- Log opened Mon Oct 25 16:52:16 2010
16:52 Starting query in Bitlbee with bogdanbrkic_
16:52 bogdanbrkic_| oks
--- Log closed Mon Oct 25 16:57:52 2010
--- Log opened Mon Oct 25 17:13:10 2010
17:13 Closing query with bogdanbrkic_
--- Log closed Mon Oct 25 17:13:10 2010
--- Log opened Thu Oct 28 17:37:25 2010
17:37 Starting query in Bitlbee with bogdanbrkic_
17:37 bogdanbrkic_| jesi se izborio sa exposed  view + panel
--- Log closed Thu Oct 28 17:43:24 2010
--- Log opened Thu Oct 28 17:55:09 2010
17:55 playahater| radi :)
17:55 bogdanbrkic_| ok
17:55 playahater| sad budzim js onchange za taj exposed ..
17:55 bogdanbrkic_| odlicno .. 
17:56 bogdanbrkic_| reci mi da li si koristio context ili kako  si resio views ->panel arg
17:57 playahater| ma jok .. nije context bio u pitanju ..
17:58 playahater| kombinacija hierarchical_select i views je prosledjivala sranje panelu ..
17:58 bogdanbrkic_| kapiram .. k
--- Log closed Thu Oct 28 18:04:24 2010
--- Log opened Thu Oct 28 19:37:56 2010
19:37 Closing query with bogdanbrkic_
--- Log closed Thu Oct 28 19:37:56 2010
--- Log opened Sat Oct 30 18:18:21 2010
18:18 Starting query in Bitlbee with bogdanbrkic_
18:18 bogdanbrkic_| kako ide wfest ziri .. jeste ga sredil da vam rad iu lokalu 
--- Log closed Sat Oct 30 18:23:30 2010
--- Log opened Sat Oct 30 20:01:38 2010
20:01          <-- bogdanbrkic_ has quit irc
--- Log closed Sat Oct 30 20:07:30 2010
--- Log opened Sat Oct 30 21:09:44 2010
21:09 Closing query with bogdanbrkic_
--- Log closed Sat Oct 30 21:09:44 2010
--- Log opened Mon Nov 01 12:40:55 2010
12:40 Starting query in Bitlbee with bogdanbrkic_
12:40 bogdanbrkic_| koji je IP developera
12:41 bogdanbrkic_| tacnije kako se kacis na njega
--- Log closed Mon Nov 01 12:46:54 2010
--- Log opened Mon Nov 01 12:50:35 2010
12:50          <-- bogdanbrkic_ has quit irc
--- Log closed Mon Nov 01 12:55:54 2010
--- Log opened Mon Nov 01 13:02:56 2010
13:02 Closing query with bogdanbrkic_
--- Log closed Mon Nov 01 13:02:56 2010
--- Log opened Tue Nov 02 11:27:44 2010
11:27 Starting query in Bitlbee with bogdanbrkic_
11:27 bogdanbrkic_| ..
11:27 bogdanbrkic_| wfest status
--- Log closed Tue Nov 02 11:33:32 2010
--- Log opened Tue Nov 02 11:45:01 2010
11:45 playahater| mail :)
11:45 Closing query with bogdanbrkic_
--- Log closed Tue Nov 02 11:45:04 2010
--- Log opened Tue Nov 02 11:47:38 2010
11:47 Starting query in Bitlbee with bogdanbrkic_
11:47 bogdanbrkic_| oks
11:48 playahater| :)
11:48 Closing query with bogdanbrkic_
--- Log closed Tue Nov 02 11:48:35 2010
--- Log opened Mon Nov 08 19:41:50 2010
19:41 Starting query in Bitlbee with bogdanbrkic_
19:42 playahater| http://www.wfest.org/ziri/lista-projekata
19:42 playahater| al nemoj josh da glasash
19:42 playahater| :)
19:42 bogdanbrkic_| oks
--- Log closed Mon Nov 08 19:47:24 2010
--- Log opened Mon Nov 08 20:47:14 2010
20:47 Closing query with bogdanbrkic_
--- Log closed Mon Nov 08 20:47:14 2010
--- Log opened Tue Nov 09 18:16:09 2010
18:16 Starting query in Bitlbee with bogdanbrkic_
18:16 bogdanbrkic_| Ako ste glasanje zavrshili
18:16 bogdanbrkic_| pls š
--- Log closed Tue Nov 09 18:21:25 2010
--- Log opened Tue Nov 09 19:04:12 2010
19:04 Closing query with bogdanbrkic_
--- Log closed Tue Nov 09 19:04:12 2010
--- Log opened Wed Nov 10 12:45:23 2010
12:45 Starting query in Bitlbee with bogdanbrkic_
12:45 bogdanbrkic_| si tu
12:45 playahater| yup
12:45 bogdanbrkic_| reci mi koji si pass setovao za zirir
12:45 bogdanbrkic_| kapiram da je svima isti
12:45 playahater| user i pass su isti po korisniku
12:46 bogdanbrkic_| znaci svi imaju sti pass
12:46 playahater| ne ne .. user jelena ima pass jelena .. user marko ima pass marko ..
12:46 bogdanbrkic_| oks
12:47 bogdanbrkic_| :)
12:47 bogdanbrkic_| jesi mi poslao litu zirija sa username
12:48 bogdanbrkic_| da prosledim nekome u organizaciji wfesta
12:48 playahater| ups ..
12:48 bogdanbrkic_| aha
12:48 playahater| shaljem
12:48 bogdanbrkic_| oks
12:49 playahater| stiglo?
12:49 bogdanbrkic_| sec
12:49 playahater| zaboravio sam da te stavim sinotj u cc .. mislio sam da vetj jesi ..
12:50 bogdanbrkic_| stiglo
12:51 playahater| p.s. - ladno ima oko 13000 registrovanih korisnika ..
12:51 bogdanbrkic_| mhm
12:51 bogdanbrkic_| :)
12:51 bogdanbrkic_| lepa je poseta cak
12:52 playahater| voleo bih da bacim pogled na google analytics nekom prilikom .. :)
12:53 bogdanbrkic_| naravno
--- Log closed Wed Nov 10 12:59:01 2010
--- Log opened Wed Nov 10 13:00:51 2010
13:00 Closing query with bogdanbrkic_
--- Log closed Wed Nov 10 13:00:51 2010
--- Log opened Wed Nov 10 13:01:58 2010
13:01 Starting query in Bitlbee with bogdanbrkic_
13:01 bogdanbrkic_| dodji do men ena sec
--- Log closed Wed Nov 10 13:07:01 2010
--- Log opened Wed Nov 10 13:20:24 2010
13:20          <-- bogdanbrkic_ has quit irc
--- Log closed Wed Nov 10 13:26:01 2010
--- Log opened Wed Nov 10 14:18:01 2010
14:18 Closing query with bogdanbrkic_
--- Log closed Wed Nov 10 14:18:01 2010
--- Log opened Wed Nov 10 14:18:33 2010
14:18 Starting query in Bitlbee with bogdanbrkic_
14:18 bogdanbrkic_| ..
14:18 bogdanbrkic_| koja je dejanova sifra
14:18 bogdanbrkic_| username mu je 
14:18 bogdanbrkic_| dejan.restak@wm.rs
14:22 Closing query with bogdanbrkic_
--- Log closed Wed Nov 10 14:22:37 2010
--- Log opened Wed Nov 10 14:23:56 2010
14:23 Starting query in Bitlbee with bogdanbrkic_
14:23 playahater| jel sve ok?
14:24 bogdanbrkic_| sve Ok
--- Log closed Wed Nov 10 14:30:01 2010
--- Log opened Wed Nov 10 16:12:45 2010
16:12 Closing query with bogdanbrkic_
--- Log closed Wed Nov 10 16:12:45 2010
--- Log opened Mon Nov 15 17:09:54 2010
17:09 Starting query in Bitlbee with bogdanbrkic_
17:09 bogdanbrkic_| reci misam oda li ti to radi posao..
17:09 bogdanbrkic_| http://nodeone.se/blogg/johan-falk/alternative-solution-to-organic-groups
--- Log closed Mon Nov 15 17:15:13 2010
--- Log opened Mon Nov 15 17:39:03 2010
17:39 Closing query with bogdanbrkic_
--- Log closed Mon Nov 15 17:39:03 2010
--- Log opened Thu Nov 18 20:02:47 2010
20:02 Starting query in Bitlbee with bogdanbrkic_
20:02 bogdanbrkic_| :) pecni kad mrdnes wfest
20:02 playahater| of skroz ..
20:02 playahater| evo me josh u office ..
20:03 playahater| chetkam da zatvorim stvar pa palim
20:03 bogdanbrkic_| kul
--- Log closed Thu Nov 18 20:09:13 2010
--- Log opened Thu Nov 18 20:27:36 2010
20:27 playahater| glasanje ukinuto i slichica zamenjena ..
20:28 playahater| bilo mi je jednostavnije da sklonim button glasaj 
20:28 playahater| jel to ok ?
20:31 bogdanbrkic_| ok .. samo pazi da li neko moze da aktivira preko linka ili xss glasanje 
20:31 bogdanbrkic_| ako me kapiras
20:32 playahater| of skroz .. ne brini .. 
20:32 playahater| kompletno disabled
20:32 playahater| :)
20:32 playahater| mrdnuo sam malo i css .. chisto da legne kako treba .. :) ..
20:33 playahater| prekontrolisatju josh jednom i palim ..
20:33 playahater| ako neshto .. vichi .. ;)
20:34 bogdanbrkic_| oks
20:34 bogdanbrkic_| tnx
20:34 bogdanbrkic_| i pali da se odmoris 
--- Log closed Thu Nov 18 20:40:13 2010
--- Log opened Thu Nov 18 20:52:00 2010
20:52 playahater| otisho sam lagano ..
20:52 playahater| jel postoji josh neki kljuch od office-a za veliku bravu ili je ovo jedini ?
20:52 playahater| :)
20:52 Closing query with bogdanbrkic_
--- Log closed Thu Nov 18 20:52:47 2010
--- Log opened Thu Nov 18 21:22:41 2010
21:22 Starting query in Bitlbee with bogdanbrkic_
21:22 bogdanbrkic_| sto
21:24 playahater| izgubio sam ga .. :P .. :) ..
21:24 playahater| shalim se ..
21:24 playahater| pa pitam .. onako ..
21:24 bogdanbrkic_| xaxaxax
21:24 bogdanbrkic_| :)
21:24 playahater| .. da vidim da li treba da budem sutra ovde pre devetke 
21:25 playahater| :)
21:25 playahater| nikako josh da krenem ..
21:25 playahater| zlo ..
21:27 bogdanbrkic_| na cemu radis
21:27 bogdanbrkic_| inace .. nina ima kljuc
21:27 bogdanbrkic_| koliko znam
21:28 playahater| ma peglam neka sranja .. ne pitaj ..
21:28 playahater| repovi .. 
21:28 bogdanbrkic_| ok
--- Log closed Thu Nov 18 21:34:13 2010
--- Log opened Thu Nov 18 21:56:26 2010
21:56 Closing query with bogdanbrkic_
--- Log closed Thu Nov 18 21:56:26 2010
--- Log opened Mon Nov 22 23:30:35 2010
23:30 Starting query in Bitlbee with bogdanbrkic_
23:30 bogdanbrkic_| na spavanje ;)
--- Log closed Mon Nov 22 23:36:06 2010
--- Log opened Mon Nov 22 23:54:25 2010
23:54          <-- bogdanbrkic_ has quit irc
--- Log closed Tue Nov 23 00:00:06 2010
--- Log opened Tue Nov 23 00:55:44 2010
00:55 Closing query with bogdanbrkic_
--- Log closed Tue Nov 23 00:55:44 2010
--- Log opened Thu Nov 25 16:12:05 2010
16:12 Starting query in Bitlbee with bogdanbrkic_
16:12 bogdanbrkic_| somi javi mi za ziri kad moze da se puni .. nakon sto apises report za Bojana
16:12 bogdanbrkic_| ja sam na onlive
16:12 bogdanbrkic_| :)
16:13 playahater| report sam poslao ..
16:13 playahater| sad bsh gledam za ziri ..
16:13 playahater| jel ok da se filtrira po sticky ?
16:14 playahater| to je najjednostavnije ..
16:14 playahater| u tom sluchaju ne moram da diram postojetji view ..
16:14 playahater| samo da kreiram josh jedan i isfiltriram nodove po sticky polju ..
16:15 playahater| ili shto bi nash narod reko .. Opcije objavljivanja
16:15 playahater| Zalepljeno na vrh liste
16:15 playahater| :)
16:15 Closing query with bogdanbrkic_
--- Log closed Thu Nov 25 16:15:41 2010
--- Log opened Thu Nov 25 16:27:49 2010
16:27 Starting query in Bitlbee with bogdanbrkic_
16:27 bogdanbrkic_| <FONT>sec</FONT>
16:32 bogdanbrkic_| <FONT>moram da imam opciju da mogu da ih orderujem kako zelim</FONT>
16:32 bogdanbrkic_| <FONT>jbga</FONT>
16:37 playahater| ok .. ubacitju taxonomiju ..
16:37 playahater| 2010 i 2009 ..
16:37 bogdanbrkic_| <FONT>oks</FONT>
16:37 bogdanbrkic_| <FONT>cim cim zavrsisi da ga punimo</FONT>
16:37 bogdanbrkic_| <FONT>:)</FONT>
16:37 playahater| a link? .. 
16:37 playahater| postojetji ziri ide u ziri 2009
16:37 playahater| i dodaje se ziri 2010
16:37 playahater| ?
16:38 bogdanbrkic_| <FONT>da</FONT>
16:38 playahater| ql
--- Log closed Thu Nov 25 16:44:05 2010
--- Log opened Thu Nov 25 16:51:45 2010
16:51 playahater| slike su vetj isechene?
16:51 playahater| za ziri
16:52 playahater| njihova profil slika ..
16:52 playahater| ili da napravim imagecache profil ?
16:54 bogdanbrkic_| <FONT>naprai imagecache</FONT>
--- Log closed Thu Nov 25 17:00:05 2010
--- Log opened Thu Nov 25 17:05:54 2010
17:05 playahater| napravio sam profil 150x180 ..
17:06 playahater| ako ne shtima .. vichi ..
17:06 playahater| :)
17:06 bogdanbrkic_| <FONT>vidi sliku koju je kika stavio u mailu </FONT>
17:06 bogdanbrkic_| <FONT>tj zipu</FONT>
17:06 bogdanbrkic_| <FONT>jel 150x..</FONT>
17:09 playahater| hmm .. da .. svima zakucane visine/shirine na 150
17:09 playahater| nije neophodan imagecache ..
17:09 playahater| :)
17:12 bogdanbrkic_| <FONT>reci kad mogu da probam</FONT>
17:12 playahater| kad mogu da probam .. 
17:12 playahater| :)
17:12 playahater| upravo gotovo
17:12 playahater| puni 2010 ..
17:12 bogdanbrkic_| <FONT>oks</FONT>
17:13 bogdanbrkic_| <FONT>javlam za 2o min</FONT>
17:13 playahater|  ja treba da izeditujem ove starije ..
17:13 playahater| da ih tagujem sa 2009
17:15 bogdanbrkic_| <FONT>oks</FONT>
17:15 bogdanbrkic_| <FONT>ja cu ove za 2010 da ubacim</FONT>
--- Log closed Thu Nov 25 17:21:05 2010
--- Log opened Thu Nov 25 18:08:38 2010
18:08 playahater| sponzori - done;
18:08 playahater| ziri ct - done;
18:08 playahater| views ziri 2009/2010 - done;
18:11 playahater| e sad .. ostali su baneri i page pobednici ..
18:12 playahater| baneri .. live-stream.png, ziri.gif i head-banner-pobednici.gif se kache sutra ili sad ?
18:12 playahater| i jel sam ispustio neshto?
18:12 playahater| :)
18:13 bogdanbrkic_| <FONT>sec</FONT>
18:13 playahater| ql
18:13 bogdanbrkic_| <FONT>banner i pobednici .. spremiti i suta samo ulinkovati </FONT>
18:14 bogdanbrkic_| <FONT>live stram ..sad cu da ti kazem</FONT>
18:14 bogdanbrkic_| <FONT>ziri png stavi</FONT>
18:14 bogdanbrkic_| <FONT>i da ide na 2010</FONT>
18:14 bogdanbrkic_| <FONT>ali stavi za jedno 20 min</FONT>
18:14 bogdanbrkic_| <FONT>pobednici sutra se kace</FONT>
18:14 bogdanbrkic_| <FONT>.. proveri sta sam napisao ;)</FONT>
18:14 bogdanbrkic_| <FONT>a ja sad punim ziri</FONT>
18:15 playahater| ok .. jasno .. :)
18:15 playahater| a sad pitanje .. :)
18:16 playahater| ziri.gif ide umesto postojetjeg braon banera "ziri web festa" ?
18:19 bogdanbrkic_| <FONT>moze</FONT>
18:20 playahater| ql
18:24 bogdanbrkic_| <FONT>sutra stavlamo i banner za live stream i link </FONT>
18:24 playahater| ql
18:26 bogdanbrkic_| <FONT>q</FONT>
--- Log closed Thu Nov 25 18:32:05 2010
--- Log opened Thu Nov 25 18:44:12 2010
18:44 bogdanbrkic_| <FONT>:))) vidi samo da li je na svim stranicam aalt na img u headeru gde j e datum zavtsetka </FONT>
18:44 bogdanbrkic_| <FONT>isi ko na slici </FONT>
18:44 bogdanbrkic_| <FONT>isti ..</FONT>
18:44 bogdanbrkic_| <FONT>cini mi se da nije </FONT>
--- Log closed Thu Nov 25 18:50:05 2010
--- Log opened Thu Nov 25 19:14:31 2010
19:14 playahater| sredio
19:14 playahater| :)
19:19 bogdanbrkic_| <FONT>oks</FONT>
19:20 bogdanbrkic_| <FONT> poslao sam ti za pobednike .. mail pre par min ..</FONT>
19:23 bogdanbrkic_| <FONT>i da na ziri stra .. u content type kad imas link .. stavi da ide u BLANK</FONT>
19:25 playahater| done;
19:28 playahater| nego .. gledam ovu stranu pobednici .. 
19:29 playahater| slika sajta, link do sajta, kategorija ..
19:29 playahater| ide po jedan sajt iz svake kategorije + 2 grand prix-a ?
19:30 playahater| a gde stoje ovi zlatni baneri ?
19:30 playahater| sva tri vode na istu stranicu ?
--- Log closed Thu Nov 25 19:36:05 2010
--- Log opened Thu Nov 25 20:17:58 2010
20:17 bogdanbrkic_| <FONT>zovem te </FONT>
20:21 playahater| ae
--- Log closed Thu Nov 25 20:27:05 2010
--- Log opened Thu Nov 25 21:02:23 2010
21:02 playahater| http://www.wfest.org/pobednici-2010
--- Log closed Thu Nov 25 21:08:05 2010
--- Log opened Thu Nov 25 21:08:45 2010
21:08 playahater| node/2540
21:09 playahater| unpublish-ovatju je ..
21:13 playahater| ima sigurno josh sitnog shtelovanja .. ali glavno je tu .. 
21:13 playahater| kad budem ubacivao listu pobednika .. doshtelovatjemo i pixele ..
--- Log closed Thu Nov 25 21:19:05 2010
--- Log opened Thu Nov 25 21:29:05 2010
21:29 bogdanbrkic_| <FONT>ok</FONT>
--- Log closed Thu Nov 25 21:34:05 2010
--- Log opened Fri Nov 26 00:05:00 2010
00:05          <-- bogdanbrkic_ has quit irc
--- Log closed Fri Nov 26 00:10:04 2010
--- Log opened Fri Nov 26 09:44:44 2010
09:44 Closing query with bogdanbrkic_
--- Log closed Fri Nov 26 09:44:44 2010
--- Log opened Mon Nov 29 15:41:52 2010
15:41 Starting query in Bitlbee with bogdanbrkic_
15:41 bogdanbrkic_| somi .. 
--- Log closed Mon Nov 29 15:46:54 2010
--- Log opened Mon Nov 29 15:48:01 2010
15:48 playahater| yo
15:49 bogdanbrkic_| <FONT>sad c uda te cimnem na mob .. za 5 min treba mi tvoj help </FONT>
15:49 playahater| ql
15:49 playahater| :)
15:49 bogdanbrkic_| <FONT>k</FONT>
--- Log closed Mon Nov 29 15:54:54 2010
--- Log opened Mon Nov 29 15:56:14 2010
15:56 bogdanbrkic_| <FONT>pogledaj .. ovaj link .. </FONT>
15:56 bogdanbrkic_| <FONT>http://client.diwanee.com/atfal-enfa/eng/about-us.php</FONT>
15:56 bogdanbrkic_| <FONT>i ovaj .. http://client.diwanee.com/atfal-enfa/eng/about-us-almarai.php</FONT>
15:56 bogdanbrkic_| <FONT>zanima me resenje strukture stranica .. navigacija i paneli nod kombinacija</FONT>
15:57 playahater| chek da vidim ..
15:58 bogdanbrkic_| <FONT>k</FONT>
15:58 playahater| ja tu, ako bash nema potrebe, ne bih meshao panele .. vidim da je kontent statichki ..
15:58 playahater| page/node template
15:59 playahater| podelio bih stranu na regione ..
15:59 playahater| right .. center .. bottom ..
15:59 playahater| pa bottom na 3 komada ..
15:59 playahater| ubacio blokove ..
--- Log closed Mon Nov 29 16:04:54 2010
--- Log opened Mon Nov 29 16:16:58 2010
16:16 Closing query with bogdanbrkic_
--- Log closed Mon Nov 29 16:16:58 2010
--- Log opened Wed Dec 01 10:17:41 2010
10:17 Starting query in Bitlbee with bogdanbrkic_
--- Log closed Wed Dec 01 10:23:28 2010
--- Log opened Wed Dec 01 11:15:17 2010
11:15 Closing query with bogdanbrkic_
--- Log closed Wed Dec 01 11:15:17 2010
--- Log opened Tue Mar 08 18:41:26 2011
18:41 Starting query in Bitlbee with bogdanbrkic_
18:41 playahater| http://dev.m3com.com.sa:8080/en/news
18:47 Closing query with bogdanbrkic_
--- Log closed Tue Mar 08 18:47:02 2011
