--- Log opened Thu Oct 14 12:39:28 2010
12:39 Starting query in Bitlbee with bogdanbrkic
12:39 bogdanbrkic| ola
12:41 playahater| yo yo yo
12:41 bogdanbrkic| Yo 
12:41 bogdanbrkic| samo da ti kazem da pustis glasanje 
12:41 bogdanbrkic| sad
12:41 playahater| upravo radim na tome .. :)
12:41 bogdanbrkic| to :)
12:41 bogdanbrkic| kul samo pecni kad pustis 
12:42 bogdanbrkic| a web snpr kad stigne kry onda cemo i to da sredimo za sada neka ide kak oide
12:42 playahater| ok ..
--- Log closed Thu Oct 14 12:47:34 2010
--- Log opened Thu Oct 14 12:59:27 2010
12:59 playahater| done
12:59 playahater| :)
12:59 bogdanbrkic| oks
12:59 bogdanbrkic| :)
--- Log closed Thu Oct 14 13:05:34 2010
--- Log opened Thu Oct 14 13:07:37 2010
13:07 playahater| postavio i prekontrolisao .. 
13:07 playahater| meni deluje sve ok ..
13:07 playahater| ako neshto primetish .. vichi
13:08 bogdanbrkic| ok .. i ja isto to radim .. nesto mi ne izbacijue log in seq… kad kliknem glasaj i nisam logovan
13:09 playahater| hmm .. chek chek .. ne izbacuje popup za login ??
13:09 bogdanbrkic| ne
13:09 playahater| nisam logovan .. kliknem glasaj .. otvori popup .. ulogujem se .. glasam .. 
13:09 playahater| to radi kod mene ..
13:10 playahater| evo i marija probala na dozeu ..
13:10 playahater| chek da vidim kod nine
13:10 bogdanbrkic| ok
13:10 bogdanbrkic| chrom
13:10 bogdanbrkic| ne radi
13:10 bogdanbrkic| :)
13:10 bogdanbrkic| fire fox radi
13:11 bogdanbrkic| neka mariaj isproba IE 6,7,8, i chrom i safari
13:11 playahater| chrome na dozeu kod nine .. radi
13:11 bogdanbrkic| meni nije hteo .. brisem kes pa gledam ponovo
13:12 bogdanbrkic| izgleda da je kes
13:15 bogdanbrkic| hm .. nesto nije ok sa rpx … u chrome cas radi cas ne ...
13:16 bogdanbrkic| ...
13:16 bogdanbrkic| od Ivana 
13:16 bogdanbrkic| Ivan:  nije dobro
13:16 bogdanbrkic| klik na baner ode na stranicu gde se preuzimaju baneri
13:16 bogdanbrkic| 17:09
13:16 bogdanbrkic| recko klikno na baner koji je testirao
13:16 bogdanbrkic| klik na baner ode na stranicu gde se preuzimaju baneri
13:16 bogdanbrkic| mislim na generisani i postavljen banner 
13:16 bogdanbrkic| jbga ..
13:19 playahater| uh .. chek .. 
13:20 playahater| ae opet .. :) .. 
13:20 playahater| nemam problem sa rpx-om .. 
13:20 playahater| probatju sad sa par razlichitih mashina ovde .. 
13:20 playahater| chisto da budemo sigurni ..
13:20 playahater| a nisam skapirao ovo za baner ..
13:21 bogdanbrkic| postavim banner na neki sajt (generisan banner)
13:21 playahater| ok
13:21 bogdanbrkic| i ka kliknem na nje ga
13:21 bogdanbrkic| ne ide na glasanje 
13:21 bogdanbrkic| proba jda postavi banner negde
13:22 bogdanbrkic| i klikni
13:22 playahater| uradjeno je da kad kliknesh na baner .. on te odvede na stranicu tog noda ..
13:23 playahater| a chekaj ..  treba da vodi na lista-sajtova?
13:25 bogdanbrkic| ali treba da glasa za taj sajt na klik (posle logina)
--- Log closed Thu Oct 14 13:30:34 2010
--- Log opened Thu Oct 14 13:30:54 2010
13:30 playahater| sad gledam .. jedino reshenje trenutno koje mi pada na pamet je da stavimo button glasaj direktno na nod .. 
13:31 playahater| korisnik klikne na baner .. dodje na nod projekta i glasa ..
13:31 bogdanbrkic| hm to moze ali trebalo bi da nakon klik_>login>ustvari automatski glasa
13:33 bogdanbrkic| stop
13:33 bogdanbrkic| skloni glasanje
13:33 bogdanbrkic| do daljenjg
13:33 bogdanbrkic| ne mozemo ovako bagovito je 
13:34 bogdanbrkic| a vidim da pnekad radi a ponekad ne ovo sa logovanjem
13:34 bogdanbrkic| za to imam resenje
13:34 bogdanbrkic| a za banner + glasanje razmisli .. doci cu ja u 18h .. pa cemo sesti da to sredimo ok
13:34 bogdanbrkic| a sad skloni ovo i radi an m3com
13:34 playahater| ok .. sklanjam .. 
13:35 bogdanbrkic| kul
--- Log closed Thu Oct 14 13:40:34 2010
--- Log opened Thu Oct 14 13:44:20 2010
13:44 Closing query with bogdanbrkic
--- Log closed Thu Oct 14 13:44:20 2010
--- Log opened Thu Oct 14 14:13:30 2010
14:13 Starting query in Bitlbee with bogdanbrkic
14:13 bogdanbrkic| cisto da znas poslao sa mti kod za web snpr
14:13 playahater| e da .. upravo sam video ..
14:14 playahater| sad tju da ga kliknem ..
14:14 bogdanbrkic| ako je samo konfig postavi sad ako je 30 min onda sacekaj da dodjem
--- Log closed Thu Oct 14 14:19:34 2010
--- Log opened Thu Oct 14 15:10:37 2010
15:10 Closing query with bogdanbrkic
--- Log closed Thu Oct 14 15:10:37 2010
--- Log opened Thu Oct 14 17:35:07 2010
17:35 Starting query in Bitlbee with bogdanbrkic
17:35 bogdanbrkic| stizem ja u kanc do 1830 .. (reci mi jel idete na Drpal.rs meetup)
17:40 playahater| pa planirali smo ..
17:40 playahater| sve zavisi od webfesta :D
17:42 bogdanbrkic| oks
17:42 bogdanbrkic| reci mi to pocinje u 20h
17:43 playahater| da
17:43 playahater| http://drupal.rs/doga%C4%91aji/okupljanje-3
17:44 bogdanbrkic| oks
17:44 bogdanbrkic| vidimo se uskoro .. 
17:44 playahater| ajd ..
17:44 playahater| :)
17:49 Closing query with bogdanbrkic
--- Log closed Thu Oct 14 17:49:13 2010
--- Log opened Thu Oct 14 23:41:16 2010
23:41 Starting query in Bitlbee with bogdanbrkic
23:41 bogdanbrkic| jes tu
23:41 bogdanbrkic| uglavnom
23:41 bogdanbrkic| kad se logujes vraca ti poruku na Engleskom ..
23:42 bogdanbrkic| a kad se ulogujem onda mi vrati "Uspeshno ste glasali"
23:42 bogdanbrkic| zameni pls sh = u pravo s (sa kukicom)
23:43 bogdanbrkic| i namesti da ima sliku za zatvarnje lightboxa jer trenutno fali close X
23:44 bogdanbrkic| + da li ikako moze ali ne danas da kad glasas da ti vise ne iskace JS da ste uspesno glasali
23:46 playahater| poruku sam ispravio ..
23:46 bogdanbrkic| oks
23:46 playahater| a ovo poslednje nisam skontao
23:46 playahater| :)
23:46 bogdanbrkic| ubaci X img
23:46 bogdanbrkic| fali na tom dijalogu
23:46 bogdanbrkic| slika za close
23:47 playahater| ok .. sad tju da vidim 
23:47 playahater| a shta mu ovo dodje "da li ikako moze ali ne danas da kad glasas da ti vise ne iskace JS da ste uspesno glasali" ?
23:47 playahater| :)
23:48 bogdanbrkic| e da
23:48 bogdanbrkic| kad sa mglasao
23:48 bogdanbrkic| na toj strani su jos svi zeleni dugmici .. i kad kliknem na neki
23:48 bogdanbrkic| on mi kaze Hvala sto se glasali ili tako nesto
23:48 bogdanbrkic| neko ce da istripuje da omze da glasa vise puta
23:49 playahater| pa ti dugmitji su za sad zeleni dok ne uradish reload stranice
23:49 playahater| to tjemo da vidimo da reshimo na neki nachin ..
23:49 playahater| za sad moze ovako,a?
23:49 playahater| :)
23:49 bogdanbrkic| moze
23:49 playahater| to mi reci
23:50 bogdanbrkic| reci mi da li mozesda alterujes samo JS
23:50 bogdanbrkic| na tom dugmetu ili ne
23:50 bogdanbrkic| tipa imate samo jednom pravo da glgasate
23:50 bogdanbrkic| Hvala
23:50 bogdanbrkic| ako je to neka logistika sad
23:50 bogdanbrkic| onda nista
23:52 playahater| kad klikensh da glasash .. i iskochi ti modal sa porukom "Uspeshno ste glasali" .. da pishe i "imate samo jednom pravo da glgasate"  ?
23:52 bogdanbrkic| ne
23:52 bogdanbrkic| :)
23:52 playahater| lol
23:52 bogdanbrkic| batali
23:52 bogdanbrkic| ajmo ovako
23:52 bogdanbrkic| pusti glasanje
23:52 bogdanbrkic| pa cemo ujutro da vidimo status .. da li jos radi i sl
23:53 bogdanbrkic| bice pitanja itd .. pa cemo posle posla sutra dasumiramo
23:53 bogdanbrkic| :)
23:53 playahater| drugim rechima .. zabod .. pa nastavljamo sutra ?
23:53 playahater| :)
23:54 playahater| aa .. pusti u smislu .. objavi ..
23:54 bogdanbrkic| da
23:54 playahater| brate .. puko sam nachisto
23:54 playahater| :(
23:54 bogdanbrkic| s tim da pusti glasanje
23:54 bogdanbrkic| i necemo da promovisemo nista do ponedljaka
23:54 bogdanbrkic| ali ce glasanje da radi
23:54 bogdanbrkic| kapiram
23:54 bogdanbrkic| zamor mozga
23:54 playahater| ne verujesh ..
23:54 bogdanbrkic| ajd na spavanje
23:54 playahater| pushtam .. i odoh da zabadam ..
23:54 playahater| vidimo se sutra ..
23:55 bogdanbrkic| kapiarm te
23:55 bogdanbrkic| ali vidi se kraj ovom wfestu
23:55 bogdanbrkic| vidim ose
23:55 bogdanbrkic| pozdarv
23:55 playahater| :)
23:55 playahater| ae ..
--- Day changed Fri Oct 15 2010
00:00 Closing query with bogdanbrkic
--- Log closed Fri Oct 15 00:00:36 2010
--- Log opened Fri Oct 15 00:01:07 2010
00:01 Starting query in Bitlbee with bogdanbrkic
00:01 bogdanbrkic| http://www.wfest.org/facebox/closelabel.gif
00:01 bogdanbrkic| ova fotka fali
00:01 bogdanbrkic| toje za dijalog u lightboxu
--- Log closed Fri Oct 15 00:06:44 2010
--- Log opened Fri Oct 15 00:08:31 2010
00:08          <-- bogdanbrkic has quit irc
--- Log closed Fri Oct 15 00:13:44 2010
--- Log opened Fri Oct 15 00:14:15 2010
00:14 Closing query with bogdanbrkic
--- Log closed Fri Oct 15 00:14:15 2010
--- Log opened Fri Oct 15 15:46:13 2010
15:46 Starting query in Bitlbee with bogdanbrkic
15:46 bogdanbrkic| M, jesi se cuo sa Markom 
15:46 bogdanbrkic| u vezi PHP i thumbova za Tube
15:46 bogdanbrkic| PHP = prayer i sl 
--- Log closed Fri Oct 15 15:52:31 2010
--- Log opened Fri Oct 15 16:20:31 2010
16:20 Closing query with bogdanbrkic
--- Log closed Fri Oct 15 16:20:31 2010
--- Log opened Fri Oct 15 16:33:28 2010
16:33 Starting query in Bitlbee with bogdanbrkic
16:33 bogdanbrkic| daj mi IP spolji preko koga moze da se kaci na DB
16:33 bogdanbrkic| m3com
--- Log closed Fri Oct 15 16:38:31 2010
--- Log opened Fri Oct 15 16:59:26 2010
16:59 Closing query with bogdanbrkic
--- Log closed Fri Oct 15 16:59:26 2010
--- Log opened Mon Oct 18 21:39:08 2010
21:39 Starting query in Bitlbee with bogdanbrkic
21:39 bogdanbrkic| nadam se da ne radis ..
21:40          <-- bogdanbrkic has quit irc
21:44          <-- bogdanbrkic has quit irc
--- Log closed Mon Oct 18 21:49:17 2010
--- Log opened Mon Oct 18 23:43:56 2010
23:43 Closing query with bogdanbrkic
--- Log closed Mon Oct 18 23:43:56 2010
--- Log opened Fri Oct 22 11:55:48 2010
11:55 Starting query in Bitlbee with bogdanbrkic
11:55 bogdanbrkic| daj mi tvoj IP 
11:59          <-- bogdanbrkic has quit irc
--- Log closed Fri Oct 22 12:04:39 2010
--- Log opened Fri Oct 22 12:05:00 2010
12:05 playahater| addr:192.168.0.134
12:05 Closing query with bogdanbrkic
--- Log closed Fri Oct 22 12:05:08 2010
--- Log opened Sun Nov 07 18:25:37 2010
18:25 Starting query in Bitlbee with bogdanbrkic
18:25 bogdanbrkic| kako ide
18:26 playahater| e .. ziri glasanje radi .. 
18:26 playahater| sad se trudim da sredim grand pri
18:26 bogdanbrkic| to mi reci
18:26 bogdanbrkic| jel i izgeda
18:26 bogdanbrkic| :)
18:26 playahater| pa ..
18:26 bogdanbrkic| kad bude spremno ti reci
18:27 playahater| ostalo je grand pri i page layout
18:27 playahater| teaser i glasanje po bodovima je ok
18:29 playahater| nego ne znam da l odmah live da ide .. ili da stavimo na neki drugi podomen  ?
18:29 playahater| ziri beshe ne glasa nad svim ovim sajtovima .. nego tek treba da dobijemo listu sajtova za njih,a?
18:29 playahater| to je drugi view 
18:30 bogdanbrkic| tako je
18:30 bogdanbrkic| poslacu ti export koji imam .. da li ce moga zameniti novim sutra finalnim ..
18:30 bogdanbrkic| mozes pod domen .. ali to su isti nodovi jel tako ?
18:31 playahater| isti
18:31 playahater| videtjemo samo kako tjemo da ih isfiltriramo .. 
18:32 bogdanbrkic| ok .. posalcu ti sad preslelkciju .. a sutra oko podneva ide finalna
18:32 bogdanbrkic| ali veceras moramo da imam osve ..
18:32 playahater| da da .. radim silovito na tome .. :)
18:33 Closing query with bogdanbrkic
--- Log closed Sun Nov 07 18:33:26 2010
--- Log opened Sun Nov 07 18:34:00 2010
18:34 Starting query in Bitlbee with bogdanbrkic
18:34 bogdanbrkic| respect .. reci mi forma za import koji ti je naj
18:34 playahater| forma za import ?
18:35 bogdanbrkic| format dokumenta
18:35 bogdanbrkic| excel,
18:35 bogdanbrkic| ili csv
18:36 playahater| hmm .. pa ne treba da importujemo .. nego da isfiltriramo postojetje nodove na osnovu tog csv-a(xls-a)
18:36 bogdanbrkic| ok
18:36 playahater| videtju koji je najjednostavniji nachin ..
18:36 bogdanbrkic| cim mi stigne ja ti saljem ..
18:36 bogdanbrkic| a cujemo se jos d\veceraas
18:36 bogdanbrkic| pusti mi sms ..
18:36 bogdanbrkic| :) tnx
18:36 playahater| e .. zaboo mi android ..
18:37 playahater| netje se butuje ..
18:37 playahater| tu smo na chetu ..
18:37 playahater| :(
18:37 bogdanbrkic| :) dil
18:37 playahater| shibnutju ti mail kad uglobim stvar .. :)
--- Log closed Sun Nov 07 18:43:01 2010
--- Log opened Mon Nov 08 11:03:37 2010
11:03 Starting query in Bitlbee with bogdanbrkic
11:03 bogdanbrkic| pecni kad podignete
11:04 playahater| ok
11:04 Closing query with bogdanbrkic
--- Log closed Mon Nov 08 11:04:27 2010
--- Log opened Mon Nov 08 11:04:33 2010
11:04 Starting query in Bitlbee with bogdanbrkic
11:04 bogdanbrkic| k
11:04 Closing query with bogdanbrkic
--- Log closed Mon Nov 08 11:04:40 2010
--- Log opened Tue Nov 30 13:18:01 2010
13:18 Starting query in Bitlbee with bogdanbrkic
13:18 bogdanbrkic| imas 1min
--- Log closed Tue Nov 30 13:23:58 2010
--- Log opened Tue Nov 30 13:26:34 2010
13:26 playahater| yup
13:27 Closing query with bogdanbrkic
--- Log closed Tue Nov 30 13:27:08 2010
--- Log opened Tue Nov 30 13:33:38 2010
13:33 Starting query in Bitlbee with bogdanbrkic
13:33 bogdanbrkic| <FONT>svrati kad mozes</FONT>
--- Log closed Tue Nov 30 13:38:58 2010
--- Log opened Tue Nov 30 14:10:26 2010
14:10 playahater| http://groups.drupal.org/node/25144
14:10 playahater| i ovo je jedno od reshenja =>  http://drupal.org/project/noderelationships
--- Log closed Tue Nov 30 14:15:58 2010
--- Log opened Tue Nov 30 15:49:04 2010
15:49 Closing query with bogdanbrkic
--- Log closed Tue Nov 30 15:49:04 2010
--- Log opened Tue Nov 30 15:53:36 2010
15:53 Starting query in Bitlbee with bogdanbrkic
15:53 playahater| http://client.agena.rs/m3com/prototype-html/_main/album/album-picture.html
15:56 bogdanbrkic| <FONT>problem sa hostingom</FONT>
--- Log closed Tue Nov 30 16:02:58 2010
--- Log opened Tue Nov 30 16:41:28 2010
16:41 Closing query with bogdanbrkic
--- Log closed Tue Nov 30 16:41:28 2010
--- Log opened Wed Dec 01 13:35:38 2010
13:35 Starting query in Bitlbee with bogdanbrkic
13:35 bogdanbrkic| [resent] <FONT>reci mi da bi mi edit otvarao sa language prefixom tipa http://atfal/ar/node/116/edit .. sta treba da se ukljuci</FONT>
--- Log closed Wed Dec 01 13:41:28 2010
--- Log opened Wed Dec 01 14:01:26 2010
14:01 playahater| samo path prefix
14:01 bogdanbrkic| <FONT>ox</FONT>
14:01 playahater| admin/settings/language/configure
14:02 playahater| i proveri admin/settings/language/i18n
14:02 playahater| only current language
14:03 bogdanbrkic| <FONT>tnx </FONT>
14:03 bogdanbrkic| <FONT>kad imas 23 min svrati .. ;)</FONT>
14:04 playahater| ok ..
--- Log closed Wed Dec 01 14:10:28 2010
--- Log opened Wed Dec 01 14:36:13 2010
14:36 Closing query with bogdanbrkic
--- Log closed Wed Dec 01 14:36:13 2010
--- Log opened Wed Dec 01 15:37:48 2010
15:37 Starting query in Bitlbee with bogdanbrkic
15:37 bogdanbrkic| <FONT>http://drupal.org/node/215927</FONT>
--- Log closed Wed Dec 01 15:43:28 2010
--- Log opened Wed Dec 01 16:46:17 2010
16:46 Closing query with bogdanbrkic
--- Log closed Wed Dec 01 16:46:17 2010
--- Log opened Tue Dec 07 17:02:14 2010
17:02 Starting query in Bitlbee with bogdanbrkic
17:02 bogdanbrkic| [resent] <FONT>ola</FONT>
17:02 bogdanbrkic| <FONT>..</FONT>
17:02 playahater| yo
17:02 playahater| da scratim?
17:02 playahater| :)
17:02 playahater| *svratim
17:03 bogdanbrkic| <FONT>daj mi onaj deoekoda koij mi vadi paent term id ako mu ja dam chid term (tj preko trenutno ucitanog noda)</FONT>
17:03 bogdanbrkic| <FONT>ja imam node id </FONT>
17:03 bogdanbrkic| <FONT>i treba mi parent on terma koji je vezan za nod </FONT>
17:03 bogdanbrkic| <FONT>:)</FONT>
17:03 playahater| ql
17:03 playahater| chek
17:03 bogdanbrkic| <FONT>ok</FONT>
17:03 bogdanbrkic| <FONT>tnx</FONT>
--- Log closed Tue Dec 07 17:09:27 2010
--- Log opened Tue Dec 07 17:10:37 2010
17:10 playahater| http://api.drupal.org/api/drupal/modules--taxonomy--taxonomy.module/function/taxonomy_select_nodes/6
17:14 bogdanbrkic| <FONT>tnx</FONT>
17:17 Closing query with bogdanbrkic
--- Log closed Tue Dec 07 17:17:28 2010
--- Log opened Tue Dec 07 18:03:42 2010
18:03 Starting query in Bitlbee with bogdanbrkic
18:03 playahater|                   <?php
18:03 playahater|                       $vocabularies = taxonomy_get_vocabularies();
18:03 playahater|                       foreach($vocabularies as $vocabulary) {
18:03 playahater|                         if ($vocabularies) {
18:03 playahater|                           $terms = taxonomy_node_get_terms_by_vocabulary($node, $vocabulary->vid);
18:03 playahater|                           if ($terms) {
18:03 playahater|                             foreach ($terms as $term) {
18:03 playahater|                               print '<div class="span-2 last">' . l($term->name, 'taxonomy/term/'.$term->tid) . '</div>';
18:03 playahater|                             }
18:03 playahater|                           }
18:03 playahater|                         }
18:03 playahater|                       }
18:03 playahater|                   ?>
--- Log closed Tue Dec 07 18:09:27 2010
--- Log opened Tue Dec 07 18:58:18 2010
18:58 Closing query with bogdanbrkic
--- Log closed Tue Dec 07 18:58:18 2010
--- Log opened Thu Dec 09 14:05:31 2010
14:05 Starting query in Bitlbee with bogdanbrkic
14:05 bogdanbrkic| [resent] <FONT>ako se secas .. problema sa taxonomijom i parenta .. mislsim da ga imam ..</FONT>
14:05 bogdanbrkic| <FONT>taxonomy_get_parents($term-&gt;tid)</FONT>
14:05 bogdanbrkic| <FONT>videcemo jos </FONT>
--- Log closed Thu Dec 09 14:10:58 2010
--- Log opened Thu Dec 09 14:36:18 2010
14:36 playahater| e pa da .. ima i ta funkcija ..
14:36 playahater| to je vezano za onaj usecase gde treba da shtampash sliku ?
14:40 playahater| smara neshto net ovde .. 
14:40 playahater| chas ima chas nema ..
14:40 playahater| :)
14:41 playahater| uglavnom .. jel to vezano za onu sliku shto smo jurili da odshtampamo ?
14:41 bogdanbrkic| [resent] <FONT>da</FONT>
14:41 bogdanbrkic| <FONT>evo kockam .. sad mi je sve jasno ..</FONT>
14:42 bogdanbrkic| <FONT>moze i preko views ..a radim preko koda jer ce mi treba ti formatiranje html .. pa da budemo u duhu </FONT>
14:42 bogdanbrkic| <FONT>;)</FONT>
14:43 playahater| jel si izvalio shto ne pokazuje onaj "parent" node u taxonomy filteru na content stranici ?
14:43 playahater| pokazuje 3 iz te kategorije ..
14:43 playahater| trebalo bi 4
14:43 playahater| i tachno taj jedan shto fali .. ti treba ..
14:47 bogdanbrkic| <FONT>pokazacu ti iz debugera .. gde sta belezi </FONT>
14:47 bogdanbrkic| <FONT>tu je neki problem .. </FONT>
14:48 bogdanbrkic| <FONT>no kad malo vremena dobijmo . proci cemo da bi znali za next time</FONT>
14:48 bogdanbrkic| <FONT>:)</FONT>
14:48 playahater| pod obavezno ;)
14:48 playahater| imam i ja par finti za views/panels .. ;)
14:49 bogdanbrkic| <FONT>to mi reci !</FONT>
--- Log closed Thu Dec 09 14:54:58 2010
--- Log opened Thu Dec 09 14:57:22 2010
14:57 Closing query with bogdanbrkic
--- Log closed Thu Dec 09 14:57:22 2010
--- Log opened Sat Dec 11 11:18:43 2010
11:18 Starting query in Bitlbee with bogdanbrkic
11:18 bogdanbrkic| [resent] <FONT>sorrry za cim .. trebas mi za git .. </FONT>
11:18 playahater| ae ..
11:19 bogdanbrkic| <FONT>kad budes imao 1min</FONT>
11:19 bogdanbrkic| <FONT>svrati</FONT>
--- Log closed Sat Dec 11 11:24:29 2010
--- Log opened Sat Dec 11 11:57:13 2010
11:57 Closing query with bogdanbrkic
--- Log closed Sat Dec 11 11:57:13 2010
--- Log opened Sat Dec 11 13:44:49 2010
13:44 Starting query in Bitlbee with bogdanbrkic
13:44 bogdanbrkic| <FONT>reci mi pre pusha da li treba nesto da cekiram .. cista da sam safe</FONT>
13:45 bogdanbrkic| <FONT>treba da pushujem 2 modula .. </FONT>
13:45 playahater| nishta posebno ..
13:45 playahater| proveri git status ..
13:45 bogdanbrkic| <FONT>push orogin develop</FONT>
13:45 bogdanbrkic| <FONT>to ej to </FONT>
13:45 playahater| da
13:45 bogdanbrkic| <FONT>oks </FONT>
13:45 bogdanbrkic| <FONT>tnx</FONT>
13:45 playahater| pre toga uradi git pull
13:46 playahater| ako git pull prodje ok .. 
13:46 playahater| idesh na push
13:46 bogdanbrkic| <FONT>to sam uradio</FONT>
13:46 bogdanbrkic| <FONT>sve ok</FONT>
13:46 playahater| ql
13:46 bogdanbrkic| <FONT>i onda status .. prijavljuje moje module .. </FONT>
13:46 playahater| si uradio git add ?
13:46 playahater| pre pull i push ..
13:46 bogdanbrkic| <FONT>naravno d anisam .. </FONT>
13:46 bogdanbrkic| <FONT>sad sam to skapirao</FONT>
13:46 playahater| :)
13:47 bogdanbrkic| <FONT>koja je cmd naredba</FONT>
13:47 playahater| git add /naziv/dira
13:47 playahater| ali nemoj recurzivno da dodajesh sve ..
13:47 bogdanbrkic| <FONT>ok tos ami mislio tnx</FONT>
13:47 playahater| vetj daj putanju do samog modula ..
13:47 playahater| tipa ..
13:47 bogdanbrkic| <FONT>to sam mislio</FONT>
13:47 bogdanbrkic| <FONT>jedan p jedan</FONT>
13:47 playahater| git add sites/all/modules/mojmodul1
13:47 playahater| git add sites/all/modules/mojmodul2
13:47 playahater| da
13:48 bogdanbrkic| <FONT>git add sites/all/modules/shema<BR></FONT>
13:48 playahater| moze
13:48 bogdanbrkic| <FONT>oks</FONT>
13:48 playahater| i nakon add ..
13:48 playahater| uradish git status ..
13:48 playahater| ako je status clean ..
13:48 playahater| radish pull
13:48 playahater| pa push
13:49 playahater| izmedju *svake" komande radish git status
13:49 playahater| da vidish shta si uradio .. i shta ti git vratja ..
13:49 playahater| svake
13:49 playahater| :)
13:49 bogdanbrkic| <FONT>ok razumeo </FONT>
13:49 playahater| ql
13:49 bogdanbrkic| <FONT>idemo</FONT>
13:49 playahater| :)
--- Log closed Sat Dec 11 13:55:29 2010
--- Log opened Sat Dec 11 13:58:01 2010
13:58 bogdanbrkic| <FONT>..</FONT>
13:58 bogdanbrkic| <FONT># On branch develop<BR># Changes to be committed:<BR></FONT>
13:58 bogdanbrkic| <FONT>to mij e vratio git status</FONT>
13:58 playahater| stizem ..
13:58 playahater| :)
13:58 bogdanbrkic| <FONT>pa ide lista fajlova .. koje sam push</FONT>
13:58 bogdanbrkic| <FONT>tnx</FONT>
13:58 bogdanbrkic| <FONT>sorry</FONT>
--- Log closed Sat Dec 11 14:04:29 2010
--- Log opened Sat Dec 11 14:16:56 2010
14:16 Closing query with bogdanbrkic
--- Log closed Sat Dec 11 14:16:56 2010
--- Log opened Sun Dec 12 00:22:50 2010
00:22 Starting query in Bitlbee with bogdanbrkic
00:22 playahater| python -m SimpleHTTPServer
--- Log closed Sun Dec 12 00:28:29 2010
--- Log opened Sun Dec 12 02:25:31 2010
02:25 Closing query with bogdanbrkic
--- Log closed Sun Dec 12 02:25:31 2010
--- Log opened Tue Dec 21 13:58:06 2010
13:58 Starting query in Bitlbee with bogdanbrkic
13:58 playahater| druze .. dodaj miroljuba u redmine
13:58 playahater| :)
13:58 bogdanbrkic| <FONT>stize</FONT>
--- Log closed Tue Dec 21 14:03:35 2010
--- Log opened Tue Dec 21 14:03:43 2010
14:03 bogdanbrkic| <FONT>dodat</FONT>
14:03 playahater| ql
14:03 playahater| 10x
14:03 bogdanbrkic| <FONT>neka proba login i sl </FONT>
14:05 playahater| ok ..
14:05 playahater| a koji mu je pass?
14:05 playahater| poslat na mail?
14:05 bogdanbrkic| <FONT>trebalo bi</FONT>
14:05 bogdanbrkic| <FONT>neka proba</FONT>
14:05 bogdanbrkic| <FONT>trebal ob ida ima u mailu</FONT>
14:05 bogdanbrkic| <FONT>i neka ga odmah menja</FONT>
14:05 bogdanbrkic| <FONT>!</FONT>
14:05 playahater| sve ok .. ima na mailu
14:06 Closing query with bogdanbrkic
--- Log closed Tue Dec 21 14:06:51 2010
--- Log opened Tue Dec 21 18:03:28 2010
18:03 Starting query in Bitlbee with bogdanbrkic
18:03 bogdanbrkic| <FONT>ola </FONT>
18:04 bogdanbrkic| <FONT>sutra cemo sesti i na bazi redmine da vidimo sta cemo uraditi do sl petka (100%)</FONT>
18:06 playahater| green .. :)
--- Log closed Tue Dec 21 18:11:35 2010
--- Log opened Tue Dec 21 18:21:04 2010
18:21 Closing query with bogdanbrkic
--- Log closed Tue Dec 21 18:21:04 2010
--- Log opened Wed Dec 22 10:55:11 2010
10:55 Starting query in Bitlbee with bogdanbrkic
10:55 bogdanbrkic| <FONT>e da kapiram da to vec radis .. dodeljuj takodje ljudima tikete i sl .. tacnije navodi ih kad treba i ima potrebe za tim ..</FONT>
--- Log closed Wed Dec 22 11:00:45 2010
--- Log opened Wed Dec 22 11:01:52 2010
11:01 playahater| da da .. naravno .. nego ae kad svi unesu sve .. i odredimo prioritete .. onda tjemo da se raspodelimo i ispeglamo stvar ..
11:02 bogdanbrkic| <FONT>naravno .. </FONT>
11:02 bogdanbrkic| <FONT>u 12h sedimo i gledamo ja i ti prioritete</FONT>
11:03 playahater| si
11:03 playahater| :)
11:03 bogdanbrkic| <FONT>kulusic </FONT>
11:03 bogdanbrkic| <FONT>:)</FONT>
11:04 Closing query with bogdanbrkic
--- Log closed Wed Dec 22 11:04:10 2010
--- Log opened Wed Dec 22 12:56:09 2010
12:56 Starting query in Bitlbee with bogdanbrkic
12:56 bogdanbrkic| <FONT>jedan savet … </FONT>
12:57 bogdanbrkic| <FONT>kapiram da si dao sate za svaki task .. ili su oni  - u sv sluc na bazi svog iskustva ih prekontrolisi .. i onda planirano dan ranije planiraj sta treba d azavrse u toku sutrasnjeg dana ..</FONT>
12:57 bogdanbrkic| <FONT>tako da ias realan osecaj progresije .. ako me kapiras .. </FONT>
12:57 bogdanbrkic| <FONT>sretno kod zube</FONT>
--- Log closed Wed Dec 22 13:02:45 2010
--- Log opened Wed Dec 22 14:00:49 2010
14:00 playahater| to je redmine sam skontao vreme .. ja kolko se setjam nisam nishta dodatno podeshavao u vezi toga .. 
14:00 playahater| mada prekontrolisatju ..
14:01 playahater| inache .. razvlalila me .. i to ne u dobrom smislu .. :/
14:01 playahater| :)
14:01 bogdanbrkic| <FONT>oks</FONT>
14:02 bogdanbrkic| <FONT>:)</FONT>
--- Log closed Wed Dec 22 14:08:45 2010
--- Log opened Wed Dec 22 14:09:16 2010
14:09 Closing query with bogdanbrkic
--- Log closed Wed Dec 22 14:09:16 2010
--- Log opened Wed Dec 22 16:31:41 2010
16:31 Starting query in Bitlbee with bogdanbrkic
--- Log closed Wed Dec 22 16:36:45 2010
--- Log opened Wed Dec 22 16:39:14 2010
16:39 Closing query with bogdanbrkic
--- Log closed Wed Dec 22 16:39:14 2010
--- Log opened Mon Dec 27 13:56:11 2010
13:56 Starting query in Bitlbee with bogdanbrkic
13:56 bogdanbrkic| da imas info 
13:56 bogdanbrkic| note that the feeds will be changed to Korabia (ip:196.204.80.146, port:36,
13:56 bogdanbrkic| username:m3com, password:m3com#admin) this feed also contains the data for
13:56 bogdanbrkic| the islam news section on m3com.
13:56 bogdanbrkic| bitn ojer ce se odatle citait xml za islam
13:56 playahater| al beshe se na toj ip adresi nishta ne javlja?
13:57 bogdanbrkic| <FONT>da </FONT>
13:57 bogdanbrkic| <FONT>sad bijem s anjima</FONT>
13:57 bogdanbrkic| <FONT>ali da imas idej usta se desava i da je bitan za news</FONT>
13:57 playahater| aha .. ql ..
13:57 playahater| jasno ..
13:57 bogdanbrkic| <FONT>:)</FONT>
13:57 playahater| stavitju na redmine,a?
13:57 bogdanbrkic| <FONT>ok</FONT>
13:57 playahater| ql
14:00 Closing query with bogdanbrkic
--- Log closed Mon Dec 27 14:00:15 2010
--- Log opened Tue Dec 28 15:14:58 2010
15:14 Starting query in Bitlbee with bogdanbrkic
15:14 bogdanbrkic| [resent] <FONT>kako napredujemo .. </FONT>
15:15 playahater| ja sam na ctools/dialog ..
15:15 bogdanbrkic| <FONT>je ti ide</FONT>
15:15 playahater| jeci dao par hinta oko feeds-a ..
15:15 bogdanbrkic| <FONT>oks </FONT>
15:15 bogdanbrkic| <FONT>jel se nazire kod nje kraj</FONT>
15:15 bogdanbrkic| <FONT>za sport </FONT>
15:15 bogdanbrkic| <FONT>po tebi</FONT>
15:16 playahater| mislim da da ..
15:16 bogdanbrkic| <FONT>i reci mi sta Tiac radi</FONT>
15:16 playahater| videtju sad kako joj ide taj feeds ..
15:16 bogdanbrkic| <FONT>tici</FONT>
15:16 bogdanbrkic| <FONT>?</FONT>
15:17 playahater| titja pegla kids .. tu je vishe/manje chista fizikalija .. a ima je .. :) .
15:17 bogdanbrkic| <FONT>ajde dodji za 1h .. da prodjemo detalje .. </FONT>
15:17 bogdanbrkic| <FONT>to mi reci </FONT>
15:17 bogdanbrkic| <FONT>extra</FONT>
--- Log closed Tue Dec 28 15:22:47 2010
--- Log opened Tue Dec 28 16:46:52 2010
16:46 Closing query with bogdanbrkic
--- Log closed Tue Dec 28 16:46:52 2010
--- Log opened Wed Dec 29 10:06:54 2010
10:06 Starting query in Bitlbee with bogdanbrkic
10:06 bogdanbrkic| <FONT>.. somi .. reci mi da li si se cuo sa Drupal tipovima .. da se jave .. </FONT>
--- Log closed Wed Dec 29 10:12:18 2010
--- Log opened Wed Dec 29 10:24:22 2010
10:24          <-- bogdanbrkic has quit irc
--- Log closed Wed Dec 29 10:30:18 2010
--- Log opened Wed Dec 29 11:26:01 2010
11:26 Closing query with bogdanbrkic
--- Log closed Wed Dec 29 11:26:01 2010
--- Log opened Wed Dec 29 16:22:32 2010
16:22 Starting query in Bitlbee with bogdanbrkic
16:22 bogdanbrkic| [resent] <FONT>imas 3 min ;)</FONT>
16:22 bogdanbrkic| <FONT>need help</FONT>
16:25 playahater| ql .. stizem ..
16:26 bogdanbrkic| <FONT>tnx</FONT>
16:26 bogdanbrkic| <FONT>prso mi je mozak</FONT>
16:26 bogdanbrkic| <FONT>barem ono malo to je ostalo </FONT>
16:27 Closing query with bogdanbrkic
--- Log closed Wed Dec 29 16:27:23 2010
--- Log opened Fri Dec 31 14:02:50 2010
14:02 Starting query in Bitlbee with bogdanbrkic
14:02 playahater| yo ..
14:03 playahater| mislim da sam ti istovario proshli put sve shto sam imao ..]
14:03 playahater| al sad tju da opet da proverim ..
14:03 playahater| chek ..
14:04 bogdanbrkic| [resent] <FONT>oks</FONT>
14:04 bogdanbrkic| <FONT>sad sa skinuo od jelene i tijane</FONT>
14:05 playahater| jel prosho jelenin import ?
14:05 playahater| kad sam ja krenuo oko pola keca .. on je josh radio ..
14:05 bogdanbrkic| <FONT>njoj jeste juce.. samo smo db uzeli i njen files</FONT>
14:06 bogdanbrkic| <FONT>nismo cronovali sa server new .. </FONT>
14:06 playahater| aha .. ql ..
14:06 bogdanbrkic| <FONT>da se sad ne zajeb...</FONT>
14:06 bogdanbrkic| <FONT>:)</FONT>
14:06 playahater| :)
14:06 playahater| ima smisla .. :)
--- Log closed Fri Dec 31 14:11:58 2010
--- Log opened Fri Dec 31 14:17:31 2010
14:17 bogdanbrkic| <FONT>tnx</FONT>
14:17 bogdanbrkic| <FONT>sorry za cim</FONT>
14:17 bogdanbrkic| <FONT>uzivaj i pozdravi marka i dobar provod odmor ovih dana ti zelim</FONT>
14:19 playahater| ma opushteno druze .. 
14:19 playahater| uzivajte i vi .. dobar provod/odmor .. ;)
14:20 bogdanbrkic| <FONT>:)</FONT>
14:25 Closing query with bogdanbrkic
--- Log closed Fri Dec 31 14:25:35 2010
--- Log opened Mon Jan 10 16:05:04 2011
16:05 Starting query in Bitlbee with bogdanbrkic
16:05 bogdanbrkic| somi treba mi tvoja pomoc i koncentracija za rss 
16:05 bogdanbrkic| ako ims 3 min
16:05 playahater| ok .. stizem ..
16:05 Closing query with bogdanbrkic
--- Log closed Mon Jan 10 16:05:23 2011
--- Log opened Mon Jan 10 16:06:23 2011
16:06 Starting query in Bitlbee with bogdanbrkic
16:06 bogdanbrkic| <FONT>tnx</FONT>
16:06 Closing query with bogdanbrkic
--- Log closed Mon Jan 10 16:06:30 2011
--- Log opened Wed Jan 12 13:10:19 2011
13:10 Starting query in Bitlbee with bogdanbrkic
13:10 bogdanbrkic| [resent] <FONT>somi .. cimni one tvoje ortake ako zele da rade .. da se ja ve sad .. jer kao sto vidis ovih 10 dana ce na mbiti tesko :)</FONT>
--- Log closed Wed Jan 12 13:15:22 2011
--- Log opened Wed Jan 12 13:19:27 2011
13:19 playahater| ja sam im u poslednjem nashem razgovoru prosledio tvoj mail .. da ti puste cv pa da se organizujete da se vidite ..
13:19 playahater| to je bilo neshto krajem proshle nedelje ..
13:20 bogdanbrkic| <FONT>naravno da nisu .. nego ako si iskusni moci .. mogli bi da rade sa 10 dana sa nama da pustimo oov i onda ce biti sve lagano .. </FONT>
13:20 bogdanbrkic| <FONT>cisto da skinem a nas sto vise mogu .. </FONT>
13:21 playahater| da da .. kontam skroz ..
13:21 playahater| ae pingovatju ih opet ..
13:21 bogdanbrkic| <FONT>ok</FONT>
--- Log closed Wed Jan 12 13:27:22 2011
--- Log opened Wed Jan 12 13:56:30 2011
13:56 Closing query with bogdanbrkic
--- Log closed Wed Jan 12 13:56:30 2011
--- Log opened Thu Jan 13 11:59:03 2011
11:59 Starting query in Bitlbee with bogdanbrkic
11:59 bogdanbrkic| [resent] <FONT>schomi</FONT>
12:03 bogdanbrkic| <FONT>..</FONT>
--- Log closed Thu Jan 13 12:08:50 2011
--- Log opened Thu Jan 13 12:11:12 2011
12:11 playahater| ehej ..
12:11 playahater| tu sam ..
12:11 playahater| :)
12:12 Closing query with bogdanbrkic
--- Log closed Thu Jan 13 12:12:00 2011
--- Log opened Thu Jan 13 12:12:15 2011
12:12 Starting query in Bitlbee with bogdanbrkic
12:12 bogdanbrkic| <FONT>cao M</FONT>
12:12 bogdanbrkic| <FONT>reci mi na cemu sve radis </FONT>
12:12 bogdanbrkic| <FONT>kapiram da si multitasking</FONT>
12:13 playahater| skroz .. :) ..
12:13 playahater| og permissions ..
12:14 playahater| quiz ..
12:14 playahater| multistep registration ..
12:14 bogdanbrkic| <FONT>xaxaxa</FONT>
12:14 bogdanbrkic| <FONT>to sam i mislio </FONT>
12:14 playahater| :)
12:14 bogdanbrkic| <FONT>radis sa ticom na registraciji</FONT>
12:14 playahater| da .. trenutno na quiz-u .. to bi trebalo da bude u fullu narednih sat vremena ..
12:15 playahater| onda prelazim na registraciju ..
12:15 playahater| pa username suggestion .. pa se vratjam na og perm
12:15 bogdanbrkic| <FONT>ovako .. treba da se obuce Vitamin .. paneli .. a funkcionalnost postoji .. kotnik je radio </FONT>
12:15 playahater| :)
12:15 bogdanbrkic| <FONT>to na m je pa recimo proritet</FONT>
12:15 bogdanbrkic| <FONT>e sad </FONT>
12:15 bogdanbrkic| <FONT>kako to da uklopimo</FONT>
12:15 bogdanbrkic| <FONT>ne bih da sad js i to paralelno radis .. je r je nemoguce</FONT>
12:16 playahater| hmmm ..
12:16 bogdanbrkic| <FONT>reci mi da li ima sanse da danas zavrsis og i ovo sto si nabrojao na neki nacin</FONT>
12:16 bogdanbrkic| <FONT>pa da ovo radis sutra </FONT>
12:16 bogdanbrkic| <FONT>...</FONT>
12:17 playahater| uh .. pa kontam da quiz i registraciju mogu da finishiram ..
12:17 playahater| og je malo kompleksnija stvar .. :)
12:17 bogdanbrkic| <FONT>mozada dobije pojacanje sutra .. ako miroljub uradi drop box danas.. </FONT>
12:17 bogdanbrkic| <FONT>ajde ovako</FONT>
12:17 bogdanbrkic| <FONT>zaboravi na vitamin danas .. i pici ovo sto radis </FONT>
12:17 bogdanbrkic| <FONT>sutra cemo videti da nekako pametno prespojimo .. </FONT>
12:18 bogdanbrkic| <FONT>samo imaj u vidu da ce to da se radi .. </FONT>
12:18 playahater| aha .. ok .. dogovoreto ..
12:18 bogdanbrkic| <FONT>ok .. :)</FONT>
12:18 bogdanbrkic| <FONT>drz se </FONT>
12:19 playahater| mada .. kolko sam ja video .. vitam je gotov .. postoje svi blokovi .. treba bukvalno kliknuti na panele i ubaciti te blokove .. 
12:19 playahater| tako da .. ae videtju .. pa ako stignem .. mozda to danas pre kraj nakliktjem ..
12:20 bogdanbrkic| <FONT>mojne .. ajde ovako .. pred karaj dana pogledaj pa me zvrcni reci mi kakva je situacija </FONT>
12:20 bogdanbrkic| <FONT>seti se da Vitaim ima new design ..</FONT>
12:20 bogdanbrkic| <FONT>marija ga ima .. koliko znam</FONT>
12:20 bogdanbrkic| <FONT>cujem ose krajem dana </FONT>
12:20 playahater| deal
12:20 bogdanbrkic| <FONT>k</FONT>
--- Log closed Thu Jan 13 12:26:50 2011
--- Log opened Thu Jan 13 16:02:58 2011
16:02 Closing query with bogdanbrkic
--- Log closed Thu Jan 13 16:02:58 2011
--- Log opened Thu Jan 13 22:27:43 2011
22:27 Starting query in Bitlbee with bogdanbrkic
22:27 bogdanbrkic| [resent] <FONT>da slucajno nisi online</FONT>
22:28 playahater| jesam
22:28 playahater| :)
22:28 playahater| uvek
22:28 playahater| :)
22:28 bogdanbrkic| <FONT>ta smo ekipa </FONT>
22:28 playahater| pa taj fazon
22:28 playahater| :)
22:28 playahater| ne slavish?
22:28 playahater| :)
22:28 bogdanbrkic| <FONT>da li imas DB m3com kod sebe .. </FONT>
22:28 bogdanbrkic| <FONT>ma gde slavim :))))</FONT>
22:28 bogdanbrkic| <FONT>kuckam</FONT>
22:29 playahater| jbg nemam bazu ..
22:29 playahater| imao sam neki dump do pre nove godine ..
22:29 playahater| shto?
22:29 bogdanbrkic| <FONT>ne mogu da se nakacim na ssh</FONT>
22:29 bogdanbrkic| <FONT>local dev</FONT>
22:30 bogdanbrkic| <FONT>a kotniku je prsla db </FONT>
22:30 playahater| uhhh ..
22:30 playahater| a ..
22:30 playahater| daj mi ip
22:30 bogdanbrkic| <FONT>pa to je problem .. ako da vise nije taj </FONT>
22:30 playahater| da probam da se logujem na dev preko ssh
22:30 bogdanbrkic| <FONT>89.216.16.117</FONT>
22:31 bogdanbrkic| <FONT>voo je poslednji koji mi je radio</FONT>
22:31 playahater| sad tjemo da vidimo ..
22:31 bogdanbrkic| <FONT>mislim da se ne javlja na taj </FONT>
22:34 bogdanbrkic| <FONT>kako ti se cini </FONT>
22:35 playahater| ta ip adresa mi se ne javlja ..
22:35 bogdanbrkic| <FONT>tako je </FONT>
22:35 bogdanbrkic| <FONT>to je problem</FONT>
22:35 bogdanbrkic| <FONT>nista .. jurim andriju .. i  ivana .. </FONT>
22:35 playahater| trenutno skeniram ceo rang ..
22:35 playahater| :)
22:35 playahater| nmap -vv -P0 -O 89.216.16.0/24
22:35 bogdanbrkic| <FONT>nice</FONT>
22:35 playahater| pa ako nadjem otvoren 40 .. vichem
22:35 playahater| :)
22:35 bogdanbrkic| <FONT>dil .. </FONT>
22:36 bogdanbrkic| <FONT>sibni .. ja trazim dalje .. tnx</FONT>
22:36 playahater| ql
22:36 bogdanbrkic| <FONT>:)</FONT>
22:40 playahater| mozda ne bi bilo loshe da andrija digne dydns u office-u ..
22:40 playahater| da ne pamtimo ip adrese bezveze .. :) ..
22:41 bogdanbrkic| <FONT>sad sa mga uhvatio .. </FONT>
22:41 bogdanbrkic| <FONT>da imas </FONT>
22:41 bogdanbrkic| <FONT>89.216.16.77</FONT>
22:41 bogdanbrkic| <FONT>nam je IP</FONT>
22:41 bogdanbrkic| <FONT>p40</FONT>
22:41 bogdanbrkic| <FONT>nakacio sam se i skidam .. </FONT>
22:41 bogdanbrkic| <FONT>to je tacno .. </FONT>
22:42 bogdanbrkic| <FONT>shomi . pusti andriji msg za sutra .. da digne dydns .. pametno zboris</FONT>
22:43 playahater| pa to ti kazem .. to moze dev da shalje bez problema ..
22:44 bogdanbrkic| <FONT>jes </FONT>
22:44 playahater| da mu shaljem mail sad .. ili da ga cimnem sutra direktno ?
22:44 bogdanbrkic| <FONT>pusti mu za sutra .. tako da kad ima vreme da na setuje </FONT>
22:45 playahater| koji mu je mail ?
22:45 playahater| andrija.?@agena.rs
22:45 playahater| :)
22:46 bogdanbrkic| <FONT>andrija.panic@agena.rs</FONT>
22:46 playahater| ql
22:46 bogdanbrkic| <FONT>:)</FONT>
--- Log closed Thu Jan 13 22:52:12 2011
--- Log opened Thu Jan 13 23:20:47 2011
23:20 Closing query with bogdanbrkic
--- Log closed Thu Jan 13 23:20:47 2011
--- Log opened Sat Jan 15 19:07:13 2011
19:07 Starting query in Bitlbee with bogdanbrkic
19:07 playahater| druze .. koji je maretov broj?
19:07 playahater| onaj novi .. telenor ..
19:07 playahater| p.s. - obradovitj.. :)
19:08          <-- bogdanbrkic has quit irc
19:09 Closing query with bogdanbrkic
--- Log closed Sat Jan 15 19:09:35 2011
--- Log opened Mon Jan 17 11:39:39 2011
11:39 Starting query in Bitlbee with bogdanbrkic
11:39 bogdanbrkic| imas sec
11:39 playahater| yup ..
11:40 bogdanbrkic| <FONT>pls svrati</FONT>
--- Log closed Mon Jan 17 11:45:06 2011
--- Log opened Mon Jan 17 12:20:03 2011
12:20 Closing query with bogdanbrkic
--- Log closed Mon Jan 17 12:20:03 2011
--- Log opened Wed Jan 19 11:04:04 2011
11:04 Starting query in Bitlbee with bogdanbrkic
11:04 bogdanbrkic| [resent] <FONT>somi da li ti radi u lokalu </FONT>
11:04 bogdanbrkic| <FONT><a href="http://m3com.no-wire.com/admin/user/permissions" title="http://m3com.no-wire.com/admin/user/permissions">http://m3com.no-wire.com/admin/user/permissions</a></FONT>
11:04 bogdanbrkic| <FONT>ova str</FONT>
11:04 bogdanbrkic| <FONT>perm</FONT>
--- Log closed Wed Jan 19 11:09:30 2011
--- Log opened Wed Jan 19 11:12:55 2011
11:12 playahater| u lokalu radi ..
11:12 playahater| na serveru se neshto misli ..
11:13 bogdanbrkic| <FONT>ok</FONT>
--- Log closed Wed Jan 19 11:18:30 2011
--- Log opened Wed Jan 19 11:20:19 2011
11:20 playahater| javio mi se perm i na serveru ..
11:20 Closing query with bogdanbrkic
--- Log closed Wed Jan 19 11:20:23 2011
--- Log opened Wed Jan 19 11:21:41 2011
11:21 Starting query in Bitlbee with bogdanbrkic
11:21 bogdanbrkic| <FONT>oks </FONT>
11:21 bogdanbrkic| <FONT>tnx</FONT>
11:22 Closing query with bogdanbrkic
--- Log closed Wed Jan 19 11:22:27 2011
--- Log opened Thu Jan 20 15:32:07 2011
15:32 Starting query in Bitlbee with bogdanbrkic
15:32 bogdanbrkic| [resent] <FONT>somi .. migracija </FONT>
15:32 bogdanbrkic| <FONT>treba pomoc .. koliko si upoznat sa samom migracijom</FONT>
15:32 playahater| delimichno ..
15:32 playahater| gledao sam kako funkcionishe migrate module ..
15:33 playahater| ali nisam gledao bazu .. 
15:33 bogdanbrkic| <FONT>ok</FONT>
--- Log closed Thu Jan 20 15:38:23 2011
--- Log opened Thu Jan 20 16:13:52 2011
16:13 Closing query with bogdanbrkic
--- Log closed Thu Jan 20 16:13:52 2011
--- Log opened Thu Jan 20 17:03:30 2011
17:03 Starting query in Bitlbee with bogdanbrkic
17:03 bogdanbrkic| <FONT>somi</FONT>
17:03 bogdanbrkic| <FONT>deploy na no wire se radi sa komom komandom .. tj komentarom</FONT>
17:04 bogdanbrkic| <FONT>..</FONT>
17:04 playahater| hmm ..
17:04 bogdanbrkic| <FONT>znas da ima preko gita</FONT>
17:04 bogdanbrkic| <FONT>deploy na no wire</FONT>
--- Log closed Thu Jan 20 17:10:23 2011
--- Log opened Thu Jan 20 18:22:55 2011
18:22 Closing query with bogdanbrkic
--- Log closed Thu Jan 20 18:22:55 2011
--- Log opened Fri Jan 21 12:30:52 2011
12:30 Starting query in Bitlbee with bogdanbrkic
12:30 bogdanbrkic| [resent] <FONT>?</FONT>
--- Log closed Fri Jan 21 12:36:16 2011
--- Log opened Fri Jan 21 14:25:34 2011
14:25 Closing query with bogdanbrkic
--- Log closed Fri Jan 21 14:25:34 2011
--- Log opened Sat Jan 22 12:45:04 2011
12:45 Starting query in Bitlbee with bogdanbrkic
--- Log closed Sat Jan 22 12:50:28 2011
--- Log opened Sat Jan 22 12:51:58 2011
12:51 playahater| content profile modul ne shtampa value (samo key) za cck checkbox/select_list field
12:52 Closing query with bogdanbrkic
--- Log closed Sat Jan 22 12:52:01 2011
--- Log opened Sat Jan 22 12:59:22 2011
12:59 Starting query in Bitlbee with bogdanbrkic
12:59 bogdanbrkic| [resent] <FONT>k</FONT>
13:00 playahater| sad sam na chatu sa bojanom .. 
13:00 playahater| mozda on izbaci neku ideju ..
13:00 Closing query with bogdanbrkic
--- Log closed Sat Jan 22 13:00:37 2011
--- Log opened Sat Jan 22 13:00:37 2011
13:00 Starting query in Bitlbee with bogdanbrkic
13:00 bogdanbrkic| <FONT>kul</FONT>
13:00 Closing query with bogdanbrkic
--- Log closed Sat Jan 22 13:00:43 2011
--- Log opened Sat Jan 22 17:35:40 2011
17:35 Starting query in Bitlbee with bogdanbrkic
17:35 bogdanbrkic| <FONT>somi .. album / grupe .. mi to imamo samo nije zavrsena Fn - ako moze d ase importuje sadrzaj i sl </FONT>
--- Log closed Sat Jan 22 17:41:28 2011
--- Log opened Sat Jan 22 17:43:40 2011
17:43 playahater| tako je ..
17:43 playahater| vetj smo se objasnili oko importa ..
17:43 playahater| :)
17:43 Closing query with bogdanbrkic
--- Log closed Sat Jan 22 17:43:49 2011
--- Log opened Sat Jan 22 17:43:58 2011
17:43 Starting query in Bitlbee with bogdanbrkic
17:43 bogdanbrkic| <FONT>ok</FONT>
17:44 bogdanbrkic| <FONT>:)</FONT>
17:44 Closing query with bogdanbrkic
--- Log closed Sat Jan 22 17:44:10 2011
--- Log opened Wed Jan 26 17:38:51 2011
17:38 Starting query in Bitlbee with bogdanbrkic
17:38 playahater| http://drupal.org/project/fast_404
17:38 playahater| :0
17:39 playahater| :)
17:39 Closing query with bogdanbrkic
--- Log closed Wed Jan 26 17:39:05 2011
--- Log opened Wed Jan 26 17:40:05 2011
17:40 Starting query in Bitlbee with bogdanbrkic
17:40 bogdanbrkic| <FONT>:)</FONT>
17:40 bogdanbrkic| <FONT>loko</FONT>
17:40 bogdanbrkic| <FONT>znamda su ljudi radili na tim stvarima … :)</FONT>
17:40 bogdanbrkic| <FONT>treba isprobati taj module .. </FONT>
17:41 playahater| definitivno .. 
17:42 bogdanbrkic| <FONT>:)</FONT>
17:42 playahater| koliko vidim .. to je 2bits snipet na steroidima
17:42 bogdanbrkic| <FONT>tako je </FONT>
17:42 bogdanbrkic| <FONT>ja sam citoa 2bits .. </FONT>
17:42 bogdanbrkic| <FONT>ali ovo je jos bolje ako radi kako treba</FONT>
17:43 playahater| e da .. to je kljuchna rech .. "ako radi .. " .. :)
17:43 playahater| probatjemo ..
17:43 bogdanbrkic| <FONT>to</FONT>
--- Log closed Wed Jan 26 17:49:27 2011
--- Log opened Wed Jan 26 18:20:24 2011
18:20 Closing query with bogdanbrkic
--- Log closed Wed Jan 26 18:20:24 2011
--- Log opened Thu Jan 27 11:45:52 2011
11:45 Starting query in Bitlbee with bogdanbrkic
11:45 bogdanbrkic| [resent] <FONT>reci mi na cemu si sve </FONT>
11:46 playahater| home page i js
11:46 bogdanbrkic| <FONT>ok .. jel new hp</FONT>
11:46 bogdanbrkic| <FONT>ili</FONT>
11:46 playahater| da da .. new
11:46 bogdanbrkic| <FONT>oks</FONT>
11:46 bogdanbrkic| <FONT>nice</FONT>
--- Log closed Thu Jan 27 11:52:23 2011
--- Log opened Thu Jan 27 12:02:25 2011
12:02 Closing query with bogdanbrkic
--- Log closed Thu Jan 27 12:02:25 2011
--- Log opened Sat Jan 29 14:35:15 2011
14:35 Starting query in Bitlbee with bogdanbrkic
14:35 bogdanbrkic| [resent] <FONT>bambucha</FONT>
14:35 bogdanbrkic| <FONT>:)</FONT>
--- Log closed Sat Jan 29 14:40:16 2011
--- Log opened Sun Jan 30 14:35:39 2011
14:35 Starting query in Bitlbee with bogdanbrkic
14:36 playahater| druze .. ruchak .. :) ..
14:36 playahater| http://www.portal-srbija.com/ugostiteljstvo/restorani/luda-kuca-kineski-fast-food/
14:36 playahater| pohovana teletina sa sargarepom, krastavcem i pecurkama
14:36 playahater| x 3
14:36 playahater| :)
--- Log closed Sun Jan 30 14:42:25 2011
--- Log opened Sun Jan 30 15:15:55 2011
15:15 Closing query with bogdanbrkic
--- Log closed Sun Jan 30 15:15:55 2011
--- Log opened Thu Feb 03 11:14:16 2011
11:14 Starting query in Bitlbee with bogdanbrkic
11:14 bogdanbrkic| imas mail - bug
11:17 Closing query with bogdanbrkic
--- Log closed Thu Feb 03 11:17:43 2011
--- Log opened Sat Feb 05 11:54:07 2011
11:54 Starting query in Bitlbee with bogdanbrkic
11:54 bogdanbrkic| imas sec
--- Log closed Sat Feb 05 11:59:18 2011
--- Log opened Sat Feb 05 12:14:58 2011
12:14 playahater| stizem ..
12:15 bogdanbrkic| <FONT>sve ok</FONT>
12:15 bogdanbrkic| <FONT>za git nesto </FONT>
12:15 bogdanbrkic| <FONT>ali ok je </FONT>
12:16 bogdanbrkic| <B>ovoeje legitmno <FONT></B>..  git commit -a -m "komentar … </FONT>
12:16 playahater| da ..
12:16 bogdanbrkic| <FONT>tnx</FONT>
12:16 playahater| np
12:16 playahater| :)
--- Log closed Sat Feb 05 12:22:18 2011
--- Log opened Sat Feb 05 12:24:31 2011
12:24 Closing query with bogdanbrkic
--- Log closed Sat Feb 05 12:24:31 2011
--- Log opened Sat Feb 05 14:25:23 2011
14:25 Starting query in Bitlbee with bogdanbrkic
14:25 bogdanbrkic| [resent] <FONT>Q:</FONT>
14:25 bogdanbrkic| <FONT>da li pri registraciji DSL ide na 2 gi korak ?</FONT>
14:25 bogdanbrkic| <FONT>jer je sad sve u jednom</FONT>
--- Log closed Sat Feb 05 14:31:19 2011
--- Log opened Sat Feb 05 15:42:41 2011
15:42 Closing query with bogdanbrkic
--- Log closed Sat Feb 05 15:42:41 2011
--- Log opened Sat Feb 05 19:47:41 2011
19:47 Starting query in Bitlbee with bogdanbrkic
19:47 bogdanbrkic| <FONT>somi</FONT>
19:47 playahater| da
19:47 playahater| :)
19:47 bogdanbrkic| <FONT>pitaj jel moze db UP</FONT>
--- Log closed Sat Feb 05 19:53:19 2011
--- Log opened Sat Feb 05 19:59:36 2011
19:59 Closing query with bogdanbrkic
--- Log closed Sat Feb 05 19:59:36 2011
--- Log opened Sat Feb 05 20:18:58 2011
20:18 Starting query in Bitlbee with bogdanbrkic
20:18 bogdanbrkic| <FONT>db ?</FONT>
20:23 Closing query with bogdanbrkic
--- Log closed Sat Feb 05 20:23:59 2011
--- Log opened Sun Feb 06 12:19:39 2011
12:19 Starting query in Bitlbee with bogdanbrkic
12:19 bogdanbrkic| [resent] <FONT>micko</FONT>
12:19 bogdanbrkic| <FONT>http://web3.m3com.com.sa/og </FONT>
12:19 bogdanbrkic| <FONT>? :)</FONT>
--- Log closed Sun Feb 06 12:25:26 2011
--- Log opened Sun Feb 06 12:29:06 2011
12:29 bogdanbrkic| <FONT>samo da znas da za album ima par sitnica i ovo sa OG .. </FONT>
--- Log closed Sun Feb 06 12:34:26 2011
--- Log opened Mon Feb 07 06:08:14 2011
06:08          <-- bogdanbrkic has quit irc
--- Log closed Mon Feb 07 06:13:26 2011
--- Log opened Mon Feb 07 16:59:12 2011
16:59 Starting query in Bitlbee with bogdanbrkic
16:59 playahater| http://forum.brightcove.com/t5/Creating-and-Publishing-Players/Change-Player-Size-URL/td-p/6547
16:59 playahater| http://support.brightcove.com/en/docs/player-templates
16:59 Closing query with bogdanbrkic
--- Log closed Mon Feb 07 16:59:31 2011
--- Log opened Thu Feb 10 14:04:37 2011
14:04 Starting query in Bitlbee with bogdanbrkic
14:04 bogdanbrkic| [resent] <FONT>imas 2 min</FONT>
--- Log closed Thu Feb 10 14:09:54 2011
--- Log opened Thu Feb 10 16:30:40 2011
16:30 bogdanbrkic| <FONT>..</FONT>
16:30 bogdanbrkic| <FONT>c 2 </FONT>
16:31 playahater| yup
16:34 Closing query with bogdanbrkic
--- Log closed Thu Feb 10 16:34:40 2011
--- Log opened Sun Feb 13 13:24:41 2011
13:24 Starting query in Bitlbee with bogdanbrkic
13:24 bogdanbrkic| [resent] <FONT>:)</FONT>
--- Log closed Sun Feb 13 13:30:40 2011
--- Log opened Mon Feb 14 20:57:59 2011
20:57 Starting query in Bitlbee with bogdanbrkic
20:57 bogdanbrkic| [resent] <FONT>pitanje samo u vezi Album Photo... kada kreiras novi album photo, mozes da odaberes kojoj grupi moze da pripada ali ne mozes da odaberes kojoj galeriji pripada slika...</FONT>
--- Log closed Mon Feb 14 21:03:16 2011
--- Log opened Mon Feb 14 23:04:24 2011
23:04 Closing query with bogdanbrkic
--- Log closed Mon Feb 14 23:04:24 2011
--- Log opened Thu Feb 17 23:06:20 2011
23:06 Starting query in Bitlbee with bogdanbrkic
23:06 bogdanbrkic| [resent] <FONT>da.. nije mi jasno :) photos nemaju svoj vocabulary? imaju samo kom 'channel'-u pripadaju?</FONT>
23:06 bogdanbrkic| <FONT>pita mihajlo</FONT>
23:07 Closing query with bogdanbrkic
--- Log closed Thu Feb 17 23:07:48 2011
--- Log opened Fri Feb 18 19:43:41 2011
19:43 Starting query in Bitlbee with bogdanbrkic
19:43 playahater| druze ..
19:43 playahater| jedno pitanje .. 
19:44 playahater| baza na web3 i baza na m3com.com.sa su iste? .. sve jedno je na kome se kliktje?
--- Log closed Fri Feb 18 19:49:36 2011
--- Log opened Fri Feb 18 19:49:46 2011
19:49 Closing query with bogdanbrkic
--- Log closed Fri Feb 18 19:49:46 2011
--- Log opened Sat Feb 19 13:33:30 2011
13:33 Starting query in Bitlbee with bogdanbrkic
13:33 bogdanbrkic| si ti
13:33 bogdanbrkic| tu
--- Log closed Sat Feb 19 13:38:43 2011
--- Log opened Sat Feb 19 14:50:36 2011
14:50 playahater| yo ..
14:50 playahater| evo me ..
14:50 playahater| :)
--- Log closed Sat Feb 19 14:56:43 2011
--- Log opened Sat Feb 19 16:41:12 2011
16:41 bogdanbrkic| [resent] <FONT>pecni kad si tu </FONT>
--- Log closed Sat Feb 19 16:46:43 2011
--- Log opened Sat Feb 19 20:04:01 2011
20:04 Closing query with bogdanbrkic
--- Log closed Sat Feb 19 20:04:01 2011
--- Log opened Fri Mar 11 10:23:09 2011
10:23 Starting query in Bitlbee with bogdanbrkic
10:23 playahater| treba nam api key za goo.gl
10:23 playahater| http://code.google.com/apis/console/
10:24 playahater| treba se ulogovati kao user pod kojim je i anaytics
10:26 bogdanbrkic| <FONT>kapiram..</FONT>
10:26 playahater| *analytics :)
--- Log closed Fri Mar 11 10:32:01 2011
--- Log opened Fri Mar 11 10:36:49 2011
10:36 playahater| Default limit: 1,000,000 queries/day
--- Log closed Fri Mar 11 10:42:01 2011
--- Log opened Fri Mar 11 10:47:55 2011
10:47 bogdanbrkic| <FONT><a href="https://www.googleapis.com/urlshortener/v1/url?shortUrl=http://goo.gl/fbsS&amp;key=AIzaSyDevLCxFSV31ujT1C_7_alItp8XAgM0hxY" title="https://www.googleapis.com/urlshortener/v1/url?shortUrl=http://goo.gl/fbsS&amp;key=AIzaSyDevLCxFSV31ujT1C_7_alItp8XAgM0hxY">https://www.googleapis.com/urlshortener/v1/url?shortUrl=http://goo.gl/fbsS&amp;key=AIzaSyDevLCxFSV31ujT1C_7_alItp8XAgM0hxY</a></FONT>
10:47 bogdanbrkic| <FONT>to je dobio</FONT>
10:48 bogdanbrkic| <FONT>ivan</FONT>
10:49 bogdanbrkic| <FONT>reci mi jel imas sta ti terba ..</FONT>
10:50 playahater| mislim da je to ok ..
10:50 playahater| treba mi samo key ..
10:50 bogdanbrkic| <FONT>proveri pls</FONT>
10:50 playahater| sad tju da testiram pa vichem ako neshto
10:50 bogdanbrkic| <FONT>da se ne vracamo ..</FONT>
10:50 bogdanbrkic| <FONT>ok</FONT>
--- Log closed Fri Mar 11 10:56:01 2011
--- Log opened Fri Mar 11 17:39:32 2011
17:39 Closing query with bogdanbrkic
--- Log closed Fri Mar 11 17:39:32 2011
--- Log opened Mon Mar 14 15:15:02 2011
15:15 Starting query in Bitlbee with bogdanbrkic
15:15 bogdanbrkic| [resent] <FONT>somi </FONT>
15:15 bogdanbrkic| <FONT>dodj ina sec</FONT>
15:15 playahater| ok
--- Log closed Mon Mar 14 15:21:02 2011
--- Log opened Mon Mar 14 15:36:18 2011
15:36 Closing query with bogdanbrkic
--- Log closed Mon Mar 14 15:36:18 2011
--- Log opened Tue Mar 15 10:01:54 2011
10:01 Starting query in Bitlbee with bogdanbrkic
10:01 bogdanbrkic| [resent] <FONT>somi .. </FONT>
--- Log closed Tue Mar 15 10:07:30 2011
--- Log opened Tue Mar 15 10:25:16 2011
10:25 Closing query with bogdanbrkic
--- Log closed Tue Mar 15 10:25:16 2011
--- Log opened Sun Apr 03 19:21:53 2011
19:21 Starting query in Bitlbee with bogdanbrkic
19:21 bogdanbrkic| da nisi tu ?
19:21 bogdanbrkic| ima neki problem na m3com
19:22 bogdanbrkic| sorry za cim
19:22 bogdanbrkic| An HTTP error 0 occurred
--- Log closed Sun Apr 03 19:27:46 2011
--- Log opened Sun Apr 03 20:45:38 2011
20:45          <-- bogdanbrkic has quit irc
--- Log closed Sun Apr 03 20:50:46 2011
--- Log opened Sun Apr 03 21:41:31 2011
21:41 Closing query with bogdanbrkic
--- Log closed Sun Apr 03 21:41:31 2011
--- Log opened Tue Apr 05 18:33:06 2011
18:33 Starting query in Bitlbee with bogdanbrkic
18:33 playahater| http://dev.m3com.com.sa/games/wear-your-favorite-team-dress
--- Log closed Tue Apr 05 18:38:49 2011
--- Log opened Tue Apr 05 19:04:19 2011
19:04 playahater| milos.nikolic@agena.rs
19:04 playahater| resavska25
19:06 bogdanbrkic| <FONT>:) </FONT>
19:06 bogdanbrkic| <FONT>ok</FONT>
19:06 bogdanbrkic| <FONT>dobar ti user</FONT>
19:10 playahater| hehe .. reci .. :)
19:13 bogdanbrkic| <FONT>:) jako </FONT>
19:13 playahater| moz probash flash
19:15 bogdanbrkic| <FONT>ok</FONT>
--- Log closed Tue Apr 05 19:20:49 2011
--- Log opened Tue Apr 05 19:41:38 2011
19:41 Closing query with bogdanbrkic
--- Log closed Tue Apr 05 19:41:38 2011
--- Log opened Wed Apr 06 13:15:47 2011
13:15 Starting query in Bitlbee with bogdanbrkic
13:15 bogdanbrkic| [resent] <FONT>somi sorry .. svrati na sec</FONT>
13:16 playahater| ok ..
13:16 Closing query with bogdanbrkic
--- Log closed Wed Apr 06 13:16:03 2011
--- Log opened Wed Apr 06 13:16:20 2011
13:16 Starting query in Bitlbee with bogdanbrkic
13:16 bogdanbrkic| <FONT>ustvari .. ne moras </FONT>
--- Log closed Wed Apr 06 13:22:06 2011
--- Log opened Wed Apr 06 13:35:09 2011
13:35 Closing query with bogdanbrkic
--- Log closed Wed Apr 06 13:35:09 2011
--- Log opened Thu Apr 07 12:12:28 2011
12:12 Starting query in Bitlbee with bogdanbrkic
12:12 playahater| beta verzija album image layout-a .. :) ..
12:12 playahater| http://dev.m3com.com.sa/album/dress-gallery/admins-favorite-dress-17
--- Log closed Thu Apr 07 12:18:07 2011
--- Log opened Thu Apr 07 13:11:12 2011
13:11 Closing query with bogdanbrkic
--- Log closed Thu Apr 07 13:11:12 2011
--- Log opened Fri Apr 08 17:04:05 2011
17:04 Starting query in Bitlbee with bogdanbrkic
17:04 bogdanbrkic| [resent] <FONT>samo da pitam sta cemo za FB</FONT>
17:05 playahater| trenutno patchujem vbo da bi sredio user edit permission za adminpanel ..
17:05 playahater| pogledatju fb nakon toga ..
--- Log closed Fri Apr 08 17:10:24 2011
--- Log opened Fri Apr 08 17:11:37 2011
17:11          <-- bogdanbrkic has quit irc
--- Log closed Fri Apr 08 17:17:24 2011
--- Log opened Fri Apr 08 17:18:36 2011
17:18 bogdanbrkic| <FONT>oks</FONT>
17:18 bogdanbrkic| <FONT>:)</FONT>
17:23 Closing query with bogdanbrkic
--- Log closed Fri Apr 08 17:23:01 2011
--- Log opened Fri Apr 08 17:47:16 2011
17:47 Starting query in Bitlbee with bogdanbrkic
17:47 playahater| http://www.m3com.com.sa/en/album/technology/fadi_tech
17:47 playahater| :)
17:47 Closing query with bogdanbrkic
--- Log closed Fri Apr 08 17:47:23 2011
--- Log opened Wed Apr 13 18:04:57 2011
18:04 Starting query in Bitlbee with bogdanbrkic
18:04 bogdanbrkic| [resent] <FONT>jesi tu </FONT>
18:04 bogdanbrkic| <FONT>pitanje </FONT>
--- Log closed Wed Apr 13 18:10:30 2011
--- Log opened Wed Apr 13 18:17:57 2011
18:17 playahater| jesam ..
18:17 playahater| shoot
18:19 bogdanbrkic| <FONT>saljem ti mal za 10 min</FONT>
18:19 bogdanbrkic| <FONT>:)</FONT>
18:21 playahater| ql
--- Log closed Wed Apr 13 18:26:30 2011
--- Log opened Wed Apr 13 18:49:58 2011
18:49 Closing query with bogdanbrkic
--- Log closed Wed Apr 13 18:49:58 2011
--- Log opened Sun Apr 17 12:59:13 2011
12:59 Starting query in Bitlbee with bogdanbrkic
12:59 bogdanbrkic| [resent] <FONT>kako ide .. ja sam se zaglavio sa sljakom .. </FONT>
13:01 playahater| e .. do jaja je .. :) ..
13:01 playahater| slab nam je net ovde .. smor .. 
13:01 playahater| hteli smo da pustimo stream ..
13:01 playahater| :\
13:03 Closing query with bogdanbrkic
--- Log closed Sun Apr 17 13:03:20 2011
--- Log opened Sun Apr 17 13:28:39 2011
13:28 Starting query in Bitlbee with bogdanbrkic
13:28 bogdanbrkic| <FONT>mogli ste  kancu kod nas ?</FONT>
13:28 bogdanbrkic| <FONT>bitno je da je zabava</FONT>
13:29 playahater| fakat istina .. :) ..
13:30 playahater| mada brijem da nas ima previshe .. :)
13:30 Closing query with bogdanbrkic
--- Log closed Sun Apr 17 13:30:27 2011
--- Log opened Sun Apr 17 13:30:53 2011
13:30 Starting query in Bitlbee with bogdanbrkic
13:30 bogdanbrkic| <FONT>jbga . .za sl put </FONT>
13:30 bogdanbrkic| <FONT>mislim da moze da se nekako setuje </FONT>
13:31 bogdanbrkic| <FONT>no to za sl </FONT>
13:31 bogdanbrkic| <FONT>uzivajte ..</FONT>
13:31 bogdanbrkic| <FONT>ja peglam dalje </FONT>
13:31 bogdanbrkic| <FONT>:)</FONT>
13:33          <-- bogdanbrkic has quit irc
13:38 Closing query with bogdanbrkic
--- Log closed Sun Apr 17 13:38:01 2011
--- Log opened Mon Apr 25 11:54:35 2011
11:54 Starting query in Bitlbee with bogdanbrkic
11:54 bogdanbrkic| jsi tu 
11:54 bogdanbrkic| trebas mi na 1min
11:55 playahater| e .. druze .. 
11:55 playahater| hristos se rodi ..
11:55 bogdanbrkic| <FONT>caos</FONT>
11:55 playahater| :)
11:55 playahater| tu sam .. reci ..
11:55 playahater| :)
11:55 bogdanbrkic| <FONT>vaistinu ..</FONT>
11:55 bogdanbrkic| <FONT>:)</FONT>
11:55 bogdanbrkic| <FONT>sretan uskrs </FONT>
11:55 bogdanbrkic| <FONT>jesi mi dobar</FONT>
11:55 playahater| jes vala .. takodje ..
11:56 playahater| do jaja .. ne izlazim iz horizontale ..
11:56 playahater| :)
11:56 bogdanbrkic| <FONT>axaxxax</FONT>
11:56 bogdanbrkic| <FONT>slicno </FONT>
11:56 bogdanbrkic| <FONT>ajde klikni na home pagem3com</FONT>
11:57 bogdanbrkic| <FONT>da li ti ispada ona jdropdown .. sa leve</FONT>
11:57 bogdanbrkic| <FONT>iz headera</FONT>
11:57 bogdanbrkic| <FONT>hm i meni je sad ok</FONT>
11:57 bogdanbrkic| <FONT>pogledaj mail koji sam ti prosledio </FONT>
11:57 bogdanbrkic| <FONT>za tube</FONT>
11:57 playahater| ok .. upravo ..
11:58 bogdanbrkic| <FONT>oks</FONT>
12:03 playahater| kod mene deluje sve ok ..
12:03 playahater| chek da uradim double check ..
12:03 playahater| :)
12:03 bogdanbrkic| <FONT>ajd i meni radi ok </FONT>
12:06 playahater| meni sje sve ok .. e .. al ovaj slomljeni layout iz screenshota ukazuje na to da je puko panels .. josh ne kontam zashto mu se to deshava .. ali drush cc [1] je quick&dirty fix
12:06 bogdanbrkic| <FONT>ali tebi je ok</FONT>
12:06 bogdanbrkic| <FONT>right ?</FONT>
12:06 playahater| meni je ok
12:06 bogdanbrkic| <FONT>ok nista od cc</FONT>
12:06 bogdanbrkic| <FONT>za sad</FONT>
12:06 bogdanbrkic| <FONT>:)</FONT>
12:06 bogdanbrkic| <FONT>saljm im mail .. pa cem oda vidimo .. </FONT>
12:07 playahater| sve ql .. i js i layout i panels .. sve stoji kako treba ..
12:07 bogdanbrkic| <FONT>vidim ose sutra .. uzivaj </FONT>
12:07 bogdanbrkic| <FONT>izadji napolje :)</FONT>
12:07 playahater| e .. spremam se da chekiram neku kasnije .. 
12:07 playahater| videtjemo .. :) ..
12:07 playahater| catch ya later .. ;)
12:10 bogdanbrkic| <FONT>CU :)</FONT>
--- Log closed Mon Apr 25 12:15:57 2011
--- Log opened Mon Apr 25 12:16:02 2011
12:16 bogdanbrkic| <FONT>shit </FONT>
12:16 bogdanbrkic| <FONT>kad si ulogovan .. onda je prso</FONT>
12:16 playahater| upravo chekiram
12:18 bogdanbrkic| <FONT>uloguj i idi na tube .. (za album nisam bio ulogovan i istoj e prso panel)</FONT>
12:21 playahater| mislim da je sad ok ..
12:22 playahater| :)
12:22 bogdanbrkic| <FONT>sta si DO</FONT>
12:22 bogdanbrkic| <FONT>cc</FONT>
12:23 playahater| drush cc [1] .. 
12:23 playahater| sad kliktjem .. deluje mi da stoji sve.. 
12:23 bogdanbrkic| <FONT>ok</FONT>
12:23 playahater| pritom .. ulogovan sam
12:23 bogdanbrkic| <FONT>i meni .. </FONT>
12:23 bogdanbrkic| <FONT>ok </FONT>
12:24 bogdanbrkic| <FONT>i ja sam </FONT>
12:24 bogdanbrkic| <FONT>i deluje ok </FONT>
12:24 playahater| ql .. ako neshto .. vichi ..  :)
12:24 bogdanbrkic| <FONT>ok</FONT>
12:24 bogdanbrkic| <FONT>tnx</FONT>
12:24 playahater| ql .. np .. :)
12:27 bogdanbrkic| <FONT>cu</FONT>
--- Log closed Mon Apr 25 12:32:57 2011
--- Log opened Mon Apr 25 12:38:40 2011
12:38 Closing query with bogdanbrkic
--- Log closed Mon Apr 25 12:38:40 2011
--- Log opened Wed Apr 27 12:04:21 2011
12:04 Starting query in Bitlbee with bogdanbrkic
12:04 bogdanbrkic| [resent] <FONT>Somi .. klikni js na m3com .. cistili smo kes .. </FONT>
12:05 playahater| ok ..
12:05 bogdanbrkic| <FONT>k</FONT>
--- Log closed Wed Apr 27 12:11:35 2011
--- Log opened Wed Apr 27 12:13:25 2011
12:13 Closing query with bogdanbrkic
--- Log closed Wed Apr 27 12:13:25 2011
