--- Log opened Mon Jan 10 15:04:33 2011
15:04 Starting query in Bitlbee with bojanzivanovic
15:08 playahater| Views -> "Rewrite the output of this field" .. ceo text field biva translated ..
15:08 playahater| mislim da smo imali slichan problem sa header i footer ..
15:09 playahater| trebalo bi isfiltrirati html iz tog field-a .. ako je ikako mogutje ..
15:11          <-- bojanzivanovic has quit irc
15:15 bojanzivanovic| fuck
15:15 bojanzivanovic| sad cu da pogledam u sors
15:17 playahater| upravo googlam .. ali .. niko se ne zali na taj problem .. :/
15:17 bojanzivanovic| mozes li prvo da updateujes na poslednju -dev verziju, pa da probas opet?
15:17 bojanzivanovic| da ne jurimo bag koji je mozda ispravljen
15:17 bojanzivanovic| i ja se ne secam takvog problema sa queue-a
--- Log closed Mon Jan 10 15:22:50 2011
--- Log opened Mon Jan 10 16:05:31 2011
16:05 Closing query with bojanzivanovic
--- Log closed Mon Jan 10 16:05:31 2011
--- Log opened Mon Jan 10 16:38:00 2011
16:38 Starting query in Bitlbee with bojanzivanovic
16:38 playahater| do permisija je ..
16:38 playahater| sad tjemo te apgrejdujemo :)
--- Log closed Mon Jan 10 16:43:50 2011
--- Log opened Mon Jan 10 16:47:21 2011
16:47 Closing query with bojanzivanovic
--- Log closed Mon Jan 10 16:47:21 2011
--- Log opened Mon Jan 10 17:02:18 2011
17:02 Starting query in Bitlbee with bojanzivanovic
17:04 playahater| ae ponovi mi molim te .. izletelo mi iz glave za ovaj cck ..
17:04 playahater| trenutna verzija je 6.x-3.x-dev
17:04 playahater| a nama treba?
17:05 playahater| stable 2.9 ili .. ?
17:06 playahater| i odakle nama verzija 3 ?
17:06 playahater| :)
17:07 playahater| aha .. ok .. nasho sam ..
--- Log closed Mon Jan 10 17:12:50 2011
--- Log opened Mon Jan 10 17:16:28 2011
17:16          <-- bojanzivanovic has quit irc
--- Log closed Mon Jan 10 17:21:50 2011
--- Log opened Mon Jan 10 17:24:50 2011
17:24 Closing query with bojanzivanovic
--- Log closed Mon Jan 10 17:24:50 2011
--- Log opened Tue Jan 11 13:57:56 2011
13:57 Starting query in Bitlbee with bojanzivanovic
--- Log closed Tue Jan 11 14:03:34 2011
--- Log opened Tue Jan 11 14:09:00 2011
14:09 Closing query with bojanzivanovic
--- Log closed Tue Jan 11 14:09:00 2011
--- Log opened Thu Jan 20 00:15:21 2011
00:15 Starting query in Bitlbee with bojanzivanovic
--- Log closed Thu Jan 20 00:20:49 2011
--- Log opened Thu Jan 20 00:20:51 2011
00:20 Closing query with bojanzivanovic
--- Log closed Thu Jan 20 00:20:51 2011
--- Log opened Fri Jan 21 20:55:25 2011
20:55 Starting query in Bitlbee with bojanzivanovic
20:55 playahater| yo
20:55 playahater| ping
20:55 playahater| :)
20:55 playahater| preneo mi bogi da te pingujem na chat
--- Log closed Fri Jan 21 21:01:16 2011
--- Log opened Fri Jan 21 21:02:14 2011
21:02 bojanzivanovic| ja za pola sata idem od kuce
21:02 bojanzivanovic| zovi me ako zatreba
21:02 bojanzivanovic| rekao mi je vladimir da mozda migracija duplira usere zato sto stari nemaju id-eve u onoj migrate_map tabeli
21:02 bojanzivanovic| ako je tako, obrisi sve usere koji nisu u migrate_map, i pustaj opet...
21:02 bojanzivanovic| ne mozemo da dodjemo do isprobavanja arsela i dsl-a ako useri nisu migrirani
21:03 playahater| ok .. dogovoreno ..
--- Log closed Fri Jan 21 21:09:16 2011
--- Log opened Fri Jan 21 22:33:50 2011
22:33          <-- bojanzivanovic has quit irc
--- Log closed Fri Jan 21 22:39:16 2011
--- Log opened Fri Jan 21 23:29:25 2011
23:29 Closing query with bojanzivanovic
--- Log closed Fri Jan 21 23:29:25 2011
--- Log opened Sat Jan 22 12:49:30 2011
12:49 Starting query in Bitlbee with bojanzivanovic
12:49 bojanzivanovic| ste uspeli nesto?
12:50 playahater| content profile modul ne shtampa value (samo key) za cck checkbox/select_list field
12:50 playahater| ups ..
12:51 playahater| to nije trebalo tebi da ode ,,
12:51 playahater| :)
12:51 playahater| evo .. borimo se ..
12:51 playahater| jurimo bagove/sranja ..
12:51 playahater| vlada zalego na migraciji ..
12:51 playahater| ide po kodu i sredjuje hookove ..
12:52 bojanzivanovic| znaci niste uspeli usere da pokrenete?
12:52 bojanzivanovic| je l' bilo bar velikih spoznaja u fazonu "ovo je problem" ? :(
12:52 bojanzivanovic| :)
12:53 playahater| mislim da nije .. ali nisam kompletno u toku sa migracijom ..
12:53 playahater| zatrpali me ostalim stvarima ..
12:53 playahater| morash s vladom da vidish .. mislim da je online ..
12:53 bojanzivanovic| pingovao sam ga, cekam pong
12:53 playahater| aha .. ql ..
12:54 playahater| otjesh ti na ovamo?
12:54 playahater| :)
12:54 bojanzivanovic| dolazim u 6
12:54 bojanzivanovic| u frci sam totalnoj pre toga
12:54 bojanzivanovic| i idem off ako me vlada ne ponguje u narednih 30 s
12:54 bojanzivanovic| :)
12:55 playahater| aha .. ql .. 
12:55 playahater| imam par pitanja za tebe kad budesh prihajao ..
12:55 playahater| ako se ne izborim do tad .. :) ..
12:56 bojanzivanovic| okej :) mozes i sad neko da ispalis ako zelis :P
12:57 playahater| koliko je pametno da upisujemo samo jednu vrednost u bazu iz "allowed values list" kod cck checkbox/select_list
12:57 playahater| ako mu dam key|value .. on mi vratja uvek samo key ..
12:58 playahater| ako me kontash .. 
12:58 playahater| mislim .. problem je glup ko notj .. ali ne mogu da pohvatam ko pravi sranja
12:58 playahater| :)
12:58 playahater| to treba da radi out of the box .. ali izgleda da je neki hook negde ukenjao stvar
12:58 bojanzivanovic| problem je sto ne radis odgovarajuci echo  u template-u
12:58 bojanzivanovic| renderovano polje sa value-om se dodaje u nekom shnj stadiumu
12:58 bojanzivanovic| i ne vidi se ni na Dev Load ni na Dev Render
12:59 bojanzivanovic| Tijana i ja smo se drndali s tim pre jedno mesec dana..
12:59 playahater| ma template je nebitan ..ja ni u objektu ni u bazi nemam vrednost
12:59 playahater| samo key
12:59 playahater| :/
12:59 playahater| bar koliko sam ja mogo da izjurim do sad ..
12:59 playahater| *mozda greshim ..
13:00 bojanzivanovic| pa on i upisuje key
13:00 bojanzivanovic| a value ubacuje u casu renderovanja
13:02 playahater| a jel value treba da bude u objektu?
13:03 bojanzivanovic| ne
13:03 bojanzivanovic| tek u template-u
13:03 bojanzivanovic| kada je izrenderovano
13:03 bojanzivanovic| onda je u objektu
13:03 bojanzivanovic| i to je totalno retardirano i izgubio sam jedan ceo dan dok sam to sve skontao :)
13:03 bojanzivanovic| yay for CCK
13:04 playahater| aha .. ok .. sad mi malo jasnije .. :) ..
13:04 playahater| jeste malo nelogichno .. al ajde .. :)
--- Log closed Sat Jan 22 13:09:28 2011
--- Log opened Sat Jan 22 13:19:24 2011
13:19 Closing query with bojanzivanovic
--- Log closed Sat Jan 22 13:19:24 2011
