--- Log opened Fri Mar 05 00:38:16 2010
00:38 Starting query in Bitlbee with BojanNikolic
00:38 BojanNikolic| pajcek
00:38 BojanNikolic| treba mi informacija
00:39 playahater| pitaj google
00:39 Closing query with BojanNikolic
--- Log closed Fri Mar 05 00:39:29 2010
--- Log opened Fri Mar 05 00:40:02 2010
00:40 Starting query in Bitlbee with BojanNikolic
00:40 BojanNikolic| ne pomaze google tu\
00:40 playahater| :)
00:40 playahater| e munem ..
00:40 BojanNikolic| imam ovde toshibu qosmio f10
00:40 playahater| lepo ..
00:40 BojanNikolic| crko joj je severni most
00:40 playahater| south bridge .. 
00:40 playahater| .. josh lepshe ..
00:41 BojanNikolic| e sad da li znas nekog ko bi to mogao da sredi?
00:41 playahater| znam ..
00:41 playahater| :)
00:41 BojanNikolic| ili nekog ko bi je kupio za delove ili nesto tako i koliko bi moglo da se uzme za to
00:41 BojanNikolic| koliko to kosta?
00:41 playahater| a chije to?
00:41 BojanNikolic| od drugara jednog
00:42 BojanNikolic| on uzeo od nekog lika
00:42 BojanNikolic| njemu je crklo 
00:42 BojanNikolic| oa je nosio na servis
00:42 BojanNikolic| pa je to radilo jos 20 dana
00:42 BojanNikolic| pa je crklo opet
00:42 playahater| hehe
00:42 playahater| opravio ga mile
00:42 playahater| :)
00:42 playahater| al crche opet ..
00:42 playahater| :)
00:42 BojanNikolic| i od tad nije ni koriscena pa je ovaj uzeo
00:43 BojanNikolic| e sad... koliko bi mogla da kosta ta popravka ako je moguca?
00:43 BojanNikolic| i da li je moguce da se to trajno sredi
00:43 BojanNikolic| on je nosio nekom liku i on mu rekao da se to vise ne pravi za te modele
00:43 playahater| pazi .. pod pretpostavkom da je dijagnoza tachna .. tu mora se menja cela plocha .. nachi .. ispod 100eur nema popravka pa taman dubio na trepavicama ..
00:44 playahater| inache .. znam lika kog moz da pitash ..
00:44 BojanNikolic| ok tako je i njemu ovak rekao
00:46 playahater| zare( z kao zuba :) ) - banovo brdo - 064-1380402
00:47 BojanNikolic| sta mislis za koju kintu moze da se uvalja ako se popravi?
00:47 playahater| lik valja svakave laptopove .. inache radi u servisu laptopova .. tako da je skroz u toku .. i moz se desi da kod njega prodjesh najjeftinije
00:47 playahater| zovi pa pitaj
00:47 BojanNikolic| znam to je onaj sto si mi rekao da valja i polovne
00:48 playahater| taj taj
00:48 playahater| :)
00:48 playahater| zovi .. ako ti on ne pomogne .. daj da pravimo stochitj od njega .. 
00:48 playahater| :)
00:49 BojanNikolic| ovaj lik je u fazonu da ga proda i razdeljenog ako nekom treba displej ili baterija ili sta god da je citavo na njemu
00:50 playahater| kod zareta tje to prodje, ja mislim najbezbolnije .. 
00:50 playahater| valja on svashta .. :)
00:51 BojanNikolic| da se pozovem na tebe?
00:54 playahater| moz slobodno ..
00:54 playahater| mada ne setja se on mene ..
00:54 playahater| al mozesh ..
00:54 playahater| :)
00:54 BojanNikolic| kako te on zna?
00:54 playahater| milos
00:54 playahater| preko randjelovica
00:54 playahater| marko randjelovic ..
00:54 BojanNikolic| aha... ja mislio da se znate vas dvojica
00:54 playahater| ma jok ..
00:54 playahater| neka shesta kombinacija ..
00:55 playahater| ivana djuritj .. randelovic .. joca .. 
00:55 playahater| ne pitaj ..
00:55 BojanNikolic| znam bre ko je randjelovic
00:55 BojanNikolic| :P
00:55 BojanNikolic| ok
00:55 BojanNikolic| nazvacu ga ja pa da vidim sta ce da mi kaze
00:56 BojanNikolic| hvala svakako
00:56 playahater| no frx ..
00:56 playahater| ka tje svrnesh ?
00:56 playahater| :)
00:56 Closing query with BojanNikolic
--- Log closed Fri Mar 05 00:56:17 2010
--- Log opened Fri Mar 05 00:56:28 2010
00:56 Starting query in Bitlbee with BojanNikolic
00:56 BojanNikolic| e nemam pojma
00:56 BojanNikolic| sad za vikend ce cimer da me upregne da cistimo stan 
00:56 BojanNikolic| garantovano
00:56 BojanNikolic| a to kad krene nikad kraja
00:56 BojanNikolic| :)
00:59          <-- BojanNikolic has quit irc
--- Log closed Fri Mar 05 01:05:09 2010
--- Log opened Fri Mar 05 01:14:30 2010
01:14 Closing query with BojanNikolic
--- Log closed Fri Mar 05 01:14:30 2010
--- Log opened Sun Mar 14 17:51:38 2010
17:51 Starting query in Bitlbee with BojanNikolic
17:51 BojanNikolic| pajcek pomagaj
17:52 BojanNikolic| si tu?
--- Log closed Sun Mar 14 17:58:02 2010
--- Log opened Sun Mar 14 18:02:14 2010
18:02 BojanNikolic| ajde pusti sms kad si pri kompu
18:03          <-- BojanNikolic has quit irc
--- Log closed Sun Mar 14 18:09:02 2010
--- Log opened Sun Mar 14 18:46:42 2010
18:46 playahater| munem
18:46 Closing query with BojanNikolic
--- Log closed Sun Mar 14 18:46:45 2010
--- Log opened Sun Mar 14 18:46:58 2010
18:46 Starting query in Bitlbee with BojanNikolic
18:46 BojanNikolic| pa gde si bre ti
18:47 BojanNikolic| kvo prais?
18:48 playahater| sad sam ustoa
18:48 playahater| :)
18:48 BojanNikolic| ne rise
18:48 BojanNikolic| :)
18:48 playahater| da  bre
18:48 BojanNikolic| ima nekoliko pitanja jer sam poludeo danas
18:48 playahater| hehe
18:48 playahater| ti si lood
18:48 BojanNikolic| da nemas mozda externi dvd?
18:49 BojanNikolic| ili da znas ko ima?
18:49 playahater| nemam .. i ne znam ko i ima ..
18:49 BojanNikolic| to sam znao ali rekoh mozda me usere
18:49 BojanNikolic| :)
18:49 playahater| :)
18:49 BojanNikolic| patim se ceo dan sa nekim asus eee
18:50 BojanNikolic| nece da mi butuje sa flasha instalaciju za os
18:50 BojanNikolic| win 7
18:50 BojanNikolic| a nije hteo ni ubuntu
18:50 playahater| uh .. de win7 na eeepc ? .. 
18:50 playahater| mnogo to njemu ..
18:50 playahater| imretje
18:50 playahater| :)
18:50 BojanNikolic| ma ovaj je dobar bre
18:50 BojanNikolic| ima 1.6 i 2bgb rama
18:50 BojanNikolic| ce izgura on to extra
18:51 BojanNikolic| bgb
18:51 BojanNikolic| :P
18:51 playahater| tje izgura .. al greota .. :
18:51 playahater| :/
18:51 BojanNikolic| pa sad pokusavam i ali ne znam da li cu da uspem
18:51 BojanNikolic| nece da pokrene instalaciju pa to ti je
18:52 playahater| skini ubunut .. napravi usb .. butuj eeepc
18:52 BojanNikolic| a problem je nastao kad su doticni obrisali... ubuntu takozvani
18:52 BojanNikolic| i sad ne znam kako grub da mu sredim
18:52 playahater| samo ga instalirash opet
18:52 BojanNikolic| ako ti znas onda jos bolje
18:52 BojanNikolic| ma nece da pokrene instalaciju
18:52 BojanNikolic| za tolko znam
18:53 playahater| a jel si napravio usb boot ubunut .. il si skinuo neshto besmisleno i bacio na usb stick .. pa ochekujesh da radi ?
18:53 playahater| :)
18:54 BojanNikolic| a bre kopirao sam cd kao i ranije... tako je htelo na drugim kompovima
18:54 BojanNikolic| i ubuntu i windows
18:55 playahater| pa vidim da si ukenjao neshto ..
18:55 playahater| :)
18:55 playahater| pa ne moz tako .. idi pitaj google kako se budzi to shto otjesh ..
18:55 playahater| kljuchne rechi su ti .. "ubuntu usb boot flash"
18:56 playahater| mora napravish bootabilni flash od obichnog iso ubunuta da bi mogo da ga butujesh preko usb-a na eeepc
18:57 Closing query with BojanNikolic
--- Log closed Sun Mar 14 18:57:39 2010
--- Log opened Sun Mar 14 18:57:55 2010
18:57 Starting query in Bitlbee with BojanNikolic
18:57 BojanNikolic| da probam
18:58 BojanNikolic| ali mi je uspevalo i ovako pre i to bez problema
18:59 BojanNikolic| a kazi mi kako da ubijem posle taj ubuntu a da mi ne zabaguje grub?
19:03 playahater| hmmm ...
19:03 playahater| ae polako .. od pochetka da krenemo .. 
19:03 playahater| nachi .. 
19:05 playahater| ti imash eeepc .. i na njemu otjesh da instalirash doze|ubunut ili doze&&ubunut ??? .. a na njemu ima vetj instalirano shta ?? .. 
19:05 BojanNikolic| win xp
19:05 BojanNikolic| bilo je i jedno i drugo
19:06 BojanNikolic| pa su obrisali ubuntu i onda se grub ne moze da se pokrene pa ne mogu da dignem xp
19:06 playahater| aaaa ..
19:06 playahater| a ti ustvari otjesh samo grub da sredish ?
19:06 BojanNikolic| ako moze to bi bilo najbolje
19:06 playahater| iiihhh .. parche torte ..
19:07 playahater| :)
19:07 playahater| znachi ..
19:07 BojanNikolic| ajde pomagaj onda
19:07 BojanNikolic| cekni da ga zapalim samo
19:07 BojanNikolic| ajd sad
19:07 BojanNikolic| pucaj
19:07 playahater| ja ti mog pomognem od trenutka kad butujesh usb ubunut
19:07 playahater| :)
19:08 playahater| a do tad pitaj google kako da butujesh usb ubunut na eeepc 
19:08 playahater| kad ga butujesh .. onda je to dve tri komande od reshenja
19:08 playahater| :)
19:09 BojanNikolic| aha onda moras da sacekas da napravim bootflash
19:09 BojanNikolic| sad je na 1%
19:09 BojanNikolic| :)
19:09 BojanNikolic| pitao sam ubuntu
19:09 BojanNikolic| preporucuju neki programcic koji to radi
19:09 BojanNikolic| aha onda moras da sacekas da napravim bootflash
19:11 playahater| ok
19:11 playahater| :)
19:11 Closing query with BojanNikolic
--- Log closed Sun Mar 14 19:11:16 2010
--- Log opened Sun Mar 14 19:15:26 2010
19:15 Starting query in Bitlbee with BojanNikolic
19:15 BojanNikolic| jesi cuo dojdi u grcku? :D
19:16 playahater| lele .. ti si odlepio .. opet neki "lale shashitj" ?
19:16 playahater| pa dokle vishe ..
19:16 Closing query with BojanNikolic
--- Log closed Sun Mar 14 19:16:53 2010
--- Log opened Sun Mar 14 19:16:53 2010
19:16 Starting query in Bitlbee with BojanNikolic
19:16 BojanNikolic| nisi slusao tv manijak juce?
19:16 BojanNikolic| :P
19:19 playahater| nisam .. bila neka brzina .. 
19:19 playahater| sad tju ga suknem ..
19:19 Closing query with BojanNikolic
--- Log closed Sun Mar 14 19:19:29 2010
--- Log opened Sun Mar 14 19:19:30 2010
19:19 Starting query in Bitlbee with BojanNikolic
19:19 BojanNikolic| potrazi na youtube
19:19 BojanNikolic| lik je opasan reper
19:19 BojanNikolic| :D
19:24 Closing query with BojanNikolic
--- Log closed Sun Mar 14 19:24:46 2010
--- Log opened Sun Mar 14 19:26:35 2010
19:26 Starting query in Bitlbee with BojanNikolic
19:26 playahater| e .. otisho sam u kancelariju .. 
19:26 playahater| vidimo se na chat za pola sata ..
19:26 playahater| pa tje budzimo onda grub ..
19:26 BojanNikolic| taman dok instaliram
19:26 BojanNikolic| povukao je
19:27 playahater| :)
19:27 playahater| ae ..
19:27 Closing query with BojanNikolic
--- Log closed Sun Mar 14 19:27:06 2010
--- Log opened Sun Mar 14 20:16:27 2010
20:16 Starting query in Bitlbee with BojanNikolic
20:16 BojanNikolic| jesi se israo?
20:16 BojanNikolic| :D
--- Log closed Sun Mar 14 20:21:46 2010
--- Log opened Sun Mar 14 20:22:37 2010
20:22 playahater| a ti?
20:22 playahater| :)
20:26 BojanNikolic| napravio sam ga
20:26 BojanNikolic| ali ona hoce win 7 da joj instaliram
20:26 BojanNikolic| tako da cu tad i grub da pregazim
20:28 playahater| pa rvo instaliraj doze 7 .. pa onda bunut
20:28          <-- BojanNikolic has quit irc
--- Log closed Sun Mar 14 20:34:46 2010
--- Log opened Sun Mar 14 20:35:18 2010
20:35 Closing query with BojanNikolic
--- Log closed Sun Mar 14 20:35:18 2010
--- Log opened Sun Mar 14 23:45:33 2010
23:45 Starting query in Bitlbee with BojanNikolic
23:45 BojanNikolic| problem resen
23:45 BojanNikolic| :)
23:45 BojanNikolic| ipak sam mu win7 nabudzio i radi odlicno
23:49          <-- BojanNikolic has quit irc
23:49 Closing query with BojanNikolic
--- Log closed Sun Mar 14 23:49:59 2010
--- Log opened Thu Mar 25 18:16:17 2010
18:16 Starting query in Bitlbee with BojanNikolic
18:16 playahater| munem ..
18:16 playahater| :)
18:16 Closing query with BojanNikolic
--- Log closed Thu Mar 25 18:16:21 2010
--- Log opened Fri Apr 30 19:39:59 2010
19:39 Starting query in Bitlbee with BojanNikolic
19:39 BojanNikolic| pajcek
19:41          <-- BojanNikolic has quit irc
--- Log closed Fri Apr 30 19:47:29 2010
--- Log opened Fri Apr 30 20:34:01 2010
20:34 playahater| munem
20:34 Closing query with BojanNikolic
--- Log closed Fri Apr 30 20:34:03 2010
--- Log opened Wed May 05 21:49:04 2010
21:49 Starting query in Bitlbee with BojanNikolic
21:49 BojanNikolic| pajcek
21:50          <-- BojanNikolic has quit irc
--- Log closed Wed May 05 21:55:36 2010
--- Log opened Thu May 06 12:23:30 2010
12:23 Closing query with BojanNikolic
--- Log closed Thu May 06 12:23:30 2010
--- Log opened Sun May 16 15:20:42 2010
15:20          -#- -1346196003 is known as BojanNikolic
--- Log closed Sun May 16 15:26:02 2010
--- Log opened Sun May 16 15:30:21 2010
15:30          <-- BojanNikolic has quit irc
15:34          <-- BojanNikolic has quit irc
--- Log closed Sun May 16 15:40:02 2010
--- Log opened Sun May 16 16:05:05 2010
16:05 Closing query with BojanNikolic
--- Log closed Sun May 16 16:05:05 2010
--- Log opened Sun May 16 23:59:48 2010
23:59 Starting query in Bitlbee with BojanNikolic
23:59 BojanNikolic| alo bre pajcek
23:59 playahater| munem
23:59 playahater| :)
--- Day changed Mon May 17 2010
00:00 BojanNikolic| pa bre majka mu stara
00:00 BojanNikolic| nema te kao kurca na tv000
00:00 BojanNikolic| tv1000
00:00 playahater| hehe ..
00:00 playahater| shta tje kaesh novo
00:01 BojanNikolic| nista bre
00:01 BojanNikolic| propao sam kao muda kroz i'cepane gace
00:01 BojanNikolic| a ti?
00:01 playahater| lele .. tjuti .. 
00:01 playahater| ista pricha ..
00:01 playahater| tje idemo na godishnjicu?
00:01 BojanNikolic| ides na "maturu"?
00:01 playahater| :
00:01 playahater| :)
00:01 BojanNikolic| :P
00:02 BojanNikolic| ja ne mogu
00:02 playahater| ne seri,a?
00:02 playahater| shto
00:02 BojanNikolic| bio sam za prvi maj jbg
00:02 BojanNikolic| a nemam ni kintu
00:02 BojanNikolic| tako da jbg
00:02 playahater| nachi .. kompletno zlo .. svi su u problemu ..
00:02 BojanNikolic| a ide mi se bas
00:02 playahater| ja sam vishe manje u istoj situaciji
00:02 BojanNikolic| i slava mi taj dan]
00:03 playahater| radovan isto digo ruke ..
00:03 playahater| on .. pajcek .. kaze .. mrzi ga - bash .. 
00:03 playahater| :D
00:03 BojanNikolic| jedna rec za njega
00:03 BojanNikolic| RADOVAN
00:03 playahater| ceo zivot
00:03 BojanNikolic| ostalo je suvisno
00:03 BojanNikolic| :D
00:04 playahater| slazem se kolega
00:04 playahater| kad tje pogledamo?
00:04 BojanNikolic| nego htedoh danas da te priupitam ali ri se ne javi
00:05 playahater| priupitaj
00:05 playahater| :)
00:05 BojanNikolic| da li mozda kojim slucajem znas
00:05 BojanNikolic| gde mogu da kupim adapter za ryter
00:05 BojanNikolic| ruter
00:05 BojanNikolic| iliti ispravljac
00:05 playahater| auuuuu ... 
00:05 playahater| auuuuu ... 
00:05 playahater| :)
00:05 playahater| jako teshko ..
00:05 playahater| koji router?
00:06 BojanNikolic| tp link
00:06 playahater| ja sam pre jedno pola godine jurio adapter za neki wifi router (nije zvuchno ime) i skontao da ako ti to crkne .. 
00:06 playahater| najebao si ..
00:06 BojanNikolic| sad ja se ne razumem mnogo u te prikljucke ali mi ne lici na one standardne
00:06 playahater| mora idesh kod "mitje lemilice"
00:06 BojanNikolic| nekako je siri cini mi se
00:07 BojanNikolic| ma za ovo nije fkra
00:07 BojanNikolic| ceo ruter kosta 14 evrica
00:07 BojanNikolic| nego rekoh ako znas neku varijantu da ne kupujem sve ponovo
00:07 playahater| teshko .. 
00:07 playahater| moz potrazish adaptere za shta god .. al da se uklapaju brojke
00:08 playahater| pa da ga uglobish ..
00:08 BojanNikolic| ma ovaj je standardni od 12v
00:08 BojanNikolic| nije ni to frka
00:08 BojanNikolic| nego me onaj prikljucak cini mi se poprckuje
00:08 BojanNikolic| slagao sam te
00:08 BojanNikolic| :D
00:09 BojanNikolic| 9v
00:09 playahater| :)
00:09 BojanNikolic| i 80mA
00:09 BojanNikolic| tako da kapiram da nije mudo neko dase to i na "bubljak" kupi
00:10 playahater| pa ako ceo router koshta 15 ojro ..
00:10 playahater| bubljak je jedini logichan potez
00:10 playahater| :)
00:10 BojanNikolic| nije to puno ali koji ce mi moj dva rutera
00:10 BojanNikolic| :D
00:10 BojanNikolic| realno
00:10 BojanNikolic| :D
00:10 playahater| a bre .. logichno .. 
00:10 playahater| ma moz se to zbudzi ..
00:11 BojanNikolic| a je l' znas nekog  ko se bakce sa te lemilice?
00:11 BojanNikolic| jer ja to ne da ne umem nego katastrofa
00:11 BojanNikolic| :D
00:11 playahater| hahah
00:11 playahater| pa cimer se jebavao stim ..
00:11 playahater| moz probamo da ga iscimamo
00:11 playahater| navrnesh jedan dan i bacish mu u krilo ..
00:12 playahater| naravno .. viknesh mu .. "snadji se"
00:12 playahater| :D
00:12 BojanNikolic| cu mu kupim cigare ;)
00:12 BojanNikolic| samo mi kazi koje da kupim
00:12 BojanNikolic| da ne pogresim "brend"
00:13 playahater| on samo one smeshne
00:13 BojanNikolic| pa znam
00:13 BojanNikolic| zato sam i mislio duvanske
00:13 BojanNikolic| :D
00:13 BojanNikolic| tebi da ostanu
00:13 BojanNikolic| :D
00:13 BojanNikolic| e jesi gluuup
00:13 BojanNikolic| :D
00:13 playahater| e .. pa od skoro .. i ja samo one smeshne ..
00:13 BojanNikolic| opa
00:13 playahater| batalio sam ove shto truju
00:13 playahater| :)
00:13 BojanNikolic| ne pusis vise?
00:15 playahater| mogli bi da ukompotujemo neko vidjanje do kraja nedelje ..
00:15 playahater| naravno, ako ne zapalim za zavichaj ..
00:15 playahater| .. mada sumLJam ..
00:15 BojanNikolic| tesko bratac 
00:15 BojanNikolic| sad ce da pocnu da smaraju kolokvijumi i ostala sranja
00:16 BojanNikolic| a prosle godine sam tako na slavu kuci otiso i nisam ni dao te ispite posle
00:16 playahater| jebaga .. jedno popodne .. 
00:16 playahater| tolka brzina,a?
00:16 playahater| :D
00:17 BojanNikolic| jedino posle nekog kolokvijuma da banem
00:17 BojanNikolic| pod uslovom da nemam sutradan neki
00:17 BojanNikolic| jer kod tebe kad se dodje to bude zabadanje uvek
00:17 playahater| pa klasika .. :)
00:17 playahater| standard .. jebesh ga
00:17 BojanNikolic| pa znam
00:18 BojanNikolic| zato se i ne usudjujem
00:18 BojanNikolic| :)
00:18 playahater| ae ne kenjaj mnogo .. nego isplaniraj ..
00:18 playahater| :)
00:18 BojanNikolic| nego jesi cuo da je dio umro?
00:19 playahater| jesam .. rip .. \m/
00:19 playahater| pa bruji net .. teshko da moz da ne chujesh
00:19 playahater| L:)
00:19 BojanNikolic| trebalo na leto u bugarskoj da nastupi sa black sabath
00:19 BojanNikolic| i ja se bio naostrio
00:19 BojanNikolic| ali jbg
00:20 playahater| twitter eSplodirao sa rip-ovima dia
00:20 playahater| nisam ochekivao toliki feedback ..
00:20 BojanNikolic| opasan pevac bio
00:20 BojanNikolic| jedan on najveci svih vremena
00:20 BojanNikolic| srto se roka tice naravno
00:23 BojanNikolic| ajd zdravo pajcek
00:23 BojanNikolic| odo da igram civ4
00:23 BojanNikolic| :)
00:23 playahater| ae
00:24 playahater| uplaniraj .. jebiga .. da se vidimo ..
00:24 playahater| nije u redu .. ;)
00:24 Closing query with BojanNikolic
--- Log closed Mon May 17 00:24:26 2010
--- Log opened Thu Jun 24 23:07:59 2010
23:07 Starting query in Bitlbee with BojanNikolic
23:07 BojanNikolic| obrati paznju... ovo hocu za rodjendan :D
23:08 BojanNikolic| http://www.hocuto.rs/poklon/fx-svetleca-sablja/735
23:12          <-- BojanNikolic has quit irc
--- Log closed Thu Jun 24 23:18:26 2010
--- Log opened Fri Jun 25 00:09:35 2010
00:09 Closing query with BojanNikolic
--- Log closed Fri Jun 25 00:09:35 2010
--- Log opened Thu Aug 12 22:11:14 2010
22:11 Starting query in Bitlbee with BojanNikolic
22:11 BojanNikolic| pajcek
--- Log closed Thu Aug 12 22:16:43 2010
--- Log opened Fri Aug 13 00:02:21 2010
00:02          <-- BojanNikolic has quit irc
--- Log closed Fri Aug 13 00:07:43 2010
--- Log opened Fri Aug 13 00:12:06 2010
00:12          <-- BojanNikolic has quit irc
--- Log closed Fri Aug 13 00:17:43 2010
--- Log opened Fri Aug 13 11:41:21 2010
11:41          <-- BojanNikolic has quit irc
--- Log closed Fri Aug 13 11:46:43 2010
--- Log opened Fri Aug 13 12:15:52 2010
12:15          <-- BojanNikolic has quit irc
--- Log closed Fri Aug 13 12:21:43 2010
--- Log opened Fri Aug 13 14:19:37 2010
14:19          <-- BojanNikolic has quit irc
--- Log closed Fri Aug 13 14:24:43 2010
--- Log opened Fri Aug 13 17:07:37 2010
17:07 Closing query with BojanNikolic
--- Log closed Fri Aug 13 17:07:37 2010
--- Log opened Sat Aug 14 00:03:41 2010
00:03 Starting query in Bitlbee with BojanNikolic
00:03 BojanNikolic| pravi si pajser
00:03 BojanNikolic| sto se ne javi danas?
00:05 BojanNikolic| tesko 
00:05 BojanNikolic| ujutru u 6 idem u rajac na pimnice
00:06 BojanNikolic| hteo sam veceras da svratim ali ti se ne javljas.... a bio sam u gradu
00:06 BojanNikolic| jedino u nedelju posle tenisa da banem... oko 6 popodne pola 7?
00:07 BojanNikolic| a nedelja?
00:13          <-- BojanNikolic has quit irc
--- Log closed Sat Aug 14 00:18:43 2010
--- Log opened Sat Aug 14 00:42:09 2010
00:42 Closing query with BojanNikolic
--- Log closed Sat Aug 14 00:42:09 2010
--- Log opened Sun Aug 15 15:02:55 2010
15:02 Starting query in Bitlbee with BojanNikolic
15:02 BojanNikolic| pederu dolazim kod tebe posle tenisa... racunaj oko pola 7... oladi neko pivo
--- Log closed Sun Aug 15 15:08:43 2010
--- Log opened Sun Aug 15 15:30:56 2010
15:30          <-- BojanNikolic has quit irc
--- Log closed Sun Aug 15 15:36:43 2010
--- Log opened Sun Aug 15 20:08:01 2010
20:08 Closing query with BojanNikolic
--- Log closed Sun Aug 15 20:08:01 2010
--- Log opened Thu Sep 09 18:47:01 2010
18:47 Starting query in Bitlbee with BojanNikolic
18:47 BojanNikolic| pajcek
--- Log closed Thu Sep 09 18:52:01 2010
--- Log opened Thu Sep 09 19:11:39 2010
19:11 playahater| shta ima
19:11 Closing query with BojanNikolic
--- Log closed Thu Sep 09 19:11:41 2010
--- Log opened Thu Sep 09 19:12:05 2010
19:12 Starting query in Bitlbee with BojanNikolic
19:12 BojanNikolic| pa gde si bre ti
19:12 BojanNikolic| evo slusam jedan mnogo dobar bend :)
19:15 playahater| evo me u bgd .. radim .. 
19:15 BojanNikolic| evo obrazuj se malo
19:15 BojanNikolic| http://www.youtube.com/watch?v=RNcPrDTF39w
19:15 playahater| mi se beshe videli skoro .. nema potrebe da se gledamo .. ako se dobro setjam .. :P .. MuNeM
19:15 BojanNikolic| u ponedeljak idem do skole pa mogu da banem malo
19:16 playahater| ponedeljak ovog meseca, godine, stoljetja ?
19:16 playahater| :)
19:16 BojanNikolic| nabivam :P
19:16 playahater| ne znam .. mora se chujemo .. da potvrdimo meetup
19:17 playahater| mLogo zgodnije vikend veche/predveche ..
19:20 BojanNikolic| ne mogu za vikend da obecam, a sledeci idem u zvezdan
19:23 playahater| lele .. za sve pare si preterao ..
19:23 BojanNikolic| jbg sta cu kad sam trazen... nije lako
19:28          <-- BojanNikolic has quit irc
19:29 BojanNikolic| budi miran
19:31          <-- BojanNikolic has quit irc
--- Log closed Thu Sep 09 19:37:01 2010
--- Log opened Thu Sep 09 20:12:35 2010
20:12 Closing query with BojanNikolic
--- Log closed Thu Sep 09 20:12:35 2010
--- Log opened Mon Oct 18 19:42:00 2010
19:42 Starting query in Bitlbee with BojanNikolic
19:42 BojanNikolic| http://www.youtube.com/watch?v=3hOst_NExGI
--- Log closed Mon Oct 18 19:47:12 2010
--- Log opened Mon Oct 18 20:05:42 2010
20:05 Closing query with BojanNikolic
--- Log closed Mon Oct 18 20:05:42 2010
--- Log opened Tue Nov 30 13:55:11 2010
13:55 Starting query in Bitlbee with BojanNikolic
13:55 BojanNikolic| pajcek
13:56 BojanNikolic| zvao me kole sad ne moze da te nadje...
13:57 BojanNikolic| rekao mi da mu se javis...
13:58 playahater| budem ..
13:58 playahater| desi ti
13:58 playahater| sha ima
13:59          <-- BojanNikolic has quit irc
--- Log closed Tue Nov 30 14:04:58 2010
--- Log opened Tue Nov 30 15:22:26 2010
15:22          <-- BojanNikolic has quit irc
--- Log closed Tue Nov 30 15:27:58 2010
--- Log opened Tue Nov 30 15:49:15 2010
15:49 Closing query with BojanNikolic
--- Log closed Tue Nov 30 15:49:15 2010
--- Log opened Tue Nov 30 16:00:42 2010
16:00 Starting query in Bitlbee with BojanNikolic
16:00 BojanNikolic| pajcek
16:01 playahater| shta tje kazesh?
16:01 playahater| :)
16:01 BojanNikolic| jesi videja poruku?
16:01 playahater| ne
16:01 BojanNikolic| kole me vikao
16:02 BojanNikolic| trazio tvoj novi broj
16:02 playahater| si mu dao?
16:02 BojanNikolic| nisam upoznat sa novim brojem :)
16:02 playahater| kenjash?
16:02 playahater| 0691270010
16:02 BojanNikolic| 2230699?
16:02 playahater| tjaolina
16:02 playahater| :)
16:02 BojanNikolic| pa nemam taj
16:03 playahater| to mi je jedini .. i poslednji .. ;)
16:03 playahater| haxorski
16:03 playahater| :D
16:03 BojanNikolic| konacno si presao na telenor kao svi normalni ljudi :P
16:03 playahater| munem
16:03 BojanNikolic| sto nisi isti broj uzeo?
16:04 BojanNikolic| manje cimanje 
16:04 playahater| nisam hteo 
16:04 playahater| :)
16:04 BojanNikolic| i jos mi reci da si batalio nokiu pa da pocnem za coveka da te smatram :D :P
16:04 playahater| htc ;)
16:05 BojanNikolic| azija je azija jbg :D
16:05 playahater| chinjenichno stanje :0
16:05 BojanNikolic| ali ja sam skroz hrad core
16:05 BojanNikolic| kineza furam :D
16:05 playahater| pa da .. znam .. reko si mi .. :)
16:06 playahater| a znash za radovana ..
16:06 BojanNikolic| znam
16:06 BojanNikolic| pajser :D
16:06 BojanNikolic| umesto kineza da je kupio on se kurci nesto :D
16:06 BojanNikolic| a znas ti njega... ne moze on da ne budzi nesto 
16:08 playahater| i prejebao ga odma
16:08 playahater| skoro mu proradeo
16:08 BojanNikolic| zar si sumnjao? :D
16:08 BojanNikolic| sta ima kod tebe? rece mi radovan da si zajebao neki sajt pa te jure
16:09 playahater| skupina debila
16:09 playahater| veruj mi ..
16:10 BojanNikolic| heheheh
16:10 playahater| nije vredno pomena
16:10 BojanNikolic| ne znam zasto mi to zvuci poznato :D
16:10 playahater| :)
16:10 playahater| sve znash ..
16:10 playahater| :)
16:10 BojanNikolic| kao mator
16:10 playahater| :)
16:10 playahater| hehe
16:10 playahater| kod tebze?
16:10 playahater| shta tje kaesh novo
16:10 BojanNikolic| kad ce svrnes?
16:11 BojanNikolic| ja idem u zvezdan u petak konacno
16:11 BojanNikolic| nisam bio od letos
16:11 BojanNikolic| sad se ispojavljivao neki prevoz pa da iskoristim
16:11 playahater| idem i ja sad za vikend
16:11 playahater| vratjam se u nedlju ..
16:11 BojanNikolic| i ja tako
16:12 playahater| chim idesh .. chime se vratjash ??
16:12 playahater| jel ima mesto?
16:12 playahater| :D
16:12 BojanNikolic| kolima
16:12 BojanNikolic| nema jbg
16:12 playahater| damn
16:12 BojanNikolic| ima nas 5
16:12 BojanNikolic| playahater :D
16:12 BojanNikolic| da se nadovezem :P
16:12 playahater| :)
16:13 playahater| tje se pogledamo onda dole ..
16:13 playahater| valjda .. :)
16:13 playahater| a shta otje kole koj moj? .. :)
16:13 playahater| gde mu gori?
16:13 playahater| :D
16:13 BojanNikolic| moze da se desi mada nista nije sigurno
16:13 BojanNikolic| ne znam
16:13 BojanNikolic| ustvari znam
16:14 BojanNikolic| riknuo mu komp pa da se posavetuje sa tobom oko kupovine
16:14 playahater| znao sam ..
16:14 playahater| ne moz se seti da pozove da pita za zdravlje
16:14 playahater| :D
16:14 playahater| hehe
16:15 BojanNikolic| ja ga nisam ni prepoznao prvo :)
16:16 BojanNikolic| reko ko sad smara...
16:16 BojanNikolic| kad ono kole :)
16:16 playahater| ko tje drugi
16:16 playahater| :D
16:16 BojanNikolic| uuu ima smaraca poprilicno
16:17 playahater| si ti josh pod studiranje .. dokleN si stigA
16:18 playahater| el shtrikash el se zebavash 
16:18 BojanNikolic| 2. i 3. slusam
16:18 playahater| silovito znachi ..
16:18 playahater| do jajima
16:18 BojanNikolic| ce vidime kad krene rok :D
16:19 playahater| :)
16:19 playahater| mogo bi se zajebesh nekad pa da ispijemo neko pivo ..
16:19 BojanNikolic| pa a te pitah kad ce svrnes :D
16:20 playahater| e munem .. 
16:20 playahater| desi sad?
16:20 BojanNikolic| munze konza
16:20 BojanNikolic| rumen gumen :D
16:20 playahater| moj te baca preko shar planine
16:21 playahater| pa ae moz smislimo neki wikend .. se nadjemo na pola bar .. ako nishta drugo .. :)
16:21 playahater| il moz i ti da navrnesh ..
16:21 BojanNikolic| frka da se dodje u munze? :P
16:21 playahater| nemam vizu
16:21 playahater| :)
16:22 BojanNikolic| ne treba ti... sad u eu moze i bez vize... beli sengen :D
16:22 playahater| ja sam josh na stari pasosh
16:22 playahater| ;)
16:22 playahater| bez lichne karte
16:23 BojanNikolic| pa ce vidimo da ti posaljemo pismo onda
16:23 BojanNikolic| :D
16:24 playahater| pitanje da l josh udaraju vize u stari pasosh za zemunce .. 
16:24 playahater| :D
16:24 playahater| zemunci kao destinacija .. :D
16:24 BojanNikolic| de bre cu im kazem da si mi drugar 
16:24 BojanNikolic| nece niko da te dira
16:24 BojanNikolic| :D
16:25 playahater| mish da jurimo vezu
16:25 playahater| :)
16:25 BojanNikolic| ma jok nego mislim za vreme boravka
16:25 BojanNikolic| osim toga zemunci neaju pasos nego sospa :D
16:26 playahater| to znam .. mi sa zvezdare smo i dalje na pasoshima .. :)
16:26 playahater| starim
16:26 playahater| :)
16:27 BojanNikolic| http://outside.blog.siol.net/files/2007/04/pajser.jpg
16:27 playahater| e si ga nasho .. nasho si ga ..
16:28 BojanNikolic| el ga prejeba
16:28 playahater| :)
16:29 BojanNikolic| i? kad ce svrnes?
16:29 BojanNikolic| :)
16:29 playahater| pa moz se pogledamo sledetji vikend
16:30 BojanNikolic| ako bude sve ok moze
16:30 playahater| pa to ti kaem
16:31 BojanNikolic| jeste nabavili tv?
16:31 playahater| ne ..
16:32 playahater| al smo nabavili brzi i bolji internet
16:32 playahater| ;)
16:32 playahater| mnogo bolje
16:32 playahater| :D
16:32 BojanNikolic| imam zanimljiv programcic za tv ako te zanima
16:32 playahater| teshko tju ja to iskompajliram .. ;)
16:33 BojanNikolic| mislim da radi na wine
16:33 playahater| kako se vika
16:34 BojanNikolic| http://www.interfejs.tv/prilog.php#DL
16:35 playahater| Greška!
16:35 playahater| Sadržaj koji tražite ne postoji. 
16:35 BojanNikolic| web tv easy
16:36 playahater| tje vimo ..
16:36 playahater| sumLJam ..
16:36 playahater| al tje vimo
16:36 playahater| :)
16:36 playahater| moj tv je .. https://encrypted.google.com/url?sa=t&source=web&cd=1&ved=0CCAQqwMoADAA&url=http%3A%2F%2Flive.twit.tv%2F&ei=Khr1TO61NYSdOpWOsNYI&usg=AFQjCNGwGknf-rAbZyix7GcsuXAcfE3vNA&sig2=tYUKOdOkBmrB7HzXJ8iyCg
16:36 BojanNikolic| ma i meni je wine drljav nesto :D
16:36 playahater| http://live.twit.tv/
16:37 BojanNikolic| opet neka pornjava :D
16:37 playahater| e .. ovaj put .. na zalost .. nije 
16:37 playahater| :)
16:37 playahater| *zalos .. pardon
16:37 playahater| :)
16:37 BojanNikolic| dzaba se vadis :D
16:38 BojanNikolic| jesi cuo za Neighbors from hell?
16:39 playahater| igrica?
16:39 BojanNikolic| serija
16:39 playahater| jesam .. oni shto se drkaju non stop
16:39 BojanNikolic| Neighbors from hell
16:39 BojanNikolic| http://www.youtube.com/watch?v=LmqGoau1nuo
16:39 playahater| medjusobno nameshtanje
16:39 playahater| :)
16:39 BojanNikolic| nije to
16:39 BojanNikolic| samo se zove isto
16:40 playahater| http://www.imdb.com/title/tt1592270/ ??
16:40 BojanNikolic| to
16:40 BojanNikolic| odlicna je
16:40 playahater| nisam .. tje chekiramo
16:40 BojanNikolic| http://www.youtube.com/watch?v=LmqGoau1nuo
16:40 BojanNikolic| evo ti delic
16:41 playahater| The Hellmans are actually from Hell. Their mission is to help humans not go to Hell. 
16:41 playahater| hahahaha
16:41 playahater| mogu da zamislim
16:41 playahater| :)
16:43 Closing query with BojanNikolic
--- Log closed Tue Nov 30 16:43:32 2010
--- Log opened Tue Nov 30 16:43:45 2010
16:43 Starting query in Bitlbee with BojanNikolic
16:43 BojanNikolic| odo dextera da odgledam :)
16:43 BojanNikolic| dovidjenja i prijatno :D
16:43 playahater| takodjer ..
16:44 playahater| :)
16:44          <-- BojanNikolic has quit irc
16:46 Closing query with BojanNikolic
--- Log closed Tue Nov 30 16:46:56 2010
--- Log opened Tue Dec 21 17:31:58 2010
17:31 Starting query in Bitlbee with BojanNikolic
17:31 BojanNikolic| topla preporuka :)
17:31 BojanNikolic| http://www.imdb.com/title/tt0416394/
17:33 playahater| 8.9 od 10 .. mh .. 
17:33 playahater| komercijala .. :)
17:33 Closing query with BojanNikolic
--- Log closed Tue Dec 21 17:33:13 2010
--- Log opened Tue Dec 21 17:33:14 2010
17:33 Starting query in Bitlbee with BojanNikolic
17:33 BojanNikolic| ne mlati
17:33 playahater| :D
17:33 BojanNikolic| totalno nekomercijalno :)
17:33 BojanNikolic| jesi gledao it crowd?
17:34 playahater| da be .. naravno ..
17:34 BojanNikolic| pa ako se secas pnog lika sto zivi u posebnoj sobi dole u podrumu
17:34 BojanNikolic| onaj vampir
17:34 BojanNikolic| darker
17:35 playahater| da
17:35 BojanNikolic| on je jedan od glavnih likova
17:35 BojanNikolic| i jos jedan lik sa njim
17:35 BojanNikolic| luda je serija skroz
--- Log closed Tue Dec 21 17:41:35 2010
--- Log opened Tue Dec 21 17:54:10 2010
17:54 playahater| pristavio da se svuche prva sezona ..
17:54 playahater| pa tje vimo
17:54 playahater| :)
17:54 BojanNikolic| luda je serija
17:54 BojanNikolic| ako volis britanski humar naravno
17:54 BojanNikolic| humor*
17:56 playahater| british is da best ..  ;)
17:56 playahater| si gledao yes minister i yes prime minister ?
17:56 Closing query with BojanNikolic
--- Log closed Tue Dec 21 17:56:31 2010
--- Log opened Tue Dec 21 17:56:48 2010
17:56 Starting query in Bitlbee with BojanNikolic
17:56 BojanNikolic| ne
17:57 playahater|  NE SERI ??!!!
17:57 playahater| auuu ..
17:57 playahater| pod hitno
17:57 playahater| ta serija mi je u top 3 ..
17:57 BojanNikolic| ne znam sta cu pre :D
17:57 playahater| :)
17:57 Closing query with BojanNikolic
--- Log closed Tue Dec 21 17:57:28 2010
--- Log opened Tue Dec 21 17:57:59 2010
17:57 Starting query in Bitlbee with BojanNikolic
17:57 BojanNikolic| to je jedna ili dve serije?
17:58 BojanNikolic| uuuu bre... ovo je starije od mene :D
17:58 playahater| vrh
17:59 playahater| jebiga, samo dve sezone ..
17:59 playahater| :(
17:59 playahater| ali jebe kevu kolko je dobro ..
17:59 playahater| ja recikliram s vremena na vreme .. :)
17:59 Closing query with BojanNikolic
--- Log closed Tue Dec 21 17:59:29 2010
--- Log opened Tue Dec 21 23:17:25 2010
23:17 Starting query in Bitlbee with BojanNikolic
23:17 BojanNikolic| jesi cekirao?
23:21          <-- BojanNikolic has quit irc
--- Log closed Tue Dec 21 23:26:46 2010
--- Log opened Wed Dec 22 00:17:53 2010
00:17 Closing query with BojanNikolic
--- Log closed Wed Dec 22 00:17:53 2010
--- Log opened Wed Dec 22 18:19:46 2010
18:19 Starting query in Bitlbee with BojanNikolic
18:19 BojanNikolic| jesi pogledao seriju?
18:20 playahater| tek sam je danas svuko ..
18:21 playahater| sad kad prihajam doma tje bacim pogled ..
18:21 playahater| a ti? .. si pogledao yes minister?
18:21 playahater| :)
18:21 Closing query with BojanNikolic
--- Log closed Wed Dec 22 18:21:15 2010
--- Log opened Wed Dec 22 18:21:55 2010
18:21 Starting query in Bitlbee with BojanNikolic
18:21 BojanNikolic| nemam mesto na hardu pa nisam jos skinuo :)
18:24 playahater| munem ..
18:24 playahater| :0
18:24 playahater| otisho sam doma ..
18:24 playahater| ae ..
18:24 BojanNikolic| rumen gumen :D
18:24 BojanNikolic| ajd uzdravlje
18:24 playahater| :0
18:24 Closing query with BojanNikolic
--- Log closed Wed Dec 22 18:24:59 2010
--- Log opened Tue Dec 28 16:43:40 2010
16:43 Starting query in Bitlbee with BojanNikolic
16:43 BojanNikolic| nije lose yes minister
16:43 BojanNikolic| pogledao sam prvu sezonu
16:46          <-- BojanNikolic has quit irc
16:46 Closing query with BojanNikolic
--- Log closed Tue Dec 28 16:46:50 2010
--- Log opened Wed Jan 19 13:13:05 2011
13:13 Starting query in Bitlbee with BojanNikolic
13:13 BojanNikolic| pajcek
13:13 playahater| lele .. pa ti mrdash ..
13:13 playahater| :)
13:14 BojanNikolic| po malo jos ali ne znam koliko cu
13:15 playahater| sretna ti nova .. 
13:15 playahater| :)
13:15 BojanNikolic| e da i to :D i sve ostalo vezano za to :D
13:15 BojanNikolic| sta ima bre
--- Log closed Wed Jan 19 13:21:30 2011
--- Log opened Wed Jan 19 13:24:48 2011
13:24 BojanNikolic| ej... mozda znas ovo
13:25 BojanNikolic| kako da podelim veliki iso na dva dela da dobijem 2 iso fajla?
13:25          <-- BojanNikolic has quit irc
13:28 playahater| si pitao tjaleta?
13:28 Closing query with BojanNikolic
--- Log closed Wed Jan 19 13:28:47 2011
--- Log opened Wed Jan 19 13:28:53 2011
13:28 Starting query in Bitlbee with BojanNikolic
13:28 BojanNikolic| ??
13:29 playahater| tjale = 'google.com';
13:29 playahater| :)
13:29 playahater| i to da zapamtish
13:29 playahater| :D
13:29 BojanNikolic| ma jesam ali sve sto sam nasao je da ga delim u fajlove ali nisam nasao to sto meni treba
13:29 BojanNikolic| a znam da ima neka fora da se to uradi
13:33 BojanNikolic| pogledaj ovo :d
13:33 BojanNikolic| http://www.youtube.com/watch?v=j0tAOIQiz-8
13:34 playahater| split -b900M -d /home/anirudh/downloads/debian/debian-testing-i386-DVD-1.iso debian-testing-i386-DVD-1.iso.
13:34 playahater| split -b900M -d /home/anirudh/downloads/debian/debian-testing-i386-DVD-1.iso debian-testing-i386-DVD-1.iso.
13:35 playahater| :)
13:35 playahater| to je jedino shto mi tjale dao a da ima smisla .. :)
13:35 playahater| ali mislim da to tebi ne radi poso,a?
13:35 BojanNikolic| ce' da vidim
13:36 playahater| uglavnom .. man split
13:36 playahater| :)
13:38 BojanNikolic| nije to
13:38 BojanNikolic| to mi ne zavrsava posao
13:40 BojanNikolic| nadjoh nesto... sad cu da ga probam
--- Log closed Wed Jan 19 13:45:30 2011
--- Log opened Wed Jan 19 13:52:04 2011
13:52          <-- BojanNikolic has quit irc
--- Log closed Wed Jan 19 13:57:30 2011
--- Log opened Wed Jan 19 15:14:03 2011
15:14 Closing query with BojanNikolic
--- Log closed Wed Jan 19 15:14:03 2011
--- Log opened Wed Feb 02 12:35:46 2011
12:35 Starting query in Bitlbee with BojanNikolic
12:35 BojanNikolic| pajcek
12:37 playahater| munem
12:39 BojanNikolic| obavestenje
12:39 BojanNikolic| u subotu neki dodgovor se pravi vidjenje neko
12:39 BojanNikolic| sad sam sa anitom pricao
12:40 BojanNikolic| ona pexa i gruja
12:40 BojanNikolic| pa ce verovatno do mene da banu
12:40 BojanNikolic| pa se ispojavljujes i ti
12:41 playahater| ajde?
12:41 playahater| da l je mogutje ..
12:41 playahater| anita .. matica .. opet organizuje ..
12:41 playahater| :)
12:41 Closing query with BojanNikolic
--- Log closed Wed Feb 02 12:41:35 2011
--- Log opened Wed Feb 02 12:41:53 2011
12:41 Starting query in Bitlbee with BojanNikolic
12:41 BojanNikolic| pa znas ti nju :D
12:46 BojanNikolic| jesi ti za?
--- Log closed Wed Feb 02 12:52:37 2011
--- Log opened Wed Feb 02 13:16:32 2011
13:16 playahater| u principu jesam ..
13:16 playahater| a shto bash kod tebe?
13:16 playahater| :)
13:16 Closing query with BojanNikolic
--- Log closed Wed Feb 02 13:16:40 2011
--- Log opened Wed Feb 02 13:17:28 2011
13:17 Starting query in Bitlbee with BojanNikolic
13:17 BojanNikolic| finansije mi teenutno ne dozvoljavaju izlazak u grad tako da sam nasao kompromis :)
13:20 playahater| a mi nindze da vadimo soshku pa da prelazimo granicu ..
13:20 playahater| eeee ..
13:20 playahater| pa nije u redu .. :)
13:20 playahater| za kad je zakazan event ?
13:20 playahater| :)
13:20 BojanNikolic| tebra sospa mora da se ima :D
13:21 BojanNikolic| nista jos konkretno... predvece negde
13:21 playahater| sad za vikend?
13:21 BojanNikolic| da bre
13:21 BojanNikolic| u subotu
13:21 playahater| ok .. planirajte me .. 
13:22 playahater| SEM ako se ne desi da radim za vikend ..
13:22 playahater| mada ne bi trebalo ..
13:22 BojanNikolic| dogovoreto
13:22 BojanNikolic| samo jos radovana da navatam
13:22 playahater| shta ima njega da vatash ..
13:22 playahater| :)
13:23 BojanNikolic| vataj ga ti ako vise volis :)
13:23 playahater| nema potrebe ..
13:24 Closing query with BojanNikolic
--- Log closed Wed Feb 02 13:24:35 2011
--- Log opened Fri Feb 04 18:55:34 2011
18:55 Starting query in Bitlbee with BojanNikolic
18:55 BojanNikolic| pajcek
18:55 playahater| munem
18:55 playahater| radim sutra ..
18:56 BojanNikolic| e znao sam da ces da zajebes...
18:56 playahater| od 10 do 19
18:56 playahater| realno sam slobodan posle osmice ..
18:56 BojanNikolic| pa ti dodji posle... vidi sa radovanom pa dodjite zajedno
18:57 BojanNikolic| samo sto mi on jos nije potvrdio
18:57 playahater| pa pajcek
18:57 playahater| vi ste kod tebe na gajbi?
18:57 BojanNikolic| kao da ga ne znas :P
18:58 BojanNikolic| tako bi trebalo
18:58 BojanNikolic| gruja i anita.. pexa ide na neki rodjendan...
--- Log closed Fri Feb 04 19:03:55 2011
--- Log opened Fri Feb 04 19:05:23 2011
19:05 playahater| ql ..
19:05 playahater| ako ne zaginem sutra .. tju gledam da se proshetam ..
19:05 playahater| ako isplanirate da palite negde .. javi mi ..
19:05 playahater| :)
19:05 Closing query with BojanNikolic
--- Log closed Fri Feb 04 19:05:48 2011
--- Log opened Fri Feb 04 19:06:34 2011
19:06 Starting query in Bitlbee with BojanNikolic
19:06 BojanNikolic| dogovoreto
--- Log closed Fri Feb 04 19:11:55 2011
--- Log opened Fri Feb 04 19:13:21 2011
19:13 Closing query with BojanNikolic
--- Log closed Fri Feb 04 19:13:21 2011
--- Log opened Sat Feb 05 18:22:20 2011
18:22 Starting query in Bitlbee with BojanNikolic
18:22 BojanNikolic| nema nista od okupljanja veceras
18:22 BojanNikolic| svi ispalili na kraju
18:22 BojanNikolic| :D
18:25          <-- BojanNikolic has quit irc
--- Log closed Sat Feb 05 18:31:19 2011
--- Log opened Sat Feb 05 19:58:07 2011
19:58          <-- BojanNikolic has quit irc
19:59 Closing query with BojanNikolic
--- Log closed Sat Feb 05 19:59:30 2011
--- Log opened Sun Feb 06 14:16:45 2011
14:16 Starting query in Bitlbee with BojanNikolic
14:16 BojanNikolic| u slucaju da nisi gledao ;)
14:16 BojanNikolic| http://www.youtube.com/watch?v=gqCacSC9tU4
--- Log closed Sun Feb 06 14:22:26 2011
--- Log opened Sun Feb 06 14:27:05 2011
14:27          <-- BojanNikolic has quit irc
--- Log closed Sun Feb 06 14:32:26 2011
--- Log opened Sun Feb 06 17:43:34 2011
17:43          <-- BojanNikolic has quit irc
--- Log closed Sun Feb 06 17:49:26 2011
--- Log opened Sun Feb 06 20:43:35 2011
20:43          <-- BojanNikolic has quit irc
--- Log closed Sun Feb 06 20:49:26 2011
--- Log opened Sun Feb 06 20:57:04 2011
20:57          <-- BojanNikolic has quit irc
--- Log closed Sun Feb 06 21:02:26 2011
--- Log opened Sun Feb 06 21:49:34 2011
21:49          <-- BojanNikolic has quit irc
--- Log closed Sun Feb 06 21:55:26 2011
--- Log opened Sun Feb 06 22:51:49 2011
22:51          <-- BojanNikolic has quit irc
--- Log closed Sun Feb 06 22:57:26 2011
--- Log opened Sun Feb 06 23:27:49 2011
23:27          <-- BojanNikolic has quit irc
--- Log closed Sun Feb 06 23:33:26 2011
--- Log opened Mon Feb 07 02:07:34 2011
02:07          <-- BojanNikolic has quit irc
--- Log closed Mon Feb 07 02:13:26 2011
