--- Log opened Wed Apr 21 16:54:06 2010
16:54 Starting query in Bitlbee with BranislawManojlowic
16:54 BranislawManojlowic| gde si decko 
16:54 BranislawManojlowic| igoru treba tvoj broj
16:57          <-- BranislawManojlowic has quit irc
--- Log closed Wed Apr 21 17:02:38 2010
--- Log opened Thu Apr 22 22:47:30 2010
22:47 Starting query in Bitlbee with BranislawManojlowic
22:47 BranislawManojlowic| 0631216399
--- Log closed Thu Apr 22 22:52:55 2010
--- Log opened Thu Apr 22 23:03:07 2010
23:03          <-- BranislawManojlowic has quit irc
23:05          <-- BranislawManojlowic has quit irc
--- Log closed Thu Apr 22 23:10:55 2010
--- Log opened Thu Apr 22 23:36:07 2010
23:36          <-- BranislawManojlowic has quit irc
--- Log closed Thu Apr 22 23:41:55 2010
--- Log opened Thu Apr 22 23:54:52 2010
23:54          <-- BranislawManojlowic has quit irc
--- Log closed Thu Apr 22 23:59:55 2010
--- Log opened Fri Apr 23 00:28:37 2010
00:28          <-- BranislawManojlowic has quit irc
--- Log closed Fri Apr 23 00:33:55 2010
--- Log opened Fri Apr 23 12:09:59 2010
12:09 Closing query with BranislawManojlowic
--- Log closed Fri Apr 23 12:09:59 2010
--- Log opened Sun Jan 23 12:45:16 2011
12:45 Starting query in Bitlbee with BranislawManojlowic
12:45 BranislawManojlowic| dobar dan decko
12:46 BranislawManojlowic| Igor me iscimao da te pitam dali vredi da apdejtuje softver tel posto poceo da mu koci i da baguje
12:47 BranislawManojlowic| i jos nesto ako mozes da mu posaljes tvoj novi broj
--- Log closed Sun Jan 23 12:52:37 2011
--- Log opened Sun Jan 23 13:11:25 2011
13:11          <-- BranislawManojlowic has quit irc
--- Log closed Sun Jan 23 13:16:37 2011
--- Log opened Sun Jan 23 13:27:55 2011
13:27          <-- BranislawManojlowic has quit irc
--- Log closed Sun Jan 23 13:33:37 2011
--- Log opened Sun Jan 23 15:03:10 2011
15:03          <-- BranislawManojlowic has quit irc
15:04          <-- BranislawManojlowic has quit irc
--- Log closed Sun Jan 23 15:10:37 2011
--- Log opened Sun Jan 23 17:48:03 2011
17:48 Closing query with BranislawManojlowic
--- Log closed Sun Jan 23 17:48:03 2011
