--- Log opened Wed Apr 14 23:12:10 2010
23:12 Starting query in Bitlbee with DaliborPekiJanosevic
23:12 DaliborPekiJanosevic| eeeeeeeeeeeeee rrrrrrrrrrrrr ooooooooooo djdj ooooooooo
--- Log closed Wed Apr 14 23:17:54 2010
--- Log opened Wed Apr 14 23:25:13 2010
23:25          <-- DaliborPekiJanosevic has quit irc
23:27 Closing query with DaliborPekiJanosevic
--- Log closed Wed Apr 14 23:27:22 2010
--- Log opened Thu Dec 16 21:22:05 2010
21:22 Starting query in Bitlbee with DaliborPekiJanosevic
21:22 DaliborPekiJanosevic| caleeeeeeeeeeeeeeeeeeeee
--- Log closed Thu Dec 16 21:27:16 2010
--- Log opened Thu Dec 16 21:59:03 2010
21:59 playahater| oooOOOooOOOooOOoooooo caaaaaaaaaaaallllllllleeeeeeeeee
21:59 playahater| pa de si jebiga
21:59 playahater| si mi dobar?
21:59 playahater| nemoj da brinem, lebati
21:59 playahater| :)
22:00 DaliborPekiJanosevic| cale dobro smo
22:01 DaliborPekiJanosevic| vuki je tu uvek
22:01 DaliborPekiJanosevic| ti jer si mi dobar?
22:02 playahater| cale .. pa naravno .. 
22:02 playahater| nemoj da brinesh :)
22:02 playahater| vuke .. sve .. full .. ima ..
22:02 playahater| nema kiks
22:02 playahater| ;)
22:03 playahater| si kod tadiju?
22:03 Closing query with DaliborPekiJanosevic
--- Log closed Thu Dec 16 22:03:21 2010
--- Log opened Thu Dec 16 22:04:22 2010
22:04 Starting query in Bitlbee with DaliborPekiJanosevic
22:04 DaliborPekiJanosevic| ne kod ratka i jelene tu je i ralf
22:04 DaliborPekiJanosevic| cale ovo ono
--- Log closed Thu Dec 16 22:10:16 2010
--- Log opened Thu Dec 16 22:18:33 2010
22:18 playahater| tjale .. znachi .. mashi svima ..
22:18 playahater| svakom po jedan mah ..
22:18 playahater| pa se pishemo .. 
22:18 playahater| ja sam otisho doma ..
22:19 playahater| budi mi dobar .. nemoj da brinem .. ;)
--- Log closed Thu Dec 16 23:15:55 2010
--- Log opened Thu Dec 16 23:57:53 2010
23:57          <-- DaliborPekiJanosevic has quit irc
--- Day changed Fri Dec 17 2010
00:01 Closing query with DaliborPekiJanosevic
--- Log closed Fri Dec 17 00:01:01 2010
--- Log opened Mon Dec 27 14:21:05 2010
14:21 Starting query in Bitlbee with DaliborPekiJanosevic
14:21 DaliborPekiJanosevic| ehejjjjjjjjjjjj
14:25 playahater| eheeeeeeeeeeejjjj
14:25 playahater| :)
14:26 DaliborPekiJanosevic| jer si ziv cale
14:26 DaliborPekiJanosevic| kako vuki
14:26 playahater| ziv tjale .. josh mrdam ..
14:27 playahater| radno .. silovito ..
14:27 playahater| nema brige ..
14:27 playahater| vuki .. nema da brinesh za njega .. 
14:27 playahater| tera sve u shesnes
14:27 playahater| :)
14:27 playahater| kod tebe?
14:28 DaliborPekiJanosevic| pa mi smo se cele noci vozili sa vukija
14:28 DaliborPekiJanosevic| vozi majku mu
14:28 playahater| ne seri,a?
14:28 playahater| ne smeta mu ladno i to,a?
14:28 playahater| )
14:29 DaliborPekiJanosevic| ima nove gume
14:29 DaliborPekiJanosevic| kad ces kod nas
14:29 playahater| lele .. kramponke neke osetjam .. 
14:29 playahater| :)
14:29 playahater| pa za prvi maj sigurno .. nishta pre ne bi sme oda obetjam ..
14:29 playahater| :/
14:30 playahater| imam neki odmor sad posle nove godine .. al tje vimo da l tju ga uglobim da navrnem do zavichaj ..
14:30 DaliborPekiJanosevic| pa ajde 
14:31 DaliborPekiJanosevic| ali ti nisi siguran ce izpalis
14:31 playahater| a jebiga .. zati ti i kazem da ne smem da obetjavam nishta .. :)
14:31 playahater| voleo sam dodjem .. znash i sam .. ;) ..
14:32 DaliborPekiJanosevic| ako dolazis javi se ranije
14:32 DaliborPekiJanosevic| i budi dobar
14:33 playahater| naravno tjale .. nema da brinesh .. 
14:33 playahater| ako mi se uklope zvezdice .. ja se javljam ..
14:33 DaliborPekiJanosevic| nemoj da vozis mnogo vukija skupo gorivo
14:33 playahater| pa .. ne preterujem .. ;)
14:33 playahater| u granicama normale ..
14:33 playahater| hehe
14:34 playahater| budi mi dobar .. samo krotko .. pod mali gas .. i nemoj da brinem .. ;)
14:34 DaliborPekiJanosevic| cujemo se druze
14:35 playahater| na vezi smo .. ;) .. 
--- Log closed Mon Dec 27 14:40:07 2010
--- Log opened Mon Dec 27 14:48:04 2010
14:48          <-- DaliborPekiJanosevic has quit irc
14:51 Closing query with DaliborPekiJanosevic
--- Log closed Mon Dec 27 14:51:36 2010
--- Log opened Sat Feb 19 16:08:56 2011
16:08 Starting query in Bitlbee with DaliborPekiJanosevic
16:08 DaliborPekiJanosevic| ejhejjjjjjjjjjjjjjjjjjj
--- Log closed Sat Feb 19 16:14:43 2011
--- Log opened Sat Feb 19 16:16:17 2011
16:16          <-- DaliborPekiJanosevic has quit irc
--- Log closed Sat Feb 19 16:21:43 2011
--- Log opened Sat Feb 19 20:04:05 2011
20:04 Closing query with DaliborPekiJanosevic
--- Log closed Sat Feb 19 20:04:05 2011
--- Log opened Wed Apr 27 12:16:20 2011
12:16 Starting query in Bitlbee with DaliborPekiJanosevic
12:16 DaliborPekiJanosevic| drugareeeeeeeeeeeee
12:16 DaliborPekiJanosevic| kad dolazis?
--- Log closed Wed Apr 27 12:21:35 2011
--- Log opened Wed Apr 27 12:30:05 2011
12:30 Closing query with DaliborPekiJanosevic
--- Log closed Wed Apr 27 12:30:05 2011
