--- Log opened Wed Sep 22 12:51:35 2010
12:51 Starting query in Bitlbee with DanielJovic
12:51 DanielJovic| hey damn, are you busy?
12:54 Closing query with DanielJovic
--- Log closed Wed Sep 22 12:54:32 2010
--- Log opened Wed Sep 22 13:47:46 2010
13:47 Starting query in Bitlbee with DanielJovic
13:47 DanielJovic| yo damn, you there??
--- Log closed Wed Sep 22 13:53:39 2010
--- Log opened Wed Sep 22 13:56:55 2010
13:56          <-- DanielJovic has quit irc
--- Log closed Wed Sep 22 14:02:39 2010
--- Log opened Wed Sep 22 14:44:25 2010
14:44 DanielJovic| hey damn, you there??
--- Log closed Wed Sep 22 14:49:39 2010
--- Log opened Wed Sep 22 14:59:55 2010
14:59          <-- DanielJovic has quit irc
--- Log closed Wed Sep 22 15:05:39 2010
--- Log opened Wed Sep 22 15:28:15 2010
15:28 Closing query with DanielJovic
--- Log closed Wed Sep 22 15:28:15 2010
--- Log opened Wed Sep 22 15:45:15 2010
15:45 Starting query in Bitlbee with DanielJovic
15:45 DanielJovic| what's up damn, are you busy?
--- Log closed Wed Sep 22 15:50:39 2010
--- Log opened Wed Sep 22 15:58:15 2010
15:58 Closing query with DanielJovic
--- Log closed Wed Sep 22 15:58:15 2010
--- Log opened Wed Sep 22 16:46:34 2010
16:46 Starting query in Bitlbee with DanielJovic
16:46 DanielJovic| hi damn, got a min?
16:47 Closing query with DanielJovic
--- Log closed Wed Sep 22 16:47:33 2010
--- Log opened Wed Sep 22 17:42:29 2010
17:42 Starting query in Bitlbee with DanielJovic
17:42 DanielJovic| yo damn, you there??
17:45 Closing query with DanielJovic
--- Log closed Wed Sep 22 17:45:03 2010
--- Log opened Tue Oct 12 09:39:33 2010
09:39 Starting query in Bitlbee with DanielJovic
09:39 DanielJovic| what's up damn, got a second??
--- Log closed Tue Oct 12 09:44:38 2010
--- Log opened Tue Oct 12 09:45:24 2010
09:45          <-- DanielJovic has quit irc
09:46 Closing query with DanielJovic
--- Log closed Tue Oct 12 09:46:37 2010
--- Log opened Tue Oct 12 10:20:42 2010
10:20 Starting query in Bitlbee with DanielJovic
10:20 DanielJovic| yoo damn, are you busy?
10:25          <-- DanielJovic has quit irc
--- Log closed Tue Oct 12 10:31:38 2010
--- Log opened Tue Oct 12 11:00:06 2010
11:00 DanielJovic| yoo damn, got a second??
11:04 Closing query with DanielJovic
--- Log closed Tue Oct 12 11:04:47 2010
--- Log opened Tue Oct 12 11:40:09 2010
11:40 Starting query in Bitlbee with DanielJovic
11:40 DanielJovic| what's up damn, got a min?
--- Log closed Tue Oct 12 11:45:38 2010
--- Log opened Tue Oct 12 11:48:24 2010
11:48          <-- DanielJovic has quit irc
--- Log closed Tue Oct 12 11:53:38 2010
--- Log opened Tue Oct 12 12:09:26 2010
12:09 Closing query with DanielJovic
--- Log closed Tue Oct 12 12:09:26 2010
--- Log opened Tue Oct 12 12:19:22 2010
12:19 Starting query in Bitlbee with DanielJovic
12:19 DanielJovic| hi damn, you there??
--- Log closed Tue Oct 12 12:24:38 2010
--- Log opened Tue Oct 12 12:25:55 2010
12:25          <-- DanielJovic has quit irc
--- Log closed Tue Oct 12 12:31:38 2010
--- Log opened Tue Oct 12 12:52:50 2010
12:52 Closing query with DanielJovic
--- Log closed Tue Oct 12 12:52:50 2010
--- Log opened Tue Oct 12 12:57:33 2010
12:57 Starting query in Bitlbee with DanielJovic
12:57 DanielJovic| yo damn, got a min?
12:58 Closing query with DanielJovic
--- Log closed Tue Oct 12 12:58:02 2010
--- Log opened Tue Oct 12 13:40:51 2010
13:40 Starting query in Bitlbee with DanielJovic
13:40 DanielJovic| hey damn, got a second??
--- Log closed Tue Oct 12 13:46:38 2010
--- Log opened Tue Oct 12 13:52:10 2010
13:52          <-- DanielJovic has quit irc
--- Log closed Tue Oct 12 13:57:38 2010
--- Log opened Tue Oct 12 13:57:58 2010
13:57 playahater| remove DanielJovic
13:58 Closing query with DanielJovic
--- Log closed Tue Oct 12 13:58:06 2010
--- Log opened Tue Oct 12 14:23:09 2010
14:23 Starting query in Bitlbee with DanielJovic
14:23 DanielJovic| hi damn, got a min?
14:23          <-- DanielJovic has quit irc
14:23 Closing query with DanielJovic
--- Log closed Tue Oct 12 14:23:34 2010
