--- Log opened Sun Oct 31 18:40:23 2010
18:40 Starting query in Bitlbee with DejanPetrovic
18:40 DejanPetrovic| dobro, bre prijatelju gde si ti?
--- Log closed Sun Oct 31 18:45:30 2010
--- Log opened Sun Oct 31 20:40:49 2010
20:40          <-- DejanPetrovic has quit irc
--- Log closed Sun Oct 31 20:46:30 2010
--- Log opened Sun Oct 31 21:42:04 2010
21:42 Closing query with DejanPetrovic
--- Log closed Sun Oct 31 21:42:04 2010
--- Log opened Tue Nov 23 17:11:08 2010
17:11 Starting query in Bitlbee with DejanPetrovic
17:11 DejanPetrovic| Pa dobro bre prijatelju, gde si?
--- Log closed Tue Nov 23 17:17:04 2010
--- Log opened Tue Nov 23 17:29:52 2010
17:29          <-- DejanPetrovic has quit irc
--- Log closed Tue Nov 23 17:35:04 2010
--- Log opened Tue Nov 23 17:49:04 2010
17:49 Closing query with DejanPetrovic
--- Log closed Tue Nov 23 17:49:04 2010
--- Log opened Tue Dec 14 17:02:35 2010
17:02 Starting query in Bitlbee with DejanPetrovic
17:02 DejanPetrovic| A sto ti neces da pricas sa mnom?
17:02 playahater| pa prijatelju ..
17:03 playahater| pa jebiga .. ja kad vidim porukicu .. ti si off
17:03 playahater| :)
17:03 playahater| pa desi
17:03 Closing query with DejanPetrovic
--- Log closed Tue Dec 14 17:03:29 2010
--- Log opened Tue Dec 14 17:04:02 2010
17:04 Starting query in Bitlbee with DejanPetrovic
17:04 DejanPetrovic| Pa tu sam, mislim nisam tu nego u Kragujevcu. Kupio sam stan...
17:04 playahater| ooo .. mashala ..
17:04 playahater| svaka chast .. odlichno ..
17:04 playahater| tje chastish .. :)
17:04 DejanPetrovic| Sta da ti kazem, oficirska plata...
17:05 playahater| jashta .. :)
17:05 DejanPetrovic| Ti?
17:05 playahater| radno .. sve u 16
17:05 playahater| budzim znanje 24/7
17:05 playahater| slabo shta novo ..
17:06 DejanPetrovic| Gde radis? Ono staro sa sajtovima ili nesto novo?
17:06 playahater| pa ne radim vishe solo ..
17:06 playahater| web programiranje .. al u jednoj firmi ..
17:06 playahater| zaposlio se bre .. :)
17:06 playahater| ustajem rano sad .. idem na poso ..
17:07 playahater| tjuti .. ne pitaj .. :)
17:07 playahater| ulazim u tries .. pa se mora uozbiljim .. :)
17:07 DejanPetrovic| lepo
17:07 DejanPetrovic| vreme je, vreme je...
17:07 DejanPetrovic| zena ovo-ono
17:08 playahater| nishta ozbiljno ..
17:08 playahater| sve labave varijante ..
17:08 playahater| polako .. tje dodje i to na red .. :)
17:08 playahater| usha sam u taj kolosek ..
17:08 playahater| :)
17:08 playahater| i tako ..
17:08 playahater| inache .. djurke mi pred kraj ..
17:09 playahater| :/
17:09 playahater| odsvirao ga josh malo ..
17:10 playahater| jel posetjujesh bgd?
17:10 playahater| da nemestimo neko pivo nekom prilikom ?
17:10 DejanPetrovic| jednom u dva-tri meseca...
17:10 playahater| pa jebiga brate .. pa okaj .. 
17:10 DejanPetrovic| zemo naravno
17:10 playahater| 069-1270010
17:10 playahater| ovo mi jedini i poslednji broj ..
17:11 playahater| imash taj broj .. chat i mail .. :) ..
17:11 playahater| jedini nachin komunikacije .. :)
17:11 DejanPetrovic| vazi
17:11 DejanPetrovic| ja broj nisam menjao
17:11 DejanPetrovic| a on line sam po ceo dan, kamerica i to...
17:12 playahater| uh uh uh .. :) .. to mi reci ..
17:12 playahater| do jajca .. tu smo ondak .. 
17:12 playahater| ja sam non-stop online .. ali ne gledam bash chesto ovaj chat ..
17:12 playahater| tje se pingujemo ..
17:13 playahater| inache .. kako porodica?
17:13 DejanPetrovic| a u selo, ides?
17:13 playahater| pa bio za svetiliju .. :) ..
17:13 playahater| sad bio dole pre 2 nedelje ..
17:13 playahater| kazem ti .. djurke pred kraj ..
17:13 playahater| bio da ga vidim .. vishe manje poslednji put ..
17:13 playahater| :/
17:14 playahater| baba se isto lagano gasi ..
17:14 playahater| josh malo pa tje ostane prazno gore .. 
17:14 playahater| :/
17:14 DejanPetrovic| i bre, dal je dotle doslo?
17:15 playahater| jebiga .. 
17:15 DejanPetrovic| Meni cale mnogo zaglavio, pluca, srce...
17:16 playahater| uh .. 
17:16 playahater| ne vlada se kako treba .. osetjam ..
17:16 DejanPetrovic| odoh da dremenm malo, pa ce se cujemo...
17:16 playahater| ajde prijatelju ..
17:17 playahater| mashi tamo svima ..
17:17 playahater| na bitovima smo .. ;)
17:17 DejanPetrovic| ocu... i ti tamo...
17:18 Closing query with DejanPetrovic
--- Log closed Tue Dec 14 17:18:00 2010
