--- Log opened Tue Mar 09 23:56:27 2010
23:56 Starting query in Bitlbee with DejanJovanovic
23:56 DejanJovanovic| shomi
23:56 DejanJovanovic| pa chukam, zaboga
--- Log closed Wed Mar 10 00:01:32 2010
--- Log opened Wed Mar 10 00:04:51 2010
00:04 playahater| oooo .. 
00:04 playahater| munem .. kako je? .. 
00:04 playahater| :)
00:05 DejanJovanovic| pa nabijem te na elemenAt, de si da see javis
00:05 playahater| pa tu brate .. tebe nema ..
00:05 playahater| preterao si ..
00:05 playahater| :)
00:06 DejanJovanovic| http://www.youtube.com/watch?v=q9C90jZuV7o
00:06 DejanJovanovic| dobra stara vremena
00:06 DejanJovanovic| mora vidis
--- Log closed Wed Mar 10 00:11:32 2010
--- Log opened Wed Mar 10 00:24:36 2010
00:24 Closing query with DejanJovanovic
--- Log closed Wed Mar 10 00:24:36 2010
--- Log opened Fri May 21 23:25:19 2010
23:25 Starting query in Bitlbee with DejanJovanovic
23:25 DejanJovanovic| munem grunem
23:25 DejanJovanovic| sada trenutno operiram sa MacBook Pro-a, samo da znas
--- Log closed Fri May 21 23:31:28 2010
--- Log opened Fri May 21 23:33:17 2010
23:33          <-- DejanJovanovic has quit irc
--- Log closed Fri May 21 23:38:28 2010
--- Log opened Sat May 22 10:08:30 2010
10:08 Closing query with DejanJovanovic
--- Log closed Sat May 22 10:08:30 2010
--- Log opened Sat May 22 14:25:50 2010
14:25 Starting query in Bitlbee with DejanJovanovic
14:25 DejanJovanovic| rm mrm mrm
14:26 playahater| makichar?
14:26 playahater| pa majka mu stara ..
14:26 DejanJovanovic| pa de si bre Mishane?
14:27 playahater| nachisto si se pogubeo ..
14:27 playahater| nema te nigde
14:27 DejanJovanovic| nema te bre ko gaca u pornicu!
14:27 playahater| :)
14:27 DejanJovanovic| sheisse
14:27 playahater| ja ja .. 
14:27 playahater| propellere
14:27 playahater| :D
14:27 DejanJovanovic| kad cemo da se gledamo, gezugen?
14:28 DejanJovanovic| morgen saften haha
14:28 playahater| zusamen geshaften gelesen sein
14:28 playahater| morgen .. ja ja
14:28 DejanJovanovic| ja ja, Garmischpartenkirchen
14:28 playahater| :D
14:28 playahater| haha
14:28 playahater| ti si lood
14:28 DejanJovanovic| pa mora malo
14:28 playahater| mogli bi da organiziramo neko vidjanje .. 
14:29 playahater| .. za promenu chisto ..
14:29 DejanJovanovic| disk utility je Alcohol za Mac?
14:29 playahater| uh ..
14:29 playahater| come again?
14:29 playahater| treba ti virtual disk za mac?
14:29 DejanJovanovic| automatski mountuje .dmg filove na disk utility
14:30 playahater| aha .. e .. pa da ..
14:30 playahater| ne treba ti posebna aplikacija
14:30 DejanJovanovic| e nabijem te na elemenat
14:30 DejanJovanovic| isprao ti mozak taj Linux...
14:30 playahater| moz iz konzole .. moz da kliknesh iz to utilitia
14:31 playahater| kenjaj kenjaj .. al to shto sad koristish ti je unix ..
14:31 playahater| munem
14:31 playahater| :D
14:31 DejanJovanovic| titi mitija hah
14:31 DejanJovanovic| ich liebe unix
14:31 playahater| jaja .. nagurlich
14:31 playahater| :D
14:31 DejanJovanovic| meine liebe sunde
14:31 playahater| to je ta kljuchna rech ..
14:31 playahater| sunde munde
14:31 DejanJovanovic| kazi mo neke freeware app koje mi mogu olaksati zivot
14:32 playahater| ne znam .. 
14:32 playahater| al mogu da se raspitam
14:32 playahater| ;)
14:32 DejanJovanovic| crkni dead
14:32 playahater| geshaften liebe ..
14:32 DejanJovanovic| ili mi samo kazi link za neki forumS
14:33 DejanJovanovic| da li ti je kojim slucajem iskljuch mob?
14:33 DejanJovanovic| nisam mogao da te obijem pre par nedelja
14:34 playahater| isponabavljatju linkove pa ti prosledim ..
14:34 playahater| inache .. da .. mob gecrkt
14:34 DejanJovanovic| ae kad si tako predusretljiv
14:34 DejanJovanovic| i meine hahahahaha
14:34 DejanJovanovic| imam samo sluzb
14:34 DejanJovanovic| 065 5025 697
14:35 playahater| 061 60 200 75
14:35 playahater| samo privremeno .. ;)
14:35 DejanJovanovic| doklen?
14:36 playahater| samo tje ti se kasti .. 
14:36 playahater| :)
14:36 DejanJovanovic| imam neki gefeelingen da hoce ahahah
14:37 playahater| jaaa .. eine sexte gefeeleingen
14:37 playahater| kako radish sledetjo nedeljo ..
14:37 playahater| da uglobimo neke kafe,a?
14:38 DejanJovanovic| pa bicu preko dana u amb, ne znam do koliko, ali mi taman odgovara posto cu da budem u gradu
14:38 DejanJovanovic| gde si ti sada sa stanom?
14:39 playahater| zvezdara .. preshevska .. 
14:39 DejanJovanovic| bukovicka banja hahahahahaha
14:39 playahater| 3 njiva levo
14:41 DejanJovanovic| i odma' pored shupS
14:41 DejanJovanovic| to ti je plural
14:41 DejanJovanovic| n ENG, ko niai zno...
14:42 DejanJovanovic| ili ti ako nisi znao
14:42 playahater| shupSEN .. na germanski
14:42 DejanJovanovic| klasichan plural...
14:43 playahater| knjishki
14:45 DejanJovanovic| nego, kako zivis
14:45 playahater| pravo ti kaem .. nisam zadovoljan ..
14:45 playahater| radim na tome da bude bolje ..
14:45 playahater| kod tebze ?
14:46 DejanJovanovic| radim na tome, ista kao ti na svome haha
14:46 DejanJovanovic| koji deo presevske?
14:46 playahater| sredinkekenke
14:46 playahater| preko puta porodilishta
14:47 DejanJovanovic| znaci, iz Dim Tucka desno posle kafica?
14:47 DejanJovanovic| tamo sam biJo
14:48 playahater| a moz i iz batuta .. pre kafitja .. pa samo pravo nizbrdo
14:48 playahater| 3. njiva levo ..
14:48 playahater| parcela 48
14:48 DejanJovanovic| toooo, volim dobar off road
14:49 DejanJovanovic| pa da vih kako Laguna skache
14:49 playahater| vodi rachuna na dzombe
14:49 DejanJovanovic| imam dobre brisache ne brini ahhahahahaha
14:49 DejanJovanovic| samo da djipam
14:50 playahater| a be .. za 3 chasa slavimo 10 godine ..
14:50 playahater| .. u pichku ga jebalo .. 
14:50 playahater| :)
14:51 DejanJovanovic| picka im materiCa, nisam hteo iz principa da odem
14:51 playahater| lele .. znam ga .. gavrilo ..
14:51 playahater| i mene on poprtzkuje ..
14:51 DejanJovanovic| a nisam bio ni na 5 god
14:52 playahater| ni ja ..
14:52 DejanJovanovic| samo the princips
14:52 DejanJovanovic| guraj guraj butaj
14:52 DejanJovanovic| nego/....
14:52 DejanJovanovic| kako ti ide Frozen Throne, ako ga pikas?
14:53 playahater| nisam skoro .. :(
14:53 playahater| ti?
14:53 DejanJovanovic| nein
14:53 playahater| ima da leti i zimi s mekike 
14:53 DejanJovanovic| ich habt keine zeit
14:53 DejanJovanovic| deutsche zeitung
14:53 playahater| treba se oprobamo ..
14:53 DejanJovanovic| pa mogli bi malo
14:53 DejanJovanovic| mozda cu i da ti svratim popodne, ako nemas nista sprotiv
14:54 DejanJovanovic| i ako nemas obaveze budzenja
14:54 playahater| do chetvorke sam doma .. posle brzina po gradu
14:54 DejanJovanovic| e kakav si ti smrad
14:54 DejanJovanovic| pa viknd je, majka mu stara
14:54 DejanJovanovic| a bilo nam je tako lepo do 04h gajbi
14:54 playahater| e to ti je mana kod privatnici
14:55 playahater| :|
14:55 DejanJovanovic| pa dokleN ces da budes u gradu, brale?
14:55 playahater| 20-21-22 .. 
14:55 playahater| zavisi ..
14:55 playahater| teshko tje ga uglobimo danas .. 
14:56 playahater| .. realno .. od vtornik moz da razgovaramo .. 
14:56 playahater| :|
14:56 DejanJovanovic| pa nema sanse sutra, a sledeci vikend nikako, idem one tamo nedelje u Hurgadu
14:56 playahater| tornik .. sreda .. ??
14:56 playahater| plapodne ..
14:57 DejanJovanovic| a ti ces da mi cuvas Nadju???
14:57 playahater| pa idemo svi zajedno u shetnju,a?
14:57 DejanJovanovic| pa jedino ako ces ti da je juris...'
14:57 DejanJovanovic| neam nista protiv
14:57 DejanJovanovic| hahahahaha
14:58 playahater| fto da ne .. 
14:58 playahater| mish da brza od mene ?
14:58 playahater| :)
14:59 DejanJovanovic| nije, ali je verovatno ludja
14:59 playahater| s ti josh na dedunje?
14:59 DejanJovanovic| ja ja, dedinjarim po ceo dan
15:00 playahater| fencerica ..
15:00 playahater| nishta .. planiraj od vtornik neko popodne .. 
15:00 playahater| moz shetnja .. moz kafa .. moz shta god otjesh
15:00 playahater| kako god se uglobish
15:01 DejanJovanovic| ade pa se cujemo i posalji mo neke siteove tipa neki dobar forums
15:01 playahater| otju .. chim navatam ovog drugog mekichara ..
15:01 DejanJovanovic| ade kad si bas zapeo
15:01 DejanJovanovic| hehe
15:01 playahater| munemsengen
15:01          <-- DejanJovanovic has quit irc
15:01 Closing query with DejanJovanovic
--- Log closed Sat May 22 15:01:53 2010
--- Log opened Sat May 22 23:51:01 2010
23:51 Starting query in Bitlbee with DejanJovanovic
23:51 DejanJovanovic| forumS?
23:51 DejanJovanovic| ajde nemoj da si sisica hahaha
--- Log closed Sat May 22 23:57:01 2010
--- Log opened Sun May 23 00:18:35 2010
00:18          <-- DejanJovanovic has quit irc
--- Log closed Sun May 23 00:24:01 2010
--- Log opened Sun May 23 01:28:20 2010
01:28          <-- DejanJovanovic has quit irc
--- Log closed Sun May 23 01:34:01 2010
--- Log opened Sun May 23 02:32:05 2010
02:32          <-- DejanJovanovic has quit irc
--- Log closed Sun May 23 02:38:01 2010
--- Log opened Sun May 23 10:50:45 2010
10:50 Closing query with DejanJovanovic
--- Log closed Sun May 23 10:50:45 2010
--- Log opened Tue May 25 20:57:43 2010
20:57 Starting query in Bitlbee with DejanJovanovic
20:57 DejanJovanovic| zamalo da smrdim ispod mishke
--- Log closed Tue May 25 21:02:59 2010
--- Log opened Tue May 25 21:06:33 2010
21:06          <-- DejanJovanovic has quit irc
21:10 Closing query with DejanJovanovic
--- Log closed Tue May 25 21:10:19 2010
--- Log opened Thu May 27 09:43:26 2010
09:43 Starting query in Bitlbee with DejanJovanovic
09:43 DejanJovanovic| Damn, I hate being black and white :)))))))))))))))))
--- Log closed Thu May 27 09:49:05 2010
--- Log opened Thu May 27 10:05:39 2010
10:05          <-- DejanJovanovic has quit irc
--- Log closed Thu May 27 10:11:05 2010
--- Log opened Thu May 27 12:02:39 2010
12:02          <-- DejanJovanovic has quit irc
--- Log closed Thu May 27 12:08:05 2010
--- Log opened Thu May 27 16:37:27 2010
16:37 Closing query with DejanJovanovic
--- Log closed Thu May 27 16:37:27 2010
--- Log opened Thu Jun 17 12:28:01 2010
12:28 Starting query in Bitlbee with DejanJovanovic
12:28 DejanJovanovic| i tako opet grunem... hahah
12:29          <-- DejanJovanovic has quit irc
12:30 Closing query with DejanJovanovic
--- Log closed Thu Jun 17 12:30:34 2010
--- Log opened Thu Jul 01 11:04:58 2010
11:04 Starting query in Bitlbee with DejanJovanovic
11:04 DejanJovanovic| pa nema te bre ko gaca u pornicu
--- Log closed Thu Jul 01 11:10:53 2010
--- Log opened Thu Jul 01 11:29:03 2010
11:29 Closing query with DejanJovanovic
--- Log closed Thu Jul 01 11:29:03 2010
--- Log opened Fri Jul 16 13:14:26 2010
13:14 Starting query in Bitlbee with DejanJovanovic
13:14 DejanJovanovic| yo yo
13:14 DejanJovanovic| pa nema te ko gaca u pornicu
13:14 DejanJovanovic| nikako
13:18          <-- DejanJovanovic has quit irc
--- Log closed Fri Jul 16 13:23:21 2010
--- Log opened Fri Jul 16 15:10:07 2010
15:10 Closing query with DejanJovanovic
--- Log closed Fri Jul 16 15:10:07 2010
--- Log opened Tue Jul 20 13:14:49 2010
13:14 Starting query in Bitlbee with DejanJovanovic
13:14 DejanJovanovic| srecan
--- Log closed Tue Jul 20 13:20:12 2010
--- Log opened Tue Jul 20 13:43:17 2010
13:43          <-- DejanJovanovic has quit irc
--- Log closed Tue Jul 20 13:49:12 2010
--- Log opened Tue Jul 20 18:30:46 2010
18:30 Closing query with DejanJovanovic
--- Log closed Tue Jul 20 18:30:46 2010
--- Log opened Wed Jul 21 11:28:20 2010
11:28 Starting query in Bitlbee with DejanJovanovic
11:28 DejanJovanovic| mishkez!
11:28 DejanJovanovic| nema te nikad, a uvek si online
11:28 DejanJovanovic| tu mi nesto sumLJivo
11:28 DejanJovanovic| ne znam kako da ti objasnim
11:28 DejanJovanovic| adanepisemsverecizajedno
--- Log closed Wed Jul 21 11:33:59 2010
--- Log opened Wed Jul 21 12:29:48 2010
12:29          <-- DejanJovanovic has quit irc
--- Log closed Wed Jul 21 12:34:59 2010
--- Log opened Wed Jul 21 14:36:42 2010
14:36 Closing query with DejanJovanovic
--- Log closed Wed Jul 21 14:36:42 2010
--- Log opened Tue Aug 24 12:21:01 2010
12:21 Starting query in Bitlbee with DejanJovanovic
12:21 DejanJovanovic| Mishane
12:21 DejanJovanovic| da se, nema te ko gaca u pornicu
12:21 playahater| e munem ..
12:22 playahater| shto se ne javi kad si bio u za ..
12:22 playahater| makar na telefon
12:22 playahater| :)
12:22 DejanJovanovic| pa kako da ti se javim kad mi Vlada tek u subotu uvece rekao da si tu, a ti mi vikend pre toga rekao da u sredu palis nazad za BG
12:22 DejanJovanovic| nabivam
12:23 playahater| pa zvao sam te dok si biJo dole
12:23 playahater| munem
12:23 playahater| :)
12:24 DejanJovanovic| ne pamtim, please, James, refresh my memory.....stick :)))))))
12:25 playahater| jel ziv onaj moj neuspeli abortus od monitora ?
12:26 DejanJovanovic| jes vala! ti treba?
12:27 playahater| pa sestri u za crko monitor pa razmishljam da joj dam ako mu ti nisi smislio neku upotrebnu vrednost
12:28 DejanJovanovic| pa, osim sto sluzi kao podmetac za case (hahahahahahahahahahah) zaebancija, nisam se domogao nikakvog drugog funkcionalnog resenja hahahaha
12:28 DejanJovanovic| eno ga u Za, mislim da i dalje samo stoji u mojoj sobici i doziva me :)
--- Log closed Tue Aug 24 12:33:23 2010
--- Log opened Tue Aug 24 12:35:31 2010
12:35 playahater| uu .. pa mogo bi da ga forwardujem sestri ..
--- Log closed Tue Aug 24 12:41:23 2010
--- Log opened Tue Aug 24 12:42:21 2010
12:42 DejanJovanovic| pa ajde... kako?
--- Log closed Tue Aug 24 12:47:23 2010
--- Log opened Tue Aug 24 12:50:56 2010
12:50          <-- DejanJovanovic has quit irc
12:56 playahater| trenutno nemam ideju kako ..
12:56 playahater| dodushe tjale mi je dole .. kolima ..
12:56 playahater| moz da smislimo neku akciju ..
12:56 Closing query with DejanJovanovic
--- Log closed Tue Aug 24 12:56:38 2010
--- Log opened Tue Aug 24 12:57:17 2010
12:57 Starting query in Bitlbee with DejanJovanovic
12:57 DejanJovanovic| pa ajde, mozgaj
12:59 playahater| ae da izmozgam pa ti javljam .. 
12:59 DejanJovanovic| ae
13:00 Closing query with DejanJovanovic
--- Log closed Tue Aug 24 13:00:54 2010
--- Log opened Fri Sep 17 10:23:22 2010
10:23 Starting query in Bitlbee with DejanJovanovic
10:23 DejanJovanovic| mrgaaaaaaaaaaaaaaaa
--- Log closed Fri Sep 17 10:29:19 2010
--- Log opened Fri Sep 17 10:46:12 2010
10:46          <-- DejanJovanovic has quit irc
--- Log closed Fri Sep 17 10:51:19 2010
--- Log opened Fri Sep 17 11:14:05 2010
11:14 Closing query with DejanJovanovic
--- Log closed Fri Sep 17 11:14:05 2010
--- Log opened Tue Sep 21 12:28:20 2010
12:28 Starting query in Bitlbee with DejanJovanovic
12:28 DejanJovanovic| ra ra ra
12:31 playahater| aaaaa .. aaa .. aaaa ..a aaaaaaa  ..  zmaju .. 
12:31 Closing query with DejanJovanovic
--- Log closed Tue Sep 21 12:31:58 2010
--- Log opened Tue Sep 21 12:32:24 2010
12:32 Starting query in Bitlbee with DejanJovanovic
12:32 DejanJovanovic| pa nema te ko gfaca u pornicu
12:32 DejanJovanovic| u picku materiCu
12:32 playahater| pa jebiga .. budzenje ..
12:32 DejanJovanovic| http://www.youtube.com/watch?v=ay6f0KFE_ls
12:33 DejanJovanovic| da se malo razveselis
12:37 playahater| mukica .. :)
12:39 DejanJovanovic| Bate
12:39 DejanJovanovic| kad ces da dodjes na kafu?!?
12:41 playahater| bate .. ae neki vikends da smislimo ..
12:41 playahater| e be . nisam ti reko .. od skoro radim u jednoj firmici .. :)
12:41 DejanJovanovic| pa ajde, od to  budzenje ne moz' te covek ni posteno isproziva
12:41 playahater| zvanichno se vodim ko programer .. :P
12:41 playahater| zamisi
12:41 playahater| :)
12:41 DejanJovanovic| ne seeeeeeeeeeeeeeeeeeri
12:42 playahater| pa budzenje brate .. ja ti pricham ti mi ne verujesh .. :)
12:42 playahater| :P
12:42 DejanJovanovic| a gDe si?
12:43 playahater| kod kalenca je office
12:43 playahater| agena.rs
12:43 DejanJovanovic| sa' cu vidim
12:44 playahater| trenutno radim na projektu sa njima .. 3 meseca .. pa kad se to svrshi .. tje da razgovaramo za dalje .. :)
12:46 DejanJovanovic| ma ne volim ja to na neodredjeno...... ali, ako kaplje fino..... Polino hahahaha
12:47 playahater| lino lino .. :)
12:48 DejanJovanovic| e pa onda necu ni ja da se zalim :)
12:50 playahater| hehe
12:54 Closing query with DejanJovanovic
--- Log closed Tue Sep 21 12:54:34 2010
--- Log opened Mon Sep 27 13:20:37 2010
13:20 Starting query in Bitlbee with DejanJovanovic
13:20 DejanJovanovic| http://www.youtube.com/watch?v=0O3USgkwiJA
--- Log closed Mon Sep 27 13:26:12 2010
--- Log opened Mon Sep 27 13:32:42 2010
13:32 Closing query with DejanJovanovic
--- Log closed Mon Sep 27 13:32:42 2010
--- Log opened Tue Oct 12 12:30:04 2010
12:30 Starting query in Bitlbee with DejanJovanovic
12:30 DejanJovanovic| e yo e yo
--- Log closed Tue Oct 12 12:35:38 2010
--- Log opened Tue Oct 12 12:35:40 2010
12:35          <-- DejanJovanovic has quit irc
--- Log closed Tue Oct 12 12:41:38 2010
--- Log opened Tue Oct 12 12:50:19 2010
12:50 Closing query with DejanJovanovic
--- Log closed Tue Oct 12 12:50:19 2010
--- Log opened Wed Oct 13 12:49:14 2010
12:49 Starting query in Bitlbee with DejanJovanovic
12:49 DejanJovanovic| http://www.facebook.com/l.php?u=http%3A%2F%2Fwww.youtube.com%2Fwatch%3Fv%3Ddhw2IXbZCLU%26feature%3Drelated&h=e5b89ThCfjdb6z38J3c5DWS2oTg
12:49          <-- DejanJovanovic has quit irc
12:51 Closing query with DejanJovanovic
--- Log closed Wed Oct 13 12:51:15 2010
--- Log opened Wed Oct 13 12:56:20 2010
12:56 Starting query in Bitlbee with DejanJovanovic
12:56 DejanJovanovic| http://www.youtube.com/watch?v=dhw2IXbZCLU&feature=related
12:58 playahater| lol :)
12:58 Closing query with DejanJovanovic
--- Log closed Wed Oct 13 12:58:41 2010
--- Log opened Wed Oct 13 12:58:48 2010
12:58 Starting query in Bitlbee with DejanJovanovic
12:58 DejanJovanovic| queer I am hahahahaah
12:58 DejanJovanovic| sta ima na gentoo?!?!?!?!!
13:02 playahater| shta ima gospodjo .. nema nishta ..
13:02 playahater| :D
13:02 playahater| haha
13:02 DejanJovanovic| malo si odlepio, k'o slichica, a?
13:05          <-- DejanJovanovic has quit irc
13:06 Closing query with DejanJovanovic
--- Log closed Wed Oct 13 13:06:16 2010
--- Log opened Sun Nov 14 01:33:05 2010
01:33 Starting query in Bitlbee with DejanJovanovic
01:33 DejanJovanovic| undjesh?
01:38          <-- DejanJovanovic has quit irc
01:43          <-- DejanJovanovic has quit irc
--- Log closed Sun Nov 14 01:48:58 2010
--- Log opened Sun Nov 14 14:20:50 2010
14:20 Closing query with DejanJovanovic
--- Log closed Sun Nov 14 14:20:50 2010
