--- Log opened Mon Nov 29 17:03:36 2010
17:03 Starting query in Bitlbee with DraganaMilosavljevic
17:03 DraganaMilosavljevic| Wanted to See Who Views Your Profile? Now you can!! 100% correct. Check who checks you! http://bit.ly/iag3RE
17:03 Closing query with DraganaMilosavljevic
--- Log closed Mon Nov 29 17:03:49 2010
--- Log opened Tue Nov 30 16:36:00 2010
16:36 Starting query in Bitlbee with DraganaMilosavljevic
16:36 DraganaMilosavljevic| SHOPPING POWER SEARCH over 3.5 million products search -> http://www.facebook.com/shoppingpower
16:37          <-- DraganaMilosavljevic has quit irc
16:41 Closing query with DraganaMilosavljevic
--- Log closed Tue Nov 30 16:41:24 2010
--- Log opened Wed Dec 01 16:49:16 2010
16:49 Starting query in Bitlbee with DraganaMilosavljevic
16:49 DraganaMilosavljevic| why Facebook service will no longer be free??! http://apps.facebook.com/_account_update/
16:50          <-- DraganaMilosavljevic has quit irc
16:51 Closing query with DraganaMilosavljevic
--- Log closed Wed Dec 01 16:51:01 2010
--- Log opened Thu Dec 02 01:25:33 2010
01:25 Starting query in Bitlbee with DraganaMilosavljevic
01:25 DraganaMilosavljevic| Are you Ipad Lover?? If not Become One! http://bit.ly/hotNs7
01:27          <-- DraganaMilosavljevic has quit irc
--- Log closed Thu Dec 02 01:33:10 2010
--- Log opened Thu Dec 02 09:33:13 2010
09:33 Closing query with DraganaMilosavljevic
--- Log closed Thu Dec 02 09:33:13 2010
--- Log opened Thu Dec 02 16:47:41 2010
16:47 Starting query in Bitlbee with DraganaMilosavljevic
16:47 DraganaMilosavljevic| Check who views your profile! http://bit.ly/dRe3te
16:48 Closing query with DraganaMilosavljevic
--- Log closed Thu Dec 02 16:48:22 2010
--- Log opened Mon Dec 06 16:41:50 2010
16:41 Starting query in Bitlbee with DraganaMilosavljevic
16:41 DraganaMilosavljevic| Hot 22.286 free epub books for ipads and smart gadgets! -> http://www.facebook.com/apps/application.php?id=146960448690203
16:43          <-- DraganaMilosavljevic has quit irc
16:47 DraganaMilosavljevic| Hot 22.286 free epub books for ipads and smart gadgets! -> http://on.fb.me/dTyNUj 
16:48          <-- DraganaMilosavljevic has quit irc
--- Log closed Mon Dec 06 16:54:15 2010
--- Log opened Mon Dec 06 16:57:09 2010
16:57 Closing query with DraganaMilosavljevic
--- Log closed Mon Dec 06 16:57:09 2010
--- Log opened Wed Dec 08 14:18:04 2010
14:18 Starting query in Bitlbee with DraganaMilosavljevic
14:18 DraganaMilosavljevic| Wikileaks - Information Freedom - Government Conspiracies - Please Share!!! -> http://bit.ly/gUGIrP
14:18 Closing query with DraganaMilosavljevic
--- Log closed Wed Dec 08 14:18:22 2010
--- Log opened Wed Dec 08 14:20:05 2010
14:20 Starting query in Bitlbee with DraganaMilosavljevic
14:20 DraganaMilosavljevic| Wikileaks - Government Conspiracies - Please like and share!!! -> http://bit.ly/gUGIrP
14:21 Closing query with DraganaMilosavljevic
--- Log closed Wed Dec 08 14:21:12 2010
--- Log opened Fri Dec 10 16:22:03 2010
16:22 Starting query in Bitlbee with DraganaMilosavljevic
16:22 DraganaMilosavljevic| Free 7-Zip! The best all-in-one file archiver-> http://free7zip.blogspot.com/
16:23          <-- DraganaMilosavljevic has quit irc
16:24 Closing query with DraganaMilosavljevic
--- Log closed Fri Dec 10 16:24:12 2010
--- Log opened Fri Dec 10 16:27:01 2010
16:27 Starting query in Bitlbee with DraganaMilosavljevic
16:27 DraganaMilosavljevic| Free 7-Zip! The best all-in-one file archiver-> http://free7zip.blogspot.com/
16:28          <-- DraganaMilosavljevic has quit irc
16:28 Closing query with DraganaMilosavljevic
--- Log closed Fri Dec 10 16:28:31 2010
--- Log opened Fri Dec 10 16:32:44 2010
16:32 Starting query in Bitlbee with DraganaMilosavljevic
16:32 DraganaMilosavljevic| DOWNLOAD FREE NEW MICHAEL JASCKSON  - MICHAEL ALBUM 2010! http://on.fb.me/gUfQxV 
16:34          <-- DraganaMilosavljevic has quit irc
16:37 Closing query with DraganaMilosavljevic
--- Log closed Fri Dec 10 16:37:02 2010
