--- Log opened Wed Mar 24 22:14:56 2010
22:14 Starting query in Bitlbee with evomena
22:14 playahater| otjemo na razmenu u subotu?
22:15 Closing query with evomena
--- Log closed Wed Mar 24 22:15:01 2010
--- Log opened Wed Mar 24 22:16:04 2010
22:16 Starting query in Bitlbee with evomena
22:16 evomena| mozda
22:16 evomena| ako bebac bude poslushan
22:17 playahater| ne setjam se da l sam chestitao .. :)
22:17 playahater| al u svakom sluchaju .. chestitam .. pa gledaj da svrnesh ako budesh imo vremena .. :)
22:17 Closing query with evomena
--- Log closed Wed Mar 24 22:17:55 2010
--- Log opened Wed Mar 24 22:32:24 2010
22:32 Starting query in Bitlbee with evomena
22:32 evomena| ok
22:32 Closing query with evomena
--- Log closed Wed Mar 24 22:32:37 2010
--- Log opened Mon Sep 20 11:25:08 2010
11:25 Starting query in Bitlbee with evomena
11:25 evomena| shta radish ?
--- Log closed Mon Sep 20 11:31:02 2010
--- Log opened Mon Sep 20 11:46:43 2010
11:46 playahater| radim
11:46 playahater| ti?
11:46 Closing query with evomena
--- Log closed Mon Sep 20 11:46:45 2010
--- Log opened Mon Sep 20 11:49:11 2010
11:49 Starting query in Bitlbee with evomena
11:49 evomena| evo kompajliram dok su zena i klinac u tazbini
11:49 evomena| i malo limundujem
11:49 playahater| hehe .. 
11:49 playahater| sad si na odmoru .. :)
11:50 playahater| compiling .. :)
11:50 evomena| a ha, da poprzim malo ovog Barthona da ne zardja od facebooka
11:53 evomena| gde radish i shta ?
--- Log closed Mon Sep 20 11:59:02 2010
--- Log opened Mon Sep 20 12:03:39 2010
12:03 playahater| radim u jednoj firmici kao php/drupal programer ..
12:03 playahater| drugim rechima .. kliktjem .. :D
12:03 playahater| kod tebZe ?
12:04 playahater| ja razumem porodichni zivot .. al nema te bre nigde .. :)
12:04 Closing query with evomena
--- Log closed Mon Sep 20 12:04:13 2010
--- Log opened Mon Sep 20 12:04:23 2010
12:04 Starting query in Bitlbee with evomena
12:04 evomena| Ja sam i dalje u ZTP-u, inache i ja klikcem
12:04 evomena| pravim neka sranja u Accesu
--- Log closed Mon Sep 20 12:10:02 2010
--- Log opened Mon Sep 20 12:19:58 2010
12:19          <-- evomena has quit irc
--- Log closed Mon Sep 20 12:25:02 2010
--- Log opened Mon Sep 20 12:44:10 2010
12:44          <-- evomena has quit irc
--- Log closed Mon Sep 20 12:50:02 2010
--- Log opened Mon Sep 20 12:52:20 2010
12:52 Closing query with evomena
--- Log closed Mon Sep 20 12:52:20 2010
--- Log opened Mon Dec 20 11:58:08 2010
11:58 Starting query in Bitlbee with evomena
11:58 evomena| gde si ti, shta ima
11:58 playahater| ehe .. evo me poslu ..
11:58 playahater| radno .. kao .. :) ..
11:59 playahater| vratio se juche sa nsnd-a iz moravica 
11:59 evomena| shto kao ?
11:59 playahater| kunta mi se za medalju
11:59 evomena| kako jebilo ?
11:59 playahater| pa klasika .. nsnd ko nsnd
11:59 playahater| :)
11:59 evomena| pa aj na spavanje
12:00 playahater| puna soba geekova .. niotkuda neta .. :)
12:00 playahater| kod tebze?
12:00 evomena| nije valjda
12:00 evomena| evo chuvam klinca, mama je na poslu, a baba skita
12:01 playahater| hihi .. :) ..
12:01 playahater| vodi klinca na grudvanje .. zimske radosti i to .. 
12:01 evomena| dodushe lowleveliram neke diskice u shpajzu
12:02 playahater| ne da se smara dok ti kompajlirash
12:02 evomena| full multitasking
12:02 playahater| :)
12:02 evomena| ma kakvi, ima tvtime kod njega u sobi
12:02 evomena| babytv
12:03 playahater| uuu .. bole ga brige
12:03 playahater| :)
12:03 evomena| evo ga oglashava se
12:03 evomena| odoh
12:03 evomena| ;)
12:06 evomena| dobio je svoj crveni SUV i sad se zanima, a dokle ce ne znamo
12:06 playahater| hehe
12:06 playahater| :)
12:07 evomena| kako vasha shljaka i dalje ste privatnici ?
12:08 playahater| ma jok .. 
12:08 playahater| i dalje smo cimeri .. :) .. 
12:08 playahater| mare studira
12:08 playahater| ja se zaposlio
12:09 evomena| gde radish ?
12:10 playahater| firmica .. web development na drupalu
12:11 evomena| pa bole te, je li dobra plata ?
12:11 playahater| pa .. za sad se ne zalim ..
12:11 playahater| :)
12:11 Closing query with evomena
--- Log closed Mon Dec 20 12:11:51 2010
--- Log opened Mon Dec 20 12:12:37 2010
12:12 Starting query in Bitlbee with evomena
12:12 evomena| 0k
12:14 playahater| jel si ti beshe na razmenaveshtina listi ?
12:14 playahater| google groups?
12:14 playahater| jel pratish radnju fabule tamo?
12:14 playahater| :)
12:15 evomena| slabo, ali pogledam kad neshto stigne
12:15 evomena| slabo se shta deshava
12:16 evomena| vishe gledam lesswats.org
12:16 playahater| to da .. al rekoh samo da proverim da vidim jel si u toku ..
12:16 playahater| planiramo neku razmenu uskoro .. 
12:16 playahater| pa gledaj da navrnesh ..
12:16 playahater| to je obichno subota/nedelja oko shestice ..
12:16 playahater| se vidimo za promenu, majka mu stara ..
12:16 playahater| namestimo neki vops ..
12:17 playahater| :)
12:17 evomena| bilo bi super, bash se uzeleo cele ekipe
12:18 evomena| nasha se zaposlio, a sve shto tamo nauchi, chuva ko zmija noge
12:18 evomena| a ja sve shto provalim trtljam ko da sam otkrio ameriku
12:19 evomena| nasho sam neki testdisk, chudo od programcheta vadi particije i podatke od pre 10 formatiranja
12:20 playahater| ne seri .. shone se bacio na shljaku,a? .. gde?
12:21 playahater| uuuuu .. dobar ti ovaj testdisk .. 
12:21 evomena| sjebo me plop, probao sam da butnem mashinu sa neke particije, koja je kao bootabilna ali nema nishta u nastavku, pa me je ostavio bez nje, nego ovo programche mi je sve vratilo na mesto
12:22 evomena| shone radi u Dragishe Mishovic, system i mrezni i svakojaki admin, zavrshio neku vishu od godinu dana i sad je neki testis ;)
12:23 playahater| haha ..
12:23 playahater| opaki haX0r
12:23 playahater| :)
12:23 playahater| do jajca ..
--- Log closed Mon Dec 20 12:29:35 2010
--- Log opened Mon Dec 20 12:48:27 2010
12:48 evomena| aj sad u prodavnicu, shtafetu sam predao babi
--- Log closed Mon Dec 20 12:53:35 2010
--- Log opened Mon Dec 20 13:52:26 2010
13:52 playahater| :0
13:52 playahater| :)
13:52 Closing query with evomena
--- Log closed Mon Dec 20 13:52:30 2010
