--- Log opened Tue Mar 02 14:58:18 2010
14:58 Starting query in Bitlbee with ferengista
14:58 ferengista| de si?
14:58 ferengista| budan?
--- Log closed Tue Mar 02 15:03:41 2010
--- Log opened Tue Mar 02 15:44:06 2010
15:44          <-- ferengista has quit irc
--- Log closed Tue Mar 02 15:49:41 2010
--- Log opened Tue Mar 02 16:21:43 2010
16:21 Closing query with ferengista
--- Log closed Tue Mar 02 16:21:43 2010
--- Log opened Mon Mar 15 00:41:19 2010
00:41 Starting query in Bitlbee with ferengista
00:41 ferengista| ej bre
00:41 ferengista| ne javljas se
00:41 ferengista| dobro dobro
00:41 ferengista| :)
00:42          <-- ferengista has quit irc
--- Log closed Mon Mar 15 00:47:46 2010
--- Log opened Mon Mar 15 01:42:00 2010
01:42 Closing query with ferengista
--- Log closed Mon Mar 15 01:42:00 2010
--- Log opened Sun Mar 21 11:38:32 2010
11:38 Starting query in Bitlbee with ferengista
11:38 ferengista| slucajno budan?
11:38 ferengista| ajde dođi na kafu....ako nisi u gužvi
--- Log closed Sun Mar 21 11:44:44 2010
--- Log opened Sun Mar 21 12:13:51 2010
12:13 playahater| ehej ..
12:13 playahater| :)
12:14 playahater| upravo razmishljam o tebi .. :)
12:14 playahater| spremam se da odem do ade .. malo na vazduh .. :)
12:14 playahater| idem s ortakom ..
12:14 playahater| si raspolozena za neku shetnju?
12:14 playahater| :)
12:15 ferengista| uuuuuuuuuu
12:15 ferengista| juce sam se šetala 4 sata
12:15 ferengista| a i vi ćete verovatno da vozite rolere
12:15 ferengista| ja sam sad sporoća
12:16 ferengista| mogu samo da se šetam
12:16 playahater| ma jok .. kakvi roleri .. 
12:16 playahater| opet nisam spavao ..
12:16 ferengista| ;)
12:16 ferengista| sto
12:16 ferengista| radio
12:16 ferengista| kad ides
12:17 playahater| pa radetji sjebo spavanje .. sad prespajam .. ispravljam sleeping cycle .. :)
12:17 playahater| idem do apoteke da snabdem cimera antibioticima .. sjebo ga grip .. pa palim lagano na adu .. 
12:17 playahater| oko dvojke bi trebalo da sam tamo ..
12:18 ferengista| ajde onda svrati uvece ako hoces
12:18 playahater| ako si voljna za shetnju .. :) .. kafu .. 
12:18 ferengista| da popijemo kafu na terasi
12:18 ferengista| ali Ada vanm nije dobar
12:18 ferengista| izbor
12:18 playahater| sho?
12:19 ferengista| juce nije bilo mesta da se parkira do Obrenovca
12:19 ferengista| a nisi mogao ads e kreces stazama
12:19 playahater| guzva .. pa da .. klasika .. 
12:19 ferengista| bilje idiite na 25 maj
12:19 playahater| proletje
12:19 playahater| :)
12:19 ferengista| ili tako nesto
12:19 ferengista| mi bile na 25 maju
12:19 ferengista| i super
12:19 ferengista| nema guzve a možeš isto da se šetas pored reke
12:20 playahater| nisam bio na 25. sto godina .. :) ..
12:20 playahater| ne znam .. videtjemo ..
12:20 ferengista| ma super je bulo juce
12:20 ferengista| ja milice prosetale od 25 do skporo da ade
12:20 ferengista| crkla sam
12:20 ferengista| imam 9 kg
12:21 ferengista| vise
12:21 ferengista| pa ti vidi
12:21 ferengista| ajde begaj si
12:21 playahater| uglavnom .. ako se ne zadrzim .. vidimo se vecheraske na kafi .. ako ne .. onda dolazim sutra .. :)
12:21 ferengista| javi se za kafu veceras ako te ne ubije sunce
12:21 playahater| ako vetj netjesh da shetash :)
12:21 ferengista| cao
12:21 ferengista| B-)
12:21 playahater| zbogom :)
12:21 ferengista| doviđenja
12:21 playahater| :)
12:23          <-- ferengista has quit irc
12:27 Closing query with ferengista
--- Log closed Sun Mar 21 12:27:55 2010
--- Log opened Mon Mar 22 12:39:19 2010
12:39 Starting query in Bitlbee with ferengista
12:39 ferengista| ;)
12:39 ferengista| de si?
12:39 ferengista| opet si budan tako rano
12:39 ferengista| kako je bilo na Adi?
--- Log closed Mon Mar 22 12:45:05 2010
--- Log opened Mon Mar 22 12:52:00 2010
12:52 playahater| ehej ..
12:52 playahater| ja budan od shestice ..
12:52 playahater| :)
12:52 playahater| radim u najvetje .. :) ..
12:52 playahater| ma lagano bilo .. nije bila velika guzva .. 
12:52 playahater| .. proshetao malo .. iskulirao .. 
12:52 playahater| dobio upalu mishitja .. :)
12:53 playahater| kao neshto malo trchkarao .. i odma me zakovala upala .. ko neki penzos .. :/
12:53 playahater| :)
12:53 Closing query with ferengista
--- Log closed Mon Mar 22 12:53:59 2010
--- Log opened Mon Mar 22 12:56:13 2010
12:56 Starting query in Bitlbee with ferengista
12:56 ferengista| ajde cujemo se
12:56 ferengista| ;)
--- Log closed Mon Mar 22 13:02:05 2010
--- Log opened Mon Mar 22 13:02:50 2010
13:02 playahater| :) .. ae .. 
13:03 playahater| cimam te za kafu ako ne zabodem previshe .. :) ..
13:03 Closing query with ferengista
--- Log closed Mon Mar 22 13:03:11 2010
--- Log opened Sun Mar 28 17:57:10 2010
17:57 Starting query in Bitlbee with ferengista
17:57 ferengista| de si
--- Log closed Sun Mar 28 18:03:00 2010
--- Log opened Sun Mar 28 20:00:09 2010
20:00          <-- ferengista has quit irc
--- Log closed Sun Mar 28 20:06:00 2010
--- Log opened Sun Mar 28 23:23:32 2010
23:23 Closing query with ferengista
--- Log closed Sun Mar 28 23:23:32 2010
--- Log opened Mon Mar 29 12:45:04 2010
12:45 Starting query in Bitlbee with ferengista
12:45 ferengista| eeeeeee........oces da dođeš neki dan da mi pomogneš nesto oko nekih grafikona za specijalistički, kad imas vremena
12:46 playahater| eeee ..
12:46 playahater| narafski
12:46          <-- ferengista has quit irc
12:47 playahater| mozda navrenem danas na kafu ... posle dvojke .. ako si doma .. :)
12:47 Closing query with ferengista
--- Log closed Mon Mar 29 12:47:07 2010
--- Log opened Mon Mar 29 12:50:14 2010
12:50 Starting query in Bitlbee with ferengista
12:50 ferengista| mh..evo uveliko radim....da završim dok ne pređem u super tesku....pa neću moći da se popnem tamo do treceg sprata na FON-u..ajde cekam te na kafi...
12:50 ferengista| zvrcni pre nego sto krenes
12:50 playahater| ql ..
12:50 playahater| ok
12:50 playahater| vidimo se .. :)
12:50 Closing query with ferengista
--- Log closed Mon Mar 29 12:50:45 2010
--- Log opened Sat Apr 03 23:08:51 2010
23:08 Starting query in Bitlbee with ferengista
23:08 ferengista| de si?
--- Log closed Sat Apr 03 23:14:02 2010
--- Log opened Sun Apr 04 14:14:41 2010
14:14 Closing query with ferengista
--- Log closed Sun Apr 04 14:14:41 2010
--- Log opened Wed Apr 07 13:51:15 2010
13:51 Starting query in Bitlbee with ferengista
13:51 ferengista| de si
13:51 ferengista| ajde javi se kad mozes
13:51 ferengista| trazila sam te na mob...
13:51 ferengista| ali ti se nesto zaglupeo....
13:51 ferengista| ;)
13:51 ferengista| pa ne daje da se javis
13:51 ferengista| mora se plati
13:52 ferengista| :)
13:53 playahater| ehe ..
13:53 playahater| evo me ..
13:53 playahater| tu sam ..
13:53 ferengista| eeeeeeee
13:53 ferengista| jel si u guzvi
13:54 playahater| trenutno ne
13:54 ferengista| mozes sutra popodne ili u petak
13:54 ferengista| da uradimo one nekje grafikone
13:54 ferengista| sat dva
13:54 ferengista| mozda ne ni tolikoi
13:54 playahater| moze sutra popodne
13:54 ferengista| ajde onda
13:54 ferengista| vidimo se sutra
13:54 ferengista| cujemo se kad ustanes
13:54 ferengista| ;)
13:55 ferengista| jel ti radi mob
13:55 ferengista| ?
--- Log closed Wed Apr 07 14:00:17 2010
--- Log opened Wed Apr 07 14:00:58 2010
14:00 Closing query with ferengista
--- Log closed Wed Apr 07 14:00:58 2010
--- Log opened Thu Apr 08 13:28:47 2010
13:28 Starting query in Bitlbee with ferengista
13:28 ferengista| budan?
13:28 ferengista| oces da dođers
13:29 playahater| budan budan
13:29 playahater| :)
13:29 playahater| evo .. ispishem neke mailove pa se vidimo
13:29 playahater| :)
13:29 ferengista| aj
13:29 ferengista| cekam te
13:29 ferengista| :)
13:29 playahater| ae .. cimnutju te pre nego shto budem krenuo ..
13:29 ferengista| ok
13:29 ferengista| i nemoras
13:29 ferengista| kuci sam
13:30 ferengista| smo
13:30 ferengista| :D
13:30 playahater| ok .. vidimo se ..
13:30 playahater| :)
13:30 Closing query with ferengista
--- Log closed Thu Apr 08 13:30:26 2010
--- Log opened Sat Apr 10 16:22:56 2010
16:22 Starting query in Bitlbee with ferengista
16:22 playahater| ehe
16:23 Closing query with ferengista
--- Log closed Sat Apr 10 16:23:01 2010
--- Log opened Sat Apr 10 17:11:14 2010
17:11 Starting query in Bitlbee with ferengista
17:11 ferengista| draft verzija mog CV-a :)
17:11 ferengista| << BitlBee - Message with subject: draft verzija mog CV-a :) >>
17:11 ferengista| sto se tiče slike
17:11 ferengista| << BitlBee - Message with subject: draft verzija mog CV-a :) >>
17:11 ferengista| ako nije naznačeno ne stavljas
17:12 ferengista| << BitlBee - Message with subject: draft verzija mog CV-a :) >>
17:12 ferengista| drugačije malo formulisi onaj deo ostale kvalifikacije
17:12 ferengista| << BitlBee - Message with subject: draft verzija mog CV-a :) >>
17:12 ferengista| umesto dragoceno iskustvo
17:12 ferengista| << BitlBee - Message with subject: draft verzija mog CV-a :) >>
17:12 ferengista| bolje stavi višegodišnje iskustvo
17:12 ferengista| << BitlBee - Message with subject: draft verzija mog CV-a :) >>
17:12 ferengista| ili tako nesto
17:13 ferengista| << BitlBee - Message with subject: draft verzija mog CV-a :) >>
17:13 ferengista| i nemoj u zvaničnim tim pismima da spajas ono jako dobro
17:13 ferengista| << BitlBee - Message with subject: draft verzija mog CV-a :) >>
17:13 ferengista| jako laše
17:13 ferengista| << BitlBee - Message with subject: draft verzija mog CV-a :) >>
17:13 ferengista| loše
17:13 ferengista| << BitlBee - Message with subject: draft verzija mog CV-a :) >>
17:13 ferengista| to je ipak sleng
17:13 ferengista| << BitlBee - Message with subject: draft verzija mog CV-a :) >>
17:13 ferengista| napiši odlično
17:15 playahater| inache .. za sliku mi niko nishta nije reko ..
17:15 playahater| nishta mi nije napomenuto ..
17:15 ferengista| << BitlBee - Message with subject: draft verzija mog CV-a :) >>
17:15 ferengista| pa nemoj da stavljas
17:15 playahater| ql ..
17:15 ferengista| << BitlBee - Message with subject: draft verzija mog CV-a :) >>
17:15 ferengista| ali ako je u pitanju prodaja
17:15 ferengista| << BitlBee - Message with subject: draft verzija mog CV-a :) >>
17:15 ferengista| onda bi trebalo
17:15 ferengista| << BitlBee - Message with subject: draft verzija mog CV-a :) >>
17:15 ferengista| može da pomogne
17:16 ferengista| << BitlBee - Message with subject: draft verzija mog CV-a :) >>
17:16 ferengista| ili da odmogne.... ;)
17:16 ferengista| << BitlBee - Message with subject: draft verzija mog CV-a :) >>
17:16 ferengista| salim se
17:16 playahater| znachi .. slika ne smeta?
17:16 ferengista| << BitlBee - Message with subject: draft verzija mog CV-a :) >>
17:16 ferengista| pa ne bi trebalo da smeta
17:17 ferengista| << BitlBee - Message with subject: draft verzija mog CV-a :) >>
17:17 ferengista| naročito ako iom treba za prodaju
17:17 ferengista| << BitlBee - Message with subject: draft verzija mog CV-a :) >>
17:17 ferengista| mada to nije ona first line prodaja
17:17 playahater| a jel sam dobro formulisao deo "Profil" ?
17:17 playahater| malo mi nakaradno zvuchi
17:17 playahater| :/
17:17 ferengista| << BitlBee - Message with subject: draft verzija mog CV-a :) >>
17:17 ferengista| kod personalni status mislim da treba da definišeš
17:18 ferengista| << BitlBee - Message with subject: draft verzija mog CV-a :) >>
17:18 ferengista| izvini da ibaciš ono student
17:18 ferengista| << BitlBee - Message with subject: draft verzija mog CV-a :) >>
17:18 ferengista| sto se tiče profil
17:18 ferengista| << BitlBee - Message with subject: draft verzija mog CV-a :) >>
17:18 ferengista| ja ne volim to pisanj esejskog tipa u CV-ju
17:19 ferengista| << BitlBee - Message with subject: draft verzija mog CV-a :) >>
17:19 ferengista| po meni to treba da se pise odvojeno
17:19 ferengista| << BitlBee - Message with subject: draft verzija mog CV-a :) >>
17:19 ferengista| u propratnom pismu
17:19 ferengista| << BitlBee - Message with subject: draft verzija mog CV-a :) >>
17:19 ferengista| ali kao hoćeš ostavi
17:19 ferengista| << BitlBee - Message with subject: draft verzija mog CV-a :) >>
17:19 ferengista| posto se ponavljas
17:20 ferengista| << BitlBee - Message with subject: draft verzija mog CV-a :) >>
17:20 ferengista| to da si student zavrsne godine
17:20 ferengista| << BitlBee - Message with subject: draft verzija mog CV-a :) >>
17:20 ferengista| to iznosis dole
17:20 ferengista| << BitlBee - Message with subject: draft verzija mog CV-a :) >>
17:20 ferengista| ja bi izbacila taj deo
17:21 ferengista| << BitlBee - Message with subject: draft verzija mog CV-a :) >>
17:21 ferengista| ili ga ubaci u propratno pismo ako pises i to...mada mislim da ne treba posto vec nije regularno konkurs nego je preporuka
17:21 ferengista| << BitlBee - Message with subject: draft verzija mog CV-a :) >>
17:21 ferengista| i ona j deo hobi
17:21 ferengista| << BitlBee - Message with subject: draft verzija mog CV-a :) >>
17:21 ferengista| ti tu opet pises oi poslu
17:21 ferengista| << BitlBee - Message with subject: draft verzija mog CV-a :) >>
17:21 ferengista| to bi ja da se izbaci
17:22 ferengista| << BitlBee - Message with subject: draft verzija mog CV-a :) >>
17:22 ferengista| a da ostanu samo slobodne aktivnosti
17:22 ferengista| << BitlBee - Message with subject: draft verzija mog CV-a :) >>
17:22 ferengista| tipa trcanje plivanje i
17:22 ferengista| << BitlBee - Message with subject: draft verzija mog CV-a :) >>
17:22 ferengista| i ono student
17:22 ferengista| << BitlBee - Message with subject: draft verzija mog CV-a :) >>
17:22 ferengista| obavezno izbaci sa pocetka
17:22 ferengista| << BitlBee - Message with subject: draft verzija mog CV-a :) >>
17:22 ferengista| da im ne upadne odmah u oci da si student
17:22 ferengista| << BitlBee - Message with subject: draft verzija mog CV-a :) >>
17:22 ferengista| ;)
17:22 ferengista| << BitlBee - Message with subject: draft verzija mog CV-a :) >>
17:22 ferengista| to je to
17:23 ferengista| << BitlBee - Message with subject: draft verzija mog CV-a :) >>
17:23 ferengista| a jel saljes na srpskom
17:23 ferengista| << BitlBee - Message with subject: draft verzija mog CV-a :) >>
17:23 ferengista| ?
17:26 playahater| ehe .. evo me .. izvini .. gazdarica mi kucnula dole ..
17:26 playahater| uglavnom ..
17:26 playahater| shaljem na srpskom ..
17:27 ferengista| << BitlBee - Message with subject: draft verzija mog CV-a :) >>
17:27 ferengista| i imas na jednom mestu sh
17:27 ferengista| << BitlBee - Message with subject: draft verzija mog CV-a :) >>
17:27 ferengista| umesto š
17:27 ferengista| << BitlBee - Message with subject: draft verzija mog CV-a :) >>
17:27 ferengista| ne zanm sad tacno
17:27 ferengista| << BitlBee - Message with subject: draft verzija mog CV-a :) >>
17:27 ferengista| ali sam procitala
17:27 playahater| ok ..
17:28 playahater| ispravitju ..
17:28 ferengista| << BitlBee - Message with subject: draft verzija mog CV-a :) >>
17:28 ferengista| eto....
17:28 ferengista| << BitlBee - Message with subject: draft verzija mog CV-a :) >>
17:28 ferengista| forma je dobra
17:28 ferengista| << BitlBee - Message with subject: draft verzija mog CV-a :) >>
17:28 ferengista| ajde cujemo se
17:28 playahater| sad tju da korigujem sve zamerke .. :)
17:28 ferengista| << BitlBee - Message with subject: draft verzija mog CV-a :) >>
17:28 ferengista| ;)
17:28 playahater| hvaaaaaaala
17:28 playahater| :)
17:29 ferengista| << BitlBee - Message with subject: draft verzija mog CV-a :) >>
17:29 ferengista| mozda nije lose
17:29 ferengista| << BitlBee - Message with subject: draft verzija mog CV-a :) >>
17:29 ferengista| da definišeš
17:29 ferengista| << BitlBee - Message with subject: draft verzija mog CV-a :) >>
17:29 ferengista| za koje si pozicije zainteresovan
17:29 ferengista| << BitlBee - Message with subject: draft verzija mog CV-a :) >>
17:29 ferengista| mada je to malo nezgodno
17:29 ferengista| << BitlBee - Message with subject: draft verzija mog CV-a :) >>
17:29 ferengista| kad je preporuka
17:29 playahater| pa to ..
17:30 ferengista| << BitlBee - Message with subject: draft verzija mog CV-a :) >>
17:30 ferengista| to svakako možeš usmeno da kažeš tom liku
17:30 ferengista| << BitlBee - Message with subject: draft verzija mog CV-a :) >>
17:30 ferengista| da bi prihvatio eto i prodaju
17:30 ferengista| << BitlBee - Message with subject: draft verzija mog CV-a :) >>
17:30 ferengista| za pocetak
17:30 ferengista| << BitlBee - Message with subject: draft verzija mog CV-a :) >>
17:30 ferengista| ako nema nista drugo
17:30 playahater| e pa da .. obzirom da mi je on reko da mu poshaljem samo cv
17:30 ferengista| << BitlBee - Message with subject: draft verzija mog CV-a :) >>
17:30 ferengista| posto kasnije kad budes pisao
17:30 playahater| nema potrebe da navodim i gde bih da radim ..
17:30 ferengista| << BitlBee - Message with subject: draft verzija mog CV-a :) >>
17:30 ferengista| Cv i stavis stavku IBM
17:31 ferengista| << BitlBee - Message with subject: draft verzija mog CV-a :) >>
17:31 ferengista| nece niko znati da li si ti radio u prodaji
17:31 ferengista| << BitlBee - Message with subject: draft verzija mog CV-a :) >>
17:31 ferengista| ili ne znam na kojoj poziciji
17:31 playahater| pa da .. upravo to
17:31 ferengista| << BitlBee - Message with subject: draft verzija mog CV-a :) >>
17:31 ferengista| pa da ali to naglsi usmeno
17:31 ferengista| << BitlBee - Message with subject: draft verzija mog CV-a :) >>
17:31 ferengista| ili se viđas možda sa njim
17:32 playahater| prvo treba da se chujemo u ponedeljak, nakon shto on to prosledi ..
17:32 ferengista| << BitlBee - Message with subject: draft verzija mog CV-a :) >>
17:32 ferengista| odoh sad
17:32 ferengista| << BitlBee - Message with subject: draft verzija mog CV-a :) >>
17:32 ferengista| Ć
17:32 ferengista| << BitlBee - Message with subject: draft verzija mog CV-a :) >>
17:32 ferengista| ć
17:32 playahater| ok .. hvala .. adeee
17:32 playahater| :)
--- Log closed Sat Apr 10 17:38:30 2010
--- Log opened Sat Apr 10 17:41:13 2010
17:41          <-- ferengista has quit irc
17:41 Closing query with ferengista
--- Log closed Sat Apr 10 17:41:27 2010
--- Log opened Sat Apr 10 17:59:25 2010
17:59 Starting query in Bitlbee with ferengista
17:59 playahater| e .. a jel da im shaljem to u pdf-u ili doc-u ?
17:59 playahater| jel tu postoji neki standard?
17:59 playahater| :)
17:59 Closing query with ferengista
--- Log closed Sat Apr 10 17:59:37 2010
--- Log opened Sat Apr 10 18:53:26 2010
18:53 Starting query in Bitlbee with ferengista
18:53 ferengista| pa obicno svi salju u doc-u
18:53 ferengista| ne secam se da sam nekad dobila pdf CV
--- Log closed Sat Apr 10 18:59:30 2010
--- Log opened Sat Apr 10 19:03:19 2010
19:03          <-- ferengista has quit irc
--- Log closed Sat Apr 10 19:08:30 2010
--- Log opened Sat Apr 10 21:08:51 2010
21:08          <-- ferengista has quit irc
--- Log closed Sat Apr 10 21:14:30 2010
--- Log opened Sun Apr 18 20:10:44 2010
20:10 Starting query in Bitlbee with ferengista
20:10 ferengista| de si'
20:10 ferengista| ?
20:11 ferengista| neceš da dolaziš po onaj papir=
20:13 playahater| ehej ..
20:13 playahater| evo me ..
20:14 playahater| raduckam ..
20:14 playahater| dotjitju chisto da ga pokupim .. ali netju da podizem nishta u poshti ..
20:14 ferengista| ono ćeš da iskulirash
20:14 playahater| pa da ..
20:14 ferengista| pa sta ce ti onda
20:14 ferengista| :D
20:14 ferengista| da ga bacis
20:14 ferengista| ne brim ja cu
20:14 playahater| pa otju da vidim shta pishe na njemu ..
20:15 ferengista| ne brini
20:15 ferengista| pa nista
20:15 ferengista| samo posiljka
20:15 playahater| u svakom sluchaju .. iskuliratju da dizem to shto su mi poslali ..
20:15 playahater| na putu sam .. ;)
20:15 ferengista| ajde onda vidimo se kad budes
20:16 playahater| da da .. chutjemo se .. pa tju da svrnem ovih dana ..
20:16 ferengista| ma da ....nisi mogao das e vratis...
20:16 ferengista| posto avioni ne lete
20:16 ferengista| ajde Ć
20:16 ferengista| ć
20:17 playahater| za roshtilj nas malo ukenjalo vreme .. ovaj drug nije uzeo aparaturu .. tako da .. odlozitjemo do daljnjeg ..
20:17 playahater| :)
20:17 playahater| ajde .. 
20:17 playahater| tjaolina
20:17 playahater| :)
20:17 Closing query with ferengista
--- Log closed Sun Apr 18 20:17:45 2010
--- Log opened Sun Apr 18 20:18:11 2010
20:18 Starting query in Bitlbee with ferengista
20:18 ferengista| mh.....da vreme bilo smor..
20:18 ferengista| ć
--- Log closed Sun Apr 18 20:23:37 2010
--- Log opened Sun Apr 18 20:30:48 2010
20:30 Closing query with ferengista
--- Log closed Sun Apr 18 20:30:48 2010
--- Log opened Tue Apr 27 12:16:25 2010
12:16 Starting query in Bitlbee with ferengista
12:16 ferengista| de si
12:16 ferengista| kad ides na razgovor?
12:16 ferengista| oces da svratis
--- Log closed Tue Apr 27 12:22:09 2010
--- Log opened Tue Apr 27 12:48:16 2010
12:48 playahater| evo raduckam ..
12:48 playahater| ochekujem poziv ..
12:48 playahater| trebalo bi da odem ovih dana ..
12:48 playahater| videtjemo ..
12:48 playahater| inache .. ae chutjemo se popodne .. pa mozda svrnem .. :)
12:49 Closing query with ferengista
--- Log closed Tue Apr 27 12:49:14 2010
--- Log opened Tue Apr 27 12:49:43 2010
12:49 Starting query in Bitlbee with ferengista
12:49 ferengista| ajde
--- Log closed Tue Apr 27 12:55:09 2010
--- Log opened Tue Apr 27 12:59:33 2010
12:59          <-- ferengista has quit irc
13:02 Closing query with ferengista
--- Log closed Tue Apr 27 13:02:37 2010
--- Log opened Tue Apr 27 21:55:16 2010
21:55 Starting query in Bitlbee with ferengista
21:55 ferengista| eeeee
21:55 ferengista| jel si tu
21:55 ferengista| ako nemogu da kopiram nwato iz nekog dokumenta
21:55 ferengista| jel iam neko rešenje
21:56 ferengista| pomoću neke magije
21:57 playahater| mora da mozesh da iskopirash
21:57 playahater| select > copy
21:57 playahater| :)
22:02 Closing query with ferengista
--- Log closed Tue Apr 27 22:02:38 2010
--- Log opened Tue Apr 27 22:04:41 2010
22:04 Starting query in Bitlbee with ferengista
22:04 ferengista| nemože
22:04 ferengista| ne mogu
22:05 ferengista| ni da označim tekst
22:08 playahater| a ti iz slike pokushavash to da uradish?
22:08 playahater| ili iz pdf-a ?
22:08 Closing query with ferengista
--- Log closed Tue Apr 27 22:08:18 2010
--- Log opened Tue Apr 27 22:19:18 2010
22:19 Starting query in Bitlbee with ferengista
22:19 ferengista| iz pdf-a
--- Log closed Tue Apr 27 22:25:09 2010
--- Log opened Tue Apr 27 22:30:24 2010
22:30 ferengista| des i bre
22:30 ferengista| ajde pomagaj
--- Log closed Tue Apr 27 22:36:09 2010
--- Log opened Tue Apr 27 22:39:41 2010
22:39          <-- ferengista has quit irc
--- Log closed Tue Apr 27 22:45:09 2010
--- Log opened Tue Apr 27 22:49:47 2010
22:49          <-- ferengista has quit irc
--- Log closed Tue Apr 27 22:55:09 2010
--- Log opened Wed Apr 28 00:44:26 2010
00:44 Closing query with ferengista
--- Log closed Wed Apr 28 00:44:26 2010
--- Log opened Wed Apr 28 12:08:28 2010
12:08 Starting query in Bitlbee with ferengista
12:08 playahater| e ..
12:08 playahater| si uspela da prekopirash?
12:10 playahater| meni sinotj banulo neko drugarstvo .. pa nisam mogo da pishem ..
12:10 playahater| dok sam njih ispratio .. tebe vetj nije bilo online
--- Log closed Wed Apr 28 12:16:11 2010
--- Log opened Wed Apr 28 12:21:49 2010
12:21 ferengista| eeeeeeee
12:21 ferengista| jesam
12:22 ferengista| daans sam poslala onom drugaru sa posla pa mi prebacio u word
12:22 ferengista| oces da svratis
12:22 ferengista| danas
12:22 ferengista| ako imas i 15 minuta da mi amlo sredis onaj tekst....
12:26 playahater| ql .. mozemo popodne/predveche da smislimo neku organizaciju ?
12:26 playahater| treba da odem do gospodja mame .. pa bi posle mogo da svratim ..
12:27 ferengista| ajde
12:27 ferengista| n ije hitno
12:28 ferengista| kad ti ej razgovor
12:28 ferengista| jel ides za Za
--- Log closed Wed Apr 28 12:33:11 2010
--- Log opened Wed Apr 28 12:34:50 2010
12:34 playahater| pa ne znam za razgovor .. ochekujem da me pozovu ..
12:35 playahater| reko mi chovek u toku nedelje ..
12:35 playahater| videtjemo
12:35 playahater| a videtjemo i za zajechar ..
12:35 playahater| verovatno da da ..
12:35 playahater| :)
--- Log closed Wed Apr 28 12:41:11 2010
--- Log opened Wed Apr 28 13:05:15 2010
13:05 Closing query with ferengista
--- Log closed Wed Apr 28 13:05:15 2010
--- Log opened Wed May 05 15:46:23 2010
15:46 Starting query in Bitlbee with ferengista
15:46 ferengista| jel si tu
15:46 ferengista| ajde da dođes sutra
15:46 ferengista| može?
15:46 ferengista| kad ustanes
15:47 ferengista| posto bi oko 16 trebalo da izađem ...mada ne moram
15:47 ferengista| ako ne možeš da dođeš pre toga
--- Log closed Wed May 05 15:53:36 2010
--- Log opened Wed May 05 16:25:09 2010
16:25 playahater| ok .. 
16:25 playahater| vidimo se pre chetvorke onda ..
16:25 playahater| :)
16:25 Closing query with ferengista
--- Log closed Wed May 05 16:25:25 2010
--- Log opened Thu May 06 13:47:58 2010
13:47 Starting query in Bitlbee with ferengista
13:47 playahater| h`lo
13:47 playahater| :)
--- Log closed Thu May 06 13:53:15 2010
--- Log opened Thu May 06 15:36:03 2010
15:36          <-- ferengista has quit irc
15:40          <-- ferengista has quit irc
--- Log closed Thu May 06 15:45:15 2010
--- Log opened Thu May 06 15:49:31 2010
15:49          <-- ferengista has quit irc
--- Log closed Thu May 06 15:55:15 2010
--- Log opened Thu May 06 16:07:14 2010
16:07          <-- ferengista has quit irc
--- Log closed Thu May 06 16:12:15 2010
--- Log opened Thu May 06 19:52:18 2010
19:52 Closing query with ferengista
--- Log closed Thu May 06 19:52:18 2010
--- Log opened Mon May 17 12:28:52 2010
12:28 Starting query in Bitlbee with ferengista
12:28 ferengista| jel si budan
12:29 ferengista| možemo da uradimo sutra, onu prezentaciju?
--- Log closed Mon May 17 12:35:02 2010
--- Log opened Mon May 17 15:27:57 2010
15:27 playahater| e ..
15:27 playahater| pa ..
15:28 playahater| po svemu sudetji .. mislim da je danas popodne realnije ..
15:28 playahater| sutra bi trebalo da se sastanchimo po gradu .. pa ne znam kolko tje ta akcija da traje ..
15:29 playahater| ali ajde chujemo se malo kasnije ..
15:29 playahater| :)
15:29 playahater| lele .. sad je popodne .. vetj .. :(
15:29 playahater| al vreme leti ..
15:30 playahater| danas .. predveche .. :)
15:33 Closing query with ferengista
--- Log closed Mon May 17 15:33:36 2010
--- Log opened Tue May 18 13:08:16 2010
13:08 Starting query in Bitlbee with ferengista
13:08 ferengista| de si
13:08 playahater| ehe .. evo me doma ..
13:08 playahater| ti?
13:08 ferengista| nije valjda da si ustao
13:08 ferengista| ovako rano po ovom krs vremenu
13:09 ferengista| evo kuci citam nesto smor mi je mnogo vreme
13:11 ferengista| ocemo da uradimo onu prezentaciju
13:12 playahater| e .. otjemo ..
13:12 ferengista| ajde u cetvrtak ili veceras
13:12 ferengista| sutra dolazi necka posto leti za chicago
13:13 playahater| moze vecheras ..
13:13 ferengista| kad ces moci
13:13 playahater| posle petice ..
13:13 playahater| a?
13:13 ferengista| ajde
13:13 playahater| ql
13:13 ferengista| ja cu sad da izdvojim sta treba
13:13 ferengista| pa se vidimo javis e pre negos to krenes
13:13 playahater| pripremi .. :)
13:13 ferengista| vidimo se
13:14 playahater| ae .. :)
13:14 Closing query with ferengista
--- Log closed Tue May 18 13:14:04 2010
--- Log opened Mon May 31 12:04:20 2010
12:04 Starting query in Bitlbee with ferengista
12:04 playahater| komshike?
12:04 playahater| :)
12:04 playahater| samo da chekiram kako si ..
12:04 playahater| mah mah mah ..
12:04 playahater| :)
12:04 Closing query with ferengista
--- Log closed Mon May 31 12:04:41 2010
--- Log opened Mon May 31 12:05:00 2010
12:05 Starting query in Bitlbee with ferengista
12:05 ferengista| pa smor malo
12:05 ferengista| ova kisa
12:05 ferengista| neshke je na odmoru pa smo tu kuci
12:05 playahater| aaa .. slow day .. :)
12:05 ferengista| mnogo smor
12:05 ferengista| oces da se vidimo
12:05 ferengista| ovih dana...danas ili sutra
12:06 ferengista| ili kad oces
12:06 playahater| e .. ae .. mogli bi ..
12:06 ferengista| da se prolepsa vreme pa možemo na Adu ili negde
12:06 playahater| mozda popodne/predveche ..
12:06 playahater| idem da se sastanchim malo .. pa kad pozavrshavam to .. cimam te ..
12:06 ferengista| eeeeeeeeee ajde
12:06 ferengista| cujemo se
12:06 ferengista| ć
12:07 playahater| ade
12:07          <-- ferengista has quit irc
12:07 Closing query with ferengista
--- Log closed Mon May 31 12:07:06 2010
--- Log opened Tue Jun 01 12:27:42 2010
12:27 Starting query in Bitlbee with ferengista
12:27 ferengista| de si
12:27 ferengista| jel si budan
12:28 ferengista| kaži mi koja je ona tvoja nokia.....
12:32          <-- ferengista has quit irc
--- Log closed Tue Jun 01 12:37:37 2010
--- Log opened Tue Jun 01 12:52:55 2010
12:52 Closing query with ferengista
--- Log closed Tue Jun 01 12:52:55 2010
--- Log opened Thu Jun 03 21:18:34 2010
21:18 Starting query in Bitlbee with ferengista
21:18 ferengista| jel si tu'
--- Log closed Thu Jun 03 21:24:23 2010
--- Log opened Thu Jun 03 21:32:59 2010
21:32 playahater| e
21:33 playahater| poslato
21:33 playahater| ae proveri sad
21:33 playahater| :)
21:33 ferengista| evo prove4ravam
21:34 ferengista| sad su dupli brojevi
21:34 ferengista| :-o
21:34 playahater| chek
21:34 playahater| :)
21:35 ferengista| ajde....
21:35 ferengista| recimo pise 28 pa 2
21:36 ferengista| ili 51 pa 5
21:36 playahater| a sad?
21:36 playahater| :)
21:36 ferengista| da proverim
21:36 playahater| ae
21:36 playahater| :)
21:37 ferengista| nije mi nista stiglo
21:39 playahater| refresh
21:39 playahater| :)
21:39 ferengista| nema
21:39 ferengista| nista
21:40 playahater| choodno
21:40 playahater| evo .. upravo uploadujem opet
21:41 ferengista| ae
21:42 playahater| poslato opet
21:42 playahater| :)
21:43 ferengista| jeste
21:44 ferengista| ne vredi
21:44 ferengista| isto kao prvi put
21:44 playahater| e jebiga ..
21:45 playahater| do kad najkasnije to treba da poshaljesh ?
21:45 ferengista| pa sutra do 15 h
21:45 playahater| dolazim na kafu oko keca pa tjemo to tad da sredimo
21:45 playahater| ok?
21:45 ferengista| ok
21:45 playahater| ql
21:45 playahater| :)
21:45 ferengista| budim te
21:45 ferengista| ako se ne javis oko 13
21:45 ferengista| može
21:46 playahater| moze
21:46 ferengista| nemoj da iskljucujes mobilni
21:46 playahater| mada nema problema sa spavanjem u poslednje vreme ..
21:46 playahater| rachunaj da je to sredjeno !
21:46 playahater| :)
21:46 playahater| vidimo se sutra u keca
21:46 playahater| ;)
21:46 ferengista| ok...
21:46 ferengista| vidimos e
21:47 ferengista| ;)
21:47          <-- ferengista has quit irc
21:47 Closing query with ferengista
--- Log closed Thu Jun 03 21:47:41 2010
--- Log opened Fri Jun 04 12:36:35 2010
12:36 Starting query in Bitlbee with ferengista
12:36 ferengista| jel si budan
12:41 playahater| odavno
12:41 playahater| ti stigo sms
12:41 playahater| :)
12:42 ferengista| ne
12:42 ferengista| iskljucen mi je telefon
12:42 ferengista| ajde dođi
12:42 playahater| aaa .. taj fazon .. pa vidim ne odgovarash .. :) ..
12:42 playahater| ae ..
12:43 playahater| kretjem za par minuta
12:43 ferengista| ajde
12:45 Closing query with ferengista
--- Log closed Fri Jun 04 12:45:06 2010
--- Log opened Sun Jun 06 12:46:26 2010
12:46 Starting query in Bitlbee with ferengista
12:46 ferengista| jel si budan
12:46 ferengista| ja sam završila nešto....
12:47 ferengista| tacnije spojio mi jedan drugar ona dva dokumenta kao PDF
12:47 ferengista| ali ima još nešto pa bismo mogli da se vidimo na kratko...
--- Log closed Sun Jun 06 12:53:13 2010
--- Log opened Sun Jun 06 13:41:40 2010
13:41          <-- ferengista has quit irc
--- Log closed Sun Jun 06 13:47:13 2010
--- Log opened Sun Jun 06 14:13:06 2010
14:13 Closing query with ferengista
--- Log closed Sun Jun 06 14:13:06 2010
--- Log opened Mon Jun 14 12:01:13 2010
12:01 Starting query in Bitlbee with ferengista
12:01 ferengista| de si...
12:01 ferengista| uspeli smo da odštampamo ono
12:01 ferengista| napokon
12:01 ferengista| i to jedva sa dva ketridža
12:01 ferengista| i sa 100 mućkanja....
12:02 ferengista| tako da je završeno...
12:02 ferengista| svrati na kafu ako oćeš da se ladiš ovde kod mene
12:02 ferengista| na 20 stepeni
12:02 ferengista| ;)
12:06 playahater| bitno da ste uspeli .. :) ..
12:06 playahater| ql .. 
12:06 playahater| ae chutjemo se kasnejo .. pa mozda svrnem ..
12:06 playahater| :)
12:07          <-- ferengista has quit irc
12:12 Closing query with ferengista
--- Log closed Mon Jun 14 12:12:50 2010
--- Log opened Thu Dec 16 11:20:07 2010
11:20 Starting query in Bitlbee with ferengista
11:20 ferengista| jel radis
11:20 ferengista| ajde javi se kad mozes
11:20 ferengista| trebalo bi b
11:20 ferengista| da uzmemo lap top
11:20 ferengista| sada kad su sniženje
11:21 ferengista| pa daj neku preporuku
11:21 ferengista| ne mnogo skup
11:23 playahater| eheee .. 
11:23 playahater| :)
11:23 playahater| radim ..
11:23 playahater| lenovo sl510
11:23 ferengista| dobro
11:23 ferengista| koliko to kosta
11:23 ferengista| i gde da uzmemo
11:24 playahater| pa .. od 480 do 530 .. zavisi gde ga nadjesh ..
11:24 ferengista| a gde da pogledamo
11:24 playahater| http://itsvet.com/proizvod/lenovo-thinkpad-sl510-nslcxya-intel-core2-duo-2.2ghz-2048mb-320gb-dvdrw-15.6%27%27-wxga-freedos/comp_comp_laptop/194/4994
11:25 ferengista| ma ne to
11:25 playahater| mare ga kupio =>  Studentski Trg 4
11:25 ferengista| nego gde da pogledamo da kupimo
11:25 ferengista| moze na rate
11:25 playahater| pa da .. na tom linku imash spisak radnji koje ga trenutno imaju na stanju
11:25 ferengista| ?
11:25 playahater| nisam siguran ..
11:26 ferengista| nema sanse ako ne moze na rate
11:26 playahater| to zavisi na kraju od firme koja ga valja ..
11:26 playahater| pozovesh pa pitash
11:27 ferengista| ok...
11:27 playahater| mada mislim da kad ga je mare uzimao .. da je bila neka fora sa odloznim ..
11:27 ferengista| jel si na poslu
11:27 playahater| al proveri
11:27 ferengista| kkao je
11:27 playahater| pa ok .. kutja-poso .. :)
11:27 playahater| kod vas?
11:27 playahater| jel rastete?
11:27 playahater| :)
11:27 ferengista| sta ima kod tebe
11:27 ferengista| evo vuk mi sedi u krilu i kucamo
11:28 playahater| 3 maha za vuka :)
11:28 ferengista| porasli smo puno
11:28 ferengista| mh
11:28 ferengista| svrati nekad
11:28 playahater| hotju .. konachno sam rashchistio sranja ..
11:28 playahater| sad mogu malo da dishem ..
11:29 playahater| idem za vikend u cro .. 
11:29 ferengista| sem posla stza se desava
11:29 ferengista| lepooo
11:29 ferengista| seminar ili onako
11:29 playahater| ma da .. ona moja sekta :) .. 
11:29 ferengista| mh....
11:29 playahater| hehe
11:29 ferengista| a <3
11:29 ferengista| sta se desava
11:30 ferengista| nista ne pricas
11:30 playahater| svashta po neshto .. nishta bitno .. :)
11:30 ferengista| ajde dobro nek ti bude
11:30 ferengista| :-/
11:30 playahater| :)
11:32          <-- ferengista has quit irc
--- Log closed Thu Dec 16 11:37:16 2010
--- Log opened Thu Dec 16 12:45:38 2010
12:45 Closing query with ferengista
--- Log closed Thu Dec 16 12:45:38 2010
--- Log opened Sat Mar 19 15:48:30 2011
15:48 Starting query in Bitlbee with ferengista
15:48 ferengista| de si?
15:48 ferengista| radis pretpostavljam
--- Log closed Sat Mar 19 15:53:44 2011
--- Log opened Sat Mar 19 16:08:03 2011
16:08          <-- ferengista has quit irc
--- Log opened Mon Apr 11 11:39:00 2011
11:39 Starting query in Bitlbee with ferengista
11:39 ferengista| jel si na poslu?
11:40 playahater| jesam ..
--- Log closed Mon Apr 11 11:45:40 2011
--- Log opened Mon Apr 11 11:47:46 2011
11:47 ferengista| ok....javi se kad nisi u guzvi
11:47 ferengista| nismo se culi ko zna
--- Log closed Mon Apr 11 11:53:40 2011
--- Log opened Mon Apr 11 11:57:12 2011
11:57 playahater| ok .. gledatju da svratim neki dan ..
11:57 playahater| nego .. shta reche .. do kad bi trebalo da se podigne ono chudo iz poshte?
11:57 playahater| danas?
11:57 playahater| :)
12:02 ferengista| pa da danas
12:02 ferengista| valjda do veceras
12:02 ferengista| ali morao bi da svratis po onaj papiric
12:02 playahater| ae gledatju da svrnem vecheras posle posla da se vidimo i da uzmem to papirche .. :)
12:03 playahater| u svakom sluchaju, javitju se pre nego shto banem 
12:03 ferengista| ok....ali
12:03 playahater| :)
12:03 ferengista| posta radi do 6
12:03 ferengista| ili do 8
12:03 ferengista| ne zanm
12:04 playahater| ma da .. to je ok .. netju stitji danas da podignem ..
12:04 playahater| probatju sutra ..
12:04 playahater| :)
12:04 ferengista| ajde onda
12:04 ferengista| cujemo se
12:04 playahater| vaazi ..
12:04 playahater| :)
12:05          <-- ferengista has quit irc
--- Log closed Mon Apr 11 12:10:40 2011
--- Log opened Mon Apr 11 12:28:10 2011
12:28          <-- ferengista has quit irc
--- Log closed Mon Apr 11 12:33:40 2011
--- Log opened Mon Apr 11 12:38:18 2011
12:38          <-- ferengista has quit irc
--- Log closed Mon Apr 11 12:43:40 2011
--- Log opened Mon Apr 11 12:48:01 2011
12:48          <-- ferengista has quit irc
--- Log closed Mon Apr 11 12:53:40 2011
--- Log opened Mon Apr 11 13:07:02 2011
13:07 Closing query with ferengista
--- Log closed Mon Apr 11 13:07:02 2011
--- Log opened Fri Apr 15 16:21:54 2011
16:21 Starting query in Bitlbee with ferengista
16:21 ferengista| ej
16:21 ferengista| jel ima sekund
--- Log closed Fri Apr 15 16:27:18 2011
--- Log opened Fri Apr 15 16:38:57 2011
16:38          <-- ferengista has quit irc
--- Log closed Sat Apr 16 00:43:36 2011
--- Log opened Wed Apr 20 11:43:38 2011
11:43 Starting query in Bitlbee with ferengista
11:43 ferengista| pa dobro bre
11:43 ferengista| jel moguće
11:44 playahater| pa jebiga .. izgleda mogutje ..
11:44 playahater| :)
11:44 playahater| ne pitaj ..
11:44 playahater| kosmichka ..
11:44 ferengista| ajde
11:44 playahater| moz isplaniramo neku kafu za vikend ..
11:44 ferengista| na kratko samo
11:45 ferengista| ajde
11:45 ferengista| konacno
11:45 ferengista| nego 8 maja
11:45 playahater| aha ..
11:45 ferengista| krstimo vuka
11:45 ferengista| to je nedelja
11:45 ferengista| pre podne
11:45 ferengista| pa isplaniraj
11:45 ferengista| da obavezno OBAVEZNO
11:46 playahater| dogovoreno ..
11:46 ferengista| javi se za vikend
11:46 ferengista| jel znas nekog
11:46 ferengista| u EUNETU
11:46 playahater| notirao sam .. nema kix ..
11:46 ferengista| bitno mi je
11:46 playahater| hmmm .. mogu da pitam .. imam jednog druga koji je radio tamo .. 
11:46 ferengista| imaju dobar oglas za HR
11:47 ferengista| ajde OBAVEZNO
11:47 playahater| ade .. pustitju mu mail danas .. pa ti javljam ..
11:47 ferengista| :NEMOJ DA ZABORAVIS
11:47 playahater| treba 'nam' prodja za razgovor za poso ?
11:47 ferengista| ma TREABA MI POSAO
11:48 ferengista| vamo katastrofa
11:48 playahater| pa to je to
11:48 ferengista| juce dali platu za februar
11:48 playahater| auuu .. bambucha ..
11:48 ferengista| strasno
11:48 ferengista| i to bednu platu
11:48 playahater| zlo .. ae iscimatju ovog druga .. ako moz nadjemo neku kombinaciju ..
11:49 ferengista| ajde bas je bitno
11:49 playahater| on vetj godinu dana ne radi tamo .. ali mozda ima neki kontakt vishka ..
11:49 ferengista| javi se OBAVEZNO za vikend
11:49 playahater| dogovoreno ..
11:49 ferengista| mozemo da se prosetamo negde
11:49 playahater| cimam za kafu ..
11:49 ferengista| mh
11:49 playahater| moze .. to sam i planirao ..
11:49 ferengista| ć
11:50 playahater| tj
11:50 playahater| :)
--- Log closed Wed Apr 20 11:55:41 2011
--- Log opened Wed Apr 20 12:08:41 2011
12:08 Closing query with ferengista
--- Log closed Wed Apr 20 12:08:41 2011
--- Log opened Wed Apr 27 11:03:03 2011
11:03 Starting query in Bitlbee with ferengista
11:03 ferengista| eeeeeeeeheeeeej.......
11:03 ferengista| super da smo se videli za vikend
--- Log closed Wed Apr 27 11:08:35 2011
--- Log opened Wed Apr 27 11:14:25 2011
11:14 playahater| joooooooojjj ..
11:14 playahater| :(
11:14 playahater| libero sam od sutra do ponedeljka .. gledamo se do graja nedelje sigurno ..
11:14 playahater| ;)
11:15 Closing query with ferengista
--- Log closed Wed Apr 27 11:15:00 2011
--- Log opened Wed Apr 27 11:22:59 2011
11:22 Starting query in Bitlbee with ferengista
11:22 ferengista| ahhhhhhaaaaaaaaaa vazi
11:23 ferengista| B-)
--- Log closed Wed Apr 27 11:28:35 2011
--- Log opened Wed Apr 27 11:40:50 2011
11:40          <-- ferengista has quit irc
--- Log closed Wed Apr 27 11:46:35 2011
--- Log opened Wed Apr 27 11:53:32 2011
11:53          <-- ferengista has quit irc
--- Log closed Wed Apr 27 11:58:35 2011
--- Log opened Wed Apr 27 12:31:30 2011
12:31 Closing query with ferengista
--- Log closed Wed Apr 27 12:31:30 2011
