--- Log opened Mon Apr 26 18:27:35 2010
18:27 Starting query in Bitlbee with gemidjy
18:27 gemidjy| ехеј
18:27 gemidjy| :)
18:27 gemidjy| само brief question
18:27 gemidjy| што је blog.gemidjy.me down? нешто код вас или дримхост пао
--- Log closed Mon Apr 26 18:33:31 2010
--- Log opened Mon Apr 26 18:41:45 2010
18:41 playahater| dreamhost puko
18:41 playahater| nije do nas
18:41 playahater| :)
18:41 Closing query with gemidjy
--- Log closed Mon Apr 26 18:41:58 2010
--- Log opened Thu Jan 20 00:15:56 2011
00:15 Starting query in Bitlbee with gemidjy
00:16 Closing query with gemidjy
--- Log closed Thu Jan 20 00:16:34 2011
--- Log opened Sun Apr 03 17:07:09 2011
17:07 Starting query in Bitlbee with gemidjy
17:07 gemidjy| yo
17:07 gemidjy| maderfakersi
17:07 gemidjy| ја за београд долазим 70%
--- Log closed Sun Apr 03 17:13:46 2011
--- Log opened Sun Apr 03 17:27:29 2011
17:27 gemidjy| jel che biti to tako?
17:27 gemidjy| i kako je organizovan smeshtaj
--- Log closed Sun Apr 03 17:32:46 2011
--- Log opened Sun Apr 03 21:43:44 2011
21:43 playahater| ehej .. de si bre .. idi u kurac .. :) ..
21:43 playahater| mi doshli s razmene ..
21:43 playahater| :)
21:44 playahater| upravo vecheravamo neshto .. ;)
21:44 playahater| uglavnom .. za smeshtaj se ne sikiraj ..
21:44 playahater| dodji obavezno da izgikujemo kako treba
21:48 gemidjy| planiram
21:48 gemidjy| :)
21:49 playahater| nemoj planirash .. nego dolazi 
21:50 gemidjy| :) dolazim ok
21:50 playahater| e .. a mi planiramo 51% ohrid ..
21:50 playahater| :)
21:51 playahater| moz se desi da se potrpamo nas cetvorica u auto i da dodjemo za vikend ..
21:52 gemidjy| pa to je tek kraja maja, za tada pricas?
21:52 playahater| da .. 
21:52 playahater| pominjem samo ..
21:53 gemidjy| pa dodzite, shta da ne, bice puno ljudi
21:53 playahater| skrecem paznju
21:53 playahater| :)
21:53 gemidjy| top!
21:53 gemidjy| pajserana
21:53 gemidjy| :D:D
21:53 gemidjy| epa ok onda, cujemo se narednu nedelju i tako, vidimo se 
21:53 gemidjy| looking forward
21:54 playahater| ajde .. ajde .. nishani beograd .. a mi nishanimo ohrid ..
21:54 playahater| ;)
21:54 gemidjy| deal :)
21:54 gemidjy| pozz
21:54 playahater| poz ..
21:54 playahater| :)
21:55 Closing query with gemidjy
--- Log closed Sun Apr 03 21:55:10 2011
