--- Log opened Mon Jan 10 16:21:19 2011
16:21 Starting query in Bitlbee with ivanmladenovic_
16:21 ivanmladenovic_| ako imas koji minut da te pitam nesto? :)
16:21 ivanmladenovic_| filefield_widget.inc
16:21 ivanmladenovic_| funkcija:
16:21 ivanmladenovic_| function filefield_widget_process($element, $edit, &$form_state, $form) {
16:22 ivanmladenovic_| redovi: 
16:22 ivanmladenovic_|  /*   '#ahah' => array( // with JavaScript
16:22 ivanmladenovic_|        'path' => 'filefield/ahah/'.   $element['#type_name'] .'/'. $element['#field_name'] .'/'. $element['#delta'],
16:22 ivanmladenovic_|        'wrapper' => $element['#id'] .'-ahah-wrapper',
16:22 ivanmladenovic_|        'method' => 'replace',
16:22 ivanmladenovic_|        'effect' => 'fade',
16:22 ivanmladenovic_|     ),*/
16:22 ivanmladenovic_| kada ga hardcode-ujem
16:23 ivanmladenovic_| tj iz ovog fajla filefield_widget.inc iskomentarisem 
16:23 ivanmladenovic_| sve mi radi kako treba
16:23 ivanmladenovic_| pitanje
16:23 ivanmladenovic_| mogu li nekako iz template-a ili custom modula da overide-jem taj deo
16:24 ivanmladenovic_| valjda me razumes :)
--- Log closed Mon Jan 10 16:29:50 2011
--- Log opened Mon Jan 10 16:47:35 2011
16:47 playahater| e yo ..
16:47 ivanmladenovic_| yo
16:48 playahater| koji je to modul?
16:48 ivanmladenovic_| filefield
16:48 playahater| filefiled widget
16:48 playahater| ql ..
16:48 playahater| chek ..
16:48 ivanmladenovic_| http://drupal.org/project/filefield
16:49 playahater| pazi .. 
16:50 playahater| definitivno mozesh iz svog modula (custom) da override-ujesh tu funkciju ..
16:50 playahater| iz template-a ne moze .. :)
16:50 ivanmladenovic_| da je celu iskopiram
16:50 playahater| ali ..
16:50 playahater| treba da ispratish logiku .. 
16:50 playahater| da ne otvaram sad modul da gledam ..
16:50 playahater| uglavnom ..
16:50 ivanmladenovic_| function custom_widget_process  ?
16:51 ivanmladenovic_| ma naravno
16:51 playahater| ideja je da ta f-ja mora da ima sve podatke u tvom modulu da bi radio ..
16:51 playahater| mis`im .. logichno ..
16:51 playahater| kontam da bi trebalo formu isto da iskopirash ..
16:51 playahater| uglavnom .. probaj .. 
16:51 playahater| moze ..
16:51 playahater| proraditje ti sigurno u jednom ternutku
16:51 playahater| :)
16:51 playahater| ako ne i pre
16:51 playahater| :)
16:51 ivanmladenovic_| znaci sve kopiram, i ovo verovatno moram da unsetujem?
16:52 ivanmladenovic_| fala ciko
16:52 ivanmladenovic_| cu probam :)
16:52 playahater| a .. ime ti je .. <my_module>_filefield_widget_process($element, $edit, &$form_state, $form)
16:52 playahater| ae .. pa se pofali kad ti uspe .. :)
16:52 Closing query with ivanmladenovic_
--- Log closed Mon Jan 10 16:52:45 2011
--- Log opened Mon Jan 10 16:53:14 2011
16:53 Starting query in Bitlbee with ivanmladenovic_
16:53 ivanmladenovic_| ocu ocu
16:53 playahater| :)
16:53 ivanmladenovic_| hvala ti 
16:53 playahater| .. i drugi put ..  ;)
16:53 ivanmladenovic_| da si ziv i zdrav ovih dana a i narednih ;)
16:53 playahater| hehe
16:53 ivanmladenovic_| godina
16:53 ivanmladenovic_| :D
16:53 playahater| :D
16:57 Closing query with ivanmladenovic_
--- Log closed Mon Jan 10 16:57:04 2011
