--- Log opened Sat Jun 26 06:45:18 2010
06:45 Starting query in Bitlbee with IvanRistic
06:45 IvanRistic| mota se upravo
06:45 IvanRistic| hehehe
06:48          <-- IvanRistic has quit irc
--- Log closed Sat Jun 26 06:54:26 2010
--- Log opened Sat Jun 26 06:57:06 2010
06:57          <-- IvanRistic has quit irc
--- Log closed Sat Jun 26 07:02:26 2010
--- Log opened Sat Jun 26 10:05:21 2010
10:05          <-- IvanRistic has quit irc
--- Log closed Sat Jun 26 10:10:26 2010
--- Log opened Sat Jun 26 10:12:51 2010
10:12          <-- IvanRistic has quit irc
--- Log closed Sat Jun 26 10:18:26 2010
--- Log opened Sat Jun 26 10:23:21 2010
10:23          <-- IvanRistic has quit irc
10:26          <-- IvanRistic has quit irc
10:29          <-- IvanRistic has quit irc
10:33          <-- IvanRistic has quit irc
--- Log closed Sat Jun 26 10:39:26 2010
--- Log opened Sat Jun 26 10:45:06 2010
10:45          <-- IvanRistic has quit irc
10:48          <-- IvanRistic has quit irc
--- Log closed Sat Jun 26 10:54:26 2010
--- Log opened Sat Jun 26 10:59:21 2010
10:59          <-- IvanRistic has quit irc
--- Log closed Sat Jun 26 11:04:26 2010
--- Log opened Sat Jun 26 11:18:51 2010
11:18          <-- IvanRistic has quit irc
11:21          <-- IvanRistic has quit irc
11:26          <-- IvanRistic has quit irc
--- Log closed Sat Jun 26 11:31:26 2010
--- Log opened Sat Jun 26 11:43:37 2010
11:43          <-- IvanRistic has quit irc
--- Log closed Sat Jun 26 11:49:26 2010
--- Log opened Sat Jun 26 11:50:22 2010
11:50          <-- IvanRistic has quit irc
11:53          <-- IvanRistic has quit irc
--- Log closed Sat Jun 26 11:58:26 2010
--- Log opened Sat Jun 26 12:00:07 2010
12:00          <-- IvanRistic has quit irc
--- Log closed Sat Jun 26 12:05:26 2010
--- Log opened Sat Jun 26 13:11:56 2010
13:11 Closing query with IvanRistic
--- Log closed Sat Jun 26 13:11:56 2010
--- Log opened Tue Nov 16 11:46:46 2010
11:46 Starting query in Bitlbee with IvanRistic
11:46 IvanRistic| damn
11:46 IvanRistic| :)
11:46 IvanRistic| imas neke repa na poker
11:47 IvanRistic| malo na zajam
11:49          <-- IvanRistic has quit irc
--- Log closed Tue Nov 16 11:54:57 2010
--- Log opened Tue Nov 16 14:22:04 2010
14:22 Closing query with IvanRistic
--- Log closed Tue Nov 16 14:22:04 2010
