--- Log opened Sat Feb 05 22:34:18 2011
22:34 Starting query in Bitlbee with ivan
22:34 playahater| push :)
22:34 Closing query with ivan
--- Log closed Sat Feb 05 22:34:23 2011
--- Log opened Sat Feb 05 22:35:03 2011
22:35 Starting query in Bitlbee with ivan
22:35 ivan| <FONT>pushed</FONT>
22:35 Closing query with ivan
--- Log closed Sat Feb 05 22:35:22 2011
--- Log opened Tue Feb 08 17:19:40 2011
17:19 Starting query in Bitlbee with ivan
17:19 playahater| push .. :)
17:19 ivan| <FONT>k</FONT>
17:20          <-- ivan has quit irc
--- Log closed Tue Feb 08 17:26:26 2011
--- Log opened Tue Feb 08 17:31:39 2011
17:31 Closing query with ivan
--- Log closed Tue Feb 08 17:31:39 2011
--- Log opened Tue Feb 08 17:50:41 2011
17:50 Starting query in Bitlbee with ivan
17:50 playahater| push .. :) ..
17:50 Closing query with ivan
--- Log closed Tue Feb 08 17:50:47 2011
--- Log opened Wed Feb 09 11:39:10 2011
11:39 Starting query in Bitlbee with ivan
11:39 playahater| jel gotov import? :)
11:39 Closing query with ivan
--- Log closed Wed Feb 09 11:39:17 2011
--- Log opened Wed Feb 09 11:39:29 2011
11:39 Starting query in Bitlbee with ivan
11:39 ivan| <FONT>ne jos :(</FONT>
11:39 playahater| k
--- Log closed Wed Feb 09 11:44:46 2011
--- Log opened Wed Feb 09 12:01:08 2011
12:01          <-- ivan has quit irc
12:01 Closing query with ivan
--- Log closed Wed Feb 09 12:01:10 2011
--- Log opened Wed Feb 09 12:19:28 2011
12:19 Starting query in Bitlbee with ivan
12:19 ivan| <FONT>zavrsen import</FONT>
12:20 playahater| ok .. 10x ..
12:25 Closing query with ivan
--- Log closed Wed Feb 09 12:25:04 2011
--- Log opened Thu Feb 10 16:43:24 2011
16:43 Starting query in Bitlbee with ivan
16:43 playahater| http://drupal.org/node/32109
--- Log closed Thu Feb 10 16:48:54 2011
--- Log opened Thu Feb 10 17:05:47 2011
17:05 Closing query with ivan
--- Log closed Thu Feb 10 17:05:47 2011
--- Log opened Sun Feb 20 12:49:55 2011
12:49 Starting query in Bitlbee with ivan
12:49 playahater| http://2bits.com/articles/measuring-memory-consumption-by-drupal-bootstrap-and-modules.html
--- Log closed Sun Feb 20 12:55:27 2011
--- Log opened Sun Feb 20 12:55:46 2011
12:55          <-- ivan has quit irc
--- Log closed Sun Feb 20 13:01:27 2011
--- Log opened Sun Feb 20 13:05:53 2011
13:05          <-- ivan has quit irc
--- Log closed Sun Feb 20 13:11:27 2011
--- Log opened Sun Feb 20 13:15:50 2011
13:15          <-- ivan has quit irc
--- Log closed Sun Feb 20 13:21:27 2011
--- Log opened Sun Feb 20 13:29:09 2011
13:29          <-- ivan has quit irc
13:33          <-- ivan has quit irc
--- Log closed Sun Feb 20 13:39:27 2011
--- Log opened Sun Feb 20 13:42:57 2011
13:42          <-- ivan has quit irc
13:44          <-- ivan has quit irc
--- Log closed Sun Feb 20 13:50:27 2011
--- Log opened Sun Feb 20 14:23:43 2011
14:23 playahater| http://janaksingh.com/blog/varnish-cache-memory-hitrate-bandwidth-optimisation-drupal-pressflow-143
14:28 playahater| http://www.stewsnooze.com/content/what-stopping-varnish-and-drupal-pressflow-caching-anonymous-users-page-views
--- Log closed Sun Feb 20 14:33:27 2011
--- Log opened Sun Feb 20 14:35:08 2011
14:35          <-- ivan has quit irc
--- Log closed Sun Feb 20 14:40:27 2011
--- Log opened Sun Feb 20 15:18:15 2011
15:18 playahater| koji je admin pass na m3com.com.sa 
15:18 ivan| <FONT>molerova25AD1wanee</FONT>
15:18 playahater| ql .. 10x
--- Log closed Sun Feb 20 15:24:27 2011
--- Log opened Sun Feb 20 16:11:37 2011
16:11 Closing query with ivan
--- Log closed Sun Feb 20 16:11:37 2011
--- Log opened Sun Feb 20 17:11:55 2011
17:11 Starting query in Bitlbee with ivan
17:11 playahater| http://www.morningtime.com/Drupal-6x-Performance-Guide/513
17:11 Closing query with ivan
--- Log closed Sun Feb 20 17:11:58 2011
--- Log opened Sun Feb 20 17:12:32 2011
17:12 Starting query in Bitlbee with ivan
17:12 ivan| <FONT>da znam za to to smo uzeli settings-e</FONT>
17:12 ivan| <FONT>http://www.agileapproach.com/blog-entry/advanced-varnish-configuration-pressflow-0</FONT>
--- Log closed Sun Feb 20 17:18:27 2011
--- Log opened Sun Feb 20 17:29:07 2011
17:29 ivan| <FONT><a href="http://www.journeymm.com/blogs/drupal/drupal-loginlogout-caching-problem" title="http://www.journeymm.com/blogs/drupal/drupal-loginlogout-caching-problem">http://www.journeymm.com/blogs/drupal/drupal-loginlogout-caching-problem</a></FONT>
17:29 ivan| <FONT>za svaki slucaj ako nismo vec probali</FONT>
17:31 playahater| probao sam to ali je bilo bez uspeha ..
17:32 playahater| mogu opet da setujem pada probamo, obzirom da nam varnish sad radi ..
17:36          <-- ivan has quit irc
--- Log closed Sun Feb 20 17:41:27 2011
--- Log opened Sun Feb 20 17:55:13 2011
17:55          <-- ivan has quit irc
--- Log closed Sun Feb 20 18:00:27 2011
--- Log opened Sun Feb 20 18:17:12 2011
18:17 Closing query with ivan
--- Log closed Sun Feb 20 18:17:12 2011
--- Log opened Sun Feb 20 19:00:10 2011
19:00 Starting query in Bitlbee with ivan
19:00 playahater| http://drupal.org/node/197786#comment-2219028
--- Log closed Sun Feb 20 19:05:27 2011
--- Log opened Sun Feb 20 20:47:09 2011
20:47 Closing query with ivan
--- Log closed Sun Feb 20 20:47:09 2011
--- Log opened Wed Mar 02 18:20:38 2011
18:20 Starting query in Bitlbee with ivan
18:20 playahater| http://www.geckoboard.com/
18:20 Closing query with ivan
--- Log closed Wed Mar 02 18:20:40 2011
--- Log opened Wed Mar 02 18:20:56 2011
18:20 Starting query in Bitlbee with ivan
18:20 ivan| <FONT>znam za to extar je</FONT>
18:21 ivan| <FONT>mozemo imi u crm sa dashboard module i blockove :)</FONT>
--- Log closed Wed Mar 02 18:26:51 2011
--- Log opened Wed Mar 02 18:47:27 2011
18:47 playahater| http://drupal.org/node/181057
--- Log closed Wed Mar 02 18:52:51 2011
--- Log opened Thu Mar 03 01:50:39 2011
01:50          <-- ivan has quit irc
--- Log closed Thu Mar 03 01:56:01 2011
--- Log opened Thu Mar 03 02:33:01 2011
02:33          <-- ivan has quit irc
--- Log closed Thu Mar 03 02:38:01 2011
--- Log opened Thu Mar 03 09:23:18 2011
09:23 Closing query with ivan
--- Log closed Thu Mar 03 09:23:18 2011
--- Log opened Thu Mar 17 20:52:31 2011
20:52 Starting query in Bitlbee with ivan
20:52 playahater| http://docs.moodle.org/en/Installation_FAQ
--- Log closed Thu Mar 17 20:58:07 2011
--- Log opened Thu Mar 17 21:26:45 2011
21:26 Closing query with ivan
--- Log closed Thu Mar 17 21:26:45 2011
--- Log opened Fri Mar 18 12:19:25 2011
12:19 Starting query in Bitlbee with ivan
12:19 playahater| sites/default/files/imagefield_default_images/er3_0.jpg
12:24 Closing query with ivan
--- Log closed Fri Mar 18 12:24:42 2011
--- Log opened Thu Mar 31 12:40:00 2011
12:40 Starting query in Bitlbee with ivan
12:40 ivan| <FONT>WD php: Warning: curl_setopt() expects parameter 2 to be long, string given in shorten_fetch() (line 518 of                 [error]<BR>/var/www/html/sites/all/modules/shorten/shorten.module).</FONT>
--- Log closed Thu Mar 31 12:45:43 2011
--- Log opened Thu Mar 31 15:14:26 2011
15:14          <-- ivan has quit irc
--- Log closed Thu Mar 31 15:19:43 2011
--- Log opened Wed Apr 06 20:47:57 2011
20:47 Starting query in Bitlbee with ivan
20:48 playahater| ivane .. proverio sam registraciju .. i sad je ok .. radi ..
20:48 playahater| ali nam se javljaju bele strane na sajtu ..
20:48 playahater| jel mozes da restartujesh memcache ?
20:48 playahater| mislim da je opet on zaboo
20:48 playahater| :\
20:51 ivan| <FONT>ok</FONT>
20:53          <-- ivan has quit irc
--- Log closed Wed Apr 06 20:58:30 2011
--- Log opened Wed Apr 06 21:17:59 2011
21:17 Closing query with ivan
--- Log closed Wed Apr 06 21:17:59 2011
--- Log opened Fri Apr 08 15:51:49 2011
15:51 Starting query in Bitlbee with ivan
15:51 playahater| probao sam cfm .. i jedva radi na lokalu .. 
15:52 ivan| [resent] <FONT>shit :(</FONT>
15:52 ivan| <FONT>shit</FONT>
15:52 playahater| mozemo da probamo live .. ali ako se ovako ponasha .. nash views je mnogo bolje reshenje ..
15:52 playahater| prvi utisak ne obecava .. :\
--- Log closed Fri Apr 08 15:58:24 2011
--- Log opened Fri Apr 08 16:22:44 2011
16:22 Closing query with ivan
--- Log closed Fri Apr 08 16:22:44 2011
--- Log opened Tue Apr 12 16:38:03 2011
16:38 Starting query in Bitlbee with ivan
16:38 playahater| poz ivane .. samo da chekiram kad od prilike planiramo push na master ..
16:39 playahater| nema zurbe .. samo informacija .. :) ..
16:41 playahater| i jel se pushuje i crm danas ili ne .. bio je jedan fix oko printanja username-a
16:43 playahater| uglavnom, sve je spemno na masteru .. 
16:43 playahater| :)
16:43 Closing query with ivan
--- Log closed Tue Apr 12 16:43:22 2011
--- Log opened Wed Apr 13 16:39:24 2011
16:39 Starting query in Bitlbee with ivan
16:39 playahater| ivane .. master je ready za push ..
16:39 playahater| mozemo shto se nas tiche ..
16:39 playahater| :)
16:39 Closing query with ivan
--- Log closed Wed Apr 13 16:39:40 2011
--- Log opened Wed Apr 13 16:46:04 2011
16:46 Starting query in Bitlbee with ivan
16:46 ivan| ok
16:46 ivan| ok pushovano je
16:48 playahater| ok .. chekiramo .. 10x .. :)
16:48 ivan| k javite kako ide
16:49 playahater| ok ..
--- Log closed Wed Apr 13 16:54:30 2011
--- Log opened Wed Apr 13 17:43:25 2011
17:43 Closing query with ivan
--- Log closed Wed Apr 13 17:43:25 2011
--- Log opened Wed Apr 20 12:10:19 2011
12:10 Starting query in Bitlbee with ivan
12:10 Closing query with ivan
--- Log closed Wed Apr 20 12:10:23 2011
--- Log opened Wed Apr 20 13:41:17 2011
13:41 Starting query in Bitlbee with ivan
13:41 playahater| ivane, moze push na master
13:41 ivan| k
13:41 playahater| komitovao sam stariju verziju augmented flash-a
13:41 playahater| ql .. 10x .. :)
13:41 Closing query with ivan
--- Log closed Wed Apr 20 13:41:55 2011
--- Log opened Wed Apr 20 13:42:32 2011
13:42 Starting query in Bitlbee with ivan
13:42 ivan| pushovano
13:42 playahater| ql .. 10x ..
--- Log closed Wed Apr 20 13:48:41 2011
--- Log opened Wed Apr 20 14:14:42 2011
14:14 Closing query with ivan
--- Log closed Wed Apr 20 14:14:42 2011
--- Log opened Wed Apr 20 15:48:21 2011
15:48 Starting query in Bitlbee with ivan
15:48 ivan| done
15:49 playahater| ql .. 10x
--- Log closed Wed Apr 20 15:54:41 2011
--- Log opened Wed Apr 20 16:12:51 2011
16:12 Closing query with ivan
--- Log closed Wed Apr 20 16:12:51 2011
--- Log opened Wed Apr 20 17:51:58 2011
17:51 Starting query in Bitlbee with ivan
17:52 playahater| ivane .. moze master :)
17:52 ivan| ok
17:52 ivan| pushed and synced
17:53 playahater| nice ..
17:53 playahater| :)
17:53          <-- ivan has quit irc
--- Log closed Wed Apr 20 17:59:41 2011
--- Log opened Wed Apr 20 18:26:16 2011
18:26 Closing query with ivan
--- Log closed Wed Apr 20 18:26:16 2011
