--- Log opened Thu Mar 18 21:20:01 2010
21:20 Starting query in Bitlbee with IvanStojkovic
21:20 IvanStojkovic| ola
21:21 IvanStojkovic| evo ti pare da ne kukas
21:22 IvanStojkovic| aj sad, udri
21:23 IvanStojkovic| aj, gasim se
21:23 IvanStojkovic| ok
21:24          <-- IvanStojkovic has quit irc
21:28 Closing query with IvanStojkovic
--- Log closed Thu Mar 18 21:28:41 2010
--- Log opened Sun Jun 27 21:13:39 2010
21:13 Starting query in Bitlbee with IvanStojkovic
21:13 playahater| .. i .. shta tje biti .. :) ..
21:13 Closing query with IvanStojkovic
--- Log closed Sun Jun 27 21:13:44 2010
--- Log opened Sun Jun 27 21:31:00 2010
21:31 Starting query in Bitlbee with IvanStojkovic
21:31 IvanStojkovic| e, si ziv
21:32 playahater| mrdam ..
21:32 playahater| arg - mex u toku .. :) ..
21:33 playahater| ti?
21:33 IvanStojkovic| vido 2 0
21:33 playahater| muchenici
21:33 playahater| :)
21:33 IvanStojkovic| bleja, istekla mi reg. pa ne radim
21:33 playahater| ne seri .. 
21:34 IvanStojkovic| a i crkla mi pumpa za benc
21:34 playahater| ja cimnuo pedju .. reko da navrnete u pauzi ..
21:34 IvanStojkovic| mame mi
21:34 IvanStojkovic| jbg
21:34 playahater| bedak ..
21:35 playahater| sad si na odmoru .. :)
21:36 playahater| nek tek pokupi pedja .. pa dodjite zajedno ako se on reshi .. :) ..
21:36 playahater| na kaficu .. :)
21:40 IvanStojkovic| necu, malo da budem u toplom porodicnom gnezdu
21:43          <-- IvanStojkovic has quit irc
--- Log closed Sun Jun 27 21:49:10 2010
--- Log opened Sun Jun 27 22:08:18 2010
22:08          <-- IvanStojkovic has quit irc
--- Log closed Sun Jun 27 22:14:10 2010
--- Log opened Sun Jun 27 23:09:31 2010
23:09 Closing query with IvanStojkovic
--- Log closed Sun Jun 27 23:09:31 2010
--- Log opened Tue Feb 15 21:00:17 2011
21:00 Starting query in Bitlbee with IvanStojkovic
21:00 IvanStojkovic| boo
--- Log closed Tue Feb 15 21:05:39 2011
--- Log opened Tue Feb 15 21:09:57 2011
21:09          <-- IvanStojkovic has quit irc
--- Log closed Tue Feb 15 21:15:39 2011
--- Log opened Fri Apr 29 11:35:54 2011
11:35 Starting query in Bitlbee with IvanStojkovic
11:35 playahater| drugarstvo ..
11:36 IvanStojkovic| e
11:36 playahater| :)
11:36 playahater| sha ima ..
11:36 IvanStojkovic| bleja, kuci sam
11:36 playahater| reko da se druzimo neki dan .. ako imash vremena ..
11:36 playahater| ne zezaj .. ler,a?
11:36 playahater| :)
11:37 IvanStojkovic| ajde, kad si gajbi veceras
11:37 IvanStojkovic| ?
11:39 playahater| pa do jedanestice sigurno .. 
11:39 playahater| bio neki plan da skochimo do grada ..
11:39 playahater| mada mislim da od toga nema nishta ..
11:40 playahater| tako da vrlo lako moz se desi da sam doma .. ler .. :) ..
11:40 IvanStojkovic| pa da se cujemo fonom
11:40 playahater| pa narafski ..
11:40 playahater| :)
11:40 IvanStojkovic| aj
11:40 playahater| aj
11:40 playahater| :)
11:40 Closing query with IvanStojkovic
--- Log closed Fri Apr 29 11:40:51 2011
--- Log opened Fri Apr 29 11:41:08 2011
11:41 Starting query in Bitlbee with IvanStojkovic
11:41 IvanStojkovic| :)
11:41 Closing query with IvanStojkovic
--- Log closed Fri Apr 29 11:41:46 2011
