--- Log opened Mon Apr 26 11:14:56 2010
11:14 Starting query in Bitlbee with IvanGrujic
11:14 IvanGrujic| krle si cuo za maturu
11:16          <-- IvanGrujic has quit irc
--- Log closed Mon Apr 26 11:21:31 2010
--- Log opened Mon Apr 26 11:35:58 2010
11:35 Closing query with IvanGrujic
--- Log closed Mon Apr 26 11:35:58 2010
--- Log opened Thu Apr 29 20:16:04 2010
20:16 Starting query in Bitlbee with IvanGrujic
20:16 IvanGrujic| e jel jelena jovanovic zna za maturu
20:16 playahater| mislim da zna ..
20:16 playahater| ali je trudna pa je upitno da li tje dotji ..
20:16 IvanGrujic| e jel jelena jovanovic zna za maturu
20:16 IvanGrujic| e jel jelena jovanovic zna za maturu
20:16 playahater| ja tju biti u beogradu sve vreme .. 
20:17 IvanGrujic| ok
20:17 playahater| jel znash mozda kako da prosledim kesh mitji ??
20:17 IvanGrujic| a miltonov mob imas
20:17 playahater| jel ima neka razradjena shema ili da ga kontaktiram
20:18 playahater| 063/7234186 <= milton
20:18 IvanGrujic| mozemo vanji da saljnemo postom
20:18 playahater| aha .. ok .. ql ..
20:18 Closing query with IvanGrujic
--- Log closed Thu Apr 29 20:18:53 2010
--- Log opened Thu Apr 29 20:19:34 2010
20:19 Starting query in Bitlbee with IvanGrujic
20:19 IvanGrujic| cucemo se posle 1 maja pa ce se dogovorimo
20:19          <-- IvanGrujic has quit irc
20:20 Closing query with IvanGrujic
--- Log closed Thu Apr 29 20:20:25 2010
--- Log opened Wed May 05 14:12:43 2010
14:12 Starting query in Bitlbee with IvanGrujic
14:12 IvanGrujic| e sta cemo za pare za maturu
14:12 IvanGrujic| ja mozda sutra idem za zajecar
14:14 playahater| e .. ja .. pravo da ti kazem .. chuo sam mnogo loshe stvari o toj maturi ..
14:14 IvanGrujic| sto
14:14 IvanGrujic| sta je bilo
14:16 playahater| pa za pochetak .. ima 60-70 mesta ukupno koliko sam chuo ..
14:16 playahater| odustali su da zovu ljude jer netje biti mesta
14:16 playahater| uzeli su vishe od pola para za sebe (to mi nije problem da je organizacija ok)
14:16 playahater| pola chetvrtog odeljenja netje dotji
14:17 playahater| mitja digo ruke od organizacije ..
14:17 playahater| sad su pana i vlada glavni ..
14:17 playahater| .. pana .. :)
14:17 IvanGrujic| vlada aleksic
14:17 playahater| mladenovic
14:18 IvanGrujic| o bre kakva organizacija
14:18 IvanGrujic| nemam pojma
14:18 IvanGrujic| videcu ja u zajecar kad odem kako to stoje stvari
14:19 IvanGrujic| pa el ide vlada aleksic
14:19 playahater| pa prostor-muzika-ljudi-pare .. ta organizacija
14:19 playahater| ne ide vlada aleksic ..
14:19 playahater| ko ni pola njegovog odeljenja
14:19 IvanGrujic| bas bezveze
14:19 playahater| pa skroz ..
14:20 playahater| ja bi ga bolje organizovao odavde ..
14:20 playahater| pazi ..
14:20 IvanGrujic| videcu sa vanjom ko od nasih dolazi
14:20 IvanGrujic| mada se to do zadnjeg trenutka nece znati
14:20 IvanGrujic| ocigledno
14:20 playahater| oni su nashli prostor .. sa ogrnichenim brojem ljudi .. najavili kolko kesha tje da koshta .. i kad su popunili mesta .. jednostavno prestali da zovu ljude
14:21 playahater| pritom pola kesha ide njima u dzep ..
14:21 playahater| niko nije kontaktirao gimnaziju ..
14:21 playahater| muzika .. mislim da je i ona pod znakom pitanja ..
14:22 playahater| drugim rechima .. organizacija se vrti oko lichne koristi a ne oko samog okupljanja ..
14:22 IvanGrujic| ce slusamo radio
14:22 IvanGrujic| hahaha
14:22 playahater| ne stojim iza svega toga 100% .. jer je i meni ta informacija preneshena ..
14:23 playahater| .. ali .. obzirom da pola vladinog odeljenja ne ide .. i mitja se povlachi iz organizacije .. 
14:23 IvanGrujic| ja mislim da su i ovi prosle godine u konjickom bili
14:23 playahater| ne bi bilo loshe ako bi mogo da proverish sve te informacije .. da vidish ko sve dolazi tamo .. pa da razmotrimo ..
14:24 playahater| pare mozemo lako da dostavimo poshtom u zavichaj .. to je najmanji problem ..
14:24 playahater| ja sam za da idem .. naravno .. ali ne po svaku cenu .. :)
14:25 IvanGrujic| ajde videcu sa vanjom i ivcom sta je to ispalo 
14:25 playahater| proveri .. pa javi .. :) ..
14:25 IvanGrujic| na kraju ce 4-1 da bude najbrojnije
14:26 playahater| pa da .. peto i chetvrto odeljenje skoro nishta ..
14:26 playahater| nashe .. dobro ako izvuchemo pola .. :)
14:26 IvanGrujic| pa i nase je jedva bilo 24 coveka
14:27 IvanGrujic| ne znam videcu pa cu javiti
14:27 IvanGrujic| mada ne verujem ni da vanja sve to zna
14:28 IvanGrujic| jedino ivca ako je upuceniji
14:28 playahater| verujem da niko to od njih ne zna .. jer je to informacija direktno od "organizatora" ..
14:29 playahater| pana se izleteo pa procurilo .. :)
14:30 playahater| treba videti koliko ljudi je potvrdilo dolazak .. nishta vishe ..
14:30 IvanGrujic| bezveze...
14:30 IvanGrujic| upitacu i ovu tamaru cvetkovic
14:30 IvanGrujic| da vidimo zna li ona nesto
14:31 playahater| nemoj samo da ispadne da ja sabotiram .. :)
14:31 playahater| ja samo prenosim shta sam chuo
14:31 playahater| :)
14:31 IvanGrujic| i miticku da vidim kako je kod njih u odeljenju
14:31 IvanGrujic| pa tako je nekako ispalo i za onih 5 godina
14:32 IvanGrujic| a zveki i milorad sta kazu
14:32 playahater| njima josh nisam preneo .. 
14:32 playahater| juche sam saznao sa celu stvar ..
14:32 playahater| a punja je u zvezdan
14:33 IvanGrujic| cucemo se ondak posle vikenda
14:33 IvanGrujic| pa cemo videti
14:33 playahater| ako ispadne da je sve ok .. radovan i ja ti shaljemo kesh poshtom .. 
14:33 playahater| jelena netje motji .. jer tje tad biti u 9om mesecu :)
14:34 IvanGrujic| da reko si mi vec
14:34 playahater| aha .. ok .. :)
14:34 IvanGrujic| aj odo cujemo se onda
14:34 playahater| ae .. pa javi ..
14:34 playahater| poz ..
14:34 IvanGrujic| vazi!
14:34 IvanGrujic| pozz
14:34 playahater| mashi dole drugarstvu .. :)
14:34 Closing query with IvanGrujic
--- Log closed Wed May 05 14:34:55 2010
--- Log opened Wed May 05 14:35:02 2010
14:35 Starting query in Bitlbee with IvanGrujic
14:35 IvanGrujic| hehe
14:35 Closing query with IvanGrujic
--- Log closed Wed May 05 14:35:07 2010
--- Log opened Fri May 07 19:17:42 2010
19:17 Starting query in Bitlbee with IvanGrujic
19:17 IvanGrujic| e krle
19:17 IvanGrujic| ne znam sta da ti kazem
19:18 IvanGrujic| vanja mi rece da pare daje mici
19:18 IvanGrujic| ne znam sta je to sa njima ispalo
19:18 IvanGrujic| vanja ivca i ja se dogovorili da idemo
19:19 IvanGrujic| tako da to je to
19:19 IvanGrujic| koliko sam cuo oni su nesto se zakacili sa tamarom i tim drustvom
19:19 IvanGrujic| sad ti i milorad vidite pa javite
--- Log closed Fri May 07 19:25:04 2010
--- Log opened Fri May 07 19:35:45 2010
19:35          <-- IvanGrujic has quit irc
--- Log closed Fri May 07 19:41:04 2010
--- Log opened Sat May 08 16:12:44 2010
16:12 Closing query with IvanGrujic
--- Log closed Sat May 08 16:12:44 2010
--- Log opened Sat May 08 18:51:29 2010
18:51 Starting query in Bitlbee with IvanGrujic
18:51 IvanGrujic| e video sam se sa vanjom
18:51 IvanGrujic| ona kaze da i dalje mica organizuje
18:51 IvanGrujic| vise mi tu nista nije jasno
18:54 IvanGrujic| kao je ispala frka sto iz ekonomske skole placaju 1500 dinara ali bez muzike
18:55 IvanGrujic| ivca vanja i ja se dogovorili da idemo
18:55 IvanGrujic| pa se i vi dogovorite i dojavite
--- Log closed Sat May 08 19:01:04 2010
--- Log opened Sat May 08 19:27:26 2010
19:27          <-- IvanGrujic has quit irc
--- Log closed Sat May 08 19:33:04 2010
--- Log opened Sat May 08 19:50:07 2010
19:50 Closing query with IvanGrujic
--- Log closed Sat May 08 19:50:07 2010
--- Log opened Sun May 09 18:04:58 2010
18:04 Starting query in Bitlbee with IvanGrujic
18:04 IvanGrujic| e isao sam danas da se vidim sa micom on i dalje skuplja pare
18:05 IvanGrujic| oni su se nesto medjusobno u odeljenju podzapali
18:05 IvanGrujic| pa je zato ispalo sranje
18:05 IvanGrujic| ali sta ces
18:05 IvanGrujic| ja sam svejedno danas dao pare za mene
18:06 IvanGrujic| iz naseg su za sada dali 5 ili 6 ljudi tako da vi vidite 
18:09          <-- IvanGrujic has quit irc
--- Log closed Sun May 09 18:15:19 2010
--- Log opened Sun May 09 20:49:55 2010
20:49          <-- IvanGrujic has quit irc
--- Log closed Sun May 09 20:55:19 2010
--- Log opened Sun May 09 21:34:55 2010
21:34          <-- IvanGrujic has quit irc
--- Log closed Sun May 09 21:40:19 2010
--- Log opened Mon May 10 11:13:56 2010
11:13          <-- IvanGrujic has quit irc
--- Log closed Mon May 10 11:19:19 2010
--- Log opened Mon May 10 13:31:32 2010
13:31 Closing query with IvanGrujic
--- Log closed Mon May 10 13:31:32 2010
