--- Log opened Mon Nov 29 17:03:57 2010
17:03 Starting query in Bitlbee with IvicaMilosavljevic_
17:03 IvicaMilosavljevic_| Wanted to See Who Views Your Profile? Now you can!! 100% correct. Check who checks you! http://bit.ly/iag3RE
17:04 Closing query with IvicaMilosavljevic_
--- Log closed Mon Nov 29 17:04:40 2010
--- Log opened Tue Nov 30 16:36:24 2010
16:36 Starting query in Bitlbee with IvicaMilosavljevic_
16:36 IvicaMilosavljevic_| Literary Classics - Free Books Download - Education Library -> http://www.facebook.com/apps/application.php?id=144223615627548
16:37          <-- IvicaMilosavljevic_ has quit irc
16:41 Closing query with IvicaMilosavljevic_
--- Log closed Tue Nov 30 16:41:23 2010
--- Log opened Wed Dec 01 16:49:42 2010
16:49 Starting query in Bitlbee with IvicaMilosavljevic_
16:49 IvicaMilosavljevic_| why Facebook service will no longer be free?!! http://bit.ly/gKVD0N 
16:51 Closing query with IvicaMilosavljevic_
--- Log closed Wed Dec 01 16:51:00 2010
--- Log opened Mon Dec 06 16:42:11 2010
16:42 Starting query in Bitlbee with IvicaMilosavljevic_
16:42 IvicaMilosavljevic_| Hot 22.286 free epub books for ipads and smart gadgets! -> http://on.fb.me/dTyNUj 
16:43          <-- IvicaMilosavljevic_ has quit irc
16:47 IvicaMilosavljevic_| Hot 22.286 free epub books for ipads and smart gadgets! -> http://www.facebook.com/apps/application.php?id=146960448690203
16:49          <-- IvicaMilosavljevic_ has quit irc
--- Log closed Mon Dec 06 16:55:15 2010
--- Log opened Mon Dec 06 16:57:07 2010
16:57 Closing query with IvicaMilosavljevic_
--- Log closed Mon Dec 06 16:57:07 2010
