--- Log opened Thu Dec 02 01:25:51 2010
01:25 Starting query in Bitlbee with IvicaMilosavljevic
01:25 IvicaMilosavljevic| Are you Ipad Lover?? If not Become One! http://on.fb.me/dUg8ma
01:27          <-- IvicaMilosavljevic has quit irc
--- Log closed Thu Dec 02 01:33:10 2010
--- Log opened Thu Dec 02 09:33:10 2010
09:33 Closing query with IvicaMilosavljevic
--- Log closed Thu Dec 02 09:33:10 2010
--- Log opened Thu Dec 02 16:47:59 2010
16:47 Starting query in Bitlbee with IvicaMilosavljevic
16:47 IvicaMilosavljevic| Check who is spying on your profile! http://bit.ly/dRe3te
16:48 Closing query with IvicaMilosavljevic
--- Log closed Thu Dec 02 16:48:19 2010
--- Log opened Fri Apr 01 15:21:56 2011
15:21 Starting query in Bitlbee with ivicamilosavljevic
15:21 ivicamilosavljevic| Šta ti je sa FB profilom
15:22 ivicamilosavljevic| teo koleginici da pokažem tvoju sliku
15:22 ivicamilosavljevic| kad
15:22 ivicamilosavljevic| cvrc
15:26 ivicamilosavljevic| ne znam šta mi bi :-)
15:26 ivicamilosavljevic| ccc
15:26 ivicamilosavljevic| aj pozdrav, pa se vidimo, nadam se uskoro
--- Log closed Fri Apr 01 15:32:22 2011
