--- Log opened Tue Mar 02 15:02:58 2010
15:02 Starting query in Bitlbee with JasminaDiskovic
15:02 JasminaDiskovic| cao
15:03 JasminaDiskovic| sta se radi
15:03 JasminaDiskovic| ?
15:03 JasminaDiskovic| :)
15:08          <-- JasminaDiskovic has quit irc
--- Log closed Tue Mar 02 15:13:41 2010
--- Log opened Tue Mar 02 16:21:44 2010
16:21          <-- JasminaDiskovic has quit irc
16:21 Closing query with JasminaDiskovic
--- Log closed Tue Mar 02 16:21:52 2010
--- Log opened Wed Mar 03 18:24:05 2010
18:24 Starting query in Bitlbee with JasminaDiskovic
18:24 JasminaDiskovic| GDE I KOAKO NAĆI NAJPOVOLJNIJI LAPTOP
--- Log closed Wed Mar 03 18:29:52 2010
--- Log opened Wed Mar 03 18:31:52 2010
18:31 playahater| ne znam
18:31 playahater| :)
18:32 Closing query with JasminaDiskovic
--- Log closed Wed Mar 03 18:32:41 2010
--- Log opened Wed Mar 03 18:33:49 2010
18:33 Starting query in Bitlbee with JasminaDiskovic
18:33 JasminaDiskovic| Ja mislila da ti sve znaš što se tiče kompa :-)
18:38 playahater| .. u softverskom smislu samo .. :) ..
--- Log closed Wed Mar 03 18:43:52 2010
--- Log opened Wed Mar 03 18:45:02 2010
18:45 Closing query with JasminaDiskovic
--- Log closed Wed Mar 03 18:45:02 2010
--- Log opened Wed Mar 24 19:49:47 2010
19:49 Starting query in Bitlbee with JasminaDiskovic
19:49 playahater| dobro veche
19:49 playahater| :)
19:49 Closing query with JasminaDiskovic
--- Log closed Wed Mar 24 19:49:52 2010
--- Log opened Wed Mar 31 14:12:30 2010
14:12 Starting query in Bitlbee with JasminaDiskovic
14:12 JasminaDiskovic| Alo, gde si? I tebi mobilni isključen pa majka ne može da te dozove. Poručila ti je, preko mene, da ideš do nje.
--- Log closed Wed Mar 31 14:18:00 2010
--- Log opened Wed Mar 31 14:29:16 2010
14:29 playahater| ehe ..
14:29 playahater| kako ne moze da me dozove? .. 
14:29 playahater| trebalo bi da mogu da primam pozive ..
14:29 playahater| :/
14:31 JasminaDiskovic| Posle više meseci ne možes ni to. Znam iz ličnog iskustva. Ni ja više ne primam pozive :-)
14:31 playahater| o boze .. 
14:32 playahater| nishta .. odo da platim .. pa do gospodja mame .. :)
14:32 JasminaDiskovic| Tako je :-). Ja sam uzela novi broj, jeftinije je
--- Log closed Wed Mar 31 14:38:00 2010
--- Log opened Wed Mar 31 15:01:26 2010
15:01 Closing query with JasminaDiskovic
--- Log closed Wed Mar 31 15:01:26 2010
--- Log opened Tue Apr 06 13:42:08 2010
13:42 Starting query in Bitlbee with JasminaDiskovic
13:42 JasminaDiskovic| Kažimi kako da skinem neki program za obradu slika. Imala sam ACDSee Pro 3 ali je isteklo vreme gratis. Da li može negde da se krekuje :-). Može i neki drugi.
13:47 playahater| pa jel imash photoshop?
13:47 Closing query with JasminaDiskovic
--- Log closed Tue Apr 06 13:47:11 2010
--- Log opened Tue Apr 06 13:50:31 2010
13:50 Starting query in Bitlbee with JasminaDiskovic
13:50 JasminaDiskovic| Pa nešto sam skinula ali neznam da koristim :-). Ako može nešto lakše :-(
--- Log closed Tue Apr 06 13:56:17 2010
--- Log opened Tue Apr 06 14:04:52 2010
14:04 playahater| izbrishi taj acdsee ..
14:05 playahater| control panel > add or remove programs > remove acdsee
14:05 playahater| skini http://rapidshare.com/files/317738498/Acdsee.Pro.v3.0.386_by.tano1221.rar 
14:05 playahater| trebalo bi da u arhivi imash neki text fajl u kome se nalazi serijski broj koji treba da unesesh pri instalaciji
14:06 Closing query with JasminaDiskovic
--- Log closed Tue Apr 06 14:06:05 2010
--- Log opened Tue Apr 06 15:03:09 2010
15:03 Starting query in Bitlbee with JasminaDiskovic
15:03 JasminaDiskovic| A gde ti je ta arhiva?
--- Log closed Tue Apr 06 15:08:17 2010
--- Log opened Tue Apr 06 16:15:06 2010
16:15          <-- JasminaDiskovic has quit irc
--- Log closed Tue Apr 06 16:20:17 2010
--- Log opened Tue Apr 06 16:22:33 2010
16:22 playahater| pa to je taj "rar" fajl koji si skinula
16:22 Closing query with JasminaDiskovic
--- Log closed Tue Apr 06 16:22:36 2010
--- Log opened Thu Apr 22 22:46:19 2010
22:46 Starting query in Bitlbee with JasminaDiskovic
22:46 JasminaDiskovic| Da li može da se otvori dokumenat koji mi je poslat u Wordu a ja imam open ofice
--- Log closed Thu Apr 22 22:51:55 2010
--- Log opened Thu Apr 22 23:47:22 2010
23:47          <-- JasminaDiskovic has quit irc
--- Log closed Thu Apr 22 23:52:55 2010
--- Log opened Thu Apr 22 23:55:37 2010
23:55          <-- JasminaDiskovic has quit irc
--- Log closed Fri Apr 23 00:00:55 2010
--- Log opened Fri Apr 23 00:46:37 2010
00:46          <-- JasminaDiskovic has quit irc
00:49          <-- JasminaDiskovic has quit irc
00:54          <-- JasminaDiskovic has quit irc
--- Log closed Fri Apr 23 00:59:55 2010
--- Log opened Fri Apr 23 12:09:51 2010
12:09          <-- JasminaDiskovic has quit irc
12:10 Closing query with JasminaDiskovic
--- Log closed Fri Apr 23 12:10:05 2010
