--- Log opened Fri May 28 22:40:41 2010
22:40 Starting query in Bitlbee with jdesimirovic
22:40 playahater| chaboo ..
22:40 playahater| kad si sutra kod zeljka ?
22:40 Closing query with jdesimirovic
--- Log closed Fri May 28 22:40:53 2010
--- Log opened Fri May 28 23:56:53 2010
23:56 Starting query in Bitlbee with jdesimirovic
23:56 jdesimirovic| E chabooo...
23:57 jdesimirovic| si tuj!?
23:57 playahater| yo
23:57 jdesimirovic| eee
23:57 jdesimirovic| kuci si!?
23:57 jdesimirovic| mikser nishta!?
23:57 playahater| ma gde .. mrtav sam ..
23:57 playahater| dochekao danas jednu grupu ljudi ..
23:57 playahater| sutra stize druga ..
23:57 jdesimirovic| i ja sam...
23:57 playahater| zlo ..
23:58 jdesimirovic| znaci veselo..
23:58 playahater| ne pitaj
23:58 jdesimirovic| kako ce da se organizujesh onda ti za sutra!
23:58 playahater| vrlo jednostavno ..
23:58 playahater| pojavitju se kod zeljka oko devetke .. il kad se vetj skupljamo ..
23:59 playahater| dok vi budete bili u crkvi .. ja smeshtam drugu grupu ..
23:59 playahater| kad zavrshite .. papirologije .. nalazimo se i idemo u restoran ..
23:59 playahater| gledatju da stignem za opshtinu i slikanje ..
23:59 jdesimirovic| aham...
--- Day changed Sat May 29 2010
00:00 jdesimirovic| ja ne znam kakko cu da se uklopim, danas sam ceo dam zooojao sam mojima...
00:00 jdesimirovic| sestra je imala spontani pobacaj... pa sam bio 5-6 puta tu kod tebe u ulici...
00:00 playahater| ne seri?
00:00 playahater| jooojjj .. :(
00:01 playahater| pa jel sve ok sad ?
00:01 jdesimirovic| ma da.. ne pitaj...
00:01 jdesimirovic| ma da.. ne pitaj...
00:01 playahater| verujem .. :(
00:01 jdesimirovic| izgleda ne dobijash moj text... pishe mi tako...
00:02 playahater| vidim vidim ..
00:02 playahater| neshto i duplo ..
00:02 jdesimirovic| pa da ona je oky... ocistili su je... ali je u bolnici verovatno do ponedeljka...
00:02 playahater| uhh .. :|
00:02 jdesimirovic| nego sto je ona ishla na van telesnu...
00:02 playahater| pa kako si ti mislio onda za sutra?
00:02 jdesimirovic| pa komplikacije pa ovo pa ono....
00:03 playahater| lelele .. ne verujem ..
00:03 playahater| bash mi zao chaboo .. :(
00:03 jdesimirovic| nemam pojma, pravo da ti kazem nije mi do nekakvog slavlja...
00:03 playahater| .. i to verujem ..
00:03 jdesimirovic| ali hocu zeljka da ispostujem...
00:03 jdesimirovic| videcu josh... ali svakako cu doci na vencanje...
00:04 jdesimirovic| za ostalo videcu, jer ne znam da li cu trebati neshto i li nekoga da prevezzem i vec kako to ide....
00:05 playahater| bre .. shto se mene tiche .. mislim da mi netje trebati prevoz .. bar ne dok ne bude trebalo da se krene u restoran ..
00:05 jdesimirovic| dobro zet je dotrcao veceras sa puta, pa kao on ce biti tu za sve sto treba, pa se nadam da cu moci da idem na svadbu
00:05 playahater| ja mislim da ne bi trebalo da se opteretjujesh previshe .. 
00:06 playahater| venchanje je respect .. sve ostalo .. ako budesh imo vremena/mogutjnosti
00:06 jdesimirovic| ma z aprevoz sam mislio moje da vozim prevozim... bolinica namirnice i to... necu sigurno u svadbu da prevozom, ako i sam ne idem ;)
00:06 playahater| aha .. narafski .. logichno ..
00:07 jdesimirovic| aj sad cu da vidim i sa Miletom...
00:07 jdesimirovic| vidjamo se booocha ;)
00:07 playahater| ok .. chaboo ..
00:07 playahater| budi dobar .. samo lagano ..
00:08 Closing query with jdesimirovic
--- Log closed Sat May 29 00:08:01 2010
--- Log opened Tue Aug 24 15:15:01 2010
15:15 Starting query in Bitlbee with jdesimirovic
15:15 jdesimirovic| Alo Split :P
15:16 jdesimirovic| nadam se da ne drzish neko predavanje, pa ja sad idem uzivo na video bimu :D hehehehe...
--- Log closed Tue Aug 24 15:21:23 2010
--- Log opened Tue Aug 24 16:33:25 2010
16:33          <-- jdesimirovic has quit irc
--- Log closed Tue Aug 24 16:39:23 2010
--- Log opened Tue Aug 24 22:18:00 2010
22:18          <-- jdesimirovic has quit irc
--- Log closed Tue Aug 24 22:23:23 2010
--- Log opened Wed Aug 25 03:04:58 2010
03:04          <-- jdesimirovic has quit irc
--- Log closed Wed Aug 25 03:10:23 2010
--- Log opened Wed Sep 15 13:46:46 2010
13:46 Starting query in Bitlbee with jdesimirovic
13:46 jdesimirovic| Krle si tu!?
13:47 playahater| da be
13:47 jdesimirovic| pomagaj...
13:47 playahater| jel ga prejeba?
13:47 playahater| :)
13:48 playahater| prejeba ga .. 
13:48 playahater| :)
13:48 jdesimirovic| hehehehe :D
13:48 playahater| hihi
13:48 jdesimirovic| imash vremena!?
13:49 playahater| u chemu je problem?
13:49 jdesimirovic| moz se cujemo preko neta... skype ili ovaj gtalk!?
13:50 playahater| moz da probamo ..
13:50 playahater| :)
13:50 playahater| nemam mikrofon na lapu .. al imam skype na telefonu .. pa moz probamo ..
13:50 playahater| a kakav problem imash?
13:50 playahater| vezano za ?
13:50 playahater| skype:  messagebus
13:51 jdesimirovic| ae.. palim skype...
13:53 jdesimirovic| cekam te, ja sam online... nashao sam te..
13:53 playahater| pa i ja sam online
13:54 playahater| bar tako pishe .. :(
13:54 playahater| probaj da pozovesh?
13:54 playahater| daj mi nick 
13:59 jdesimirovic| bibi-n-design.com/cpanel
13:59 jdesimirovic| u: bibika
13:59 jdesimirovic| p: bezpasvorda
--- Log closed Wed Sep 15 14:05:39 2010
--- Log opened Wed Sep 15 14:05:52 2010
14:05 jdesimirovic| mintstudio.rs
14:06 jdesimirovic| [03] DNS i Nameservers
14:06 jdesimirovic| ------------------------------------------
14:06 jdesimirovic| Primarni Nameserver: dns1.orion.rs
14:06 jdesimirovic| Sekundarni Nameserver: dns2.orion.rs
--- Log closed Wed Sep 15 14:11:39 2010
--- Log opened Wed Sep 15 14:29:38 2010
14:29 jdesimirovic| Krle kako ide!?
14:30 playahater| ne mogu i dalje da se logujem ..
14:30 playahater| ajde uloguj se pa se opet izloguj
14:31 playahater| svaki chas mi izbacuje prozor za autentifikaciju ..
14:31 playahater| probaj login/logout .. pa da probam ja ..
14:32 jdesimirovic| hajd
14:33 playahater| jesi?
14:33 jdesimirovic| ahammm
14:34 playahater| chek ..
14:35 playahater| opet isto ..
14:35 playahater| jebo mater .. 
14:35 jdesimirovic| jebem mu misha..
14:35 playahater| ne razumem ..
14:35 playahater| pa blacklistovao mi ip ..
14:35 playahater| debil ..
14:35 jdesimirovic| izgleda..
14:36 jdesimirovic| ti imash staticku IP
14:36 playahater| a ja sam na poslu trenutno pa ne mogu da promenim ip tek tako .. :(
14:36 jdesimirovic| :P
14:36 jdesimirovic| a da se povezesh na moj komp preko RDP-a
14:37 playahater| uuuu .. to bi bilo jako zanimljivo .. :) .. 
14:37 jdesimirovic| TeamViewer ili vec!
14:37 playahater| mogli bi da probamo .. al ne sad .. :|
14:37 playahater| nisam kutji .. na poslu sam .. 
14:37 jdesimirovic| oky..
14:37 playahater| pa da me ne gledaju chudno ovde .. :)
14:37 playahater| jel hitja taj domen ?
14:37 playahater| moze u toku dana ?
14:37 jdesimirovic| hehehe ;)
14:38 jdesimirovic| nije previshe..
14:38 jdesimirovic| sutra su vizitke gotove...
14:38 playahater| ja sam kutji posle shestice .. pa mozemo da iskombinujemo posle .. taman me mozda izbace za blackliste do tad .. :)
14:38 jdesimirovic| aj moze...
14:39 jdesimirovic| ako se ne javish do pola 6 da zovem!?
14:39 playahater| do jajca ..
14:39 jdesimirovic| pola 7 pardom!
14:39 jdesimirovic| ;)
14:39 playahater| zovi!
14:39 playahater| :)
14:39 jdesimirovic| oky..
14:39 playahater| ql
14:39 playahater| desi ti ?
14:39 playahater| po ?
14:39 jdesimirovic| ja u PO-u!
14:39 jdesimirovic| doshla mi sestra iz Kinu...
14:40 jdesimirovic| dolazim tamo u ponedeljak...
14:40 playahater| aa .. porodichna atmosfera .. ql ..
14:40 jdesimirovic| si si
14:40 playahater| jel dolazish na par sati ili ?
14:40 jdesimirovic| heheeh...
14:40 playahater| reko da se vidimo u nekim vechernjim satima ..
14:40 playahater| :)
14:40 playahater| neki vops/kso
14:41 playahater| :)
14:41 jdesimirovic| bicu tu duze malo...
14:41 jdesimirovic| moze moze...
14:41 jdesimirovic| uvek ima mesta za jedno pivo..
14:42 jdesimirovic| Mile mi se pohvalio, a pohvalio i tebe da si uzeo nvi tel...
14:42 jdesimirovic| Andro ;)..
14:43 jdesimirovic| tako da ja dolazim, a vi castite :P ;)...
14:43 playahater| andro ovo ono ..
14:43 playahater| :)
14:43 playahater| gistro .. :)
14:44 playahater| zemo .. uplaniraj da se vidimo neko popodne posle shestice dok budesh bio u bgd-u ..
14:44 jdesimirovic| si si..
14:44 jdesimirovic| zvrcnem te kasnije...
14:46 playahater| chujemo se ..
14:46 Closing query with jdesimirovic
--- Log closed Wed Sep 15 14:46:58 2010
--- Log opened Wed Sep 15 18:35:56 2010
18:35 Starting query in Bitlbee with jdesimirovic
18:35 jdesimirovic| Prihajao si kuci!?
18:36 playahater| chaboo .. nisam josh .. :(
18:36 jdesimirovic| veceraske ondak ;)
18:36 playahater| ostatju ovde josh malo .. 2-3 sata ..
--- Log closed Wed Sep 15 18:41:39 2010
--- Log opened Wed Sep 15 18:49:34 2010
18:49          <-- jdesimirovic has quit irc
--- Log closed Wed Sep 15 18:54:39 2010
--- Log opened Fri Sep 24 17:52:37 2010
17:52 Starting query in Bitlbee with jdesimirovic
17:52 jdesimirovic| chabooo!
17:53 jdesimirovic| si ziv!? ima li koga!?
--- Log closed Fri Sep 24 17:58:33 2010
--- Log opened Fri Sep 24 18:02:14 2010
18:02 jdesimirovic| :P...
18:04 playahater| chaboo ..
18:04 playahater| ziv ..
18:04 playahater| na shljaci ..
18:04 playahater| upravo se spremam da palim ..
18:04 playahater| catch ya later ..
18:04 Closing query with jdesimirovic
--- Log closed Fri Sep 24 18:04:59 2010
