--- Log opened Fri Nov 26 16:53:20 2010
16:53 Starting query in Bitlbee with jelenavisnjic
16:53 playahater| link umesto cocacola.rs? :)
16:53 Closing query with jelenavisnjic
--- Log closed Fri Nov 26 16:53:23 2010
--- Log opened Fri Nov 26 16:53:35 2010
16:53 Starting query in Bitlbee with jelenavisnjic
16:53 jelenavisnjic| <FONT>da ovaj sto sam poslala</FONT>
16:53 jelenavisnjic| <FONT>ono im je konkurencija</FONT>
16:53 jelenavisnjic| <FONT>:)</FONT>
16:54 playahater| ae pusti josh jednom, molim te .. :) ..
16:54 playahater| izgleda da nisam primio
16:54 jelenavisnjic| <FONT>http://www.coca-colahellenic.rs/</FONT>
16:54 playahater| ql
--- Log closed Fri Nov 26 16:59:26 2010
--- Log opened Fri Nov 26 17:03:19 2010
17:03 Closing query with jelenavisnjic
--- Log closed Fri Nov 26 17:03:19 2010
--- Log opened Wed Dec 15 14:43:29 2010
14:43 Starting query in Bitlbee with jelenavisnjic
14:43 jelenavisnjic| milose aj mi daj link za m3com na kome mi radimo
--- Log closed Wed Dec 15 14:49:18 2010
--- Log opened Wed Dec 15 15:04:35 2010
15:04 playahater| pa svako ima drupal u lokalu .. 
15:04 playahater| evo ti moja ip adresa .. pa mozesh da vidish kod mene
15:04 playahater| 192.168.0.118
15:05 jelenavisnjic| <FONT>hvala</FONT>
15:05 playahater| :)
--- Log closed Wed Dec 15 15:10:18 2010
--- Log opened Wed Dec 15 16:17:54 2010
16:17 Closing query with jelenavisnjic
--- Log closed Wed Dec 15 16:17:54 2010
--- Log opened Wed Jan 19 12:05:22 2011
12:05 Starting query in Bitlbee with jelenavisnjic
12:05 jelenavisnjic| jel znas ti nekog ko dobro radi jquery?
--- Log closed Wed Jan 19 12:10:30 2011
--- Log opened Wed Jan 19 12:14:07 2011
12:14 jelenavisnjic| Initially, it should be the first time the user visits the channel as a logged in user.
12:14 jelenavisnjic| ovo je odgovor za Q&A
--- Log closed Wed Jan 19 12:19:30 2011
--- Log opened Wed Jan 19 12:33:04 2011
12:33 Closing query with jelenavisnjic
--- Log closed Wed Jan 19 12:33:04 2011
--- Log opened Wed Jan 19 12:41:59 2011
12:41 Starting query in Bitlbee with jelenavisnjic
12:41 jelenavisnjic| prhvatili nas predllog za q&A
--- Log closed Wed Jan 19 12:47:30 2011
--- Log opened Wed Jan 19 12:53:12 2011
12:53 playahater| ok ..
12:54 Closing query with jelenavisnjic
--- Log closed Wed Jan 19 12:54:06 2011
--- Log opened Wed Jan 19 15:23:17 2011
15:23 Starting query in Bitlbee with jelenavisnjic
15:23 jelenavisnjic| <FONT>snasla sam se za jquery :)</FONT>
15:24 playahater| ql .. :) ..
15:25 Closing query with jelenavisnjic
--- Log closed Wed Jan 19 15:25:04 2011
--- Log opened Fri Jan 21 16:41:35 2011
16:41 Starting query in Bitlbee with jelenavisnjic
16:41 Closing query with jelenavisnjic
--- Log closed Fri Jan 21 16:41:51 2011
--- Log opened Fri Jan 21 16:42:57 2011
16:42 Starting query in Bitlbee with jelenavisnjic
16:43 playahater| setovao sam min 3 karaktera
16:43 playahater| da li postoji maximum?
16:47          <-- jelenavisnjic has quit irc
--- Log closed Fri Jan 21 16:53:16 2011
--- Log opened Fri Jan 21 17:14:33 2011
17:14 Closing query with jelenavisnjic
--- Log closed Fri Jan 21 17:14:33 2011
--- Log opened Sat Jan 22 10:43:37 2011
10:43 Starting query in Bitlbee with jelenavisnjic
10:43 jelenavisnjic| [resent] <FONT>imam jos neke stvari za login, pa kad god ti odgovara da prodjemo</FONT>
10:43 playahater| moze odma
10:43 playahater| :)
--- Log closed Sat Jan 22 10:49:28 2011
--- Log opened Sat Jan 22 11:15:14 2011
11:15 Closing query with jelenavisnjic
--- Log closed Sat Jan 22 11:15:14 2011
--- Log opened Sun Jan 23 16:49:30 2011
16:49 Starting query in Bitlbee with jelenavisnjic
16:49 jelenavisnjic| [resent] <FONT>znam da sam dosadna :) ali Q&amp;A ? 17h je</FONT>
--- Log closed Sun Jan 23 16:54:37 2011
--- Log opened Sun Jan 23 16:58:26 2011
16:58 playahater| za 10min ..
16:58 playahater| :)
16:58 jelenavisnjic| <FONT>oks</FONT>
--- Log closed Sun Jan 23 17:03:37 2011
--- Log opened Sun Jan 23 17:47:57 2011
17:47 Closing query with jelenavisnjic
--- Log closed Sun Jan 23 17:47:57 2011
--- Log opened Tue Jan 25 15:53:42 2011
15:53 Starting query in Bitlbee with jelenavisnjic
15:53 jelenavisnjic| [resent] <FONT>ubacila sam translate za mailove - welcome i retrieve pass.</FONT>
--- Log closed Tue Jan 25 15:59:02 2011
--- Log opened Tue Jan 25 16:19:33 2011
16:19 Closing query with jelenavisnjic
--- Log closed Tue Jan 25 16:19:33 2011
--- Log opened Wed Jan 26 11:19:01 2011
11:19 Starting query in Bitlbee with jelenavisnjic
11:19 playahater| neshto sam zbudzio .. :) ..
11:19 playahater| proveri da li sad shalje po dva mail-a
11:19 playahater| :)
11:24 jelenavisnjic| [resent] <FONT>samo jedan :)</FONT>
11:25 playahater| jeeej
11:25 playahater| :)
11:30 jelenavisnjic| <FONT>kazi kad si sppreman za permisije</FONT>
--- Log closed Wed Jan 26 11:35:27 2011
--- Log opened Wed Jan 26 12:17:09 2011
12:17 playahater| moze
--- Log closed Wed Jan 26 12:22:27 2011
--- Log opened Wed Jan 26 13:47:07 2011
13:47 Closing query with jelenavisnjic
--- Log closed Wed Jan 26 13:47:07 2011
--- Log opened Mon Jan 31 17:02:07 2011
17:02 Starting query in Bitlbee with jelenavisnjic
17:02 playahater| http://redmine.diwanee.com/issues/1414
17:02 playahater| jel ovo vazi za sve CT-ove na kids kanalu?
17:02 playahater| :)
17:03 jelenavisnjic| [resent] <FONT>mislis na slect channel</FONT>
17:03 playahater| yup
17:03 jelenavisnjic| <FONT>tako rekao ivan, znaci da</FONT>
17:03 playahater| ql
--- Log closed Mon Jan 31 17:09:17 2011
--- Log opened Mon Jan 31 17:22:24 2011
17:22 Closing query with jelenavisnjic
--- Log closed Mon Jan 31 17:22:24 2011
--- Log opened Sat Feb 05 20:50:20 2011
20:50 Starting query in Bitlbee with jelenavisnjic
20:50 jelenavisnjic| ako ne cekiras, nemoj da zatvaras marijine i markove taskove
--- Log closed Sat Feb 05 20:56:19 2011
--- Log opened Sat Feb 05 21:12:26 2011
21:12          <-- jelenavisnjic has quit irc
--- Log closed Sat Feb 05 21:18:19 2011
--- Log opened Sat Feb 05 22:15:49 2011
22:15 Closing query with jelenavisnjic
--- Log closed Sat Feb 05 22:15:49 2011
--- Log opened Fri Feb 11 13:28:31 2011
13:28 Starting query in Bitlbee with jelenavisnjic
13:28 jelenavisnjic| idemo na rucak sad
13:29 playahater| jeeeeee
13:29 playahater| :)
13:29 playahater| btw .. kesic to the rescue .. reshili smo problem sa hobby, occupation.. .. :) 
13:30 Closing query with jelenavisnjic
--- Log closed Fri Feb 11 13:30:04 2011
--- Log opened Fri Feb 11 13:30:16 2011
13:30 Starting query in Bitlbee with jelenavisnjic
13:30 jelenavisnjic| <FONT>znam rekao mi je</FONT>
13:30 jelenavisnjic| <FONT>:)</FONT>
13:32 Closing query with jelenavisnjic
--- Log closed Fri Feb 11 13:32:00 2011
--- Log opened Fri Feb 11 21:56:03 2011
21:56 Starting query in Bitlbee with jelenavisnjic
21:56 jelenavisnjic| <FONT>izvini milose ali jesi li ubacio onaj check box za registraciju sa linkom na terms and cond.</FONT>
21:57 playahater| ehe .. nisam ja .. titja ..
21:57 playahater| kazi .. shto?
21:57 playahater| :)
21:57 jelenavisnjic| <FONT>ok posto odavde ne vidim</FONT>
21:57 jelenavisnjic| <FONT>a niste zatvorili bug na rdminu</FONT>
21:58 playahater| sad sam proverio na lokalu ..
21:59 playahater| tu je ..
21:59 jelenavisnjic| <FONT>super izvini za cim</FONT>
21:59 playahater| izgleda da nije bio push na server
21:59 playahater| ok .. lagano .. :) ..
21:59 jelenavisnjic| <FONT>zatvaram bug</FONT>
21:59 jelenavisnjic| <FONT>:)</FONT>
21:59 playahater| ql
21:59 playahater| :)
--- Log closed Fri Feb 11 22:05:11 2011
--- Log opened Fri Feb 11 22:07:40 2011
22:07 Closing query with jelenavisnjic
--- Log closed Fri Feb 11 22:07:40 2011
--- Log opened Wed Feb 16 10:15:40 2011
10:15 Starting query in Bitlbee with jelenavisnjic
10:15 jelenavisnjic| [resent] <FONT>imas sec da dodjem</FONT>
10:18 playahater| yup
--- Log closed Wed Feb 16 10:24:05 2011
--- Log opened Wed Feb 16 10:29:54 2011
10:29 Closing query with jelenavisnjic
--- Log closed Wed Feb 16 10:29:54 2011
--- Log opened Wed Feb 16 12:52:49 2011
12:52 Starting query in Bitlbee with jelenavisnjic
12:53 playahater| aj mi baci link na kome se javlja ta greshka
12:53 playahater| :)
12:53 Closing query with jelenavisnjic
--- Log closed Wed Feb 16 12:53:08 2011
--- Log opened Wed Feb 16 12:53:15 2011
12:53 Starting query in Bitlbee with jelenavisnjic
12:53 jelenavisnjic| <FONT>evo</FONT>
12:54 jelenavisnjic| <FONT>http://m3com/qa/ask-question-form</FONT>
12:57 playahater| hmm .. ja ne vidim nikakvu greshku
12:57 playahater| :)
--- Log closed Wed Feb 16 13:03:05 2011
--- Log opened Wed Feb 16 13:55:39 2011
13:55 Closing query with jelenavisnjic
--- Log closed Wed Feb 16 13:55:39 2011
--- Log opened Thu Feb 17 19:25:15 2011
19:25 Starting query in Bitlbee with jelenavisnjic
19:25 jelenavisnjic| [resent] <FONT>milose ovo je tici ostalo da uradi ali verovatno znas</FONT>
19:25 jelenavisnjic| <FONT>7: Agree on terms of use on this level? We should remove the checkbox. The user has already agreed, he can't disagree again. We should provide the option to only view the terms of use. Replace the whole text by the following link " </FONT><FONT FACE="Geeza Pro" LANG="11" ABSZ=12 SIZE=3>الإطلاع</FONT><FONT> على</FONT><FONT> الشروط</FONT><FONT> والأحكام</FONT><FONT> " that redirects the user
19:25 jelenavisnjic| to the terms of use.<BR><BR></FONT>
19:25 jelenavisnjic| <FONT>checkbox is removed ali nam fali recenica sa linkom</FONT>
--- Log closed Thu Feb 17 19:31:19 2011
--- Log opened Thu Feb 17 22:38:21 2011
22:38 Closing query with jelenavisnjic
--- Log closed Thu Feb 17 22:38:21 2011
--- Log opened Mon Feb 21 17:02:40 2011
17:02 Starting query in Bitlbee with jelenavisnjic
17:02 jelenavisnjic| [resent] <FONT>moderator01</FONT>
17:04 playahater| http://dev.m3com.com.sa/en/admin/user/user
17:04 playahater| setovana rola "moderator"
17:04 jelenavisnjic| <FONT>hvala</FONT>
17:04 playahater| np
17:04 playahater| :)
--- Log closed Mon Feb 21 17:09:54 2011
--- Log opened Mon Feb 21 19:03:26 2011
19:03 Closing query with jelenavisnjic
--- Log closed Mon Feb 21 19:03:26 2011
--- Log opened Tue Feb 22 15:12:51 2011
15:12 Starting query in Bitlbee with jelenavisnjic
15:12 jelenavisnjic| [resent] <FONT>kakav je status sa sitemap xml</FONT>
15:16 playahater| sredjujem neke linkove u templejtima .. 
15:16 playahater| chim to zavrshim .. kliknutju sitemap ..
15:17 jelenavisnjic| <FONT>ok</FONT>
--- Log closed Tue Feb 22 15:22:44 2011
--- Log opened Tue Feb 22 17:58:03 2011
17:58 Closing query with jelenavisnjic
--- Log closed Tue Feb 22 17:58:03 2011
--- Log opened Wed Feb 23 19:03:44 2011
19:03 Starting query in Bitlbee with jelenavisnjic
19:03 playahater| jeco .. :)
19:03 jelenavisnjic| <FONT>reci</FONT>
19:04 jelenavisnjic| <FONT>:)</FONT>
19:04 jelenavisnjic| <FONT>imas lepe vesti</FONT>
19:04 jelenavisnjic| <FONT>?</FONT>
19:04 playahater| da bih podesio meta tagove za panele i custom pages, treba da se update-uje modul i pushuje na server ..
19:04 playahater| trenutna verzija modula izgleda da ne moze ovo shto mi hotjemo ..
19:04 jelenavisnjic| <FONT>.....:(</FONT>
19:05 playahater| mogu da predefinishem podeshavanja pomotju tokena za sve stranice na sajtu ..
19:05 jelenavisnjic| <FONT>??? jel bi to moglo privremeno da resi dok ne update-ujemo modul</FONT>
19:07 playahater| da .. 
19:07 playahater| mozemo da setujemo default podeshavanja pomotju tokena ..
19:07 jelenavisnjic| <FONT>a kako bi se onda uneli </FONT>
19:07 playahater| svaka stranica tje imati meta keywords i description ..
19:07 jelenavisnjic| <FONT>tj gde</FONT>
19:08 jelenavisnjic| <FONT>ali to je za svaku stranicu, a kako za kanal</FONT>
19:08 playahater| i oni tje motji da unose te tagove prilikom kreiranja nodova 
19:08 jelenavisnjic| <FONT>to vec mogu</FONT>
19:08 jelenavisnjic| <FONT>zar ne</FONT>
19:08 playahater| funkcionalnost za kanale i panel stranice nije mogutje izvesti sa ovom verzijom
19:08 jelenavisnjic| <FONT>slali smo im uputstvp</FONT>
19:09 playahater| da .. tako je
19:09 jelenavisnjic| <FONT>nista onda</FONT>
19:09 jelenavisnjic| <FONT>videcu sa bokijem kad cemo to</FONT>
19:09 playahater| uglavnom, oni tje imati meta tagove na svakoj stranici ..
19:09 playahater| samo netje biti custom .. vetj predefinisani pomotju tokena ..
19:10 playahater| prilikom sledetjeg pusha na main server, mozemo da implementiramo i za panel pages
19:10 playahater| tako mozesh i njima da prenesesh ..
19:10 jelenavisnjic| <FONT>to svakako</FONT>
19:12 jelenavisnjic| <FONT>izvini samo jos nesto , to ce naravno moci sami da unose, glupo je ali bolje da pitam</FONT>
19:14 playahater| naravno, ideja je da im obezbedimo shto intuitivniju funkcionalnost ..
19:14 playahater| :)
19:15 jelenavisnjic| <FONT>tnx :)</FONT>
--- Log closed Wed Feb 23 19:20:27 2011
--- Log opened Wed Feb 23 19:52:54 2011
19:52 Closing query with jelenavisnjic
--- Log closed Wed Feb 23 19:52:54 2011
--- Log opened Thu Feb 24 16:35:50 2011
16:35 Starting query in Bitlbee with jelenavisnjic
16:35 playahater| http://m3com.com.sa/en/admin/content/nodewords/custom
--- Log closed Thu Feb 24 16:41:18 2011
--- Log opened Thu Feb 24 16:49:51 2011
16:49 Closing query with jelenavisnjic
--- Log closed Thu Feb 24 16:49:51 2011
--- Log opened Mon Feb 28 17:23:55 2011
17:23 Starting query in Bitlbee with jelenavisnjic
17:23 jelenavisnjic| [resent] <FONT>javi mi samo kasnije status za twitter i facebook da mogu da im odgovorim</FONT>
--- Log closed Mon Feb 28 17:29:03 2011
--- Log opened Mon Feb 28 17:35:46 2011
17:35          <-- jelenavisnjic has quit irc
17:35 Closing query with jelenavisnjic
--- Log closed Mon Feb 28 17:35:49 2011
--- Log opened Fri Mar 04 15:53:56 2011
15:53 Starting query in Bitlbee with jelenavisnjic
15:53 playahater| jeco .. chekiraj sad hobije ..
15:54 playahater| mozda tjesh morati da editujesh profil da bi osvezila podatke iz baze
15:54 playahater| za admina radi kako treba ..
15:57 Closing query with jelenavisnjic
--- Log closed Fri Mar 04 15:57:42 2011
--- Log opened Mon Mar 07 14:54:44 2011
14:54 Starting query in Bitlbee with jelenavisnjic
14:55 playahater| pitanje je koji od svih ovih baja je ustvari pravi abufaisal ..
14:55 playahater| http://m3com.com.sa/en/admin/build/path/list/abufaisal
--- Log closed Mon Mar 07 15:01:10 2011
--- Log opened Mon Mar 07 15:46:58 2011
15:46 Closing query with jelenavisnjic
--- Log closed Mon Mar 07 15:46:58 2011
--- Log opened Mon Mar 07 16:56:01 2011
16:56 Starting query in Bitlbee with jelenavisnjic
16:56 playahater| trenutno linkovan na => users/abufaisal - user/181255
16:56 playahater| to je prvi "slobodni" 
16:56 playahater| :)
16:56 jelenavisnjic| [resent] <FONT>tnx</FONT>
16:56 jelenavisnjic| <FONT>:)</FONT>
16:57 playahater| ako ne shtima .. mozemo lako da promenimo ..
16:57 playahater| :)
16:57 Closing query with jelenavisnjic
--- Log closed Mon Mar 07 16:57:11 2011
--- Log opened Mon Mar 07 16:57:33 2011
16:57 Starting query in Bitlbee with jelenavisnjic
16:57 jelenavisnjic| <FONT>hvala samo nemoj da brises jos ostale</FONT>
16:57 playahater| za sad su safe .. :)
16:57 Closing query with jelenavisnjic
--- Log closed Mon Mar 07 16:57:57 2011
--- Log opened Tue Mar 08 11:11:01 2011
11:11 Starting query in Bitlbee with jelenavisnjic
11:11 jelenavisnjic| [resent] <FONT>drupal_set_header("CacheControl: no-cache");<BR>drupal_set_header("Pragma: no-cache");<BR>drupal_set_header("Expires: -1");   <BR>cache_clear_all('*', 'cache_page', TRUE);<BR>11.11<BR>to treba staviti<BR>11.11<BR>u m3com_auth.module<BR>11.11<BR>funckija<BR>11.11<BR>m3com_auth_user<BR>11.11<BR>$op = logout<BR>11.12<BR>linija 274 npr</FONT>
--- Log closed Tue Mar 08 11:16:04 2011
--- Log opened Tue Mar 08 14:27:02 2011
14:27 Closing query with jelenavisnjic
--- Log closed Tue Mar 08 14:27:02 2011
--- Log opened Tue Mar 08 15:08:07 2011
15:08 Starting query in Bitlbee with jelenavisnjic
15:08 jelenavisnjic| <FONT> <BR>We will need to find another way of publishing things in Social Media, from our side, we use “</FONT><FONT><U><a href="http://bit.ly/" title="http://bit.ly/">bit.ly</a></FONT><FONT></U>” to post on facebook and twitter,<BR></FONT>
--- Log closed Tue Mar 08 15:14:04 2011
--- Log opened Tue Mar 08 16:51:06 2011
16:51          <-- jelenavisnjic has quit irc
--- Log closed Tue Mar 08 16:57:04 2011
--- Log opened Tue Mar 08 17:42:47 2011
17:42 Closing query with jelenavisnjic
--- Log closed Tue Mar 08 17:42:47 2011
--- Log opened Tue Mar 15 10:24:23 2011
10:24 Starting query in Bitlbee with jelenavisnjic
10:24 playahater| http://m3com.com.sa/en/dsl-credentials
10:25 Closing query with jelenavisnjic
--- Log closed Tue Mar 15 10:25:10 2011
--- Log opened Tue Mar 15 15:11:21 2011
15:11 Starting query in Bitlbee with jelenavisnjic
15:11 jelenavisnjic| [resent] <FONT>jel mozes da mi saznas  koji je user zakacen za ovaj dsl account </FONT><FONT><U><a href="mailto:12485451@stc.net.sa" title="mailto:12485451@stc.net.sa">12485451@stc.net.sa</a></FONT><FONT></U><BR><BR></FONT>
--- Log closed Tue Mar 15 15:16:30 2011
--- Log opened Tue Mar 15 17:12:40 2011
17:12 Closing query with jelenavisnjic
--- Log closed Tue Mar 15 17:12:40 2011
--- Log opened Thu Apr 07 12:53:18 2011
12:53 Starting query in Bitlbee with jelenavisnjic
12:53 jelenavisnjic| samo da znas da ipak imam samo view profile a ne i edit kao moderator
--- Log closed Thu Apr 07 12:59:07 2011
--- Log opened Thu Apr 07 13:23:48 2011
13:23 Closing query with jelenavisnjic
--- Log closed Thu Apr 07 13:23:48 2011
--- Log opened Fri Apr 08 14:22:22 2011
14:22 Starting query in Bitlbee with jelenavisnjic
14:22 jelenavisnjic| prevodi za breadcrumb su na ovom google doc-u obojeni u zuto, pogledaj oba sheeta https://spreadsheets.google.com/a/agena.rs/ccc?key=0AlrqgHs5S-hWdERJSmdQQ2JLR1F0c3A5c005ZzFzcHc&hl=en#gid=0
14:23 playahater| ok .. 
--- Log closed Fri Apr 08 14:28:24 2011
--- Log opened Fri Apr 08 16:04:19 2011
16:04 Closing query with jelenavisnjic
--- Log closed Fri Apr 08 16:04:19 2011
--- Log opened Tue Apr 12 17:37:45 2011
17:37 Starting query in Bitlbee with jelenavisnjic
17:37 jelenavisnjic| [resent] <FONT>vec 8+ meseci radim u Codeigniteru, tako da mi je MVC postao ne<BR>&gt;&gt;&gt; navika... vec nachin razmishljanja. Sad radim na Wordpressu, razvoj<BR>&gt;&gt;&gt; plug-inova, pa chak i tu sve shto radim radim kroz funkcije koje su<BR>&gt;&gt;&gt; MVC.<BR></FONT>
17:37 jelenavisnjic| <FONT>ovo je php deva</FONT>
--- Log closed Tue Apr 12 17:43:01 2011
--- Log opened Tue Apr 12 18:15:30 2011
18:15          <-- jelenavisnjic has quit irc
--- Log closed Tue Apr 12 18:21:01 2011
--- Log opened Wed Apr 13 11:08:56 2011
11:08 Starting query in Bitlbee with jelenavisnjic
11:08 playahater| 84.235.63.89
--- Log closed Wed Apr 13 11:14:38 2011
--- Log opened Wed Apr 13 11:28:50 2011
11:28          <-- jelenavisnjic has quit irc
--- Log closed Wed Apr 13 11:34:38 2011
--- Log opened Wed Apr 13 11:49:58 2011
11:49          <-- jelenavisnjic has quit irc
--- Log closed Wed Apr 13 11:55:38 2011
--- Log opened Wed Apr 13 12:14:06 2011
12:14          <-- jelenavisnjic has quit irc
--- Log closed Wed Apr 13 12:19:38 2011
--- Log opened Wed Apr 13 13:10:13 2011
13:10          <-- jelenavisnjic has quit irc
--- Log closed Wed Apr 13 13:15:38 2011
--- Log opened Wed Apr 13 13:35:24 2011
13:35          <-- jelenavisnjic has quit irc
--- Log closed Wed Apr 13 13:40:38 2011
--- Log opened Wed Apr 13 14:17:26 2011
14:17          <-- jelenavisnjic has quit irc
--- Log closed Wed Apr 13 14:22:38 2011
--- Log opened Wed Apr 13 14:54:25 2011
14:54 Closing query with jelenavisnjic
--- Log closed Wed Apr 13 14:54:25 2011
--- Log opened Tue Apr 19 15:04:51 2011
15:04 Starting query in Bitlbee with jelenavisnjic
15:04 jelenavisnjic| [resent] <FONT>milose, meni se na registraciji ne vidi drop down lista za referred from</FONT>
15:07 playahater| hmm .. sad tju da proverim ..
--- Log closed Tue Apr 19 15:13:21 2011
--- Log opened Tue Apr 19 16:02:33 2011
16:02 Closing query with jelenavisnjic
--- Log closed Tue Apr 19 16:02:33 2011
--- Log opened Tue Apr 26 15:34:48 2011
15:34 Starting query in Bitlbee with jelenavisnjic
15:34 jelenavisnjic| [resent] <FONT>milose vratili su movie u xml za leclerc<BR><BR></FONT>
--- Log closed Tue Apr 26 15:40:01 2011
--- Log opened Tue Apr 26 15:47:04 2011
15:47 playahater| ok ..
15:47 playahater| :)
15:47 Closing query with jelenavisnjic
--- Log closed Tue Apr 26 15:47:06 2011
