--- Log opened Fri Dec 03 17:17:39 2010
17:17 Starting query in Bitlbee with jelenaromcevic
17:17 playahater| http://help.github.com/msysgit-key-setup/
--- Log closed Fri Dec 03 17:23:29 2010
--- Log opened Fri Dec 03 17:34:10 2010
17:34 Closing query with jelenaromcevic
--- Log closed Fri Dec 03 17:34:10 2010
--- Log opened Mon Dec 20 15:33:14 2010
15:33 Starting query in Bitlbee with jelenaromcevic
15:33 jelenaromcevic| http://americas.orangeadvertisingnetwork.com/
--- Log closed Mon Dec 20 15:38:35 2010
--- Log opened Mon Dec 20 15:47:43 2010
15:47          <-- jelenaromcevic has quit irc
15:51 Closing query with jelenaromcevic
--- Log closed Mon Dec 20 15:51:16 2010
--- Log opened Thu Dec 23 11:54:02 2010
11:54 Starting query in Bitlbee with jelenaromcevic
11:54 playahater| http://localhost/album/my-photos
11:55 Closing query with jelenaromcevic
--- Log closed Thu Dec 23 11:55:13 2010
--- Log opened Thu Dec 23 12:50:02 2010
12:50 Starting query in Bitlbee with jelenaromcevic
12:50 playahater| tube/videos/most-commented
12:54 Closing query with jelenaromcevic
--- Log closed Thu Dec 23 12:54:53 2010
--- Log opened Thu Dec 23 13:01:15 2010
13:01 Starting query in Bitlbee with jelenaromcevic
13:01 jelenaromcevic| quran video block is printing users instead of taxonomy terms
13:01 jelenaromcevic| gde je to?
13:01 playahater| http://localhost/en/islam/audio-visual
--- Log closed Thu Dec 23 13:07:40 2010
--- Log opened Thu Dec 23 13:10:32 2010
13:10 Closing query with jelenaromcevic
--- Log closed Thu Dec 23 13:10:32 2010
--- Log opened Thu Dec 23 13:46:18 2010
13:46 Starting query in Bitlbee with jelenaromcevic
13:46 playahater| http://localhost/islam/video
13:47 playahater| http://localhost/islam/audio
13:48 Closing query with jelenaromcevic
--- Log closed Thu Dec 23 13:48:23 2010
--- Log opened Fri Dec 24 12:01:45 2010
12:01 Starting query in Bitlbee with jelenaromcevic
12:01 playahater| http://api.drupal.org/api/drupal/includes--cache.inc/function/cache_set/6
--- Log closed Fri Dec 24 12:07:16 2010
--- Log opened Fri Dec 24 12:08:50 2010
12:08 Closing query with jelenaromcevic
--- Log closed Fri Dec 24 12:08:50 2010
--- Log opened Mon Dec 27 14:07:32 2010
14:07 Starting query in Bitlbee with jelenaromcevic
14:07 jelenaromcevic| http://sports.maktoob.com/MatchesFeed-300023-100-1.htm
--- Log closed Mon Dec 27 14:13:07 2010
--- Log opened Mon Dec 27 14:51:40 2010
14:51 Closing query with jelenaromcevic
--- Log closed Mon Dec 27 14:51:40 2010
--- Log opened Mon Dec 27 17:41:52 2010
17:41 Starting query in Bitlbee with jelenaromcevic
17:41 jelenaromcevic| http://sports.maktoob.com/FeedsToSTC-sections-50.htm
17:46 playahater| http://drupal.org/node/622700
--- Log closed Mon Dec 27 17:52:07 2010
--- Log opened Mon Dec 27 17:56:48 2010
17:56 Closing query with jelenaromcevic
--- Log closed Mon Dec 27 17:56:48 2010
--- Log opened Tue Dec 28 11:52:34 2010
11:52 Starting query in Bitlbee with jelenaromcevic
11:52 playahater| sites/all/modules/custom/m3com_feeds_newsml/
--- Log closed Tue Dec 28 11:57:47 2010
--- Log opened Tue Dec 28 12:05:31 2010
12:05 Closing query with jelenaromcevic
--- Log closed Tue Dec 28 12:05:31 2010
--- Log opened Wed Dec 29 11:57:22 2010
11:57 Starting query in Bitlbee with jelenaromcevic
11:57 playahater| curl -O ftp:// [USER:PASS@] [URL.] / [PATH] / [FILE.EXT]
12:00 playahater| http://www.bluehostforum.com/showthread.php?10960-retrieve-remote-file-via-ftp
12:00 playahater| http://php.net/manual/en/book.ftp.php
--- Log closed Wed Dec 29 12:06:10 2010
--- Log opened Wed Dec 29 13:19:40 2010
13:19 playahater| http://stackoverflow.com/questions/871908/xpath-with-curl-gives-empty-result
--- Log closed Wed Dec 29 13:25:10 2010
--- Log opened Wed Dec 29 13:25:52 2010
13:25 playahater| if($xmlGmailFeed = simplexml_load_file("https://USERNAME:PASSWORD@gmail.google.com/gmail/feed/atom/")) 
--- Log closed Wed Dec 29 13:31:10 2010
--- Log opened Wed Dec 29 14:46:19 2010
14:46 Closing query with jelenaromcevic
--- Log closed Wed Dec 29 14:46:19 2010
--- Log opened Thu Dec 30 19:10:19 2010
19:10 Starting query in Bitlbee with jelenaromcevic
19:10 playahater| http://drupal.org/node/180528
19:14 playahater| http://api.drupal.org/api/drupal/includes--form.inc/group/batch/6
--- Log closed Thu Dec 30 19:20:22 2010
--- Log opened Thu Dec 30 19:21:47 2010
19:21 Closing query with jelenaromcevic
--- Log closed Thu Dec 30 19:21:47 2010
--- Log opened Thu Dec 30 21:28:05 2010
21:28 Starting query in Bitlbee with jelenaromcevic
21:28 playahater| http://www.php.net/set_time_limit
21:28 Closing query with jelenaromcevic
--- Log closed Thu Dec 30 21:28:10 2010
--- Log opened Thu Dec 30 21:30:27 2010
21:30 Starting query in Bitlbee with jelenaromcevic
21:30 playahater| http://drupal.org/node/731098
21:32 playahater| ini_set('max_execution_time', 100);
--- Log closed Thu Dec 30 21:37:22 2010
--- Log opened Thu Dec 30 21:49:20 2010
21:49 Closing query with jelenaromcevic
--- Log closed Thu Dec 30 21:49:20 2010
--- Log opened Tue Jan 11 17:38:51 2011
17:38 Starting query in Bitlbee with jelenaromcevic
17:38 playahater| http://www.intel.com/support/graphics/sb/CS-028366.htm
--- Log closed Tue Jan 11 17:44:34 2011
--- Log opened Tue Jan 11 17:49:45 2011
17:49 Closing query with jelenaromcevic
--- Log closed Tue Jan 11 17:49:45 2011
--- Log opened Thu Jan 13 15:31:58 2011
15:31 Starting query in Bitlbee with jelenaromcevic
15:31 playahater| http://m3com.no-wire.com/
15:32 Closing query with jelenaromcevic
--- Log closed Thu Jan 13 15:32:04 2011
--- Log opened Mon Jan 17 13:49:08 2011
13:49 Starting query in Bitlbee with jelenaromcevic
13:49 jelenaromcevic| m3com_misc_get_xml_elements
13:49 jelenaromcevic| node-tournament-body.tpl
--- Log closed Mon Jan 17 13:55:06 2011
--- Log opened Mon Jan 17 15:50:25 2011
15:50 playahater| http://localhost/en/content/international
15:52 Closing query with jelenaromcevic
--- Log closed Mon Jan 17 15:52:18 2011
--- Log opened Mon Jan 17 17:49:40 2011
17:49 Starting query in Bitlbee with jelenaromcevic
17:49 playahater| sites/all/modules/dialog/example/dialog_example.module
17:49 Closing query with jelenaromcevic
--- Log closed Mon Jan 17 17:49:44 2011
--- Log opened Fri Jan 21 11:28:10 2011
11:28 Starting query in Bitlbee with jelenaromcevic
11:28 playahater| http://localhost/en/album/group/first-group
--- Log closed Fri Jan 21 11:33:16 2011
--- Log opened Fri Jan 21 14:25:42 2011
14:25 Closing query with jelenaromcevic
--- Log closed Fri Jan 21 14:25:42 2011
--- Log opened Thu Feb 03 15:31:35 2011
15:31 Starting query in Bitlbee with jelenaromcevic
15:31 playahater| pull pls .. :)
15:31 Closing query with jelenaromcevic
--- Log closed Thu Feb 03 15:31:38 2011
--- Log opened Thu Feb 03 15:32:56 2011
15:32 Starting query in Bitlbee with jelenaromcevic
15:32 jelenaromcevic| ok
15:36 Closing query with jelenaromcevic
--- Log closed Thu Feb 03 15:36:01 2011
--- Log opened Tue Feb 15 14:29:34 2011
14:29 Starting query in Bitlbee with jelenaromcevic
14:29 playahater| http://drupal.org/node/645754
--- Log closed Tue Feb 15 14:34:39 2011
--- Log opened Tue Feb 15 15:00:17 2011
15:00 Closing query with jelenaromcevic
--- Log closed Tue Feb 15 15:00:17 2011
--- Log opened Thu Feb 17 16:27:47 2011
16:27 Starting query in Bitlbee with jelenaromcevic
16:27 playahater| http://drupal.org/node/948494
--- Log closed Thu Feb 17 16:33:19 2011
--- Log opened Thu Feb 17 22:19:57 2011
22:19          <-- jelenaromcevic has quit irc
--- Log closed Thu Feb 17 22:25:19 2011
--- Log opened Thu Feb 17 22:38:30 2011
22:38 Closing query with jelenaromcevic
--- Log closed Thu Feb 17 22:38:30 2011
--- Log opened Wed Apr 06 12:28:37 2011
12:28 Starting query in Bitlbee with jelenaromcevic
12:28 playahater| http://www.m3com.com.sa/en/admin/settings/openx
12:28 Closing query with jelenaromcevic
--- Log closed Wed Apr 06 12:28:40 2011
--- Log opened Thu Apr 07 12:01:34 2011
12:01 Starting query in Bitlbee with jelenaromcevic
12:01 playahater| http://redmine.diwanee.com/documents/27
12:05          <-- jelenaromcevic has quit irc
--- Log closed Thu Apr 07 12:11:07 2011
--- Log opened Thu Apr 07 12:25:47 2011
12:25 Closing query with jelenaromcevic
--- Log closed Thu Apr 07 12:25:47 2011
--- Log opened Fri Apr 08 17:22:42 2011
17:22 Starting query in Bitlbee with jelenaromcevic
17:22 playahater| PHP 5.3.2-1ubuntu4.7 with Suhosin-Patch (cli) (built: Jan 12 2011 18:36:08) 
17:22 Closing query with jelenaromcevic
--- Log closed Fri Apr 08 17:22:58 2011
--- Log opened Tue Apr 12 16:12:44 2011
16:12 Starting query in Bitlbee with jelenaromcevic
16:12 playahater| http://dev.m3com.com.sa/content/please-do-not-answer-this-question-want-to-check-if-it-will-be-deleted-after-7-days-without
16:18 Closing query with jelenaromcevic
--- Log closed Tue Apr 12 16:18:00 2011
--- Log opened Wed Apr 20 15:22:52 2011
15:22 Starting query in Bitlbee with jelenaromcevic
15:22 playahater| https://drupal.org/project/ls_extras
--- Log closed Wed Apr 20 15:28:41 2011
--- Log opened Wed Apr 20 16:02:31 2011
16:02 Closing query with jelenaromcevic
--- Log closed Wed Apr 20 16:02:31 2011
