--- Log opened Mon Apr 04 15:21:28 2011
15:21 Starting query in Bitlbee with jelenavisnjic_
15:21 playahater| http://www.m3com.com.sa/sitemap.xml
15:21 playahater| :)
15:21 Closing query with jelenavisnjic_
--- Log closed Mon Apr 04 15:21:34 2011
--- Log opened Mon Apr 04 15:24:58 2011
15:24 Starting query in Bitlbee with jelenavisnjic_
15:24 jelenavisnjic_| <FONT>jao, ja sam vec i zaboravila, jel to to onda?</FONT>
15:25 playahater| yup
15:25 playahater| :)
15:25 jelenavisnjic_| <FONT>tnx :)</FONT>
--- Log closed Mon Apr 04 15:31:15 2011
--- Log opened Mon Apr 04 15:46:42 2011
15:46 Closing query with jelenavisnjic_
--- Log closed Mon Apr 04 15:46:42 2011
--- Log opened Mon Apr 18 18:39:59 2011
18:39 Starting query in Bitlbee with jelenavisnjic_
18:39 jelenavisnjic_| تعرفت على معكم عن طريق:
18:40 jelenavisnjic_| ovo je prevod za referred from
--- Log closed Mon Apr 18 18:45:54 2011
--- Log opened Mon Apr 18 18:48:05 2011
18:48          <-- jelenavisnjic_ has quit irc
18:50 Closing query with jelenavisnjic_
--- Log closed Mon Apr 18 18:50:44 2011
--- Log opened Thu Apr 21 12:44:43 2011
12:44 Starting query in Bitlbee with jelenavisnjic_
12:44 jelenavisnjic_| milose
12:44 jelenavisnjic_| cao
12:47 playahater| e cao jeco ..
12:47 jelenavisnjic_| <FONT>jesi poceo da gledas leclerc</FONT>
12:48 playahater| da da .. na tome sam .. 
12:48 playahater| trudim se da ga importujem na lokalu ..
12:48 jelenavisnjic_| <FONT>ok reci ako treba da trazim da vreate video</FONT>
12:48 playahater| ok .. vichem chim pre ..
12:48 playahater| :)
12:48 jelenavisnjic_| <FONT>ok :)</FONT>
--- Log closed Thu Apr 21 12:53:50 2011
--- Log opened Thu Apr 21 13:05:25 2011
13:05 Closing query with jelenavisnjic_
--- Log closed Thu Apr 21 13:05:25 2011
--- Log opened Thu Apr 21 13:52:13 2011
13:52 Starting query in Bitlbee with jelenavisnjic_
13:52 playahater| jeco .. jel mozemo da dobijemo link do video fajla u ovom xml-u ?
13:52 Closing query with jelenavisnjic_
--- Log closed Thu Apr 21 13:52:44 2011
--- Log opened Tue Apr 26 15:34:25 2011
15:34 Starting query in Bitlbee with jelenavisnjic_
15:34 jelenavisnjic_| [resent] <FONT>milose vratili su movie u xml za leclerc</FONT>
--- Log closed Tue Apr 26 15:40:01 2011
--- Log opened Tue Apr 26 15:47:07 2011
15:47 Closing query with jelenavisnjic_
--- Log closed Tue Apr 26 15:47:07 2011
--- Log opened Wed Apr 27 12:13:17 2011
12:13 Starting query in Bitlbee with jelenavisnjic_
12:13 jelenavisnjic_| [resent] <FONT>oh, we got the news from the hosting company:<BR>[27.4.11. 12.08.56] Guillaume Delbos: so they activated fopen for PHP<BR>[27.4.11. 12.09.15] Guillaume Delbos: but we have to tell them which servor we want to join<BR>[27.4.11. 12.10.00] Guillaume Delbos: because by default, their servor doesn't allow trafic going out</FONT>
12:16 playahater| ovo je IP adresa servera na kome nam treba allow_url_fopen = On  =>  10.24.4.133 
--- Log closed Wed Apr 27 12:21:35 2011
--- Log opened Wed Apr 27 12:31:30 2011
12:31 Closing query with jelenavisnjic_
--- Log closed Wed Apr 27 12:31:30 2011
--- Log opened Wed Apr 27 18:14:03 2011
18:14 Starting query in Bitlbee with jelenavisnjic_
18:14 jelenavisnjic_| [resent] <FONT>http://www.m3com.com.sa/grouplogin/home</FONT>
--- Log closed Wed Apr 27 18:19:21 2011
--- Log opened Wed Apr 27 18:20:28 2011
18:20          <-- jelenavisnjic_ has quit irc
--- Log closed Wed Apr 27 18:26:21 2011
--- Log opened Wed Apr 27 18:26:51 2011
18:26          <-- jelenavisnjic_ has quit irc
--- Log closed Wed Apr 27 18:32:21 2011
--- Log opened Wed Apr 27 18:44:56 2011
18:44 Closing query with jelenavisnjic_
--- Log closed Wed Apr 27 18:44:56 2011
