--- Log opened Tue Mar 09 15:36:32 2010
15:36 Starting query in Bitlbee with JovanBarajic
15:36 JovanBarajic| des prikane
--- Log closed Tue Mar 09 15:41:56 2010
--- Log opened Tue Mar 09 16:52:17 2010
16:52          <-- JovanBarajic has quit irc
--- Log closed Tue Mar 09 16:57:56 2010
--- Log opened Tue Mar 09 17:27:31 2010
17:27 Closing query with JovanBarajic
--- Log closed Tue Mar 09 17:27:31 2010
--- Log opened Sun May 16 15:55:46 2010
15:55 Starting query in Bitlbee with JovanBarajic
15:55 JovanBarajic| HAHAHA! I bet you'll never beat my IQ score damn, I got a 104! I DARE YOU TO TRY LOL.. http://Mind-IQ-Test.info im j/k your prolly smarter than me but tell me what u get plz
15:57          <-- JovanBarajic has quit irc
--- Log closed Sun May 16 16:03:02 2010
--- Log opened Sun May 16 16:05:04 2010
16:05 Closing query with JovanBarajic
--- Log closed Sun May 16 16:05:04 2010
--- Log opened Thu May 20 07:34:13 2010
07:34 Starting query in Bitlbee with JovanBarajic
07:34 JovanBarajic| http://www.makemybaby.at.mn
07:35          <-- JovanBarajic has quit irc
--- Log closed Thu May 20 07:41:33 2010
--- Log opened Thu May 20 11:30:08 2010
11:30 Closing query with JovanBarajic
--- Log closed Thu May 20 11:30:08 2010
--- Log opened Tue Feb 22 13:10:15 2011
13:10 Starting query in Bitlbee with JovanBarajic
13:10 JovanBarajic| e
13:13 Closing query with JovanBarajic
--- Log closed Tue Feb 22 13:13:17 2011
--- Log opened Mon Apr 18 12:11:58 2011
12:11 Starting query in Bitlbee with JovanBarajic
12:11 JovanBarajic| eee
12:12 playahater| ehee ..
12:12 playahater| drugarstvo ..
12:12 JovanBarajic| pa gde si bre :) 
12:12 playahater| pa dje si ..
12:12 JovanBarajic| e'o me
12:12 JovanBarajic| blejim na poslu
12:13 playahater| e'o i mene .. :) .. 
12:13 playahater| isto na shaljci ..
12:13 playahater| brzina ..
12:13 playahater| sha ima .. kaj se dela ..
--- Log closed Mon Apr 18 12:19:51 2011
--- Log opened Mon Apr 18 12:23:02 2011
12:23 JovanBarajic| evo nista posebno ono malo bleja malo rad nista posebno
12:23 JovanBarajic| kad neradim blejim sa decom
12:23 JovanBarajic| a kad ne bejim snjima blejim sa zenom
12:23 JovanBarajic| i tako to
--- Log closed Mon Apr 18 12:28:51 2011
--- Log opened Mon Apr 18 13:25:04 2011
13:25 Closing query with JovanBarajic
--- Log closed Mon Apr 18 13:25:04 2011
