--- Log opened Thu Nov 18 10:34:02 2010
10:34 Starting query in Bitlbee with JovanDesimirovic
10:34 JovanDesimirovic| Krle..
--- Log closed Thu Nov 18 10:39:13 2010
--- Log opened Thu Nov 18 10:41:31 2010
10:41 playahater| y
10:41 playahater| yo
10:41 playahater| :)
10:41 JovanDesimirovic| ziv li si ;)
10:42 playahater| ih .. silovito od jutros ..
10:42 playahater| ti?
10:42 JovanDesimirovic| ja malo sa zadrshkom od jutros ;)
10:42 JovanDesimirovic| ali evo prikljucujem se radnom narodu :)
10:43 JovanDesimirovic| da budem malo koristan :P
10:43 JovanDesimirovic| e veceraske pada neka organizacija...
10:43 JovanDesimirovic| ne znam da li te Mile zvao!
10:43 JovanDesimirovic| neki vops ili vec...
10:46 playahater| pa da .. ja mu predlozio juche da se vidimo ako si u gradu ..
10:46 playahater| zemo ..
10:46 playahater| ja sam za ..
10:46 playahater| samo da ne okasnimo .. ;)
10:46 playahater| mozemo oko sedmice da smislimo neku organizaciju ..
10:46 playahater| osmice ..
10:46 playahater| :)
10:46 JovanDesimirovic| si si... ce da ti javne neko kad i kako ;)
10:46 playahater| ql
10:47 JovanDesimirovic| paaa ja cu malo da zoojim, ali cu da se i uklapam... za sad josh uvek ne znam svoj plan!
--- Log closed Thu Nov 18 10:53:13 2010
--- Log opened Thu Nov 18 10:54:36 2010
10:54 playahater| ok .. no frx ..
10:54 playahater| javite mi samo shta_kad_i_kako
10:54 playahater| :)
10:54 Closing query with JovanDesimirovic
--- Log closed Thu Nov 18 10:54:48 2010
--- Log opened Thu Nov 18 10:55:08 2010
10:55 Starting query in Bitlbee with JovanDesimirovic
10:55 JovanDesimirovic| si si sinjore ;)
--- Log closed Thu Nov 18 11:00:13 2010
--- Log opened Thu Nov 18 11:07:21 2010
11:07 Closing query with JovanDesimirovic
--- Log closed Thu Nov 18 11:07:21 2010
