--- Log opened Wed May 12 13:17:09 2010
13:17 Starting query in Bitlbee with kalkulus
13:17 kalkulus| 'bardan
--- Log closed Wed May 12 13:22:43 2010
--- Log opened Wed May 12 13:30:38 2010
13:30 playahater| oho .. bardan ..
13:30 playahater| :)
13:30 Closing query with kalkulus
--- Log closed Wed May 12 13:30:42 2010
--- Log opened Wed May 12 13:31:24 2010
13:31 Starting query in Bitlbee with kalkulus
13:31 kalkulus| kako je?
13:32 playahater| evo .. dnevna doza feedova .. :)
13:32 playahater| uz .. kafu .. naravno .. :)
13:32 kalkulus| naravno :)
13:32 playahater| kod tebe?
13:33 kalkulus| radim i slusham diggnation :)
13:33 kalkulus| htedoh da vidim hocete li svracati na open coffe sutra?
13:34 playahater| to je sutra,a?
13:34 playahater| koje vreme?
13:34 kalkulus| 18h
13:35 kalkulus| ja cu dodushe svratiti tek oko 19
13:35 playahater| uhhh .. tesno ..
13:35 playahater| a gde je okupljanje ?
13:35 kalkulus| kafe kolacic, blizu arene
13:36 playahater| i koliko se obichno zadrze ljudi?
13:36 playahater| sat-dva,a?
13:36 kalkulus| ume da se ostane do 10-11 opushteno
13:37 playahater| aha .. uhu .. pa super ..
13:37 playahater| gledatjemo da se pojavimo ..
13:37 playahater| imamo neke obligacije oko shestice ..
13:37 playahater| pa zavisi koliko tjemo se zadrzati ..
13:38 kalkulus| ma opushteno, smao rekoh da vas podsetim
13:38 kalkulus| pricali smo proshli put o tome
13:39 playahater| da da .. hvala .. :) ..
13:39 playahater| termin nas malo zulja .. ali .. potruditjemo se .. :)
13:39 kalkulus| shta se deshava sa NSNDom?
13:40 kalkulus| tj. jeste li dogovorili za prostor sa REXom?
13:40 playahater| dogovorili smo prostor u magacinu ..
13:41 playahater| sad pregovaramo sa ozonom, obzirom da imamo backup .. :)
13:41 kalkulus| ja sam skapirao da ce biti u rexu
13:41 kalkulus| ql
13:41 playahater| rex je zauzet u to vreme jer je poslednje nedelje svakog meseca pesnichenje ..
13:41 kalkulus| palo mi je napamet da bi mogli mozda da odemo u 'znak pitanja' ako se opet bude ishlo na neko masovno ozderavanje
13:42 kalkulus| blize je a i interesantno je mesto
13:42 playahater| to mislim da ne moz da nam promakne
13:42 playahater| :)
13:42 kalkulus| :D
13:43 playahater| pustitjemo ovih dana neko obaveshtenje na listu vezano za nsnd .. 
13:43 playahater| otjemo prvo da chekiramo neke hostele .. 
13:43 playahater| pa da se javimo s nechim konkretim .. :)
13:43 kalkulus| najs
13:43 kalkulus| ja cu ipak biti u gradu, pomeshao sam datume :)
13:46 playahater| super ..
13:47 playahater| da probamo da izbegnemo opasnu manjinu lokalne grupe ..
13:47 playahater| :)
13:47 Closing query with kalkulus
--- Log closed Wed May 12 13:47:23 2010
--- Log opened Wed May 12 13:47:29 2010
13:47 Starting query in Bitlbee with kalkulus
13:47 kalkulus| pazi, moze da se izreklamira malo po netu
13:47 kalkulus| dodushe, to moze da dovuce gomilu cudnog sveta
13:48 playahater| e .. pa to je ono shto nismo sigurno da li je ok ..
13:48 playahater| ipak je organizacija malo lokalizovana ..
13:48 playahater| novajlijama treba neki rtfm da bi se uklopili ..
13:48 playahater| ne znam .. mozemo da razmislimo malo tome ..
13:48 kalkulus| znam
13:49 kalkulus| ja svakako imam par ljudi koji su zainteresovani da svrate i vide o cemu se tu radi
13:49 kalkulus| ako svako dovede ponekoga, moze to da bude skroz ok
13:50 playahater| ta varijanta je skroz ok .. dok god je stvar iole pod kontrolom shto se tiche novih ljudi ..
--- Log closed Wed May 12 13:55:43 2010
--- Log opened Wed May 12 14:01:12 2010
14:01 playahater| sad pricham s markom o varijanti da ipak bacimo neku reklamu ..
14:01 playahater| .. jer pitanje je kolko tje to ljudi ozbiljno shvatiti ..
14:01 playahater| a posledice i ne mogu da budu toliko loshe ..
14:02 playahater| na kraju, ako je reklama lepo formulisana, jedini problem koji moze da se javi .. to je prostor ..
14:02 playahater| a to u principu i nije problem jer je magacin veliki .. pa mozemo da se izorganizujemo ..
14:02 kalkulus| pa da
14:03 kalkulus| mada, ako se pojavi dosta ljudi koji su zalutali, to moze malo da ubije atmosferu
14:03 kalkulus| glavni problem je kako predstaviti dogadjaj
14:03 kalkulus| nije bash jednostavno za objasniti :)
14:04 playahater| nimalo ..
14:04 playahater| :)
14:04 playahater| treba predstaviti bash onako kako jeste .. da ljudi ne ochekuju previshe ..
14:04 playahater| da ne bude posle .. nisam znao .. :)
14:04 kalkulus| treba mozd videti sa marcelom ili nekime vec, da li su oni mozda pisali na tu temu
14:05 kalkulus| znam da je na b92 ili gde vec ishao neki tekst
14:05 kalkulus| ali mislim da nije bash bio sjajan
14:06 kalkulus| u stvari, nije tako losh tekst
14:06 playahater| pa ima neshto ovde shto bi mogli da iskoristimo
14:06 kalkulus| ali ova recenica je smrt
14:06 kalkulus| Uspjeh ovakvih okupljanja leži prije svega u lucidnom poigravanju s pozicijom participacije gdje se referiranjem i kritikom prema tradicionalnom tipu sudjelovanja snažnije motivira sve sudionike na aktivni pristup i suradnju. 
14:06 playahater| http://www.nsnd.org
14:06 playahater| e .. to .. :)
14:06 playahater| hehe
14:07 playahater| a gde si sve mislio da oglasimo celu stvar?
14:08 playahater| twitter, face ?
14:08 kalkulus| pa to
14:08 kalkulus| mozda neki forum, ali to treba pazljivo izabrati
14:09 kalkulus| mislim, svi su dobrodoshli, ali nam buljuk nalozene klincarije koja moze da se nadje na recimo elitesecurity nikako ne treba
14:09 playahater| e da .. to definitvno ..
14:09 playahater| ja ne znam bash za forume ..
14:09 kalkulus| zato i rekoh mozda
14:10 playahater| ali twitter, face, friendfeed je skroz ok .. mozda po neki blog nekog dobrovoljca ako se nadje ..
14:10 kalkulus| pa da
14:11 playahater| pozitivna stvar sa "oglashavanjem" je to da moz da se desi da nam ostane neko od tih padobranaca na razmeni .. da proshirimo malo celu stvar ..
14:11 kalkulus| naravno, to je i poenta
14:12 kalkulus| mogli bi neku razmenu da napravimo za vikend, pa malo da popricamo o tome
14:12 playahater| definitivno ..
14:12 kalkulus| a usput da degustiramo Paulaner u Brodu :D
14:12 playahater| hehe
14:13 playahater| :)
14:13 playahater| ae bacitju na listu info za subotu popodne ..
--- Log closed Wed May 12 14:19:43 2010
--- Log opened Wed May 12 15:19:45 2010
15:19          <-- kalkulus has quit irc
--- Log closed Wed May 12 15:25:43 2010
--- Log opened Wed May 12 15:53:07 2010
15:53          <-- kalkulus has quit irc
15:54          <-- kalkulus has quit irc
15:55 Closing query with kalkulus
--- Log closed Wed May 12 15:55:31 2010
