--- Log opened Fri May 14 15:30:02 2010
15:30 Starting query in Bitlbee with lukastojanovic
15:30 playahater| prijatelju?
15:30 playahater| kako stojish s vremenom sutra?
15:30 playahater| otjemo se nadjemo u brodu i poprichamo malo o nsnd-u
15:31 playahater| rekoh da proverim s tobom, pa da pustim mail na grupu :)
15:31 Closing query with lukastojanovic
--- Log closed Fri May 14 15:31:21 2010
--- Log opened Fri May 14 15:49:26 2010
15:49 Starting query in Bitlbee with lukastojanovic
15:49 lukastojanovic| sutra cu verovatno probati da se muvam do muzeja tehnike posto ima neka svirka za noc muzeja
15:49 lukastojanovic| a ko je blizu broda pa moze da se spoji
15:49 lukastojanovic| ali kontam necu imati bas mnogo vremena
15:50 lukastojanovic| * a to je blizu broda
15:51 lukastojanovic| budzim malo ovaj xmonad :)
15:51 playahater| ok .. mi tjemo po svemu sudetji biti sutra oko shestice u brodu, pa ako budesh imao vremena, navrni .. :)
15:53 playahater| ja se juche jebavao oko multihead-a u xmonadu .. i mogu ti reci, mnogo su ga zakomplikovali ..
15:54 playahater| treba tu da se ubudzi jedno custom par f-ja :)
15:54 lukastojanovic| :)
15:54 lukastojanovic| mene multihead sluzi ok
15:54 lukastojanovic| nije kako sam se nadao, ali mi se svidja kud i kamo vise od bilo cega drugo
15:54 lukastojanovic| a f-je budzim ko pravi
15:54 playahater| :)
15:55 lukastojanovic| http://github.com/StarvingMarvin/dotfiles/blob/vast/.xmonad/xmonad.hs
15:55 lukastojanovic| vidi redove 76 - 80
15:55 lukastojanovic| ko da znam haskell :)
15:55 lukastojanovic| da nisam ja napisao ne bih imao pojma sta ovo radi :)
15:58 playahater| daamn .. kako krivi mozak ovaj haskel .. 
15:58 playahater| .. pa .. vishe manje mi nije jasno samo ovo shto si ti ubudzio .. :)
15:58 lukastojanovic| ma fenserisanje... ima gore na vrhu lista myApps
15:59 lukastojanovic| i kad stavim & ispred nekog slova, onda mi je to slovo shortcut za taj app
15:59 lukastojanovic| cisto zanimacija :)
16:00 playahater| uuu .. hc .. \m/
16:00 playahater| nisam znao da to moze .. :)
16:00 playahater| vrlo zgodna stvarchica
16:00 lukastojanovic| natenane ga siljim... pohvatao sam vecinu stvari oko programa gde koji ide, malo cu jos samo ta utegnem ove layoute
16:01 lukastojanovic| i yos par stvari posle oko izgleda i onog Prompta i to je kontam to
16:01 lukastojanovic| ... za pocetak :)
16:01 lukastojanovic| pose krece izivljavanje :)
16:02 lukastojanovic| ono zasto ne bi kad kliknem ovde onaj tamo prozor se pojavio onamo osim ako... :)
--- Log closed Fri May 14 16:07:50 2010
--- Log opened Fri May 14 16:42:10 2010
16:42 Closing query with lukastojanovic
--- Log closed Fri May 14 16:42:10 2010
--- Log opened Tue May 18 14:23:11 2010
14:23 Starting query in Bitlbee with lukastojanovic
14:23 lukastojanovic| http://xmonad.wordpress.com/2009/04/22/contribs-review/
14:23 lukastojanovic| nisam probao jos nista od ovoga, ali zvuci interesantno
--- Log closed Tue May 18 14:28:33 2010
--- Log opened Tue May 18 15:04:00 2010
15:04 playahater| e .. pa ja imam par contriba odatle koje koristim .. mada najupotrebljiviji je ovaj scratchpad ..
15:04 playahater| s druge strane .. ovo sa screen-ovima mi deluje privlachno ..
15:04 Closing query with lukastojanovic
--- Log closed Tue May 18 15:04:40 2010
--- Log opened Fri May 21 18:22:48 2010
18:22 Starting query in Bitlbee with lukastojanovic
18:22 playahater| prijatelju .. otjemo sutra da se vidimo u brodu?
18:22 playahater| za sad dolazimo marko i ja samo ..
18:23 playahater| reko da te pingujem .. pa ako ne budesh imao vremena .. da otkazemo ..
18:23 lukastojanovic| ajde
18:23 playahater| do jaja .. :)
18:23 playahater| da te ne zadrzavam .. vidimo se sutra u shesticu ..
18:23 playahater| :)
18:24 lukastojanovic| opet ne mogu da obecam previse vremena, ali mogu makar malo
18:24 playahater| ok .. nije frka .. makar da se vidimo ..
18:24 playahater| :)
--- Log closed Fri May 21 18:29:33 2010
--- Log opened Fri May 21 18:40:45 2010
18:40 Closing query with lukastojanovic
--- Log closed Fri May 21 18:40:45 2010
--- Log opened Sat Jan 29 14:46:41 2011
14:46 Starting query in Bitlbee with lukastojanovic
14:46 lukastojanovic| E, jesi tu?
14:46 lukastojanovic|  
14:46 lukastojanovic|  
14:46 lukastojanovic| ________________________________________________
14:46 lukastojanovic| Take GoogleTalk mobile with fring www.fring.com/googletalk
--- Log closed Sat Jan 29 14:52:16 2011
--- Log opened Sat Jan 29 16:02:18 2011
16:02          <-- lukastojanovic has quit irc
--- Log closed Sat Jan 29 16:08:16 2011
--- Log opened Sat Jan 29 16:30:36 2011
16:30          <-- lukastojanovic has quit irc
--- Log closed Sat Jan 29 16:36:16 2011
