--- Log opened Sat Apr 02 01:22:38 2011
01:22 Starting query in Bitlbee with markoreestic_
01:22 playahater| yo dude .. :) .. otjemo da stignemo ovo sad da testiramo .. ili ostaje za sutra ..
01:22 Closing query with markoreestic_
--- Log closed Sat Apr 02 01:22:58 2011
--- Log opened Sat Apr 02 13:03:18 2011
13:03 Starting query in Bitlbee with markoreestic_
13:03 markoreestic_| tu|?
13:07 Closing query with markoreestic_
--- Log closed Sat Apr 02 13:07:12 2011
--- Log opened Sat Apr 02 13:10:57 2011
13:10 Starting query in Bitlbee with markoreestic_
13:10 markoreestic_| odgovori mi sto pre, disu mi za vratom ovde, a ja vise ne znam gde ovo baguje
13:15 markoreestic_| cekaj i za fb i za twitter treba da bude link:
13:15 markoreestic_| http://www.twitter.com/home?status=imagePath
13:15 markoreestic_| http://www.facebook.com/sharer.php?u=imagePath
13:15 markoreestic_| sto mi imagePath vraca false
13:17 markoreestic_| ja  ne mogu da prodjem deo sa userRole kod forme za mms
13:17 markoreestic_| da li korinik petak ima userRole=true
13:18 playahater| da .. iz twitter i fb je isto ..
13:18 playahater| imagepath je false dok god se ne snimi slika u galeriju
13:19 playahater| sad tju da proverim za rolu
13:21 markoreestic_| sto mi sad vraca false kada ti saljem podatke kao juce?
13:21 playahater| shta shaljesh .. na koji url?
--- Log closed Sat Apr 02 13:27:43 2011
--- Log opened Sat Apr 02 13:37:21 2011
13:37 playahater| ok .. petak je sad u dsl grupi 
13:37 playahater| userRole bi trebalo da vratja true
13:37 Closing query with markoreestic_
--- Log closed Sat Apr 02 13:37:43 2011
--- Log opened Sat Apr 02 15:38:47 2011
15:38 Starting query in Bitlbee with markoreestic_
15:38 playahater| ok .. link je ql .. twitter je ql .. mms forma mi da lepo podatke .. 
15:39 playahater| fb link i dalje ima $
15:39 playahater| :)
15:39 playahater| na kraju mms procedure dobijem poruku u dva reda .. ovaj drugi je kratji .. 
15:39 playahater| jel to success?
15:39 playahater| :)
15:40 markoreestic_| dva reda cega? :)
15:40 playahater| nekog sranja shto arapi zovu pismo
15:40 playahater| :)
15:40 markoreestic_| hm treba da dovijes 3 reda :)
15:41 markoreestic_| ili dva :)
15:41 playahater| e jebiga sad ..
15:41 markoreestic_| zaboravio sam cek
15:41 playahater| :)
15:41 playahater| ae .. :)
15:41 markoreestic_| ja dobijem ok fb link:
15:41 markoreestic_| http://www.facebook.com/sharer.php?u=http://dev.m3com.com.sa/album/dress-gallery/augmented-20110402163649
15:41 playahater| a twitter?
15:41 markoreestic_| da dva
15:42 playahater| mene jebe mozda ovaj flash .. ako tebi radi taj share .. do jaja ..
15:42 playahater| dva reda je success?
15:42 playahater| a fail?
15:42 markoreestic_| ja proveravam to da li je dobro popunio
15:42 markoreestic_| tako da ne moze da posalje manje od dva reda
15:42 markoreestic_| fail vrati kada iz nekog razloga nemoze da snimi podatke, kao sto je sada bilo
15:43 playahater| ma ne .. mislim na poruku nakon shto lepo popuni formu i klikne send ..
15:43 playahater| ja onda probam da poshaljem te podatke mms-om ..
15:44 playahater| i kad prodje pola minuta .. on mi izbaci neku poruku ..
15:44 playahater| to je verovatno obaveshtenje da li je ok proshlo slanje
15:44 playahater| e to obaveshtenje je poruka u dva reda .. drugi red je kratji ..
15:44 playahater| pa reko da vidim jel ta poruka znachi success ili fail
15:45 playahater| :)
15:45 markoreestic_| zaista nemam pojma
15:45 playahater| :)
15:46 playahater| videtjemo u mms log-u .. :) ..
15:48 playahater| e ok .. mislim da je to to ..
15:48 playahater| meni i dalje fb daje dolar .. al ako kazesh da radi .. onda ok ..
15:48 playahater| mozda ovaj moj flash budali
15:49 markoreestic_| video si, meni ga nema i fb i twitter
15:49 playahater| do jaja ..
15:49 playahater| dobri smo onda ..
15:49 playahater| e .. ima josh jedna sitnica ..
15:49 markoreestic_| vala konacno :)
15:49 markoreestic_| neeeeeee
15:50 playahater| e .. al nema veze s programiranjem .. mislim da moz da ubudzimo na drugi nachin ..
15:50 playahater| njima je frka to shto korisnik ne zna shta se deshva .. nema nikakve poruke nakon shto klikne i cheka .. 
15:50 playahater| jel ima neka JEDNOSTAVNA i brza finta u flash-u da mu recimo napravimo efekat na button-u na koji je kliknuo ..
15:51 playahater| da se vidi da se kao neshto radi ..
15:51 playahater| da ima osetjaj da treba da sacheka onaj prozor za obaveshtenje
15:51 markoreestic_| mogu da ubacim
15:51 playahater| e .. to bi bilo do jaja ..
15:52 playahater| jer su oni u fazonu da treba da iskachu non-stop neke poruke i sranja ..
15:52 markoreestic_| stavicu kao neki ql preloader
15:52 playahater| kontam da animirani button ili .. da .. preloader je do jaja reshenje ..
15:52 playahater| super druze .. 
15:52 playahater| sorry ako sam te iscimao ..
15:52 playahater| jebiga .. i meni sede na kichimi .. znash vetj kako je ..
15:52 playahater| :)
15:54 markoreestic_| znam iscimali smo se obojica
--- Log closed Sat Apr 02 15:59:43 2011
--- Log opened Sat Apr 02 16:08:38 2011
16:08          <-- markoreestic_ has quit irc
16:09 Closing query with markoreestic_
--- Log closed Sat Apr 02 16:09:58 2011
--- Log opened Sat Apr 02 16:11:23 2011
16:11 Starting query in Bitlbee with markoreestic_
16:11 markoreestic_| preloader je ok?
16:12 playahater| jeste .. radi ..
16:12 playahater| :)
16:12 playahater| do jajca
16:15 Closing query with markoreestic_
--- Log closed Sat Apr 02 16:15:36 2011
--- Log opened Sat Apr 02 16:46:20 2011
16:46 Starting query in Bitlbee with markoreestic_
16:46 playahater| dude .. izgleda ipak imamo bug na fb ..
16:46 playahater| dosta chudno ..
16:46 playahater| u svakom sluchaju .. ja sam online .. pa vichi kad zbudzish neshto .. da bacim na server pa da probamo ..
16:46 playahater| 10x ..
16:46 Closing query with markoreestic_
--- Log closed Sat Apr 02 16:46:55 2011
--- Log opened Sat Apr 02 16:48:21 2011
16:48 Starting query in Bitlbee with markoreestic_
16:48 markoreestic_| sa simbolom $?
16:49 markoreestic_| sad cu da testiram na cimerovom kompu
16:50 playahater| da .. i dalje prosledjuje link sa $
16:50 playahater| al samo fb ..
16:50 playahater| meni i na firefoxu i na chrome-u
16:52 markoreestic_| evo testiram na cimerovom racunaru, on nikada nije bio na ovom sajtu
16:52 markoreestic_| i nema $
16:53 markoreestic_| ako mozes, posalji nekome ko takodje nije koristio aplikaciju
16:54 playahater| pa sad gledam .. nemam nikog 'zgodnog' online ..
16:54 playahater| sad tju da vidim sa sandrom ..
--- Log closed Sat Apr 02 17:00:18 2011
--- Log opened Sat Apr 02 17:09:33 2011
17:09 Closing query with markoreestic_
--- Log closed Sat Apr 02 17:09:33 2011
--- Log opened Sat Apr 02 18:00:16 2011
18:00 Starting query in Bitlbee with markoreestic_
18:00 playahater| yo dude ..
18:00 markoreestic_| hej
18:01 playahater| sad sam probao iz virtualbox-a .. doza 7 .. u firefox-u ima $ ispred fb linka
18:01 playahater| jebem li ga shta moz da bude ..
18:01 playahater| chudno ..
18:04 markoreestic_| nije mi nista jasno, evo koda koji ja pozivam za otvaranje stranice:
18:04 markoreestic_| navigateToURL(new URLRequest('http://www.facebook.com/sharer.php?u='+imagePath), '_blank');
18:04 markoreestic_|  ne moze da bude jasnije od toga, sigurno je neki jako cudni kesh u pitanju jer nema sanse da jos ima tog simbola u adresi...
18:06 markoreestic_| jedino ako mi u kodu nije ostala jos negde ta dresa :/, sada cu da ga predjem uszduz i popreko
18:06 markoreestic_| jeste li proverili da li se to javlja kada prvo idete na fb bez snimanja u galeriju itd
18:07 playahater| pa ako ne snimish u galeriju .. nemash link .. tako da ne moz na share nikako pre toga .. 
18:07 playahater| mada je chudno da je link za twitter dobar ..
18:07 playahater| majka mu stara ..
18:07 playahater| :\
18:07 markoreestic_| ma napravio sam ja da salje u galeriju ako pre toga nije snimljeno a kliknuo je na fb
18:08 playahater| uh .. al onda tje da ima duplikat slike ako klikne i na onaj button za snimanje samo
18:08 markoreestic_| da do toga je, kada ides direktno na fb onda je sve ok, a kada kliknes prvo ne galeriju onda ima $
18:09 markoreestic_| nece, proveravam ako postoji vec imagePath
18:09 markoreestic_| da preskoci tj deo
18:10 playahater| mis'im da je safe da mu izbacish greshku ako ne postoji imagepath .. 
18:10 playahater| neka prvo snimi u galeriju pa nek se vrati ..
18:11 playahater| jer ja generishem slike po datumu i sekundama .. zajebano da ga jurim da l je vetj kliknuo na snimanje ili je dosho pravo na share ..
18:11 playahater| samo izbaci taj deo koda .. :)
18:14 markoreestic_| ne pazi taj deo ja proveravam, ako je vec dobio adresu slike onda damo salje na fb tu adresu, ako nije onda snimi pa posalje onu adresu koju dobije nazad, isto kao kod snimanja u galeriju, a kada snima u galeriju, proverava da li je vec snimljeno ako jeste ne snima. Kada se vraca na try again resetujem vrednost imagePath-a i tada ponov slika
18:14 markoreestic_| samo ignorisi ovaj zadnji fajl
18:14 markoreestic_| saljem ti drugi
18:15 playahater| aha .. ok .. ql ..
18:15 playahater| sad kontam ..
18:15 playahater| shto odma nisi reko .. :)
18:15 markoreestic_| :p
--- Log closed Sat Apr 02 18:20:51 2011
--- Log opened Sat Apr 02 18:27:32 2011
18:27 markoreestic_| poslao sam ti zadnje
18:27 playahater| ql .. sad tje online ..
--- Log closed Sat Apr 02 18:33:51 2011
--- Log opened Sat Apr 02 18:39:51 2011
18:39 playahater| to je to druze ..
18:40 markoreestic_| konacno
18:40 playahater| fuck yes
18:40 playahater| :)
--- Log closed Sat Apr 02 18:45:51 2011
--- Log opened Sat Apr 02 18:46:16 2011
18:46 playahater| sad tje nadlezni da testiraju .. pa da vidimo shta oni kazu .. :P
18:46 Closing query with markoreestic_
--- Log closed Sat Apr 02 18:46:43 2011
--- Log opened Thu Apr 07 22:03:31 2011
22:03 Starting query in Bitlbee with markoreestic_
22:03 playahater| yo dude ..
22:03 playahater| http://www.m3com.com.sa/en/games/%D8%A7%D8%B1%D8%AA%D8%AF%D9%8A-%D9%82%D9%85%D9%8A%D8%B5-%D9%81%D8%B1%D9%8A%D9%82%D9%83-%D8%A7%D9%84%D9%85%D9%81%D8%B6%D9%84
22:04 playahater| kratko pitanje .. shta mislish da moze da bude problem ..
22:04 playahater| uchita flash .. podesio sam url-ove u xml-u .. ali mi ne uchitava dresove ..
22:04 playahater| imash neku ideju gde bih mogo da ga pojurim?
22:04 playahater| :)
--- Log closed Thu Apr 07 22:10:07 2011
--- Log opened Thu Apr 07 22:13:12 2011
22:13          <-- markoreestic_ has quit irc
--- Log closed Thu Apr 07 22:19:07 2011
--- Log opened Thu Apr 07 22:47:22 2011
22:47          <-- markoreestic_ has quit irc
22:51 markoreestic_| evo saljem, testirao sam ovde lokalno i ucitava dresove
22:51 markoreestic_| 49:58
22:51 markoreestic_| do www je bio problem
22:51 markoreestic_| 50:24
22:51 markoreestic_| poslao
22:51 markoreestic_| 50:31
22:51 markoreestic_| javi mi sto pre da li radi
22:51 markoreestic_| 50:37
22:51 markoreestic_| i ostalo sve
--- Log closed Thu Apr 07 22:57:07 2011
--- Log opened Thu Apr 07 23:02:21 2011
23:02 Closing query with markoreestic_
--- Log closed Thu Apr 07 23:02:21 2011
