--- Log opened Wed Mar 10 03:18:40 2010
03:18 Starting query in Bitlbee with markohomoludens
03:18 markohomoludens| vi reslili da zavrsite veceras? :)
03:19 markohomoludens| inace (da ne brines) pecka je na "3" i uporno greje
--- Log closed Wed Mar 10 03:25:32 2010
--- Log opened Wed Mar 10 03:28:50 2010
03:28 playahater| uuu .. fancy ..
03:29 playahater| pa da odradimo shto vishe .. :) ..
03:29 playahater| ne mora .. ali .. ;)
03:29 Closing query with markohomoludens
--- Log closed Wed Mar 10 03:29:23 2010
--- Log opened Sun Jul 25 21:06:10 2010
21:06 Starting query in Bitlbee with markohomoludens
21:06 markohomoludens| jel si tu?
21:08 playahater| aham
21:08 Closing query with markohomoludens
--- Log closed Sun Jul 25 21:08:12 2010
--- Log opened Sun Jul 25 21:08:41 2010
21:08 Starting query in Bitlbee with markohomoludens
21:08 markohomoludens| upravo trazim da zatvorim tiket za og_episodes :)
21:13 markohomoludens| ali ga ne nalazim. pusti mi ime tiketa ako ga znas
21:16 playahater| hmmm ..
21:16 playahater| chek da vim ..
21:19 playahater| pa da .. mislim da ne postoji ticket za taj og_episodes ..
21:19 markohomoludens| jos bolje :)
21:19 markohomoludens| ja jurim sada one duplikate
21:19 playahater| napravi .. i odmah ga zatvori
21:19 playahater| :)
21:19 markohomoludens| aha :)
21:19 playahater| hehe
21:19 markohomoludens| ovde su duplikati http://dev.radioswap.net/radio-panik
21:20 markohomoludens| nije mi jasno. ovaj views http://dev.radioswap.net/admin/build/views/edit/block_episodes_on_station daje duplo
21:21 playahater| a jel nije beshe tu ona fora sa node_save?
21:22 playahater| kolko vidim .. nema razloga da duplira ..
21:22 playahater| a Distinct ?
21:24 markohomoludens| nije. to je bilo sa serijalima koji su uvezeni iz stare baze
21:24 playahater| ah .. da ..
21:24 Closing query with markohomoludens
--- Log closed Sun Jul 25 21:24:53 2010
--- Log opened Sun Jul 25 21:42:41 2010
21:42 Starting query in Bitlbee with markohomoludens
21:42 markohomoludens| http://projets.domainepublic.net/issues/496
21:42 markohomoludens| nasao sam duplikate.
21:43 markohomoludens| mada mi nije jasno zasto je taj views sa style "Table"
21:44 markohomoludens| i zasto je imao field "Taxonomy Term" koji je "excluded form display"?! za svaki term je prikazivao epizodu pa ako ima 4 terma prikazuje je 4 puta :)
21:44 playahater| e ..
21:44 playahater| pa to je direktor bio pametan
21:45 playahater| :|
21:45 playahater| table treba da ostane .. a hideen polja iz views .. delete
21:45 playahater| ja bih tako to reshio
21:45 markohomoludens| pa to sam i pretpodstavio pa sam ga indirektno malo ocrnio.
21:46 playahater| pajser
21:51 markohomoludens| a sta treba ovde da se uradi: http://projets.domainepublic.net/issues/491
21:51 markohomoludens| ?
21:52 playahater| pravo ti kazem .. ne razumem ..
21:53 playahater| al mislim da ne treba da se meshamo .. to on neshto sebi u bradu s template-ima ..
21:53 playahater| do nas je bilo dok je bio taj "bug" u php-u za licence ..
21:53 markohomoludens| pa kaze da se ne vidi link ka mp3 fajlu na tom linku. sto je istina...
21:56 playahater| ima dva ogg fajla u tom nodu ..
21:56 playahater| za pochetak mi to nije jasno ..
21:56 playahater| mislim da je problem u tom nodu .. a ne bug negde u kodu ..
21:56 playahater| a?
21:57 Closing query with markohomoludens
--- Log closed Sun Jul 25 21:57:24 2010
--- Log opened Sun Jul 25 21:58:06 2010
21:58 Starting query in Bitlbee with markohomoludens
21:58 markohomoludens| i ja to gledam... mislim da je prvo bio zakacio mp3 fajl, koji je pretvoren u ogg i to je ovaj dole. a onda je taj mp3 zamenio sa ovim ogg-om  i valjda je ocekivao da ce media mover da odradi svoje bez brisanja fajla :)
22:00 playahater| e .. jedno podpitanje ..
22:00 markohomoludens| ajd
22:00 playahater| jel palm treba da bude sve vreme u struju?
22:01 markohomoludens| pa.... da :) ali niko nece da pogine ako ga iskljucis
22:01 playahater| dobro .. netje ga iskljuchujemo ..
22:01 markohomoludens| uuu media mover je zaboo
22:01 playahater| samo mi trebala informacija ..
22:02 playahater| define: zaboo
22:02 playahater| :)
22:03 markohomoludens| evo pa vidi http://dev.radioswap.net/admin/build/media_mover
22:03 markohomoludens| :)
22:05 playahater| mislish na ovaj kusur od 5 noda shto ostao?
22:05 markohomoludens| aha
22:06 playahater| ja .. dozvoli .. ne vidim drugu greshku ..
22:06 playahater| aa ..
22:06 playahater| a jel to nije nakon uvoza baze i kompletnog konvertovanja?
22:06 markohomoludens| pa bili su tu i neki crveni errori
22:06 markohomoludens| ali su se prikazali samo meni
22:07 markohomoludens| kao neki fajlovi ne postoje
22:08 markohomoludens| da tri fajla nisu postojala i on tu stane... ne radi konverziju dok se to ne resi... to je bezveze... a tek mi nije jasno kako nema tih fajlova
22:08 playahater| hmm .. inache .. taj error se nekako .. "random" pojavljuje ..
22:08 playahater| imash mail
22:09 playahater| ja sam ga nahvatao danas .. i odradio screenshot ..
22:09 playahater| mada mislim da mi se uvek do sad pojavljivao samo kao anonymus .. ne setjam se da mi se desila greshka dok sam bio ulogovan kao admin
22:10 playahater| ako uopshte mislimo na istu greshku ..
22:10 playahater| inache .. vidi mi xmobar .. :D
22:11 markohomoludens| ovo je nesto potpuno nevezano
22:11 playahater| aham .. ok ..
22:11 Closing query with markohomoludens
--- Log closed Sun Jul 25 22:11:35 2010
--- Log opened Sun Jul 25 22:11:57 2010
22:11 Starting query in Bitlbee with markohomoludens
22:11 markohomoludens| sta sa njim? cpu i mem?
22:12 playahater| multicpu, wireless essid i strenght
22:12 playahater| :)
22:12 playahater| ima i mpd plugin ..
22:13 markohomoludens| :)
22:14 markohomoludens| a bas gledam sta ti je sad "test" :)
22:15 playahater| pa nakon poslednjeg world-a .. misteriozno prestao da radi network monitor u xmobar-u .. pa sam bio primoran da ga iskompajliram iz darcs-a .. :) ..
22:15 markohomoludens| definitivno ima neki problem sa importovanjem i konverzijom fajlova iz podkasta.
22:17 Closing query with markohomoludens
--- Log closed Sun Jul 25 22:17:42 2010
--- Log opened Sun Jul 25 22:22:39 2010
22:22 Starting query in Bitlbee with markohomoludens
22:22 markohomoludens| definitivno imam problem sa epizodama importovanim iz podkasta.
22:24 playahater| nema fajla u njima,a? .. 
22:24 playahater| filepath ..
22:24 playahater| to moz na wave ili mail da pishemo takve stvari .. da ne "zagadjujemo" redmin .. :)
22:25 markohomoludens| ma ima ali ih naziva kao FeedsSimplePieEnclosure-20100527_No_border_.mp3
22:25 playahater| fuck ..
22:25 markohomoludens| a ocekuje eedssimplepieenclosure-20100527noborder.ogg
22:25 markohomoludens| (mala slova)
22:25 playahater| aha ..
22:26 markohomoludens| a pri tome se nesto cudno desi i sa mp3 i ogg
--- Log closed Sun Jul 25 22:31:49 2010
--- Log opened Sun Jul 25 22:32:52 2010
22:32 markohomoludens| ali izgleda da su nodovi ok i falovi rade... hmmm
22:33 markohomoludens| poslacu ti mail da probas te fajlove. i mpr i ogg.
--- Log closed Sun Jul 25 22:38:49 2010
--- Log opened Mon Jul 26 01:05:25 2010
01:05 Closing query with markohomoludens
--- Log closed Mon Jul 26 01:05:25 2010
--- Log opened Mon Jul 26 14:21:59 2010
14:21 Starting query in Bitlbee with markohomoludens
14:21 markohomoludens| ce spremis neku veceru ili da narucis da donesu?
14:22 markohomoludens| ja planiram da krenem oko 17-18h.
14:25 playahater| tje naruchimo .. ;)
14:25 Closing query with markohomoludens
--- Log closed Mon Jul 26 14:25:34 2010
--- Log opened Mon Jul 26 14:26:02 2010
14:26 Starting query in Bitlbee with markohomoludens
14:26 markohomoludens| 'ajd. :)
14:26 markohomoludens| uzmi 2-3 porcije.
14:28 playahater| :)
14:29 playahater| tje vidimo s restoranom ..
14:29 playahater| :)
14:29 Closing query with markohomoludens
--- Log closed Mon Jul 26 14:29:39 2010
--- Log opened Mon Jul 26 14:30:19 2010
14:30 Starting query in Bitlbee with markohomoludens
14:30 markohomoludens| mnogo smajlija za jedan obrok... ce im bude sumnjivo :)
14:31 playahater| :)
14:31 playahater| samo da ne zavrshimo na to da oni "chaste" vecheru.. :)
14:32 playahater| si na https?
14:32 playahater| :)
14:32 playahater| hehe
14:33 Closing query with markohomoludens
--- Log closed Mon Jul 26 14:33:03 2010
--- Log opened Mon Jul 26 14:34:08 2010
14:34 Starting query in Bitlbee with markohomoludens
14:34 markohomoludens| jesam :)
14:34 playahater| dobro .. da ne brinem .. :)
14:34 markohomoludens| jesi li primetio "Go off the record" opciju na gmail chatu?
14:35 playahater| meni to chekirano vetj 3 godine ;)
14:35 markohomoludens| ali gde je record?
14:35 playahater| /usr/mail/marko.homoludens/logs/
14:35 playahater| :D
14:35 playahater| al kod njih
14:35 playahater| :)
14:36 playahater| ili /var/lib/mail/
14:36 playahater| zavisi .. 
14:37 playahater| ali imash .. chat u desnom bloku pa moz da vish log svakog chata
14:37 playahater| mada koj tje ti
14:37 markohomoludens| ma ja mislim da je na C:/>mejl
14:37 playahater| lol
14:38 playahater| nemoj tako da crnish tjaleta .. pa nije tjale veverica
14:42 markohomoludens| idem da suknem neki podkast za uzput
--- Log closed Mon Jul 26 14:47:49 2010
--- Log opened Mon Jul 26 14:49:49 2010
14:49 Closing query with markohomoludens
--- Log closed Mon Jul 26 14:49:49 2010
--- Log opened Mon Jul 26 15:42:33 2010
15:42 Starting query in Bitlbee with markohomoludens
15:42 markohomoludens| klikcem po reditu i neko pomenuo... ajd sukni ovo da imamo za veceru https://thepiratebay.org/torrent/5672097/Snatch_%282000%29_DVDRip_%5BRus___Eng%5D
15:43 markohomoludens| http://i.imgur.com/W6SYo.jpg
--- Log closed Mon Jul 26 15:48:49 2010
--- Log opened Mon Jul 26 16:03:00 2010
16:03 playahater| ne seri .. snatch,a?
16:03 Closing query with markohomoludens
--- Log closed Mon Jul 26 16:03:59 2010
--- Log opened Mon Oct 04 23:30:25 2010
23:30 Starting query in Bitlbee with markohomoludens
23:30 markohomoludens| e...
23:30 markohomoludens| ima li nade?
--- Log closed Mon Oct 04 23:35:53 2010
--- Log opened Mon Oct 04 23:52:53 2010
23:52 playahater| e .. pa evo .. jebavam se da izvuchem nodove na osnovu tid-a
23:52 Closing query with markohomoludens
--- Log closed Mon Oct 04 23:52:56 2010
--- Log opened Mon Oct 04 23:54:13 2010
23:54 Starting query in Bitlbee with markohomoludens
23:54 markohomoludens| uuu...
23:54 markohomoludens| ja spremio veceru, pa reko dali cu da veceram sam ili ne.
23:54 markohomoludens| steta sto to nije na javnoj adresi
23:55 markohomoludens| ja sam svima posalo "pušite mi kurac" mejlove :P
23:55 playahater| jebavam se da izvuchem nid na osnovu tid-a ..
23:55 markohomoludens| i dobio si request za latitude. updejtovao sam na cyanogen
23:55 playahater| treba da odshtampam background image iz cck polja a imam samo tid i to iz url-a
23:56 playahater| chim to nabudzim .. kretjem .. :) ..
23:56 markohomoludens| a ta stvar je dosla na red
23:56 markohomoludens| hajde da probamo
23:56 markohomoludens| kako se pravi taksonomija
23:56 markohomoludens| ?
23:56 markohomoludens| ručno ili preko noda?
23:56 playahater| $path = drupal_get_path_alias($_GET['q']);
23:56 playahater| $path = explode('/', $path);
23:56 playahater| $termname = array_pop($path);
23:56 playahater| $termname = str_replace("-", " ", $termname);
23:56 playahater| $terms = taxonomy_get_term_by_name($termname);
23:56 playahater| $term = reset($terms);
23:56 playahater| $misha = $term->tid;
23:56 playahater| $tidss = array($misha);
23:56 playahater| $node1 = taxonomy_select_nodes($tidss, 'or', 0, TRUE, 'n.sticky DESC, n.created ASC');
23:56 playahater| $node = taxonomy_select_nodes($tidss);
23:56 playahater| print_r($node1);
23:56 playahater| dotle sam stigo .. :) .. 
23:57 playahater| ja joj prosledim tid .. i ochekujem nodove .. a dobijam "Resource id #1089"
23:57 playahater| i tu me jebe vetj pola sata
23:58 playahater| taj background je na panel pageu .. sa views-om .. niti imam nodid niti boze daj .. uspeo sam da izvuchem tid iz url-a i sad mi je ideja da dodjem do tog noda preko tid-a ..
23:58 playahater| al me jebe
23:58 playahater| :)
23:59 markohomoludens| evo sad ce ga resimo
23:59 playahater| :)
--- Log closed Tue Oct 05 00:04:53 2010
--- Log opened Tue Oct 05 00:06:22 2010
00:06 markohomoludens| http://api.drupal.org/api/function/drupal_get_normal_path/6
--- Log closed Tue Oct 05 00:11:53 2010
--- Log opened Tue Oct 05 00:16:27 2010
00:16 playahater| hmmmmmm
00:16 playahater| i shta s tim ..
00:16 playahater| :)
00:17 playahater| treba mi node_load(tid) :)
00:17 playahater| imam tid
00:18 playahater| al ne mogu da uchitam nodove na osnovu njega .. ili mi vrati prazan niz .. il "Resource id #1089"
00:22 markohomoludens| polako
00:22 markohomoludens| kog je tipa nod iz koga cupas sliku
00:22 markohomoludens| "machine name"
00:26 playahater| channel
00:27 markohomoludens| <?php
00:27 markohomoludens| $path = drupal_get_normal_path($_GET['q']);
00:27 markohomoludens| $term = explode('/', $path);
00:27 markohomoludens| $term = $term[2];
00:27 markohomoludens| $count = 1;
00:27 markohomoludens| $node_type = "story";
00:27 markohomoludens| $sql = "SELECT distinct n.title, n.nid FROM {node} n INNER JOIN {term_node} tn ON n.nid = tn.nid WHERE tn.tid in ($term) AND n.status=1  AND n.type = '$node_type' ORDER BY n.created DESC";
00:27 markohomoludens| $result = db_query_range(db_rewrite_sql($sql), 0, $count);
00:27 markohomoludens| if ($result) {
00:27 markohomoludens|    $node = node_title_list($result);
00:27 markohomoludens| }
00:27 markohomoludens| else {
00:27 markohomoludens|   $node = t('No nodes available.');
00:27 markohomoludens| }
00:27 markohomoludens| print $node;
00:27 markohomoludens| ?>
00:27 markohomoludens| stavi channel umesto story i dobićes taj nod
00:27 playahater| ql .. che da probam ..
00:29 markohomoludens| jurim da bas dobijem node object
00:29 markohomoludens| sad ce
00:29 markohomoludens| već sam ga izmorio :)
00:31 markohomoludens| evo fa
00:32 playahater| ok .. ql .. radi .. .. imam node title i link ..
00:33 markohomoludens| <?php
00:33 markohomoludens| $path = drupal_get_normal_path($_GET['q']);
00:33 markohomoludens| $term = explode('/', $path);
00:33 markohomoludens| $term = $term[2];
00:33 markohomoludens| $count = 1;
00:33 markohomoludens| $node_type = "story";
00:33 markohomoludens| $sql = "SELECT distinct n.title, n.nid FROM {node} n INNER JOIN {term_node} tn ON n.nid = tn.nid WHERE tn.tid in ($term) AND n.status=1  AND n.type = '$node_type' ORDER BY n.created DESC";
00:33 markohomoludens| $result = db_query_range(db_rewrite_sql($sql), 0, $count);
00:33 markohomoludens| if ($result) {
00:33 markohomoludens|    $node_basic =  db_fetch_object($result);
00:33 markohomoludens| }
00:33 markohomoludens| else {
00:33 markohomoludens|   $node = t('No nodes available.');
00:33 markohomoludens| }
00:33 markohomoludens| $node = node_load($node_basic->nid);
00:33 markohomoludens| print_r($node );
00:33 markohomoludens| ?>
00:33 markohomoludens| evo ga na kraju dobijas $node objekat iz koga možes da izvuces putanju do slike
00:33 playahater| jeeeeeeeee :)))
00:33 markohomoludens| i to je kod za .tpl.php fajl
00:33 playahater| che da probam ..
00:34 markohomoludens| samo zameni story sa channel :P
00:35 playahater| toooo mare care .. :) ..
00:35 markohomoludens| e da malo je problem jer nema nikakvih provera. pa ovaj sql moze da te opali po vugla
00:36 markohomoludens| u koji templejt si ga stavio
00:36 markohomoludens| ?
00:37 playahater| page-category-channels.tpl.php
00:38 markohomoludens| a pa ok. ako se sve odradi kako treba (smo jedan "channel" pripada  kategoriji i mora da ima taj jedan) neće te nabosti
00:38 markohomoludens| a ako nema i onako neće raditi :)
00:40 markohomoludens| tek mi je sada stigao mejl
00:40 markohomoludens| poslao sam ti request za latitude
00:40 markohomoludens| :)
00:40 markohomoludens| do jaja je
00:42 playahater| pa ja ti pricham .. :) 
00:47 markohomoludens| i cyanogen MNOGO bolje radi
00:47 markohomoludens| :)
--- Log closed Tue Oct 05 00:52:53 2010
--- Log opened Tue Oct 05 01:32:06 2010
01:32 Closing query with markohomoludens
--- Log closed Tue Oct 05 01:32:06 2010
--- Log opened Thu Oct 14 17:46:34 2010
17:46 Starting query in Bitlbee with markohomoludens
17:46 markohomoludens| e
17:49 playahater| e
17:49 markohomoludens| sta se zbiva sa wfestom? jesu li se resili napokon?
17:50 markohomoludens| a i ja nisam siguran da mozemo da izvedemo to sto oni hoce, narocito ne za sutra...
17:51 playahater| pa znam .. to tju i ja da mu kazem ..
17:51 playahater| uglavnom .. chetkam bogija da stigne ..
17:52 playahater| cimnuo me pre par minuta na chat .. 
17:52 playahater| stize do 18:30 najkasnije ..
17:52 playahater| (bar tako kaze)
17:52 playahater| pitao jel idemo na drupal.rs ..
17:52 playahater| reko .. sve zavisi od webfesta ..
17:52 playahater| sad tje vimo kad stigne shta tjemo i kako tjemo ..
17:52 markohomoludens| pa meni ne zavisi od webfesta
17:52 playahater| pa znam ..
17:53 playahater| meni izgleda zavisi .. :)
17:53 playahater| tje vimo .. chekam da stigne .. pa da se izdogovaramo ..
17:53 markohomoludens| u principu me ne interesuju, ne dam da me cima tako da za 2 sata hoce da mu uradim nesto sto ne umem.
17:53 playahater| kontam da sam doma do sedmice ..
17:54 markohomoludens| kako da se izvede to sa glasanjem? ja neznam.
17:54 playahater| ne znam ni ja .. shto najgore .. ne zna niko ovde u kancelariji ..
17:54 playahater| (raspitao sam se) 
17:54 playahater| :)
17:55 markohomoludens| jos sa ajax pagerom :) mi ne mozemo ni da vratimo coveka na istu stranu :) a kamo li da glasa
17:56 playahater| hehe
17:56 playahater| :)
17:56 playahater| it`s funny couse it`s true
17:56 playahater| :)
17:57 markohomoludens| a gde je nestao taj widget? obrisao si ga iz templejta?
17:58 playahater| widget?
17:58 playahater| pa na nodu
17:58 playahater| ako mislimo na isto
17:58 playahater| :)
17:58 markohomoludens| ovaj plus za glasanje?
17:58 markohomoludens| nema ga na nodu...
17:59 markohomoludens| ima ga samo na tom _grid views-u
18:00 playahater| da da .. nema ga na nodu ..
18:00 playahater| bogi kaze da ne diram nishta dok ne dodje
18:00 playahater| :|
18:00 markohomoludens| e u k****... sto su zajebani... ali neje rekao da ja ne diram :)
18:01 playahater| hahaha
18:03 Closing query with markohomoludens
--- Log closed Thu Oct 14 18:03:26 2010
--- Log opened Thu Oct 14 18:26:51 2010
18:26 Starting query in Bitlbee with markohomoludens
18:26 markohomoludens| e
18:26 playahater| e
18:27 playahater| nema ga josh bogi
18:27 markohomoludens| mozda i mozemo da prebudzimo
18:27 playahater| ne seri,a?
18:27 playahater| koja funkcionalnost?
18:27 markohomoludens| mada ne bi garantovao za pouzdanost glasanja - rancic i jedan curl
18:27 markohomoludens| bi mogli da drkaju :)
18:27 playahater| :)
18:27 playahater| odlichno .. mogu da skrenem paznju ..
18:28 markohomoludens| ali... gde vratis coveka nakon sto glasa?
18:28 markohomoludens| na random stranicu?
18:28 playahater| na lista-sajtova_grid
18:28 playahater| tachnije na .. lista-sajtova ..
18:29 markohomoludens| ali ne na stranicu gde je taj sajt?
18:30 playahater| pa nisam 100% siguran ..
18:30 playahater| ali mislim da treba da ga baci na lista-sajtova
18:31 markohomoludens| e... mozda i ne moze na nacin koji sam zamislio... ajd nek smisle pa cemo da vidimo... ali ako se to budzi ja nikako ne mogu to za sutra. tek u subotu mogu da uzmem to da radim.
18:34 playahater| ok
18:34 playahater| evo ga bogi .. stigo ..
18:36 markohomoludens| 'fala k**** ajd vidi sta hoce... i pitaj ga za teleport (mi njemu timemachine, on nama teleport, inače neću)
18:36 playahater| :)
18:36 playahater| evo shta su sad smislili ..
18:36 playahater| https://www.gigya.com
18:36 playahater| umesto rpx-a .. koji radi/ne-radi ..
18:37 playahater| ima drupal modul
18:37 markohomoludens| pa ok, za vikend cemo d preradimo
--- Log closed Thu Oct 14 18:43:34 2010
--- Log opened Thu Oct 14 19:57:36 2010
19:57 Closing query with markohomoludens
--- Log closed Thu Oct 14 19:57:36 2010
--- Log opened Thu Jan 13 22:37:22 2011
22:37 Starting query in Bitlbee with markohomoludens
22:37 markohomoludens| http://www.new.kids-patch.com
22:38 Closing query with markohomoludens
--- Log closed Thu Jan 13 22:38:58 2011
