--- Log opened Wed Mar 10 20:57:46 2010
20:57 Starting query in Bitlbee with MilanKaziDjordjevic
20:57 MilanKaziDjordjevic| http://www.blic.rs/Vesti/Hronika/179794/Vozio-sa-455-promila-alkohola-u-krvi-
20:57 MilanKaziDjordjevic| tebra citaj
--- Log closed Wed Mar 10 21:03:19 2010
--- Log opened Wed Mar 10 21:03:42 2010
21:03 playahater| lelelelele ..
21:03 playahater| :)
21:03 playahater| do jaja ..
21:03 playahater| jel ga znam ja?
21:03 Closing query with MilanKaziDjordjevic
--- Log closed Wed Mar 10 21:03:51 2010
--- Log opened Wed Mar 10 21:04:21 2010
21:04 Starting query in Bitlbee with MilanKaziDjordjevic
21:04 MilanKaziDjordjevic| pa sigurno...
21:04 MilanKaziDjordjevic| ode lik u ginisa
21:06 playahater| legendica ..
21:06 Closing query with MilanKaziDjordjevic
--- Log closed Wed Mar 10 21:06:33 2010
--- Log opened Wed Mar 10 21:07:03 2010
21:07 Starting query in Bitlbee with MilanKaziDjordjevic
21:07 MilanKaziDjordjevic| ma de lik pobedio...jos vozio kola
21:08 Closing query with MilanKaziDjordjevic
--- Log closed Wed Mar 10 21:08:02 2010
--- Log opened Thu Jan 20 00:15:47 2011
00:15 Starting query in Bitlbee with MilanKaziDjordjevic
--- Log closed Thu Jan 20 00:20:49 2011
--- Log opened Thu Jan 20 00:20:49 2011
00:20 Closing query with MilanKaziDjordjevic
--- Log closed Thu Jan 20 00:20:49 2011
