--- Log opened Mon Apr 26 14:52:12 2010
14:52 Starting query in Bitlbee with MilicaCiciMilosavljevic
14:52 MilicaCiciMilosavljevic| ej
14:52 MilicaCiciMilosavljevic| ]imam jedno potanje
--- Log closed Mon Apr 26 14:57:31 2010
--- Log opened Mon Apr 26 15:05:25 2010
15:05 playahater| potaj
15:06 MilicaCiciMilosavljevic| hhaha
15:06 MilicaCiciMilosavljevic| neki lik ide redom na faceu i krade profile
15:06 MilicaCiciMilosavljevic| kako je to moguce
15:06 MilicaCiciMilosavljevic| ako ne zna moj mail
15:06 MilicaCiciMilosavljevic| posto se ne vidi
15:06 MilicaCiciMilosavljevic| i ako
15:06 MilicaCiciMilosavljevic| se ja nigde nisam logovala
15:07 MilicaCiciMilosavljevic| sem kod kuce svoje
--- Log closed Mon Apr 26 15:12:31 2010
--- Log opened Mon Apr 26 15:17:58 2010
15:17 playahater| periodichno menjaj shifre i ne brini .. ;)
15:18 Closing query with MilicaCiciMilosavljevic
--- Log closed Mon Apr 26 15:18:15 2010
--- Log opened Mon Apr 26 15:25:38 2010
15:25 Starting query in Bitlbee with MilicaCiciMilosavljevic
15:25 MilicaCiciMilosavljevic| mene zanima kako on to uspeva
15:31 playahater| juri exploit-e aplikacija u tcp protokolu da bi dosho do cookie fajlova tvog browser-a i pokupio shifre
15:31 playahater| :)
15:31 playahater| najjednostavnije recheno .. :)
15:31 Closing query with MilicaCiciMilosavljevic
--- Log closed Mon Apr 26 15:31:37 2010
--- Log opened Mon Apr 26 15:32:36 2010
15:32 Starting query in Bitlbee with MilicaCiciMilosavljevic
15:32 MilicaCiciMilosavljevic| znaci da ne otvaram aplikacije
15:32 MilicaCiciMilosavljevic| ?
15:33 playahater| znachi da ne dozvoljavash browser-u da ti pamti shifre i da ih menjash periodichno
15:33 MilicaCiciMilosavljevic| aaaaaaaaaaa
15:33 MilicaCiciMilosavljevic| hvala
15:33 playahater| ;)
15:34 Closing query with MilicaCiciMilosavljevic
--- Log closed Mon Apr 26 15:34:03 2010
--- Log opened Mon Apr 26 15:36:06 2010
15:36 Starting query in Bitlbee with MilicaCiciMilosavljevic
15:36 MilicaCiciMilosavljevic| jos jedno pitanje,kako on moze to da radi
15:36 MilicaCiciMilosavljevic| da juri ta sranja
15:36 MilicaCiciMilosavljevic| kad ni ne zna ni ko sam ni sta sam
15:37 playahater| izgleda da ga ne mrzi .. :)
15:37 Closing query with MilicaCiciMilosavljevic
--- Log closed Mon Apr 26 15:37:54 2010
--- Log opened Mon Apr 26 15:40:02 2010
15:40 Starting query in Bitlbee with MilicaCiciMilosavljevic
15:40 MilicaCiciMilosavljevic| a jel postoji nacin da ja otkrijem ko je on/
--- Log closed Mon Apr 26 15:45:31 2010
--- Log opened Mon Apr 26 15:56:50 2010
15:56          <-- MilicaCiciMilosavljevic has quit irc
--- Log closed Mon Apr 26 16:02:31 2010
--- Log opened Mon Apr 26 16:42:49 2010
16:42 playahater| teoretski da .. ali u praxi je to malo smor .. mnogo fizikalije ..
16:42 Closing query with MilicaCiciMilosavljevic
--- Log closed Mon Apr 26 16:42:54 2010
--- Log opened Mon Apr 26 16:43:26 2010
16:43 Starting query in Bitlbee with MilicaCiciMilosavljevic
16:43 MilicaCiciMilosavljevic| jel znas nekog ko bi to hteo da odradi i koliko to kaosta?
16:44 playahater| .. ako saznam .. javitju ti .. :)
16:44 Closing query with MilicaCiciMilosavljevic
--- Log closed Mon Apr 26 16:44:42 2010
--- Log opened Mon Apr 26 16:44:47 2010
16:44 Starting query in Bitlbee with MilicaCiciMilosavljevic
16:44 MilicaCiciMilosavljevic| ok :)
16:45 Closing query with MilicaCiciMilosavljevic
--- Log closed Mon Apr 26 16:45:03 2010
--- Log opened Thu Sep 09 21:19:28 2010
21:19 Starting query in Bitlbee with MilicaCiciMilosavljevic
21:19 MilicaCiciMilosavljevic| ejjjjjjjjjj
21:19 MilicaCiciMilosavljevic| misoooo
21:22          <-- MilicaCiciMilosavljevic has quit irc
21:25          <-- MilicaCiciMilosavljevic has quit irc
21:27          <-- MilicaCiciMilosavljevic has quit irc
21:32 playahater| ejjj .. miliceeee ..
21:33 Closing query with MilicaCiciMilosavljevic
--- Log closed Thu Sep 09 21:33:04 2010
--- Log opened Thu Sep 09 21:41:10 2010
21:41 Starting query in Bitlbee with MilicaCiciMilosavljevic
21:41 MilicaCiciMilosavljevic| misooo
21:41 MilicaCiciMilosavljevic| da te pitam nesto
21:41 MilicaCiciMilosavljevic| vezano za hakovanje profila
21:41 MilicaCiciMilosavljevic| jel moze da se provali ko je to radio i odakle?
21:41 MilicaCiciMilosavljevic| i kako
21:43 MilicaCiciMilosavljevic| juhuuuu
21:46          <-- MilicaCiciMilosavljevic has quit irc
--- Log closed Thu Sep 09 21:52:01 2010
--- Log opened Thu Sep 09 22:03:41 2010
22:03          <-- MilicaCiciMilosavljevic has quit irc
--- Log closed Thu Sep 09 22:09:01 2010
--- Log opened Thu Sep 09 22:52:39 2010
22:52 Closing query with MilicaCiciMilosavljevic
--- Log closed Thu Sep 09 22:52:39 2010
