--- Log opened Mon May 10 20:51:37 2010
20:51 Starting query in Bitlbee with MilosZikic
20:51 MilosZikic| des Lošmi !
20:51 MilosZikic| i jel se ide na 10to godišnjicu?
--- Log closed Mon May 10 20:57:35 2010
--- Log opened Mon May 10 21:05:38 2010
21:05          <-- MilosZikic has quit irc
--- Log closed Mon May 10 21:11:35 2010
--- Log opened Mon May 10 22:14:39 2010
22:14 playahater| 9~9~9~9~9~9~9~/q
22:14 Closing query with MilosZikic
--- Log closed Mon May 10 22:14:44 2010
--- Log opened Mon May 17 20:17:19 2010
20:17 Starting query in Bitlbee with MilosZikic
20:17 MilosZikic| de si druže
20:17 MilosZikic| stiska se rok za maturu
20:17 MilosZikic| treba dati pare.
20:17 MilosZikic| spiskovi se zatvaraju 20.
20:17 MilosZikic| nema posle oću neću.
20:17 MilosZikic| šalji dalje svima :)
--- Log closed Mon May 17 20:23:33 2010
--- Log opened Mon May 17 20:27:24 2010
20:27          <-- MilosZikic has quit irc
--- Log closed Mon May 17 20:32:33 2010
--- Log opened Tue May 18 15:04:50 2010
15:04 Closing query with MilosZikic
--- Log closed Tue May 18 15:04:50 2010
