--- Log opened Mon Mar 01 22:29:51 2010
22:29 Starting query in Bitlbee with MilosNemo
22:29 MilosNemo| Ciko ti si stariji pa mi treba tvoje misljenje,da li je diploma Megatrenda svud priznata?
22:29 MilosNemo| p.s. sorry na smetnji
22:31 playahater| bre .. 
22:32 playahater| kolko ja znam .. u evropi i sad-u megatrend diplome su priznate od strane drugih univerziteta i firmi ..
22:33 MilosNemo| ma ljudi svasta pricaju o megatrendu,kako ne valja i tako dalje...
22:34 playahater| megatrend kao i drugi univerziteti sada rade po bolonji .. 
22:34 playahater| to znachi da druge drzave uvazavaju megatrend univerzitet ..
22:34 playahater| e .. sad .. da .. potpuno je druga pricha da l je sam univerzitet ok ili ne .. :)
22:35 MilosNemo| ma meni je najvaznije da diploma vazi...
22:35 playahater| .. taj fazon .. bitno da imash papir .. i znanje .. 
22:36 playahater| pritom .. da dva pojma ne mora da budu usko povezana .. :D
22:38 Closing query with MilosNemo
--- Log closed Mon Mar 01 22:38:57 2010
--- Log opened Mon Mar 01 22:39:36 2010
22:39 Starting query in Bitlbee with MilosNemo
22:39 MilosNemo| hehe to si u pravu...hvala :)
--- Log closed Mon Mar 01 22:45:10 2010
--- Log opened Mon Mar 01 22:47:24 2010
22:47 Closing query with MilosNemo
--- Log closed Mon Mar 01 22:47:24 2010
