--- Log opened Sun May 16 22:33:12 2010
22:33 Starting query in Bitlbee with MilosIlicTaja
22:33 MilosIlicTaja| ejjjjjjjjjjjjjjj
22:33 MilosIlicTaja| treba mi pomoc
22:33 MilosIlicTaja| javljaj se
22:36 MilosIlicTaja| ajde bre javi se kad si uz komp
--- Log closed Sun May 16 22:42:02 2010
--- Log opened Sun May 16 23:39:20 2010
23:39 Closing query with MilosIlicTaja
--- Log closed Sun May 16 23:39:20 2010
--- Log opened Thu Jun 10 14:48:19 2010
14:48 Starting query in Bitlbee with MilosIlicTaja
14:48 MilosIlicTaja| http://www.youtube.com/watch?v=B8m8nUK2kDg&feature=related
--- Log closed Thu Jun 10 14:53:19 2010
--- Log opened Thu Jun 10 19:10:53 2010
19:10 Closing query with MilosIlicTaja
--- Log closed Thu Jun 10 19:10:53 2010
--- Log opened Fri Jul 02 19:21:05 2010
19:21 Starting query in Bitlbee with MilosIlicTaja
19:21 playahater| ko je Gandavac Gandavi ??
19:21 Closing query with MilosIlicTaja
--- Log closed Fri Jul 02 19:21:09 2010
--- Log opened Fri Jul 02 19:42:20 2010
19:42 Starting query in Bitlbee with MilosIlicTaja
19:42 MilosIlicTaja| ja
19:43 playahater| shto?
19:46 MilosIlicTaja| zbog pokera
19:47 playahater| lol
--- Log closed Fri Jul 02 19:52:53 2010
--- Log opened Fri Jul 02 20:05:28 2010
20:05 Closing query with MilosIlicTaja
--- Log closed Fri Jul 02 20:05:28 2010
--- Log opened Fri Jul 23 16:24:59 2010
16:25 Starting query in Bitlbee with MilosIlicTaja
16:25 playahater| munem
16:25 playahater| se sprema neka fuca za svetiliju?
16:25 Closing query with MilosIlicTaja
--- Log closed Fri Jul 23 16:25:57 2010
--- Log opened Fri Jul 23 16:58:09 2010
16:58 Starting query in Bitlbee with MilosIlicTaja
16:58 MilosIlicTaja| organizuju klinci
16:58 MilosIlicTaja| ja cu ih pomognem
16:58 MilosIlicTaja| kad dolazis
16:58 playahater| krajem sledetje nedelje ..
16:58 MilosIlicTaja| ajde pozuri
16:58 MilosIlicTaja| rasha dolazi danas
16:59 playahater| uplanirajte me za sve akcije tamo .. :)
16:59 MilosIlicTaja| ti sve dolazis u zadnji cas
16:59 MilosIlicTaja| koje akcije
16:59 playahater| jebiga .. poso .. :(
16:59 MilosIlicTaja| kao i za sredjivanje kolibe
16:59 MilosIlicTaja| :P
17:01 playahater| a koji klinci organizuju?
17:02 MilosIlicTaja| djiletov,nemanja draganov i rade tomin
17:03 playahater| a ekipe?
17:03 MilosIlicTaja| pa ce budu izmedju 6 i 8
17:03 MilosIlicTaja| moja procena
17:04 playahater| ko je ove godine kolachar ?
17:04 MilosIlicTaja| fafa goran
17:04 playahater| ha]
17:05 playahater| trebalo da dodjem s vladom .. al on zapalio na more ..
17:05 MilosIlicTaja| ispala vlada ;)
17:05 playahater| :)
17:06 playahater| dobar je vlada .. samo malo pogubljen .. :) ..
17:06 playahater| al netje ga menjamo .. :)
17:06 MilosIlicTaja| ha ha
17:06 playahater| a dacha? .. jel ziv bre taj ?
17:06 playahater| ga vidjash?
17:07 MilosIlicTaja| svaki dan
17:07 playahater| osetjam tugu u glasu
17:07 playahater| :)
17:07 MilosIlicTaja| ma taj je zajeban ko tesne cega
17:07 MilosIlicTaja| tjega
17:07 playahater| .. nishta novo .. 
17:08 playahater| al netje menjamo ni njega .. 
17:08 playahater| .. dobar je ..
17:08 playahater| :)
17:10 MilosIlicTaja| ha ha
17:11 MilosIlicTaja| ce vidis kad dodjes
17:11 MilosIlicTaja| al ne mozes provalis ti za kratko vreme
17:11 playahater| treba tu iskusno oko .. :)
17:12 playahater| a ti? ..
17:12 playahater| kvo ti?
17:12 MilosIlicTaja| poljoprivreda,dam po neki ispit
17:12 MilosIlicTaja| septembar vojska
17:12 MilosIlicTaja| i tako,jbg
17:12 playahater| opa .. bitno da pada po neki ..
17:12 playahater| bojle ishta nego nishta ..
17:13 playahater| a vojska civilno?
17:13 MilosIlicTaja| ne
17:13 MilosIlicTaja| redovno
17:13 playahater| iskusno
17:13 playahater| a zunto? :)
17:13 MilosIlicTaja| pa tu je 
17:13 MilosIlicTaja| cepa se
17:14 MilosIlicTaja| imam 11,500 km
17:14 playahater| dele ..
17:14 playahater| mare nije ubio 5 ..
17:14 playahater| nachi .. niza pa gas .. :)
17:15 MilosIlicTaja| samo niza pa gas
17:15 MilosIlicTaja| mare ne ume da vozi to ;)
17:15 MilosIlicTaja| treba ga naucim
17:15 MilosIlicTaja| jel ima plin mare/
17:15 playahater| i bukvalno i figurativno, na zalost .. :)
17:15 MilosIlicTaja| ?
17:15 MilosIlicTaja| ha ha
17:15 playahater| nema
17:15 MilosIlicTaja| pa on se steka zato
17:15 MilosIlicTaja| ja ga samo garim na plin
17:16 playahater| opa .. i plin .. pa kolko si dao?
17:16 MilosIlicTaja| pa iljadu vise
17:16 MilosIlicTaja| od osnovnog
17:16 playahater| .. shto mu dodje ..
17:16 MilosIlicTaja| ne znam tacno
17:17 playahater| munem
17:17 MilosIlicTaja| ma ja nesto kesh,nesto kreda
17:17 playahater| pa i mare .. 100eur mesechno + kesh
17:17 playahater| mada mislim da je uvalio fitju umesto kesha ..
17:18 MilosIlicTaja| pa i ja sam golfa
17:18 playahater| ne seri?
17:18 playahater| ode zutja?
17:18 playahater| eee ..
17:18 MilosIlicTaja| pa jbg
17:19 MilosIlicTaja| golf,3500 e + 70 e rata
17:19 playahater| dobra ti rata ..
17:19 playahater| na kolko godine to beshe?
17:22 MilosIlicTaja| na 5
--- Log closed Fri Jul 23 17:27:24 2010
--- Log opened Fri Jul 23 19:51:42 2010
19:51          <-- MilosIlicTaja has quit irc
--- Log closed Fri Jul 23 19:57:24 2010
--- Log opened Fri Aug 27 14:25:56 2010
14:25 Starting query in Bitlbee with MilosIlicTaja
14:25 MilosIlicTaja| eeeeeeeeeeeeeeee
14:25 MilosIlicTaja| care
--- Log closed Fri Aug 27 14:31:34 2010
--- Log opened Fri Aug 27 15:41:50 2010
15:41          <-- MilosIlicTaja has quit irc
15:47          <-- MilosIlicTaja has quit irc
--- Log closed Fri Aug 27 15:52:34 2010
--- Log opened Fri Aug 27 16:09:35 2010
16:09          <-- MilosIlicTaja has quit irc
--- Log closed Fri Aug 27 16:15:34 2010
--- Log opened Fri Aug 27 16:36:35 2010
16:36          <-- MilosIlicTaja has quit irc
--- Log closed Fri Aug 27 16:42:34 2010
--- Log opened Fri Aug 27 17:05:05 2010
17:05          <-- MilosIlicTaja has quit irc
--- Log closed Fri Aug 27 17:10:34 2010
--- Log opened Fri Aug 27 17:45:35 2010
17:45          <-- MilosIlicTaja has quit irc
--- Log closed Fri Aug 27 17:51:34 2010
--- Log opened Fri Aug 27 17:55:22 2010
17:55 playahater| e .. munem ,,
17:55 Closing query with MilosIlicTaja
--- Log closed Fri Aug 27 17:55:25 2010
--- Log opened Fri Aug 27 17:55:55 2010
17:55 Starting query in Bitlbee with MilosIlicTaja
17:55 MilosIlicTaja| jel te zvala ova na svadbu
17:56 playahater| jeste ..
17:56 playahater| netju motji ..
17:56 playahater| shto?
17:56 MilosIlicTaja| pitam samo
17:56 playahater| prihvati pozivnicu za google latitude i instaliraj istu aplikaciju na n95
17:56 playahater| ae ..
17:56 Closing query with MilosIlicTaja
--- Log closed Fri Aug 27 17:56:56 2010
--- Log opened Fri Aug 27 17:57:33 2010
17:57 Starting query in Bitlbee with MilosIlicTaja
17:57 MilosIlicTaja| pa raleta nije zvala,pa ne znam od kad je ona bolja sa tobom nego sa raletom a znam da samnom nije nikakva
17:57 MilosIlicTaja| sto sam svaki dan tu
17:57 MilosIlicTaja| :)
17:58 playahater| ne seri .. 
17:58 playahater| taj radi,a?
17:58 playahater| hehe ..
17:58 playahater| jadna .. 
17:58 MilosIlicTaja| sta da instaliram i gde
17:59 playahater| :)
17:59 playahater| prihvati pozivnicu za google latitude i instaliraj istu aplikaciju na n95
17:59 MilosIlicTaja| mnogo jadna
17:59 MilosIlicTaja| gde si je poslao pa da je prihvatim
17:59 playahater| gmail > accept > instaliraj aplikaciju na phone > startuj > uloguj se
--- Log closed Fri Aug 27 18:05:34 2010
--- Log opened Fri Aug 27 18:12:49 2010
18:12 Closing query with MilosIlicTaja
--- Log closed Fri Aug 27 18:12:49 2010
--- Log opened Tue Aug 31 20:01:05 2010
20:01 Starting query in Bitlbee with MilosIlicTaja
20:01 MilosIlicTaja| pozdrav od jeleneeeeeeeeeeeeee
20:01 MilosIlicTaja| i mene
--- Log closed Tue Aug 31 20:06:16 2010
--- Log opened Tue Aug 31 20:21:43 2010
20:21 playahater| koja jelena?
20:21 playahater| :)
20:21 MilosIlicTaja| ratkova
20:21 MilosIlicTaja| bila kod mene
20:22 playahater| shta otje?
20:22 playahater| :)
20:22 MilosIlicTaja| nista
20:22 MilosIlicTaja| samo mahnula
20:22 playahater| mislio sam .. shto bi bila kod tebe ..
20:22 playahater| a ne shta otje od mene
20:22 playahater| :)
20:22 playahater| al nema veze
20:22 playahater| propao fazon
20:22 playahater| LO
20:22 playahater| :P
20:22 MilosIlicTaja| ahaaaaaaaaaaaaaaaaaa
20:23 playahater| munem
20:23 playahater| :)
20:23 Closing query with MilosIlicTaja
--- Log closed Tue Aug 31 20:23:23 2010
--- Log opened Tue Aug 31 20:23:42 2010
20:23 Starting query in Bitlbee with MilosIlicTaja
20:23 MilosIlicTaja| cukam
20:23 MilosIlicTaja| ch
20:23 playahater| č
20:23 playahater| :P
20:24 Closing query with MilosIlicTaja
--- Log closed Tue Aug 31 20:24:01 2010
--- Log opened Tue Aug 31 20:24:12 2010
20:24 Starting query in Bitlbee with MilosIlicTaja
20:24 MilosIlicTaja| kako?
20:24 playahater| zini da ti kazem
20:24 playahater| :)
20:24 MilosIlicTaja| munem
20:24 playahater| hehe
20:24 Closing query with MilosIlicTaja
--- Log closed Tue Aug 31 20:24:56 2010
--- Log opened Thu Sep 30 13:13:16 2010
13:13 Starting query in Bitlbee with MilosIlicTaja
13:13 MilosIlicTaja| gde si bre tebra
13:13 MilosIlicTaja| nema te
--- Log closed Thu Sep 30 13:18:39 2010
--- Log opened Thu Sep 30 13:30:25 2010
13:30 playahater| e bre ..
13:30 playahater| evo .. radim ..
13:30 playahater| kosmichka brzina
13:30 playahater| ti?
13:30 MilosIlicTaja| si ziv
13:30 MilosIlicTaja| sta ima novo
13:31 MilosIlicTaja| bolestan
13:31 MilosIlicTaja| lezim kuci
13:31 MilosIlicTaja| grlo nesto
13:31 playahater| neki virusi te napali,a?
13:31 playahater| :)
13:32 MilosIlicTaja| izgleda
13:32 MilosIlicTaja| jaki
13:32 MilosIlicTaja| preko noci
13:32 MilosIlicTaja| ces na ovamo skoro?
13:32 playahater| jebem li ga .. 
13:32 playahater| malo sam kratak s vremenom ..
13:32 playahater| zaposlio se .. :) .. sad sam privatnik samo vikendom .. :) ..
13:33 MilosIlicTaja| ako se desi,javljaj se
13:33 playahater| ima jedan oshljanchanin u ovoj firmi gde radim .. :)
13:33 playahater| zemljak ..
13:33 playahater| :)
13:33 MilosIlicTaja| nemoj da cujem da si bio u za a da se nisi javio
13:33 MilosIlicTaja| ime?
13:33 MilosIlicTaja| nadimak
13:34 playahater| ivan vujovic .. tjelav .. moje visine .. tu negde moje godishte .. 
13:35 playahater| tu negde NASHE godishte .. :)
13:35 MilosIlicTaja| ne znam
13:35 MilosIlicTaja| al cu se raspitam
13:35 playahater| ok je lik skroz .. ne znam ga ni ja .. 
13:35 MilosIlicTaja| ha ha
13:36 playahater| al chesto ide gore .. 
13:36 MilosIlicTaja| zajebi nashe matori :P
13:36 playahater| :D
13:36 MilosIlicTaja| eeeeeeeeeeeee
13:36 MilosIlicTaja| pa podji nekad sa njim
13:37 playahater| proshle nedelje .. dolazi u petak oko trojke da se javi .. kaze ide u selo .. 
13:37 playahater| reko ..
13:37 playahater| "koje selo?"
13:37 playahater| kad je reko oshljane ..
13:37 playahater| nisam mogo da veruejm ..
13:37 MilosIlicTaja| ha ha
13:38 MilosIlicTaja| pa jel to nashe osljane,da nije neko drugo
13:38 playahater| ma nashe .. zna za kutjicu .. :)
13:38 playahater| pio i pivo ispred nje .. :)
13:38 MilosIlicTaja| ha ha
13:38 MilosIlicTaja| kazi mu da mi se javi kad dodje
13:39 MilosIlicTaja| ;)
13:39 MilosIlicTaja| da ga upoznam ja malo njega
--- Log closed Thu Sep 30 13:44:39 2010
--- Log opened Thu Sep 30 13:50:42 2010
13:50          <-- MilosIlicTaja has quit irc
13:50 Closing query with MilosIlicTaja
--- Log closed Thu Sep 30 13:50:58 2010
--- Log opened Thu Oct 07 19:59:28 2010
19:59 Starting query in Bitlbee with MilosIlicTaja
19:59 MilosIlicTaja| gde si damn
--- Log closed Thu Oct 07 20:04:40 2010
--- Log opened Thu Oct 07 20:06:01 2010
20:06 playahater| op .. munem .. 
20:06 playahater| :)
--- Log closed Thu Oct 07 20:11:40 2010
--- Log opened Thu Oct 07 21:07:04 2010
21:07          <-- MilosIlicTaja has quit irc
--- Log closed Thu Oct 07 21:12:40 2010
--- Log opened Thu Oct 07 21:26:17 2010
21:26 Closing query with MilosIlicTaja
--- Log closed Thu Oct 07 21:26:17 2010
--- Log opened Sun Nov 28 03:15:13 2010
03:15 Starting query in Bitlbee with MilosIlicTaja
03:15 MilosIlicTaja| jel te ima
--- Log closed Sun Nov 28 03:20:37 2010
--- Log opened Sun Nov 28 06:02:25 2010
06:02          <-- MilosIlicTaja has quit irc
--- Log closed Sun Nov 28 06:07:37 2010
--- Log opened Sun Nov 28 09:50:25 2010
09:50          <-- MilosIlicTaja has quit irc
--- Log closed Sun Nov 28 09:55:37 2010
--- Log opened Sun Nov 28 12:04:40 2010
12:04          <-- MilosIlicTaja has quit irc
12:05 Closing query with MilosIlicTaja
--- Log closed Sun Nov 28 12:05:24 2010
--- Log opened Sun Feb 06 18:02:51 2011
18:02 Starting query in Bitlbee with MilosIlicTaja
18:02 MilosIlicTaja| bg boy
18:02 MilosIlicTaja| r u there?
--- Log closed Sun Feb 06 18:08:26 2011
--- Log opened Sun Feb 06 22:15:04 2011
22:15          <-- MilosIlicTaja has quit irc
--- Log closed Sun Feb 06 22:20:26 2011
--- Log opened Mon Feb 07 06:29:10 2011
06:29          <-- MilosIlicTaja has quit irc
--- Log closed Mon Feb 07 06:34:26 2011
--- Log opened Thu Feb 17 17:57:02 2011
17:57 Starting query in Bitlbee with MilosIlicTaja
17:57 MilosIlicTaja| damn,ima li te bratac
--- Log closed Thu Feb 17 18:02:19 2011
--- Log opened Thu Feb 17 22:38:24 2011
22:38 Closing query with MilosIlicTaja
--- Log closed Thu Feb 17 22:38:24 2011
--- Log opened Thu Mar 17 15:38:20 2011
15:38 Starting query in Bitlbee with MilosIlicTaja
15:38 MilosIlicTaja| jel te ima deckonjaaaaaaaa
15:38 playahater| yo dude ..
15:38 playahater| :)
15:38 playahater| pa majka mu stara .. :)
15:38 playahater| kude si .. 
15:38 playahater| ziv li si ..
15:38 playahater| :)
--- Log closed Thu Mar 17 15:44:07 2011
--- Log opened Thu Mar 17 15:44:11 2011
15:44 MilosIlicTaja| le le
15:44 MilosIlicTaja| pa ja pisao par puta ti nista
15:44 MilosIlicTaja| nema te nigde
15:44 MilosIlicTaja| evo bleja u selo
15:44 MilosIlicTaja| ti?
15:46 playahater| jebiga .. nije loshe ..
15:46 playahater| radim ko crnac
15:46 playahater| :)
15:46 playahater| inache .. slabo shta novo ..
15:46 playahater| nego .. jel tje planiramo uranak?
15:46 Closing query with MilosIlicTaja
--- Log closed Thu Mar 17 15:46:53 2011
--- Log opened Thu Mar 17 15:48:14 2011
15:48 Starting query in Bitlbee with MilosIlicTaja
15:48 MilosIlicTaja| tesko
15:48 MilosIlicTaja| ja i ti ?
15:48 MilosIlicTaja| rasha je u bg na posao trenutno
15:48 MilosIlicTaja| dacha dolazi od 8 aprila tamo
15:49 MilosIlicTaja| ne znam sta oni misle
15:49 MilosIlicTaja| ja sam uvek za
15:49 MilosIlicTaja| to znas
15:50 playahater| ja nemam problem s tim da nas bude "malo" .. 
15:50 playahater| to znash ..
15:50 playahater| :)
15:50 MilosIlicTaja| zaboravijo al sad znam
15:50 MilosIlicTaja| a u kom je stanju gore koliba
15:51 MilosIlicTaja| neam ni ja problem kad bi isli dvoje na dvoje
15:51 MilosIlicTaja| to bi bilo najbolje
15:52 playahater| ocenio si ga .. :) ..
15:52 playahater| hehe
15:52 MilosIlicTaja| daj neki od oni sajtovi za aplikacije za nikiju
15:52 MilosIlicTaja| da skinem nesto
15:52 playahater| koliba .. jebem li ga ..
15:53 MilosIlicTaja| ocenio sam ga
15:53 playahater| treba se chekira ..
15:53 MilosIlicTaja| ko ce cekira,gore niko ne ide
15:53 MilosIlicTaja| sad pala kisa ,znas koje blato
15:53 MilosIlicTaja| ne moze se izadje gore
15:54 MilosIlicTaja| ako bude lepo vreme na tamo,ce se cekira
15:54 MilosIlicTaja| chekira
15:54 MilosIlicTaja| grrrrrrrrrrrrrrrrrrr
15:54 MilosIlicTaja| daj  bre neki link dobar za nondzu ako znas i dalje
15:54 MilosIlicTaja| i dalje imas n95
15:55 playahater| ne be .. odavno sam je batalio
15:55 playahater| sad sam na desire
15:55 MilosIlicTaja| mozda imas one linkove jos
15:55 MilosIlicTaja| sta je to?
15:56 playahater| pa .. probaj .. warez-bb.org
15:56 playahater| i vidi na ..
15:56 playahater| kickasstorrents.com
15:56 playahater| i thepiratebay.com
15:56 playahater| htc desire
15:56 playahater| :)
15:56 MilosIlicTaja| opaaaaaaaaaaaaa
15:57 MilosIlicTaja| jel dobar
15:57 playahater| jebe kevu
15:57 MilosIlicTaja| i sta se dogovorismo
15:57 playahater| a shto dacha dolazi 8. aprila?
15:57 playahater| na kolko?
15:57 playahater| shaljaka ili exkurzija?
15:57 playahater| :)
15:58 MilosIlicTaja| shljaka
15:58 playahater| ne seri?
15:58 playahater| gde
15:58 MilosIlicTaja| bg 
15:58 MilosIlicTaja| al ne znam gde
15:58 playahater| a i ralf ovde,a?
15:59 MilosIlicTaja| u bg je
15:59 playahater| uglavnom .. dovorismo se da sam ja definitivno za uranak ..
16:00 playahater| radim .. ali mogu da uzmem jedno 5-7 dana da izblejim gore ..
16:00 playahater| treba najavim jedno 2-3 nedelje pre //
16:00 playahater| i to je to ..
16:00 playahater| ako se javi makar jedan dobrovoljac raspolozan za bauljanje po smilovicu .. ja dolazim
16:00 playahater| :)
16:01 MilosIlicTaja| pa ce se cujemo pocetkom aprila i to je to
16:01 MilosIlicTaja| taman imas te tri nedelje
16:01 playahater| taman
16:02 MilosIlicTaja| ajde 
16:02 MilosIlicTaja| ja koristim sad 063 121 02 83
16:02 MilosIlicTaja| pa ce se cujemo
16:02 playahater| jel imash moj broj?
16:02 playahater| ja sam menjao ..
16:02 playahater| 0691270010
16:03 playahater| ali nemoj da dajesh nikom ..
16:03 playahater| misim .. moz drugarstvo iz sela .. al nishta oni dole pajseri (buzoli i ekipa) .. :)
16:03 MilosIlicTaja| ok
16:03 MilosIlicTaja| jel to telenor
16:04 playahater| jeste
16:04 playahater| konachno sam presho,a?
16:04 playahater| :D
16:04 playahater| hehe
16:04 MilosIlicTaja| ajde ce se cujemo onda mozda i veceras
16:04 MilosIlicTaja| konacno
16:04 MilosIlicTaja| imam minute
16:04 playahater| moze .. ja sam pun kredita na njemu ..
16:04 playahater| pa to .. isto
16:04 playahater| :)
16:04 MilosIlicTaja| pa kad se spojimo sa daksona zovem te
16:04 playahater| ql
16:04 playahater| dogovoreto ..
16:04 MilosIlicTaja| aj poz pa se cujemo
16:04 playahater| ae .. otisho sam da radim .. chujemo se ..
--- Log closed Thu Mar 17 16:10:07 2011
--- Log opened Thu Mar 17 16:13:19 2011
16:13 MilosIlicTaja| poz
16:15          <-- MilosIlicTaja has quit irc
--- Log closed Thu Mar 17 16:21:07 2011
--- Log opened Thu Mar 17 19:04:50 2011
19:04 Closing query with MilosIlicTaja
--- Log closed Thu Mar 17 19:04:50 2011
--- Log opened Sat Mar 19 15:51:33 2011
15:51 Starting query in Bitlbee with MilosIlicTaja
15:51 MilosIlicTaja| OMG: This girl killed herself after her FATHER posted this message on her wall: bit.ly/hiht3w
--- Log closed Sat Mar 19 15:56:44 2011
--- Log opened Mon Apr 18 20:12:35 2011
20:12 Starting query in Bitlbee with MilosIlicTaja
20:12 playahater| h'lo
20:12 playahater| :)
20:12 Closing query with MilosIlicTaja
--- Log closed Mon Apr 18 20:12:40 2011
--- Log opened Fri Apr 22 18:53:29 2011
18:53 Starting query in Bitlbee with MilosIlicTaja
18:53 playahater| drugare
18:53 playahater| stu
--- Log closed Fri Apr 22 18:58:50 2011
--- Log opened Fri Apr 22 19:15:05 2011
19:15 Closing query with MilosIlicTaja
--- Log closed Fri Apr 22 19:15:05 2011
--- Log opened Mon Apr 25 11:45:33 2011
11:45 Starting query in Bitlbee with MilosIlicTaja
11:45 playahater| .. sretjan uskrs .. hrostos se rodi .. :)
11:45 Closing query with MilosIlicTaja
--- Log closed Mon Apr 25 11:45:35 2011
--- Log opened Mon Apr 25 11:46:33 2011
11:46 Starting query in Bitlbee with MilosIlicTaja
11:46 MilosIlicTaja| takodje drug
11:46 MilosIlicTaja| svenajbolje
11:46 MilosIlicTaja| sve najbolje
11:46 MilosIlicTaja| sta ima kod tebe
11:47 playahater| pa desi majka mu stara ..
11:47 playahater| ne moz te nadje choek na net ..
11:47 playahater| :)
11:47 MilosIlicTaja| evo kuci trenutno
11:47 MilosIlicTaja| kasnije palim na fudbal ,i tako
11:47 MilosIlicTaja| pa nema me
11:47 MilosIlicTaja| krecu obaveze
11:47 playahater| opaa .. kao trener il kao igrach?
11:47 playahater| :)
11:47 MilosIlicTaja| tek necu da budem,ja sam samo zimi tu kad nema sta da se radi
11:48 MilosIlicTaja| ma zezamo se na stadion u selo
11:48 MilosIlicTaja| skupilo se tu dosta ljudi za uskrs a praznik,pa pikamo malo
11:48 playahater| aa .. fancy .. ne seri .. do jaja ..
11:48 MilosIlicTaja| da
11:48 playahater| ima kaki planovi za uranak?
11:49 MilosIlicTaja| stavljeno na sastanak
11:49 MilosIlicTaja| izgleda da smo svi protiv :(
11:49 MilosIlicTaja| rasha i dacha rade
11:50 MilosIlicTaja| a moja zena oce da jede jagnjetinu na prvi maj
11:50 MilosIlicTaja| ako idemo samo ti ona i ja,nema nista od jagnjetine
11:50 playahater| chek chek .. zena?
11:50 playahater| iz kog ugla ta rech
11:50 playahater| :)
11:50 MilosIlicTaja| pa devojka,zena,kako god hoces
11:51 MilosIlicTaja| iz svih uglova
11:51 MilosIlicTaja| http://www.facebook.com/profile.php?id=1749928015&ref=ts
11:51 playahater| .. samo da proverim .. reko mozda nisam obaveshten
11:51 playahater| :)
11:52 playahater| uu .. pa lepo .. 
11:52 playahater| nachi nishta .. a .. 
11:52 playahater| pa dobro ..
11:52 playahater| nije bed .. :)
11:53 MilosIlicTaja| ako si raspolozan za neku kafanicu,mada to imas i u bg
11:53 MilosIlicTaja| znam ja da je tebi merak da dodjes koji dan na prirodu,pticice i skaru
11:53 playahater| znash me .. znam te .. ;)
11:53 MilosIlicTaja| pa znam igraca
11:55 MilosIlicTaja| a ti jel bi potego sam ili sa nekom ekipom
11:56 playahater| ma nishta od ekipe .. ja mislio sam .. 
11:56 playahater| ma i meni mnogo tesno oko uranak ..
11:56 playahater| nemam slobodno .. 
11:57 playahater| al reko da dodjem bez obzira na to ..
11:57 playahater| dva dana .. bitje dovoljno ..
11:57 playahater| al nije frka ..
11:57 MilosIlicTaja| pa znam,ti mi rece da se najavim ranije jedno 3 nedelje
11:57 playahater| netje silomo ..
11:57 MilosIlicTaja| da uzmes sl dane
11:58 MilosIlicTaja| ako se nesto izmeni,bidnemo u kontaktu
11:59 MilosIlicTaja| mada bi trebali vec sad da ga preciziramo'
11:59 playahater| netje ga silimo .. nema potrebe ..
11:59 playahater| mada .. moz ozbiljno da razmislimo o nekoj slichnoj akciji na dan/dva tamo pred slavu ..
11:59 playahater| svetilija
12:00 playahater| merak mi ta smilovica .. nemash pojma
12:00 playahater| :)
12:01 MilosIlicTaja| mozemo samo tad ce bude problem keshovina
12:01 MilosIlicTaja| to je uvek tako pred slavu
12:01 MilosIlicTaja| tad se svi otroshe
12:02 playahater| ma mani se .. ne treba ti kesh ..
12:02 playahater| vule, dzip, gorivo i vozi mishko
12:02 playahater| :)
12:02 playahater| da je nama raspolozenje i volja na nivou .. ostalo nije problem
12:02 playahater| ;)
12:07 MilosIlicTaja| ajde ce se dogovaramo
12:07 MilosIlicTaja| moglo bi da bude
12:07 MilosIlicTaja| ako dodjes neki dan ranije pa da pravimo
12:08 playahater| za vusla sam uzo 7 slobodnjaka ..
12:08 playahater| 3 dana slava ..
12:08 playahater| 3 dana smilovica ..
12:08 playahater| jedan dan put
12:10 MilosIlicTaja| ha ha
12:10 MilosIlicTaja| dva dan smilovica
12:10 MilosIlicTaja| ima i turnir tu
12:10 MilosIlicTaja| ne zaboravi
12:10 MilosIlicTaja| :(
12:10 playahater| o da .. turnir .. 
12:11 playahater| dobro .. nee strashno ..
12:11 playahater| opet se uklapamo
12:11 playahater| :)
12:13 playahater| a dacha .. dje on .. za koje pleme sad jashe? ..
12:13 playahater| :)
12:13 playahater| jel dolazi za bgd?
12:15 MilosIlicTaja| ne dolazi
12:15 MilosIlicTaja| zaposlio se u putevi
12:15 MilosIlicTaja| u knjazevac
12:15 MilosIlicTaja| dunuo drugi vetar pa se predomislio
12:15 playahater| uu .. ne seri .. pa do jaja .. 
12:15 playahater| za stalno,a?
12:16 playahater| prijavljen i to ... full,a
12:19 MilosIlicTaja| pa na ugovor
12:19 MilosIlicTaja| ali ima vezu 
12:20 MilosIlicTaja| pa ce bude i za stalno
12:20 MilosIlicTaja| ima oko 30 hiljadarke platu
12:20 MilosIlicTaja| samo rmba se svaki dan
12:21 playahater| ma rmba se obrni okreni .. ;)
12:21 playahater| mis'im da mu je to ok kombinacija ..
12:22 MilosIlicTaja| pa on nebi da nije
12:23 MilosIlicTaja| idem neki sir da nosim raletu
12:23 MilosIlicTaja| mora palim
12:23 MilosIlicTaja| cujemo se djurkane
12:23 MilosIlicTaja| ;)
12:24 playahater| chujemo se drugarstvo .. 
12:24 playahater| budi dobar 
--- Log closed Mon Apr 25 12:29:57 2011
--- Log opened Mon Apr 25 12:38:02 2011
12:38 Closing query with MilosIlicTaja
--- Log closed Mon Apr 25 12:38:02 2011
