--- Log opened Sun Feb 28 18:25:26 2010
18:25          -#- u1403701117 is known as MilosTadijaIlic
18:25 playahater| klasika ..
18:25 Closing query with MilosTadijaIlic
--- Log closed Sun Feb 28 18:25:39 2010
--- Log opened Sun Feb 28 18:26:13 2010
18:26 Starting query in Bitlbee with MilosTadijaIlic
18:26 MilosTadijaIlic| nastavilo samo,cuti
18:26 MilosTadijaIlic| sad je gusto da ne pukne
18:26 playahater| jel to torrent?
18:26 MilosTadijaIlic| oko osam jako zauzeto
18:26 MilosTadijaIlic| aha
18:26 playahater| nema brige .. 
18:26 playahater| samo nemoj da ga gasish ..
18:26 playahater| i kad zabode .. sam tje se oasulji
18:26 playahater| opasulji*
18:27 Closing query with MilosTadijaIlic
--- Log closed Sun Feb 28 18:27:07 2010
--- Log opened Mon Mar 01 13:46:08 2010
13:46 Starting query in Bitlbee with MilosTadijaIlic
13:46 MilosTadijaIlic| jel si ustao
13:46 MilosTadijaIlic| ima li te
--- Log closed Mon Mar 01 13:51:58 2010
--- Log opened Mon Mar 01 15:37:34 2010
15:37 playahater| ne
15:37 Closing query with MilosTadijaIlic
--- Log closed Mon Mar 01 15:37:38 2010
--- Log opened Mon Mar 01 15:44:38 2010
15:44 Starting query in Bitlbee with MilosTadijaIlic
15:44 MilosTadijaIlic| svuko sam ono
15:44 MilosTadijaIlic| ali nema nista za citanje
15:44 MilosTadijaIlic| mislim ima ali kad kliknem ne otvara mi
15:45 MilosTadijaIlic| da li mi trazi neki program ili ne znam sta je
--- Log closed Mon Mar 01 15:50:58 2010
--- Log opened Mon Mar 01 15:56:27 2010
15:56 playahater| koj program za rezanje imash?
15:58 playahater| evo ti .. 
15:58 playahater| probaj .. valjda ce da radi tako ..
15:58 playahater| http://johnbokma.com/mexit/2007/01/05/burning-dvd-iso-image-with-nero-express.html
15:59 Closing query with MilosTadijaIlic
--- Log closed Mon Mar 01 15:59:12 2010
--- Log opened Mon Mar 01 16:14:03 2010
16:14 Starting query in Bitlbee with MilosTadijaIlic
16:14 MilosTadijaIlic| sta si mi ovo dao
16:14 MilosTadijaIlic| da skinem ovaj program za narezivanje
--- Log closed Mon Mar 01 16:19:58 2010
--- Log opened Mon Mar 01 16:38:57 2010
16:38          <-- MilosTadijaIlic has quit irc
--- Log closed Mon Mar 01 16:43:58 2010
--- Log opened Mon Mar 01 18:29:13 2010
18:29 playahater| to bi trebalo da imash vetj ..
18:29 playahater| to ti je samo uputstvo kako da narezesh taj fajl da moz da radi na sps
--- Log closed Mon Mar 01 18:34:58 2010
--- Log opened Mon Mar 01 18:49:54 2010
18:49 Closing query with MilosTadijaIlic
--- Log closed Mon Mar 01 18:49:54 2010
--- Log opened Tue Mar 02 02:09:00 2010
02:09 Starting query in Bitlbee with MilosTadijaIlic
02:09 MilosTadijaIlic| ?
--- Log closed Tue Mar 02 02:14:00 2010
--- Log opened Tue Mar 02 04:13:16 2010
04:13 Closing query with MilosTadijaIlic
--- Log closed Tue Mar 02 04:13:16 2010
--- Log opened Tue Mar 02 15:23:46 2010
15:23 Starting query in Bitlbee with MilosTadijaIlic
15:23 MilosTadijaIlic| TEBRA
--- Log closed Tue Mar 02 15:29:41 2010
--- Log opened Tue Mar 02 16:21:58 2010
16:21 Closing query with MilosTadijaIlic
--- Log closed Tue Mar 02 16:21:58 2010
--- Log opened Tue Mar 02 18:17:20 2010
18:17 Starting query in Bitlbee with MilosTadijaIlic
18:17 MilosTadijaIlic| chukam
18:21          <-- MilosTadijaIlic has quit irc
--- Log closed Tue Mar 02 18:27:01 2010
--- Log opened Tue Mar 02 19:02:01 2010
19:02 Closing query with MilosTadijaIlic
--- Log closed Tue Mar 02 19:02:01 2010
--- Log opened Thu Mar 04 18:03:20 2010
18:03 Starting query in Bitlbee with MilosTadijaIlic
18:03 MilosTadijaIlic| tu si?
18:05 MilosTadijaIlic| eeeeeeeeeeeeeeeeee
18:05 MilosTadijaIlic| indijancu
18:05 MilosTadijaIlic| jel te ima
18:05 MilosTadijaIlic| sta radis
18:06 MilosTadijaIlic| kao ti bleji ovo zeleno kad nisi na fb
--- Log closed Thu Mar 04 18:12:09 2010
--- Log opened Thu Mar 04 18:13:23 2010
18:13 playahater| evo me
18:13 playahater| :)
18:14 playahater| ne koristim chat preko fb-a .. nego preko aplikacije .. drugim rechima .. skoro uvek sam online .. a skoro nikad nisam na fb ;)
18:14 playahater| elem ..
18:14 playahater| kazi ..
18:14 playahater| :)
18:14 Closing query with MilosTadijaIlic
--- Log closed Thu Mar 04 18:14:22 2010
--- Log opened Thu Mar 04 18:15:10 2010
18:15 Starting query in Bitlbee with MilosTadijaIlic
18:15 MilosTadijaIlic| evo ga dacha kod mene
18:15 MilosTadijaIlic| i narezali bi disk
18:15 MilosTadijaIlic| ajde da mi kazes sta ima
18:15 MilosTadijaIlic| kako da narezem
18:19 playahater| mashi tjaletu
18:19 playahater| :)
18:19 playahater| koj program za rezanje koristish ?
18:19 playahater| shta si skinuo od fajlova ??
18:19 Closing query with MilosTadijaIlic
--- Log closed Thu Mar 04 18:19:36 2010
--- Log opened Thu Mar 04 18:20:21 2010
18:20 Starting query in Bitlbee with MilosTadijaIlic
18:20 MilosTadijaIlic| program si mi ti skinuo kad smo rezali maca mari disk :P
18:20 MilosTadijaIlic| tako da znas sta koristim
18:21 MilosTadijaIlic| kad kliknem na fajl otvori mi dva poddirektorijuma
18:21 MilosTadijaIlic| jedan je
18:22 MilosTadijaIlic| ConsolasAtope - Tu web de consolas, PSP, PS2, PS3, Wii, Xbox360, NDS, PC, scene, manuales, tutoriales
18:22 MilosTadijaIlic| drugi je
18:22 MilosTadijaIlic| Pro Evolution Soccer 2010 [PAL] [English] [PS2DVD] [www.topeconsolas.com].iso
--- Log closed Thu Mar 04 18:28:09 2010
--- Log opened Thu Mar 04 18:28:12 2010
18:28 MilosTadijaIlic| aj malo brze ako moze
18:28 MilosTadijaIlic| sta radis?
18:28 playahater| chekaj bre .. kuvam kafu ..
18:28 playahater| dobro .. 
18:28 playahater| jedini bitan fajl ti je Pro Evolution Soccer 2010 [PAL] [English] [PS2DVD] [www.topeconsolas.com].iso
18:28 playahater| uzmesh taj fajl i narezesh ga na dvd ..
18:29 playahater| e .. a sad .. koji program za rezanje koristish ?
18:29 playahater| da l mish da se setjam shta sam ti instalirao pre pola godine ?
18:30 MilosTadijaIlic| nero burn i ima iso format
18:30 playahater| ql .. 
18:30 playahater| nero ..
18:30 playahater| taj nam treba ..
18:30 playahater| e sad ..
18:30 playahater| chek sekundu
18:30 playahater| :)
18:31 playahater| jel pomaze ovo ?
18:31 playahater| http://www.youtube.com/watch?v=VFvoOZPgpw0
18:32 MilosTadijaIlic| jel ti dobro?
18:32 playahater| ozbiljno .. 
18:32 playahater| kako mislish drugachije ?
18:33 playahater| ne koristim taj program .. ne setjam se opcija .. ne mogu napamet da ti kazem sta i kako ..
18:33 playahater| imash 3 jebena klika ..
18:33 playahater| otvorish program ..
18:33 playahater| kazesh mu bunr iso fajl ..
18:33 playahater| nadjesh fajl 
18:33 playahater| ubacish dvd 
18:33 playahater| kliknesh burn
18:33 playahater| e .. gde se to nalazi tachno i shta tachno treba da kliknesh .. ne setjam se ..
18:34 playahater| eto ti video na youtube ..
18:34 MilosTadijaIlic| stadf,'lkdfjgvioadksf
18:34 MilosTadijaIlic| [gaodfo][ade
18:34 playahater| tu ti je uputstvo ..
18:34 MilosTadijaIlic| ne seri
18:34 playahater| pogledaj .. i tje vish shta treba da kliknesh ..
18:34 MilosTadijaIlic| stani
18:34 MilosTadijaIlic| aj cuti maloo
18:34 playahater| nema ne seri .. nema stani .. 
18:35 MilosTadijaIlic| cuti
18:35 playahater| jedi govna
18:35 MilosTadijaIlic| jel mogu da pitam nesto
18:36 playahater| probaj
18:36 MilosTadijaIlic| onaj drugi fajl sto mi ne treba,jel mogu da ga obrisem-odgovaraj sa da i sa ne
18:37 playahater| nemoj nishta da brishesh ..
18:37 playahater| jaaaooooo .. kakav si lik ..
18:37 playahater| de narezi prvo to
18:37 playahater| nabijem te
18:37 playahater| pa ako radi .. lako tje obrishesh
18:38 MilosTadijaIlic| stani bre idiote
18:38 MilosTadijaIlic| ja sve to imam u komp
18:38 MilosTadijaIlic| jel mogu da izbrisem nepotrebni fajl pre rezanja
18:38 MilosTadijaIlic| kako mogu da ga izbrisem sa diska
18:39 playahater| koj si ti pajser ..
18:39 MilosTadijaIlic| sta ako mi smeta posle na otvaranju igre kod sony-a
18:39 playahater| NE BRISHI NISHTA PRE REZANJA !!!!!!!!!!!!!!!!!!!!!!!!!!!!!
18:39 playahater| NE BRISHI NISHTA PRE REZANJA !!!!!!!!!!!!!!!!!!!!!!!!!!!!!
18:39 playahater| NE BRISHI NISHTA PRE REZANJA !!!!!!!!!!!!!!!!!!!!!!!!!!!!!
18:39 MilosTadijaIlic| ConsolasAtope - Tu web de consolas, PSP, PS2, PS3, Wii, Xbox360, NDS, PC, scene, manuales, tutoriales
18:40 MilosTadijaIlic| jel si mi reko da mi ovo ne treba
18:40 playahater| jebo te .. kojim jezikom ja pricham ?
18:40 playahater| odatle ti treba jedan fajl ..  Pro Evolution Soccer 2010 [PAL] [English] [PS2DVD] [www.topeconsolas.com].iso
18:40 playahater| ali nemoj nishta da brishesh dok ne narezesh i vidish da radi ..
18:41 playahater| ako radi .. onda uzmi i obrishi sve
18:41 playahater| kakav .. lik ..
18:41 playahater| ccc
18:41 MilosTadijaIlic| ovo sto sam ti ja sad poslao da
18:41 MilosTadijaIlic| ne rezem
18:42 playahater| rezesh samo i iskljuchivo Pro Evolution Soccer 2010 [PAL] [English] [PS2DVD] [www.topeconsolas.com].iso !!!!!!!!!!!!!!!!!!!!!!!!!
18:42 MilosTadijaIlic| ok
18:42 MilosTadijaIlic| rezem u tom iso formatu
18:42 MilosTadijaIlic| odg sa da ili ne
18:42 playahater| ali ne rezesh ga kao bilo koji fajl
18:42 playahater| ne .. ne rezesh ga u iso formatu !
18:43 playahater| u tome i jeste poenta 
18:43 playahater| rezesh ga kao "burn iso from file" 
18:43 MilosTadijaIlic| pa u cemu ga rezem
18:44 playahater| ne znam da l se tachno tako zove ta opcija .. ne znam gde se nalazi ta opcija ..
18:44 playahater| zato sam ti poslao youtube link .. tamo imash video ..
18:44 playahater| demonstracija ..
18:44 playahater| prati shta radi lik i kliktji isto shto i on
18:44 MilosTadijaIlic| on me pita za cd-obican,pita za dvd i pita za iso,da ne rezem taj iso?
18:45 playahater| ne
18:45 MilosTadijaIlic| daj li
18:45 MilosTadijaIlic| link
18:45 playahater| koj si ti car .. 
18:45 playahater| http://www.youtube.com/watch?v=VFvoOZPgpw0
18:50 MilosTadijaIlic| ja nemam iste opcije kao na filmu
18:50 MilosTadijaIlic| imam nero burning rom
18:51 MilosTadijaIlic| a ovo ti je nero express 7
18:52 playahater| nemash nero express ??
18:52 playahater| start > programs > nero > nero express
18:52 MilosTadijaIlic| nemam
18:53 MilosTadijaIlic| imam
18:53 playahater| pajser
18:53 MilosTadijaIlic| ali opet ne vidim nista sa ovog filma
18:53 playahater| hmmm ..
18:54 playahater| lele .. komplikovan si za medalju ..
18:54 playahater| aj chekaj ..
18:55 playahater| ok ..
18:55 playahater| znachi ..
18:55 playahater| zatvori sve shto imash otvoreno ..
18:55 playahater| i otvori ..  Nero burning rom
18:55 playahater| jesi?
18:56 MilosTadijaIlic| expres,ne burning
18:56 playahater| ne express .. 
18:56 playahater| sad otvori burning
18:56 playahater| * kazesh da nemash te opcije u express?
18:57 MilosTadijaIlic| imam
18:57 MilosTadijaIlic| ajde pricaj sta da otvorim sad
18:57 playahater| nero burning rom
18:57 MilosTadijaIlic| konacno,preseci
18:57 playahater| nero burning rom
18:57 playahater| nero burning rom
18:57 playahater| nero burning rom
18:57 playahater| nero burning rom
18:57 playahater| nero burning rom
18:58 playahater| jesi li care ??
18:58 MilosTadijaIlic| ej
18:58 MilosTadijaIlic| majmune
18:59 MilosTadijaIlic| koci mi kad ti pises
18:59 MilosTadijaIlic| jel ti jasno
18:59 MilosTadijaIlic| dok ti pises ja ne mogu
18:59 MilosTadijaIlic| svatas
18:59 MilosTadijaIlic| zato stani
18:59 MilosTadijaIlic| ne zajebavaj
18:59 MilosTadijaIlic| se
--- Log closed Thu Mar 04 19:05:09 2010
--- Log opened Thu Mar 04 19:12:14 2010
19:12          <-- MilosTadijaIlic has quit irc
19:13 Closing query with MilosTadijaIlic
--- Log closed Thu Mar 04 19:13:23 2010
--- Log opened Fri Mar 05 15:21:39 2010
15:21 Starting query in Bitlbee with MilosTadijaIlic
15:21 MilosTadijaIlic| ?
15:26          <-- MilosTadijaIlic has quit irc
15:31          <-- MilosTadijaIlic has quit irc
--- Log closed Fri Mar 05 15:36:55 2010
--- Log opened Fri Mar 05 15:44:57 2010
15:44          <-- MilosTadijaIlic has quit irc
--- Log closed Fri Mar 05 15:50:55 2010
--- Log opened Fri Mar 05 16:33:11 2010
16:33 Closing query with MilosTadijaIlic
--- Log closed Fri Mar 05 16:33:11 2010
--- Log opened Fri Mar 05 19:01:09 2010
19:01 Starting query in Bitlbee with MilosTadijaIlic
19:01 MilosTadijaIlic| ?
--- Log closed Fri Mar 05 19:06:55 2010
--- Log opened Fri Mar 05 19:39:51 2010
19:39 playahater| shta?
19:39 Closing query with MilosTadijaIlic
--- Log closed Fri Mar 05 19:39:53 2010
--- Log opened Fri Mar 05 19:41:09 2010
19:41 Starting query in Bitlbee with MilosTadijaIlic
19:41 MilosTadijaIlic| narezao sam disk za kola
19:41 MilosTadijaIlic| obican cd
19:41 MilosTadijaIlic| i nece ga cita
19:41 MilosTadijaIlic| zasto
19:42 playahater| pa nisi ga dobro narezao
19:42 playahater| :)
19:43 MilosTadijaIlic| kako nisam
19:43 MilosTadijaIlic| opet me vozis nesto
19:44 MilosTadijaIlic| jel mozes dobro da ga narezes a da ga ne cita
19:44 MilosTadijaIlic| kao da je neka filozofija da narezes disk
19:47 playahater| pa nije .. zato mi i nisi jasan .. :/
19:47 MilosTadijaIlic| ja samo pitao,mozda znas
19:47 MilosTadijaIlic| a ti odma zajebav
19:47 MilosTadijaIlic| as
--- Log closed Fri Mar 05 19:52:55 2010
--- Log opened Fri Mar 05 19:56:12 2010
19:56          <-- MilosTadijaIlic has quit irc
19:57          <-- MilosTadijaIlic has quit irc
--- Log closed Fri Mar 05 20:02:55 2010
--- Log opened Fri Mar 05 20:03:42 2010
20:03          <-- MilosTadijaIlic has quit irc
--- Log closed Fri Mar 05 20:08:55 2010
--- Log opened Fri Mar 05 20:14:17 2010
20:14 playahater| .. pa .. dobro .. pa shto se ljutish ..
20:14 playahater| :)
20:17          <-- MilosTadijaIlic has quit irc
20:18          <-- MilosTadijaIlic has quit irc
20:23          <-- MilosTadijaIlic has quit irc
20:24          <-- MilosTadijaIlic has quit irc
20:26          <-- MilosTadijaIlic has quit irc
20:29          <-- MilosTadijaIlic has quit irc
--- Log closed Fri Mar 05 20:35:55 2010
--- Log opened Fri Mar 05 20:35:57 2010
20:35          <-- MilosTadijaIlic has quit irc
20:38          <-- MilosTadijaIlic has quit irc
20:39          <-- MilosTadijaIlic has quit irc
--- Log closed Fri Mar 05 20:44:55 2010
--- Log opened Fri Mar 05 20:44:57 2010
20:44          <-- MilosTadijaIlic has quit irc
20:46          <-- MilosTadijaIlic has quit irc
20:47          <-- MilosTadijaIlic has quit irc
20:52          <-- MilosTadijaIlic has quit irc
20:53          <-- MilosTadijaIlic has quit irc
20:57          <-- MilosTadijaIlic has quit irc
--- Log closed Fri Mar 05 21:02:55 2010
--- Log opened Fri Mar 05 21:02:57 2010
21:02          <-- MilosTadijaIlic has quit irc
21:04          <-- MilosTadijaIlic has quit irc
21:06          <-- MilosTadijaIlic has quit irc
--- Log closed Fri Mar 05 21:11:55 2010
--- Log opened Fri Mar 05 21:14:57 2010
21:14          <-- MilosTadijaIlic has quit irc
--- Log closed Fri Mar 05 21:20:55 2010
--- Log opened Fri Mar 05 21:28:27 2010
21:28          <-- MilosTadijaIlic has quit irc
--- Log closed Fri Mar 05 21:33:55 2010
--- Log opened Fri Mar 05 21:35:12 2010
21:35          <-- MilosTadijaIlic has quit irc
--- Log closed Fri Mar 05 21:40:55 2010
--- Log opened Fri Mar 05 23:24:42 2010
23:24          <-- MilosTadijaIlic has quit irc
--- Log closed Fri Mar 05 23:29:55 2010
--- Log opened Fri Mar 05 23:30:42 2010
23:30          <-- MilosTadijaIlic has quit irc
--- Log closed Fri Mar 05 23:35:55 2010
--- Log opened Fri Mar 05 23:35:57 2010
23:35          <-- MilosTadijaIlic has quit irc
--- Log closed Fri Mar 05 23:41:55 2010
--- Log opened Fri Mar 05 23:41:57 2010
23:41          <-- MilosTadijaIlic has quit irc
23:43 Closing query with MilosTadijaIlic
--- Log closed Fri Mar 05 23:43:22 2010
--- Log opened Tue Mar 09 18:41:55 2010
18:41 Starting query in Bitlbee with MilosTadijaIlic
18:41 MilosTadijaIlic| eeeeeeeeeeeeeeeeeeee
18:41 MilosTadijaIlic| opet ja
18:42 MilosTadijaIlic| :)
--- Log closed Tue Mar 09 18:47:56 2010
--- Log opened Tue Mar 09 19:27:47 2010
19:27 playahater| eeeeeeeeeeeeeeee
19:27 playahater| munem
19:27 playahater| :)
19:27 Closing query with MilosTadijaIlic
--- Log closed Tue Mar 09 19:27:52 2010
--- Log opened Tue Mar 09 19:28:40 2010
19:28 Starting query in Bitlbee with MilosTadijaIlic
19:28 MilosTadijaIlic| daj mi onaj sajt gde sam skinuo proevolution 
19:28 MilosTadijaIlic| da skinem jos neku igricu
19:33          <-- MilosTadijaIlic has quit irc
--- Log closed Tue Mar 09 19:38:56 2010
--- Log opened Tue Mar 09 19:39:53 2010
19:39 playahater| kickasstorrents.com
19:39 Closing query with MilosTadijaIlic
--- Log closed Tue Mar 09 19:39:56 2010
--- Log opened Tue Mar 09 21:25:21 2010
21:25 Starting query in Bitlbee with MilosTadijaIlic
21:25 MilosTadijaIlic| eeeeeeeeeeeeeeeeeeeee
--- Log closed Tue Mar 09 21:30:56 2010
--- Log opened Tue Mar 09 21:49:38 2010
21:49 Closing query with MilosTadijaIlic
--- Log closed Tue Mar 09 21:49:38 2010
--- Log opened Wed Mar 10 21:04:21 2010
21:04 Starting query in Bitlbee with MilosTadijaIlic
21:04 MilosTadijaIlic| damn
21:06 playahater| menem?
21:06 Closing query with MilosTadijaIlic
--- Log closed Wed Mar 10 21:06:17 2010
--- Log opened Wed Mar 10 21:13:40 2010
21:13 Starting query in Bitlbee with MilosTadijaIlic
21:13 MilosTadijaIlic| ha ha
21:13 MilosTadijaIlic| daj mi onaj sajt 
21:14 MilosTadijaIlic| sto si mi dao za skidanje igrice
21:14 MilosTadijaIlic| ono gde sam skinuo pro evolution soccer
--- Log closed Wed Mar 10 21:19:19 2010
--- Log opened Wed Mar 10 21:20:03 2010
21:20 playahater| pa ti si lood chovek ..
21:20 playahater| po koji put lebati ???
21:20 playahater| kickasstorrents.com .. MUNEM
21:20 playahater| :)
21:20 Closing query with MilosTadijaIlic
--- Log closed Wed Mar 10 21:20:26 2010
--- Log opened Wed Mar 10 21:20:34 2010
21:20 Starting query in Bitlbee with MilosTadijaIlic
21:20 MilosTadijaIlic| pa jbg
21:20 MilosTadijaIlic| nisam memorisao
21:21 playahater| pa memmorishi vetj jednom
21:21 Closing query with MilosTadijaIlic
--- Log closed Wed Mar 10 21:21:50 2010
--- Log opened Wed Mar 10 21:22:00 2010
21:22 Starting query in Bitlbee with MilosTadijaIlic
21:22 MilosTadijaIlic| neam pojma kako
21:22 playahater| zapishi na papir
21:22 playahater| :)
21:22 playahater| si vido ovo?
21:22 playahater| http://www.blic.rs/Vesti/Hronika/179794/Vozio-sa-455-promila-alkohola-u-krvi
21:22 playahater| i ko je taj lik? .. jel ga znam?
21:23 MilosTadijaIlic| tarzan iz minicevo
21:24 MilosTadijaIlic| ne znam ga ni ja
21:24 MilosTadijaIlic| a ti ga nikako ne zna
21:24 playahater| a .. ok ..
21:24 Closing query with MilosTadijaIlic
--- Log closed Wed Mar 10 21:24:59 2010
--- Log opened Wed Mar 10 21:42:57 2010
21:42 Starting query in Bitlbee with MilosTadijaIlic
21:42 MilosTadijaIlic| Kako otici iz pustinje ako pri ruci imate samo dinamit,sibice i makaze?Upalis dinamit sibicom,on eksplodira,napravi dzumbus a ti onda sa makazama odseces dzum i odes,, BUS-om.
21:44          <-- MilosTadijaIlic has quit irc
21:46 Closing query with MilosTadijaIlic
--- Log closed Wed Mar 10 21:46:57 2010
--- Log opened Wed Mar 10 21:51:16 2010
21:51 Starting query in Bitlbee with MilosTadijaIlic
21:51 MilosTadijaIlic| Kako otici iz pustinje ako pri ruci imate samo dinamit,sibice i makaze?Upalis dinamit sibicom,on eksplodira,napravi dzumbus a ti onda sa makazama odseces dzum i odes,, BUS-om.
--- Log closed Wed Mar 10 21:56:19 2010
--- Log opened Wed Mar 10 21:59:13 2010
21:59          <-- MilosTadijaIlic has quit irc
--- Log closed Wed Mar 10 22:04:19 2010
--- Log opened Wed Mar 10 22:08:13 2010
22:08          <-- MilosTadijaIlic has quit irc
22:11          <-- MilosTadijaIlic has quit irc
22:13          <-- MilosTadijaIlic has quit irc
22:18          <-- MilosTadijaIlic has quit irc
--- Log closed Wed Mar 10 22:24:19 2010
--- Log opened Wed Mar 10 22:32:58 2010
22:32          <-- MilosTadijaIlic has quit irc
--- Log closed Wed Mar 10 22:38:19 2010
--- Log opened Wed Mar 10 22:59:11 2010
22:59 Closing query with MilosTadijaIlic
--- Log closed Wed Mar 10 22:59:11 2010
--- Log opened Sat Mar 13 03:55:54 2010
03:55 Starting query in Bitlbee with MilosTadijaIlic
03:55 MilosTadijaIlic| munem
03:57 MilosTadijaIlic| laku noc
--- Log closed Sat Mar 13 04:02:45 2010
--- Log opened Sat Mar 13 05:04:33 2010
05:04          <-- MilosTadijaIlic has quit irc
--- Log closed Sat Mar 13 05:09:45 2010
--- Log opened Sat Mar 13 06:44:47 2010
06:44 Closing query with MilosTadijaIlic
--- Log closed Sat Mar 13 06:44:47 2010
--- Log opened Thu Mar 18 14:47:21 2010
14:47 Starting query in Bitlbee with MilosTadijaIlic
14:47 MilosTadijaIlic| http://apps.facebook.com/bejeweledblitz/?lpt=bookmark
14:47 MilosTadijaIlic| igraj ovo kad imas vreme 
14:47 MilosTadijaIlic| treba mi sto veci rezultat tvoj
--- Log closed Thu Mar 18 14:53:14 2010
--- Log opened Thu Mar 18 19:06:21 2010
19:06          <-- MilosTadijaIlic has quit irc
--- Log closed Thu Mar 18 19:12:14 2010
--- Log opened Thu Mar 18 21:29:14 2010
21:29 Closing query with MilosTadijaIlic
--- Log closed Thu Mar 18 21:29:14 2010
--- Log opened Mon Apr 05 17:38:23 2010
17:38 Starting query in Bitlbee with MilosTadijaIlic
17:38 MilosTadijaIlic| e zajebani
--- Log closed Mon Apr 05 17:43:52 2010
--- Log opened Mon Apr 05 19:29:55 2010
19:29 playahater| reci
19:29 Closing query with MilosTadijaIlic
--- Log closed Mon Apr 05 19:29:57 2010
--- Log opened Mon Apr 05 19:44:22 2010
19:44 Starting query in Bitlbee with MilosTadijaIlic
19:44 MilosTadijaIlic| jel ima neki program da onu igricu sto sam skinuo sa neta ne moram da rezem
19:44 MilosTadijaIlic| nego sam cuo da ima neki program i ona stoji u komp i ne mora je rezem
--- Log closed Mon Apr 05 19:49:52 2010
--- Log opened Mon Apr 05 20:00:14 2010
20:00 playahater| nishta te nisam razumeo ..
20:00 playahater| :)
20:00 Closing query with MilosTadijaIlic
--- Log closed Mon Apr 05 20:00:34 2010
--- Log opened Mon Apr 05 20:12:22 2010
20:12 Starting query in Bitlbee with MilosTadijaIlic
20:12 MilosTadijaIlic| imam igricu koju sam skinuo sa neta
20:12 MilosTadijaIlic| i ona mi je u komp
20:12 MilosTadijaIlic| da bi mogao da je igram moram da je narezem na disk
20:13 MilosTadijaIlic| koji program mi treba pa da ne moram da je rezem na disk nego da je igram direktno sa kompa
20:13 MilosTadijaIlic| razbiras li sad?
20:13 MilosTadijaIlic| :)
--- Log closed Mon Apr 05 20:18:52 2010
--- Log opened Mon Apr 05 20:24:05 2010
20:24 playahater| deamon tools se zove program
20:24 playahater| odavde moz da ga skinesh ..
20:24 playahater| http://hotfile.com/dl/36274685/750766f/Deamon-Tools-4.12.3-Lite.zip.html
20:24 playahater| jel ima kake priche za smilovicu?
20:24 MilosTadijaIlic| i sta posle da radim
20:24 MilosTadijaIlic| bila je
20:25 playahater| i
20:25 MilosTadijaIlic| pa ima organizacija neka
20:25 MilosTadijaIlic| rasa nije siguran
20:25 MilosTadijaIlic| a ja i rasa smo pricali
20:26 MilosTadijaIlic| trebao bi da bude tu al ne zna napamet
20:26 MilosTadijaIlic| sa dacom cu da pricam pa ce se cujemo
20:26 playahater| pa ae da ga pripremamo .. ja dolazim sigurno ..
20:26 playahater| moz se desi mare da uleti ..
20:26 playahater| dobro ..
20:26 MilosTadijaIlic| to bi bilo super
20:26 MilosTadijaIlic| sto vise,to bolje
20:27 playahater| bitno da postoji svest i volja da treba se ode .. :) .. 
20:27 playahater| pa naravno ..
20:27 playahater| ima josh 2-3 drugara iz zajechara koji bi ishli ..
20:27 playahater| tje vimo
20:27 playahater| ja kontam da se mi organizujemo .. pa tje onda da zovemo ljude lako .. 
20:28 MilosTadijaIlic| bili gagi i dex za uskrs sad i niko nije hteo da se javi
20:28 playahater| jebiga .. porodica .. zene .. dece .. 
20:28 playahater| ne razmishljaju na tu stranu uopshte ..
20:29 playahater| otisho sam po cigare .. 
20:29 playahater| ae .. :)
20:29 MilosTadijaIlic| jednom godisnje sat vremena nemaju kad dodju
20:29 playahater| ne opravdavam .. samo konstatujem .. :)
20:31 MilosTadijaIlic| ha ha
20:31 MilosTadijaIlic| ae
--- Log closed Mon Apr 05 20:36:52 2010
--- Log opened Mon Apr 05 21:04:06 2010
21:04 Closing query with MilosTadijaIlic
--- Log closed Mon Apr 05 21:04:06 2010
--- Log opened Tue Apr 06 15:08:59 2010
15:08 Starting query in Bitlbee with MilosTadijaIlic
15:08 MilosTadijaIlic| i sta kad instaliram demon tools
15:09 MilosTadijaIlic| sta tad
15:09 MilosTadijaIlic| kako pokrecem igricu
--- Log closed Tue Apr 06 15:14:17 2010
--- Log opened Tue Apr 06 16:21:33 2010
16:21 playahater| lele .. 
16:21 playahater| pa ne mogu to ovako da ti objasnim .. :/
16:22 playahater| strpi se josh 2-3 nedelje .. pa kad se vidimo .. tju ti objasnim
16:22 Closing query with MilosTadijaIlic
--- Log closed Tue Apr 06 16:22:19 2010
--- Log opened Tue Apr 06 16:22:31 2010
16:22 Starting query in Bitlbee with MilosTadijaIlic
16:22 MilosTadijaIlic| a nema nista od toga
16:22 MilosTadijaIlic| pali skype ili msn
16:23 playahater| tje probamo skype vecheras ..
16:23 playahater| ako uspem da ga poteram .. :) ..
16:23 playahater| ako ne .. kad se vidimo
16:23 playahater| :)
16:23 Closing query with MilosTadijaIlic
--- Log closed Tue Apr 06 16:23:24 2010
--- Log opened Tue Apr 06 16:24:09 2010
16:24 Starting query in Bitlbee with MilosTadijaIlic
16:24 MilosTadijaIlic| grrrrrrrrrrrrrrrrrrrrrrrrr
16:24 MilosTadijaIlic| pa treba mi za igricu
16:24 MilosTadijaIlic| ne mogu cekam toliko
16:27 playahater| nemam vremena sad .. radim ..
16:28 playahater| ako prodje vecheras .. budzimo .. ako ne .. kad se vidimo ..
16:28 playahater| nemoj si derishte!
16:28 playahater| :)
16:28 Closing query with MilosTadijaIlic
--- Log closed Tue Apr 06 16:28:12 2010
--- Log opened Tue Apr 06 16:28:26 2010
16:28 Starting query in Bitlbee with MilosTadijaIlic
16:28 MilosTadijaIlic| ok
--- Log closed Tue Apr 06 16:34:17 2010
--- Log opened Tue Apr 06 16:48:43 2010
16:48 Closing query with MilosTadijaIlic
--- Log closed Tue Apr 06 16:48:43 2010
--- Log opened Tue Apr 06 23:58:29 2010
23:58 Starting query in Bitlbee with MilosTadijaIlic
23:58 playahater| munem? .. :)
23:58 playahater| mrdash?
23:58 Closing query with MilosTadijaIlic
--- Log closed Tue Apr 06 23:58:43 2010
--- Log opened Tue Apr 06 23:59:01 2010
23:59 Starting query in Bitlbee with MilosTadijaIlic
23:59 MilosTadijaIlic| aha
--- Day changed Wed Apr 07 2010
00:01 MilosTadijaIlic| i?
00:03 MilosTadijaIlic| ha ha
00:03 MilosTadijaIlic| napises nesto pa te nema po pola h
00:05 playahater| kompajliram modul za mikrofon ..
00:05 playahater| ti?
00:05 MilosTadijaIlic| ha ha
00:05 MilosTadijaIlic| sta ja
00:06 MilosTadijaIlic| ces skype ili msn
00:06 playahater| nemam msn ..
00:06 playahater| iam skype ..
00:06 playahater| al josh ne znam da l radi
00:06 playahater| :)
00:06 playahater| za 15-ak min tje saznamo
00:06 playahater| :)
00:07 playahater| shto ti ne koristish lepo onaj gmail chat .. 
00:07 playahater| mnogo bolje radi .. a i enkriptovan je ..
00:07 Closing query with MilosTadijaIlic
--- Log closed Wed Apr 07 00:07:52 2010
--- Log opened Wed Apr 07 00:08:16 2010
00:08 Starting query in Bitlbee with MilosTadijaIlic
00:08 MilosTadijaIlic| nemas nista pametnije nego da mi kocis chat dok se ne cujemo na skype :P
--- Log closed Wed Apr 07 00:13:17 2010
--- Log opened Wed Apr 07 00:16:19 2010
00:16 playahater| ma munem
00:16 Closing query with MilosTadijaIlic
--- Log closed Wed Apr 07 00:16:22 2010
--- Log opened Wed Apr 07 01:11:13 2010
01:11 Starting query in Bitlbee with MilosTadijaIlic
01:11 playahater| daj mi tvoj skype name
01:11 MilosTadijaIlic| milos.ilic83
01:14 Closing query with MilosTadijaIlic
--- Log closed Wed Apr 07 01:14:30 2010
--- Log opened Wed Apr 07 01:55:43 2010
01:55 Starting query in Bitlbee with MilosTadijaIlic
01:55 MilosTadijaIlic| hm
--- Log closed Wed Apr 07 02:01:28 2010
--- Log opened Sat Apr 10 15:09:48 2010
15:09 Starting query in Bitlbee with MilosTadijaIlic
15:09 MilosTadijaIlic| jel si tu
15:09 MilosTadijaIlic| trebas mi hitno
15:10 playahater| reci
15:11 playahater| nemam povezan mikrofon trenutno ..
15:11 playahater| :/
15:11 MilosTadijaIlic| treba mi nekako da saznam al ne mogu da nadjem
15:11 MilosTadijaIlic| oce turkinja kod mene
15:12 MilosTadijaIlic| gde mogu da vidim sta joj treba za ulazak u zemlju
15:12 playahater| google .. ambasada srbije .. mup srbije ..
15:12 playahater| pa kombinacija te ti stvari :)
15:13 MilosTadijaIlic| al si komplikovan
--- Log closed Sat Apr 10 15:19:30 2010
--- Log opened Sat Apr 10 15:48:03 2010
15:48 Closing query with MilosTadijaIlic
--- Log closed Sat Apr 10 15:48:03 2010
--- Log opened Thu Apr 15 21:06:42 2010
21:06 Starting query in Bitlbee with MilosTadijaIlic
21:06 MilosTadijaIlic| si tu
21:07 MilosTadijaIlic| ne mogu da nadjem spikerfon na nokiju :)
21:07 MilosTadijaIlic| pricaj gde je
--- Log closed Thu Apr 15 21:12:58 2010
--- Log opened Thu Apr 15 21:18:19 2010
21:18 playahater| shta bre
21:18 playahater| pa klikni .. :)
21:18 playahater| kad pozovesh pogledaj u ekran .. ;)
21:18 Closing query with MilosTadijaIlic
--- Log closed Thu Apr 15 21:18:49 2010
--- Log opened Thu Apr 15 21:19:56 2010
21:19 Starting query in Bitlbee with MilosTadijaIlic
21:19 MilosTadijaIlic| ne mogu ga nadjem
21:20 MilosTadijaIlic| nisam ga ni koristio
21:20 MilosTadijaIlic| da ga nisi obrisao kad smo formatirali fon
21:20 MilosTadijaIlic| ne mogu ga nadjem
--- Log closed Thu Apr 15 21:25:58 2010
--- Log opened Thu Apr 15 21:26:06 2010
21:26 MilosTadijaIlic| ej bre
21:26 MilosTadijaIlic| sto nece mi otvori you tube
21:26 MilosTadijaIlic| trazi mi neki flash player
21:31 playahater| ti kad krenesh s pitanjima .. 
21:31 playahater| .. tztztz ..
21:31 playahater| :)
21:31 playahater| loudspeaker je opcija na telefonu ..
21:31 playahater| to je integrisano sa softwareom .. tako da nisam mogo da ga izbrishem
21:32 playahater| a youtube .. pa prejebao si neshto ..
21:32 playahater| :)
21:32 Closing query with MilosTadijaIlic
--- Log closed Thu Apr 15 21:32:30 2010
--- Log opened Thu Apr 15 21:43:22 2010
21:43 Starting query in Bitlbee with MilosTadijaIlic
21:43 MilosTadijaIlic| staaaaaaaaaaaaa
21:48 Closing query with MilosTadijaIlic
--- Log closed Thu Apr 15 21:48:09 2010
--- Log opened Fri Apr 16 01:21:17 2010
01:21 Starting query in Bitlbee with MilosTadijaIlic
01:21 MilosTadijaIlic| pricaj bre
01:21 MilosTadijaIlic| gde je spikerfon
01:23 Closing query with MilosTadijaIlic
--- Log closed Fri Apr 16 01:23:04 2010
--- Log opened Fri Apr 16 01:35:58 2010
01:35 Starting query in Bitlbee with MilosTadijaIlic
01:35 MilosTadijaIlic| a sto mi trazi player za you tube
01:36 MilosTadijaIlic| ne seri
01:36 MilosTadijaIlic| ja ga instaliram i nista
01:36 playahater| i nisi prejebao?
01:37 playahater| ma daaj ..
01:37 MilosTadijaIlic| jbs
01:37 Closing query with MilosTadijaIlic
--- Log closed Fri Apr 16 01:37:20 2010
--- Log opened Fri Apr 16 01:50:10 2010
01:50 Starting query in Bitlbee with MilosTadijaIlic
01:50 MilosTadijaIlic| necu ti kazem nista za prvi maj
01:52 playahater| e .. da .. shta ste se dogovorili?
01:52 Closing query with MilosTadijaIlic
--- Log closed Fri Apr 16 01:52:08 2010
--- Log opened Fri Apr 16 01:52:16 2010
01:52 Starting query in Bitlbee with MilosTadijaIlic
01:52 MilosTadijaIlic| munem
01:53 playahater| si dochekao, dochekao si ?
01:53 playahater| :)
01:53 MilosTadijaIlic| jbg mora tako
01:53 playahater| pa munem ..
01:53 playahater| :)
01:54 MilosTadijaIlic| da znas sta imam da ti kazem,odma bi mi rekao
01:54 playahater| idu neke pichke da nam blajve gore,a?
01:54 playahater| :)
01:55 MilosTadijaIlic| nista,dok ne kazes
01:56 playahater| nishta oplodnja, i to .. :) .. ?
01:57 MilosTadijaIlic| informacija ti ja danas najvrednija,a ja ti nadam za dz
01:57 MilosTadijaIlic| :P
01:58 playahater| nadash mi,a?
01:58 playahater| :)
01:58 playahater| dobro dobro .. :(
01:58 playahater| :)
01:59 MilosTadijaIlic| jbg
01:59 MilosTadijaIlic| gde je spikerfon
01:59 playahater| ma ne znam bre .. shta si se uvatio .. 
01:59 playahater| pitaj google ..
01:59 playahater| drugachiji ti je software nego meni ..
01:59 playahater| ja sam ti reko shta mislim .. ako nije .. 
02:00 playahater| .. goole.com ..
02:00 MilosTadijaIlic| al je spikerfon na istom mesto
02:00 playahater| google.com
02:00 playahater| :P
02:00 playahater| :)
02:00 MilosTadijaIlic| udji u tel,nadji ga i kazi mi
02:00 MilosTadijaIlic| jel ti tesko
02:00 playahater| jebote .. nemam opciju u telefonu dok ne pozovem ..
02:00 playahater| h`lo ?
02:01 MilosTadijaIlic| grrrrrrrrrrrrrrrrrr
02:01 playahater| pa ozbiljno 
02:03 Closing query with MilosTadijaIlic
--- Log closed Fri Apr 16 02:03:08 2010
--- Log opened Fri Apr 16 02:03:45 2010
02:03 Starting query in Bitlbee with MilosTadijaIlic
02:03 playahater| i .. jel tje bude neka oplodnja gore il shta ?
02:03 Closing query with MilosTadijaIlic
--- Log closed Fri Apr 16 02:03:54 2010
--- Log opened Fri Apr 16 02:04:41 2010
02:04 Starting query in Bitlbee with MilosTadijaIlic
02:04 MilosTadijaIlic| kad pustim nesto na you tube umesto slike koju treba pustim mi pise go upgrade
02:05 playahater| ne znam bre .. 
02:05 playahater| reinstaliraj ..
02:05 playahater| pitaj google ..
02:05 playahater| do sad bi sve to sredio ..
02:06 Closing query with MilosTadijaIlic
--- Log closed Fri Apr 16 02:06:02 2010
--- Log opened Fri Apr 16 02:07:07 2010
02:07 Starting query in Bitlbee with MilosTadijaIlic
02:07 playahater| i .. oplodnja ?
02:07 Closing query with MilosTadijaIlic
--- Log closed Fri Apr 16 02:07:10 2010
--- Log opened Fri Apr 16 02:07:24 2010
02:07 Starting query in Bitlbee with MilosTadijaIlic
02:07 MilosTadijaIlic| pitaj google :P
02:07 MilosTadijaIlic| 3 blajva i 2 oplodnje
02:08 playahater| nachi tje bude ?
02:08 MilosTadijaIlic| na google,do sad si vec mogo da znas
02:09 MilosTadijaIlic| uneses pitanje 
02:09 MilosTadijaIlic| jel ce jebemo nesto na prvi maj
02:09 MilosTadijaIlic| i on ce ti kaze
02:09 Closing query with MilosTadijaIlic
--- Log closed Fri Apr 16 02:09:53 2010
--- Log opened Tue Apr 20 11:37:16 2010
11:37 Starting query in Bitlbee with MilosTadijaIlic
11:37 MilosTadijaIlic| ej bre
11:37 playahater| e bre
11:37 playahater| kako ne radi?
11:37 MilosTadijaIlic| pali skype
11:37 MilosTadijaIlic| sad radi
11:37 MilosTadijaIlic| pisao sam ti juce ceo dan
11:38 playahater| e .. al nemam mikrofon ..
11:38 playahater| mare ga odeo u kancelariju ..
11:38 playahater| donetje ga popodne ..
11:38 playahater| imatju vecheras 
11:38 MilosTadijaIlic| ti kuckaj,ja cu pisem
11:38 MilosTadijaIlic| grrrrrrrrrrrrrrrrrrrrr
11:38 MilosTadijaIlic| vi ste bre smotlje
11:39 playahater| smotlje? .. si lood? .. :)
11:39 playahater| se chujemo vecheras .. il pishi sad ..
11:39 playahater| ae .. ukratko .. :)
11:39 MilosTadijaIlic| daj ti pricam na skype a ti pisi
11:39 MilosTadijaIlic| brze pises
11:39 playahater| ae
11:40 playahater| chek ..
11:40 playahater| da pojacham zvuk ..
11:41 playahater| e
11:41 playahater| kazi neshto
11:41 playahater| i dalje te slabo chujem ..
11:41 playahater| chek sek
11:42 playahater| ae sad ..
11:42 playahater| jel moz ti da pojachash tvoj mikrofon malo ..
11:43 playahater| mnogo te slabo chujem
11:43 playahater| slabije nego proshli put
11:44 playahater| pa chujem te kako mrmljash neshto ..
11:44 playahater| teshko mog da razumem
11:44 playahater| proshli put sam te chuo do jaja ..
11:44 playahater| sad loshe ..
11:44 playahater| do tebe je
11:44 playahater| :)
11:44 playahater| ae .. budi samo glasniji i jasniji
11:45 playahater| glasno i jasno
11:45 playahater| :)
11:45 playahater| ae
11:45 playahater| 3 -4 sad
11:45 playahater| :)
11:45 playahater| nishta te ne chujem
11:45 playahater| ...
11:45 playahater| ...
11:45 playahater| nista ..
11:45 playahater| .. i dalje nishta
11:45 playahater| POJACHAJ MIKROFON !!!!!!!!!!
11:46 playahater| skype settings .. ili .. windows audio settings
11:47 playahater| ae .. gukni jasno i glasno ..
11:47 playahater| mora se priblizish mikrofonu da bi te chuo 
11:47 playahater| e
11:47 playahater| to
11:47 playahater| :)
11:47 playahater| apish duud
11:47 playahater| :)
11:48 playahater| dobro
11:48 playahater| i?
11:48 playahater| jedi govna
11:48 playahater| dobro
11:48 playahater| ne seri?
11:48 playahater| voda,a?
11:48 playahater| uhh .. :(
11:48 playahater| dobro ..
11:48 playahater| znachi uz vr ?
11:48 playahater| aha
11:48 playahater| diliii ..
11:49 playahater| dacha?
11:49 playahater| hehaha
11:50 playahater| da da ..
11:50 playahater| jasno
11:50 playahater| uhhh
11:50 playahater| :)
11:50 playahater| ma do jaja
11:50 playahater| super je broj .. svidja mi se
11:50 playahater| :)
11:50 playahater| ne seri ???@!!!!
11:50 playahater| srishila mu se koliba ??
11:50 playahater| ma da .. ok za jagnje ..
11:51 playahater| nego se chudim za srushenu kolibu
11:51 playahater| dobro ..
11:51 playahater| dalje ..
11:51 playahater| :)
11:51 playahater| a jel ne moz s dzip da se sidje od vr do kolibu ??
11:51 playahater| debil
11:52 playahater| :/
11:52 playahater| da da ..
11:52 playahater| uhhh .. :(
11:52 playahater| dobro .. 
11:52 playahater| nachi .. il nosimo na ruke il bataljujemo ?
11:52 playahater| dobro
11:53 playahater| aha
11:53 playahater| na krivinu
11:53 playahater| da da
11:53 playahater| ok ..
11:53 playahater| znam
11:53 playahater| deleee ..
11:53 playahater| pa ima josh dosta odatle do kolibu
11:53 playahater| hmmmm ..
11:54 playahater| dobro .. moze ..
11:54 playahater| dobro .. u tom sluchaju .. ok ..
11:55 playahater| otju .. maretu trebao mikrofon .. donetje ga vecheras ..
11:55 playahater| pa se chujemo vecheras na skype ..
11:55 playahater| ne moz popodne nikako
11:55 playahater| mikrofon dobijam VECHERAS
11:55 playahater| munem
11:55 playahater| :)
11:55 playahater| dobro ..
11:55 playahater| dobro
11:55 playahater| ok
11:55 playahater| jasno
11:56 playahater| ae .. chujemo se vechras
11:56 playahater| :)
11:56 playahater| ae
11:56 playahater| tjao
11:58 Closing query with MilosTadijaIlic
--- Log closed Tue Apr 20 11:58:33 2010
--- Log opened Tue Apr 20 13:16:34 2010
13:16 Starting query in Bitlbee with MilosTadijaIlic
13:16 playahater| e
13:16 MilosTadijaIlic| e
13:16 playahater| 061-6020075
13:17 MilosTadijaIlic| ha ha
13:17 Closing query with MilosTadijaIlic
--- Log closed Tue Apr 20 13:17:48 2010
--- Log opened Sat Apr 24 17:37:52 2010
17:37 Starting query in Bitlbee with MilosTadijaIlic
17:37 MilosTadijaIlic| eeeeeeeeeeeeeeeeeeee
17:37 MilosTadijaIlic| tebra
--- Log closed Sat Apr 24 17:43:51 2010
--- Log opened Sat Apr 24 17:50:17 2010
17:50 playahater| ehej
17:50 Closing query with MilosTadijaIlic
--- Log closed Sat Apr 24 17:50:19 2010
--- Log opened Sun Apr 25 00:43:21 2010
00:43 Starting query in Bitlbee with MilosTadijaIlic
00:43 MilosTadijaIlic| ??????????????????????????
00:43 MilosTadijaIlic| ????????????????????????
00:43 MilosTadijaIlic| ?????????????????????????
--- Log closed Sun Apr 25 00:48:51 2010
--- Log opened Sun Apr 25 13:00:47 2010
13:00 playahater| munem?
13:00 Closing query with MilosTadijaIlic
--- Log closed Sun Apr 25 13:00:48 2010
--- Log opened Mon Apr 26 11:48:01 2010
11:48 Starting query in Bitlbee with MilosTadijaIlic
11:48 MilosTadijaIlic| eeeeeeeeeeeeeeeeeeeeeeeeeeeeee
11:48 MilosTadijaIlic| jel te ima
11:49 playahater| da bre 
11:49 playahater| uvek
11:49 playahater| :)
11:49 MilosTadijaIlic| fala bogu 
11:49 MilosTadijaIlic| ce palis skype
11:49 MilosTadijaIlic| kurac moj uvek
11:49 playahater| malo kasnije ..
11:49 playahater| :)
11:49 MilosTadijaIlic| da te jebem ja malo kasnije
11:49 playahater| teshko
11:49 playahater| :|
11:49 MilosTadijaIlic| klince nemamo
11:50 MilosTadijaIlic| jagnje nemamo
11:50 MilosTadijaIlic| i tako
11:50 MilosTadijaIlic| idemo ja ti i dacha
11:50 MilosTadijaIlic| i mozda rasha
11:50 MilosTadijaIlic| kog povodish ti'
11:50 playahater| pa do jaja .. jebe nam se .. 
11:50 playahater| mozda krene mare
11:51 playahater| i mozda krenu dva drugara iz zajechara .. al to ne znam sve dok ne odem u zajechar
11:51 MilosTadijaIlic| e mozda kobac krene sa nama
11:51 playahater| ok
11:51 MilosTadijaIlic| a kad ces u za
11:51 playahater| cimao me buzoli ..
11:51 playahater| pozeleo i on da ide gore al me nije nishta konkretno pitao ..
11:51 MilosTadijaIlic| to mi ne pricaj,ja mogu i  a tupiznicu
11:52 MilosTadijaIlic| na
11:52 playahater| ja sam do srede-chetvrtka u bgd ..
11:53 playahater| imam neku frku oko posla ..
11:53 playahater| posle toga se spushtam za zavichaj
11:54 playahater| a jel si se ti vozio motorom gore ?
11:54 MilosTadijaIlic| nisam blato
11:54 MilosTadijaIlic| ne moze motorom
11:54 playahater| jebiga
11:54 MilosTadijaIlic| a peski mi ne pada na pamet
11:54 MilosTadijaIlic| a 30 je petak,jel znas
11:54 playahater| stvarno?
11:54 playahater| :P
11:54 MilosTadijaIlic| a ti ce sedis do cetvrtka u bg
11:55 MilosTadijaIlic| kad si zadnji put pogledao kalendar
11:55 MilosTadijaIlic| kako ces na prvi maj kad ne gledas kalendar
11:55 MilosTadijaIlic| ajd objasni mi to
11:56 playahater| e .. pa ovako ..
11:56 playahater| baba vanga mi rekla da nishta ne brinem ..
11:56 playahater| sve tje bude kako valja 
11:56 playahater| i ja od tad ne gledam u kalendar
11:56 playahater| :)
11:57 MilosTadijaIlic| jbs
11:57 playahater| chujemo se kasnije na skype pa tje prichamo ..
11:58 playahater| ae .. odo da radim .
11:58 Closing query with MilosTadijaIlic
--- Log closed Mon Apr 26 11:58:15 2010
--- Log opened Mon Apr 26 11:59:05 2010
11:59 Starting query in Bitlbee with MilosTadijaIlic
11:59 MilosTadijaIlic| ae
11:59 MilosTadijaIlic| al nisam tu kasnije
11:59 playahater| e munem onda ..
11:59 playahater| vecheras ..
11:59 MilosTadijaIlic| ne verujem
11:59 MilosTadijaIlic| idem za zajecar
11:59 playahater| e munem
12:00 MilosTadijaIlic| jbg
12:01 MilosTadijaIlic| do subote ce se cujemo,ne bini,ima vreme
--- Log closed Mon Apr 26 12:06:31 2010
--- Log opened Mon Apr 26 12:18:07 2010
12:18 Closing query with MilosTadijaIlic
--- Log closed Mon Apr 26 12:18:07 2010
--- Log opened Mon Apr 26 14:51:52 2010
14:51 Starting query in Bitlbee with MilosTadijaIlic
14:51 MilosTadijaIlic| munem
14:51 MilosTadijaIlic| jel sad kasnije
--- Log closed Mon Apr 26 14:57:31 2010
--- Log opened Mon Apr 26 15:18:25 2010
15:18 playahater| ne josh ..
15:18 Closing query with MilosTadijaIlic
--- Log closed Mon Apr 26 15:18:28 2010
--- Log opened Mon Apr 26 15:19:10 2010
15:19 Starting query in Bitlbee with MilosTadijaIlic
15:19 MilosTadijaIlic| daaaaaaaaaaaaaaaaa
15:19 Closing query with MilosTadijaIlic
--- Log closed Mon Apr 26 15:19:27 2010
--- Log opened Tue Apr 27 15:47:56 2010
15:47 Starting query in Bitlbee with MilosTadijaIlic
15:47 MilosTadijaIlic| munem
15:48 MilosTadijaIlic| jel ce pricamo il ce zajebujemo mi 1 maj
--- Log closed Tue Apr 27 15:54:09 2010
--- Log opened Tue Apr 27 16:08:07 2010
16:08 playahater| pa desi sinotj?
16:08 playahater| ae tje skypeujemo kasnije ..
16:08 MilosTadijaIlic| ha ha
16:08 playahater| imam josh jedno sat-dva posla ..
16:08 playahater| chim zavrshim .. cimam
16:08 MilosTadijaIlic| pa ne mogu ja kad ti mozes a ti nikad ne mozes
16:09 playahater| e jedi govna
--- Log closed Tue Apr 27 16:14:09 2010
--- Log opened Tue Apr 27 16:30:43 2010
16:30 Closing query with MilosTadijaIlic
--- Log closed Tue Apr 27 16:30:43 2010
--- Log opened Tue Apr 27 16:43:28 2010
16:43 Starting query in Bitlbee with MilosTadijaIlic
16:43 Closing query with MilosTadijaIlic
--- Log closed Tue Apr 27 16:43:31 2010
--- Log opened Tue Apr 27 17:16:01 2010
17:16 Starting query in Bitlbee with MilosTadijaIlic
17:16 playahater| munem?
17:16 playahater| :)
17:16 Closing query with MilosTadijaIlic
--- Log closed Tue Apr 27 17:16:06 2010
--- Log opened Tue Apr 27 17:16:16 2010
17:16 Starting query in Bitlbee with MilosTadijaIlic
17:16 MilosTadijaIlic| sta
17:16 playahater| kurac u dupe ..
17:16 playahater| skype,a?
17:16 playahater| :)
17:16 MilosTadijaIlic| ja sam tu,tebe nema
17:16 MilosTadijaIlic| neam puno vreme
17:17 playahater| ae .. satju se nakachim na skype ..
17:21 playahater| eto me na skype
17:21 playahater| se vidimo?
17:21 MilosTadijaIlic| ne
--- Log closed Tue Apr 27 17:27:09 2010
--- Log opened Tue Apr 27 17:42:55 2010
17:42 Closing query with MilosTadijaIlic
--- Log closed Tue Apr 27 17:42:55 2010
--- Log opened Wed Apr 28 18:05:02 2010
18:05 Starting query in Bitlbee with MilosTadijaIlic
18:05 playahater| e ..
18:05 playahater| tje skype-ujemo malo ? :)
18:05 Closing query with MilosTadijaIlic
--- Log closed Wed Apr 28 18:05:29 2010
--- Log opened Thu Apr 29 13:38:51 2010
13:38 Starting query in Bitlbee with MilosTadijaIlic
13:38 MilosTadijaIlic| damn 1.maj
13:38 MilosTadijaIlic| :)
--- Log closed Thu Apr 29 13:44:11 2010
--- Log opened Thu Apr 29 15:41:33 2010
15:41 Closing query with MilosTadijaIlic
--- Log closed Thu Apr 29 15:41:33 2010
--- Log opened Thu Apr 29 15:42:38 2010
15:42 Starting query in Bitlbee with MilosTadijaIlic
15:42 playahater| vido sam poruku na fb ..
15:43 playahater| nemamo kvorum za ovaj uranak ? ..    :(
15:43 playahater| omashio sam i proshli .. tju omashim i ovaj ..
15:43 playahater| a be .. tju zaboravim kako izgleda smilovica  ..    :(
15:44 Closing query with MilosTadijaIlic
--- Log closed Thu Apr 29 15:44:01 2010
--- Log opened Thu Apr 29 15:49:27 2010
15:49 Starting query in Bitlbee with MilosTadijaIlic
15:49 MilosTadijaIlic| ha ha
15:49 MilosTadijaIlic| ti da dodjes,da odemo nekad da namestimo kolibu
15:50 MilosTadijaIlic| da popravimo sve i da sredimo
15:50 MilosTadijaIlic| i mozemo gore da odemo na tri dana da sredimo sve
15:50 MilosTadijaIlic| to oce i dacha
15:50 playahater| do jaja .. otju i ja ..
15:50 playahater| pazi ovako ..
15:50 playahater| ja dolazim krajem maja na 10god mature ..
15:51 playahater| mozemo tad da iskombinujemo neshto
15:51 MilosTadijaIlic| oces tad
15:51 MilosTadijaIlic| ajde
15:51 MilosTadijaIlic| nego bi bilo lepo ili da budu radni dani ili da se zadese neki praznici
15:51 MilosTadijaIlic| posto ja najebujem od posao
15:52 MilosTadijaIlic| juce sam se raspao
15:55 playahater| pa verujem ..
15:55 playahater| svi ga najebujemo .. a malo ko profitira .. :(
15:55 playahater| otju tad ..
15:55 playahater| dolazim na tu godishnjicu .. i posle mogu da izblejim jedno 7-10 dana u petrushu ..
15:56 playahater| tad moz da ukombinujemo smilovicu na 2-3 dana i da pokrpimo shta treba ..
15:56 playahater| ne bi bilo loshe kad bi okvirno znao shta ima se radi gore .. da znam kolko pare da spremim ..
15:56 playahater| kontam da ne treba bog zna .. al ne moz ni bez nishta
15:57 MilosTadijaIlic| ma ne treba mnogo
15:57 MilosTadijaIlic| sve pravimo od drvo
15:58 MilosTadijaIlic| samo moze da nam izvezu neki pleh ako treba
15:58 MilosTadijaIlic| to nije skupo
15:58 MilosTadijaIlic| a ja imam cak i ceremidu kuci ako treba
15:58 MilosTadijaIlic| tako da nije problem
15:59 playahater| shta god bude trebalo da se izveze .. tje izvezemo ..
15:59 playahater| ako moz se probijemo do kolibu .. mada tje splasne smilovachka volga do tad valjda
15:59 playahater| :)
15:59 MilosTadijaIlic| kad ti je matura
15:59 playahater| 22. Maj
15:59 playahater| kontam da dodjem oko 20. Maja .. i da budem do kraja maja u petrushu ..
16:00 MilosTadijaIlic| jel ces ti pre toga ili posle u selo
16:00 playahater| posle 
16:00 MilosTadijaIlic| aha
16:00 MilosTadijaIlic| ok,moze
16:00 playahater| 22 - 28/29/30
16:00 MilosTadijaIlic| bilo bi lepo
16:00 MilosTadijaIlic| ali ukombinuj da bude tako
16:00 playahater| tachnije ..
16:00 playahater| 23 - 28/29/30
16:00 playahater| tad sam u selo
16:01 MilosTadijaIlic| ok
16:01 playahater| eto .. da znash .. 
16:01 playahater| pa vidi s dachu .. pa bi bilo lepo ako bi mogli da se ukmbinujemo ..
16:01 MilosTadijaIlic| ok,cu vidim ja sa dachom
16:01 MilosTadijaIlic| ce ga pravimo
16:02 playahater| eto .. ulio si mi nadu .. mozda ipak i odem ove godine u smilovicu .. :)
16:02 MilosTadijaIlic| ha ha,najvise od tebe zavisi -ovo za kraj maja
16:03 playahater| svim silama tju da delam .. ;)
16:03 playahater| i dole sam sigurno u to vreme ..
16:03 MilosTadijaIlic| ok
16:03 playahater| mozda ne budem mogo da ostanem 10 dana .. al 5 tju morati .. da ga jebem .. :)
16:04 MilosTadijaIlic| nemoj sad da smanjujes
16:04 MilosTadijaIlic| jos nisi ni dosao
16:04 MilosTadijaIlic| :P
16:04 playahater| ma jok .. samo razmishljam na tastaturu .. :D
16:05 MilosTadijaIlic| ha ha
16:08 Closing query with MilosTadijaIlic
--- Log closed Thu Apr 29 16:08:41 2010
--- Log opened Thu Apr 29 19:30:04 2010
19:30 Starting query in Bitlbee with MilosTadijaIlic
19:30 MilosTadijaIlic| eeeeeeeeeeeeeeeeeeee
19:32 playahater| e
19:32 MilosTadijaIlic| daj onaj sajt sto ima da se skida
19:33 MilosTadijaIlic| ima zuckastu pozadinu
19:33 MilosTadijaIlic| davao si mi vec 
19:33 MilosTadijaIlic| pa mi oboren sistem i sad nemam
19:33 playahater| http://www.kickasstorrents.com/ ??
19:34 playahater| .. nego .. gledao sam malo moj raspored za maj ..
19:34 playahater| 30. maja mora budem u bgd-u
19:35 playahater| shto znachi da sam definitivno slobodan od 20-og do 30-og
19:35 playahater| 10 dana ..
19:35 MilosTadijaIlic| ma znam te,na kraj nema ni da dodjes
19:35 playahater| jedi govna
19:35 playahater| :)
19:35 MilosTadijaIlic| nesto ce upadne izmedju
19:35 playahater| nope
19:36 playahater| znachi akcija moz se planira od 23. do 29.
19:36 playahater| eto ..
19:36 playahater|  da znash ..
19:37 playahater| al to je bash u sred nedelje .. :(
19:37 MilosTadijaIlic| pa 0d 23 do 29 je 6 dana
19:37 MilosTadijaIlic| nije 10
19:37 MilosTadijaIlic| :)
19:37 playahater| pa da 3 dana sam u zajechar
19:37 playahater| 10 dana ukupno sam u timochku krajnu
19:37 playahater| :)
--- Log closed Thu Apr 29 19:43:11 2010
--- Log opened Thu Apr 29 19:48:05 2010
19:48 Closing query with MilosTadijaIlic
--- Log closed Thu Apr 29 19:48:05 2010
--- Log opened Thu Apr 29 20:00:22 2010
20:00 Starting query in Bitlbee with MilosTadijaIlic
20:00 MilosTadijaIlic| ha ha
20:00 MilosTadijaIlic| kako se skida sa ovog sajta
--- Log closed Thu Apr 29 20:06:11 2010
--- Log opened Thu Apr 29 20:15:48 2010
20:15 playahater| pa jel si ga vetj koristio ?
20:15 playahater| znash ..
20:15 playahater| :)
20:16 playahater| link je => download torrent !
20:18 Closing query with MilosTadijaIlic
--- Log closed Thu Apr 29 20:18:46 2010
--- Log opened Mon May 03 13:21:43 2010
13:21 Starting query in Bitlbee with MilosTadijaIlic
13:21 MilosTadijaIlic| damn
13:21 MilosTadijaIlic| prosao prvi maj
13:21 MilosTadijaIlic| ;)
13:22 MilosTadijaIlic| gde si bio
--- Log closed Mon May 03 13:27:05 2010
--- Log opened Mon May 03 13:35:00 2010
13:35 Closing query with MilosTadijaIlic
--- Log closed Mon May 03 13:35:00 2010
--- Log opened Mon May 03 14:49:26 2010
14:49 Starting query in Bitlbee with MilosTadijaIlic
14:49 MilosTadijaIlic| pa tamo bila i sandra iz petrusu
14:49 MilosTadijaIlic| da niste zajedno bili
14:50 playahater| ne .. 
14:51 playahater| a ti? .. gde si ga obelezio?
14:51 playahater| :)
14:51 playahater| manastir?
14:51 Closing query with MilosTadijaIlic
--- Log closed Mon May 03 14:51:34 2010
--- Log opened Mon May 03 14:52:12 2010
14:52 Starting query in Bitlbee with MilosTadijaIlic
14:52 MilosTadijaIlic| ma jok
14:52 MilosTadijaIlic| banjica u knjazevac
--- Log closed Mon May 03 14:58:05 2010
--- Log opened Mon May 03 15:03:27 2010
15:03 Closing query with MilosTadijaIlic
--- Log closed Mon May 03 15:03:27 2010
--- Log opened Tue May 04 18:54:25 2010
18:54 Starting query in Bitlbee with MilosTadijaIlic
18:54 MilosTadijaIlic| sta radis care
--- Log closed Tue May 04 19:00:05 2010
--- Log opened Tue May 04 20:18:42 2010
20:18 playahater| trenutno nishta pametno ..
20:18 playahater| :)
20:18 playahater| ti?
20:18 Closing query with MilosTadijaIlic
--- Log closed Tue May 04 20:18:47 2010
