--- Log opened Mon Apr 05 11:46:50 2010
11:46 Starting query in Bitlbee with MiloradMiletic
11:46 MiloradMiletic| si tu?
11:49          <-- MiloradMiletic has quit irc
11:50          <-- MiloradMiletic has quit irc
--- Log closed Mon Apr 05 11:55:52 2010
--- Log opened Mon Apr 05 15:17:10 2010
15:17 Closing query with MiloradMiletic
--- Log closed Mon Apr 05 15:17:10 2010
--- Log opened Mon Apr 12 17:59:18 2010
17:59 Starting query in Bitlbee with MiloradMiletic
17:59 MiloradMiletic| jesi gledo moj komp?
18:02          <-- MiloradMiletic has quit irc
--- Log closed Mon Apr 12 18:08:27 2010
--- Log opened Mon Apr 12 20:08:25 2010
20:08 Closing query with MiloradMiletic
--- Log closed Mon Apr 12 20:08:25 2010
--- Log opened Wed Apr 28 13:03:54 2010
13:03 Starting query in Bitlbee with MiloradMiletic
13:03 MiloradMiletic| jel ides u za za 1 maj?
13:05 playahater| verovatno ..
13:05 playahater| shto
13:05 Closing query with MiloradMiletic
--- Log closed Wed Apr 28 13:05:13 2010
--- Log opened Sun May 02 17:48:21 2010
17:48 Starting query in Bitlbee with MiloradMiletic
17:48 playahater| http://picasaweb.google.com/mishkez/
17:48 playahater| :)
17:48 Closing query with MiloradMiletic
--- Log closed Sun May 02 17:48:25 2010
--- Log opened Sun May 02 17:48:46 2010
17:48 Starting query in Bitlbee with MiloradMiletic
17:48 MiloradMiletic| heh
17:48 MiloradMiletic| ne zezaj da si sliko rostilj
17:49 MiloradMiletic| extra
17:49 playahater| .. kad moram na sve da mislim .. 
17:49 playahater| :)
17:49 MiloradMiletic| heh
17:51 MiloradMiletic| dobre su slike
17:51 MiloradMiletic| ja postavio na fb
17:51 MiloradMiletic| sad cu i da ih postavim na rapidshare
17:51 MiloradMiletic| pa ako ocete da skinete
17:52 playahater| shto se tiche mene .. ne mora .. 
17:52 playahater| ima ih na netu .. ;)
17:52 MiloradMiletic| pa da.. mada cu ja da ih maknem za koju nedelju
17:52 MiloradMiletic| ne drzim slike na fb
17:53 MiloradMiletic| malo ih okacim pa maknem posle
17:53 MiloradMiletic| ;)
17:53 playahater| nemoj da ih brishesh .. nego im samo promeni permisije .. ;)
17:53 playahater| jednostavnije .. :)
17:53 playahater| oni to ionako imaju .. 
17:53 MiloradMiletic| nebitno
17:54 playahater| pa bitno .. onda dash meni permisije tog albuma pa ne mora da ih chuvam na hardu .. :)
17:54 playahater| dobre slichjke .. dobre ..
17:54 playahater| imam i jedan filmitj od 10-ak minuta ..
17:55 playahater| to tju da bacim na youtube .. ovih dana .. :)
17:55 MiloradMiletic| najbolji je tvoj djemper na grudima
17:55 MiloradMiletic| hehehe
17:55 playahater| a .. reci .. 
17:55 playahater| .. shmekerica
17:55 playahater| :)
17:55 playahater| hehe
17:55 MiloradMiletic| hehe
17:55 MiloradMiletic| ma da
17:55 MiloradMiletic| bas je bio lep dan
17:55 MiloradMiletic| uzivancija
17:56 playahater| milinka ..
17:56 MiloradMiletic| svidja mi se ova jedna tvoja slika
17:56 MiloradMiletic| uhvatio si i divljac u prolazu
17:57 MiloradMiletic| 28-a
17:58 MiloradMiletic| kolko mesta ima na picasa albums?
17:58 playahater| shteta shto nismo snimili onu srnu .. :/
17:58 MiloradMiletic| da ja tu stavim slicke?
17:58 playahater| 1024Mb
17:58 playahater| :)
17:59 MiloradMiletic| sad cu ih metem tamo
17:59 playahater| al tu idu manje rezolucije ..
17:59 playahater| da ti ne zauzima mesta bezveze ..
17:59 MiloradMiletic| hmmm
17:59 playahater| ja moje skratio na 1024
17:59 playahater| pa tek onda uploadovao ..
17:59 MiloradMiletic| pa eto ti.. da ih gledas.. na net
18:00 playahater| imash aplikaciju .. picasa .. iz nje moz najlakshe da bacish to tamo ..
18:00 playahater| i imash opciju da ih on resize-uje ..
18:00 playahater| :)
18:00 MiloradMiletic| pa moze i on da ih smanjuje dok uploaduje?
18:00 MiloradMiletic| imam je
18:00 playahater| pa eto ..
18:00 MiloradMiletic| i koristim
18:00 playahater| to je to
18:00 MiloradMiletic| sad cu ih metem
18:00 playahater| ae
18:00 playahater| :)
18:03          <-- MiloradMiletic has quit irc
18:05 Closing query with MiloradMiletic
--- Log closed Sun May 02 18:05:24 2010
--- Log opened Mon May 03 14:24:42 2010
14:24 Starting query in Bitlbee with MiloradMiletic
14:24 MiloradMiletic| sutra necem moci
14:24 MiloradMiletic| prekosutra
14:25 MiloradMiletic| sutra imam neko druzenje
14:26 playahater| ok ..
14:26 Closing query with MiloradMiletic
--- Log closed Mon May 03 14:26:29 2010
--- Log opened Tue May 18 06:46:38 2010
06:46 Starting query in Bitlbee with MiloradMiletic
06:46 MiloradMiletic| rano budjenje?
06:48          <-- MiloradMiletic has quit irc
--- Log closed Tue May 18 06:53:33 2010
--- Log opened Tue May 18 09:09:14 2010
09:09          <-- MiloradMiletic has quit irc
--- Log closed Tue May 18 09:14:33 2010
--- Log opened Tue May 18 11:01:44 2010
11:01          <-- MiloradMiletic has quit irc
--- Log closed Tue May 18 11:07:33 2010
--- Log opened Tue May 18 13:14:31 2010
13:14 playahater| uvek
13:14 Closing query with MiloradMiletic
--- Log closed Tue May 18 13:14:33 2010
--- Log opened Tue May 18 15:02:22 2010
15:02 Starting query in Bitlbee with MiloradMiletic
15:02 MiloradMiletic| heh
15:03 playahater| ehe
15:03 Closing query with MiloradMiletic
--- Log closed Tue May 18 15:03:12 2010
--- Log opened Tue May 18 15:08:09 2010
15:08 Starting query in Bitlbee with MiloradMiletic
15:08 MiloradMiletic| st se radi?
15:08 playahater| radi se ..
15:08 playahater| kutja - poso - poso - kutja .. :D
15:08 playahater| ti?
15:08 MiloradMiletic| evo me na poso
15:09 playahater| definitivno ne idesh za zavichaj?
15:09 playahater| si javio dole?
15:09 MiloradMiletic| definitivno
15:09 MiloradMiletic| cuo sam se sa Ziletom sinoc
15:09 MiloradMiletic| on zna
15:09 MiloradMiletic| jel to dovoljno?
15:10 playahater| pa mislim da je ste
15:10 playahater| jeste*
15:10 playahater| :P
15:10 MiloradMiletic| a i videce da nisam dao pare
15:10 MiloradMiletic| i to je neki pokazatelj
15:10 MiloradMiletic| hehe
15:10 playahater| mmm.da
15:10 playahater| :)
15:10 MiloradMiletic| ti? rece Puja da razmisljas?
15:11 playahater| pa josh nisam siguran .. 
15:11 playahater| sve mi zavisi od posla ..
15:11 MiloradMiletic| ma narafski
15:11 playahater| videtju ovih dana ..
15:11 playahater| do petka treba da im javim ..
15:12 playahater| a do tad tju znati
15:12 playahater| voleo bih da odem .. videtjemo ..
15:12 MiloradMiletic| fino fino
--- Log closed Tue May 18 15:17:33 2010
--- Log opened Tue May 18 16:24:42 2010
16:24 Closing query with MiloradMiletic
--- Log closed Tue May 18 16:24:42 2010
--- Log opened Mon Mar 07 15:15:20 2011
15:15 Starting query in Bitlbee with MiloradMiletic
15:15 MiloradMiletic| si tu?
--- Log closed Mon Mar 07 15:21:10 2011
--- Log opened Mon Mar 07 15:46:52 2011
15:46 Closing query with MiloradMiletic
--- Log closed Mon Mar 07 15:46:52 2011
