--- Log opened Thu Apr 07 14:22:10 2011
14:22 Starting query in Bitlbee with miroljubspasic__
14:22 miroljubspasic__| http://www.php.net/manual/en/function.preg-replace.php
--- Log closed Thu Apr 07 14:28:07 2011
--- Log opened Thu Apr 07 14:35:35 2011
14:35 miroljubspasic__| php > echo preg_replace('/@.+?.,/', 'nema nista', $string);
--- Log closed Thu Apr 07 14:41:07 2011
--- Log opened Thu Apr 07 15:14:14 2011
15:14          <-- miroljubspasic__ has quit irc
--- Log closed Thu Apr 07 15:20:07 2011
--- Log opened Thu Apr 07 15:47:47 2011
15:47 Closing query with miroljubspasic__
--- Log closed Thu Apr 07 15:47:47 2011
--- Log opened Mon Apr 18 15:30:31 2011
15:30 Starting query in Bitlbee with miroljubspasic__
15:30 miroljubspasic__| ovaj ce da pravi problem saad.bleik :-)
15:30 miroljubspasic__| cisto da budes spreman, alias mu je bez . tj. saadbleik
15:31 miroljubspasic__| verovatno automated alias ide bez . a kad se stampal ink za profil onda ide po username...
15:32 playahater| e .. da .. znam za taj bug ..
15:32 playahater| to je login block link?
15:32 miroljubspasic__| mislim da sam do njega dosao iz video ili photo 
15:33 miroljubspasic__| ali je verovatno i u login block
--- Log closed Mon Apr 18 15:38:51 2011
--- Log opened Mon Apr 18 15:58:06 2011
15:58 Closing query with miroljubspasic__
--- Log closed Mon Apr 18 15:58:06 2011
--- Log opened Mon Apr 18 16:28:22 2011
16:28 Starting query in Bitlbee with miroljubspasic__
16:28 miroljubspasic__| ocemo na cigaru?
16:28 playahater| o da ..
16:28 playahater| za par sekundi ..
16:29 playahater| samo da pushujem mariji na dev
16:29 Closing query with miroljubspasic__
--- Log closed Mon Apr 18 16:29:02 2011
--- Log opened Mon Apr 18 16:30:12 2011
16:30 Starting query in Bitlbee with miroljubspasic__
16:30 miroljubspasic__| Ok
--- Log closed Mon Apr 18 16:35:54 2011
--- Log opened Mon Apr 18 17:54:19 2011
17:54          <-- miroljubspasic__ has quit irc
--- Log closed Mon Apr 18 17:59:54 2011
--- Log opened Mon Apr 18 18:21:48 2011
18:21 Closing query with miroljubspasic__
--- Log closed Mon Apr 18 18:21:48 2011
--- Log opened Wed Apr 20 12:28:49 2011
12:28 Starting query in Bitlbee with miroljubspasic__
12:28 miroljubspasic__| aj probaj ovaj link 
12:28 miroljubspasic__| auth/dsl_login/nojs
12:29 playahater| ae
--- Log closed Wed Apr 20 12:34:41 2011
--- Log opened Wed Apr 20 12:46:11 2011
12:46          <-- miroljubspasic__ has quit irc
12:47          <-- miroljubspasic__ has quit irc
--- Log closed Wed Apr 20 12:52:41 2011
--- Log opened Wed Apr 20 12:59:11 2011
12:59 Closing query with miroljubspasic__
--- Log closed Wed Apr 20 12:59:11 2011
--- Log opened Wed Apr 20 15:59:18 2011
15:59 Starting query in Bitlbee with miroljubspasic__
15:59 miroljubspasic__|     الملف المحدد (/tmp/fileuGMaQi) لا يمكن رفعه لأن الدليل الوجهة لم يتم إعداده بصورة صحيحة.
15:59 miroljubspasic__|     الملف المحدد (/tmp/fileyfv0y4) لا يمكن رفعه لأن الدليل الوجهة لم يتم إعداده بصورة صحيحة.
15:59 miroljubspasic__|     الملف المحدد (/tmp/fileQS8PUQ) لا يمكن رفعه لأن الدليل الوجهة لم يتم إعداده بصورة صحيحة.
15:59 miroljubspasic__|  
--- Log closed Wed Apr 20 16:04:41 2011
--- Log opened Wed Apr 20 16:05:59 2011
16:05 miroljubspasic__| http://m3com/auth/dsl_login/nojs/
--- Log closed Wed Apr 20 16:11:41 2011
--- Log opened Wed Apr 20 16:26:46 2011
16:26 Closing query with miroljubspasic__
--- Log closed Wed Apr 20 16:26:46 2011
--- Log opened Tue Apr 26 16:14:41 2011
16:14 Starting query in Bitlbee with miroljubspasic__
16:14 miroljubspasic__| ocemo na pljugu?
16:14 playahater| mozemo .. 
16:14 Closing query with miroljubspasic__
--- Log closed Tue Apr 26 16:14:54 2011
--- Log opened Wed Apr 27 11:12:13 2011
11:12 Starting query in Bitlbee with miroljubspasic__
11:12 miroljubspasic__| na cigaru? 
11:14 playahater| budemo ..
11:14 Closing query with miroljubspasic__
--- Log closed Wed Apr 27 11:14:20 2011
--- Log opened Wed Apr 27 11:16:35 2011
11:16 Starting query in Bitlbee with miroljubspasic__
11:16 miroljubspasic__| Aj
11:16 playahater| aj
11:17 Closing query with miroljubspasic__
--- Log closed Wed Apr 27 11:17:00 2011
