--- Log opened Fri Dec 24 16:48:22 2010
16:48 Starting query in Bitlbee with miroljubspasic_
16:48 playahater| http://xkcd.com/838/
16:48 Closing query with miroljubspasic_
--- Log closed Fri Dec 24 16:48:27 2010
--- Log opened Fri Dec 24 16:49:02 2010
16:49 Starting query in Bitlbee with miroljubspasic_
16:49 playahater| The menu item أخبر صديقا has been deleted.
16:49 playahater| http://xkcd.com/838/
16:49 playahater| asfdasdf
16:49 playahater| asdf
16:49 playahater| asdf
16:49 playahater| asdfas
16:49 playahater| dfasdf
16:49 playahater| asdf
16:49 playahater| asdf
16:49 playahater| asdfa
16:49 playahater| sdfas
16:49 playahater| dfasd
16:49 playahater| fasdf
16:49 playahater| asdf
16:49 playahater| http://xkcd.com/838/
16:49 playahater| http://xkcd.com/838/
16:49 playahater| http://xkcd.com/838/
16:49 playahater| http://xkcd.com/838/
16:49 playahater| http://xkcd.com/838/
16:49 playahater| http://xkcd.com/838/
16:49 playahater| http://xkcd.com/838/
16:49 playahater| http://xkcd.com/838/
16:50 Closing query with miroljubspasic_
--- Log closed Fri Dec 24 16:50:58 2010
--- Log opened Fri Dec 24 17:54:33 2010
17:54 Starting query in Bitlbee with miroljubspasic_
17:54 miroljubspasic_| git pull origin master
17:54 miroljubspasic_| ovo treba ?
17:55 playahater| develop
--- Log closed Fri Dec 24 18:00:44 2010
--- Log opened Fri Dec 24 18:05:51 2010
18:05 Closing query with miroljubspasic_
--- Log closed Fri Dec 24 18:05:51 2010
--- Log opened Mon Jan 17 17:52:16 2011
17:52 Starting query in Bitlbee with miroljubspasic_
17:52 playahater| sites/all/modules/dialog/example/dialog_example.module
17:52 playahater| sites/all/modules/custom/m3com_dialog/m3com_dialog.module
17:52 playahater| sites/all/contemplates/node-album_group-body.tpl.php
17:53 Closing query with miroljubspasic_
--- Log closed Mon Jan 17 17:53:21 2011
--- Log opened Thu Jan 20 16:04:12 2011
16:04 Starting query in Bitlbee with miroljubspasic_
16:04 playahater| print theme('item_list', $links1, NULL, 'div', array('class' => 'span-3 f11'));
--- Log closed Thu Jan 20 16:09:23 2011
--- Log opened Thu Jan 20 16:13:49 2011
16:13 Closing query with miroljubspasic_
--- Log closed Thu Jan 20 16:13:49 2011
--- Log opened Fri Jan 21 12:15:08 2011
12:15 Starting query in Bitlbee with miroljubspasic_
12:15 playahater| http://drupal.org/node/779594#comment-3421930
--- Log closed Fri Jan 21 12:20:16 2011
--- Log opened Fri Jan 21 14:25:37 2011
14:25 Closing query with miroljubspasic_
--- Log closed Fri Jan 21 14:25:37 2011
--- Log opened Fri Mar 18 22:58:32 2011
22:58 Starting query in Bitlbee with miroljubspasic_
22:58 miroljubspasic_| http://www.youtube.com/watch?v=9vwc-_ITIKQ&feature=player_embedded#at=23
22:58 miroljubspasic_| evo ga sef :-)
--- Log closed Fri Mar 18 23:03:44 2011
--- Log opened Sat Mar 19 12:11:22 2011
12:11          <-- miroljubspasic_ has quit irc
--- Log closed Sat Mar 19 12:16:44 2011
--- Log opened Sat Mar 19 12:47:34 2011
12:47          <-- miroljubspasic_ has quit irc
--- Log closed Sat Mar 19 12:52:44 2011
--- Log opened Sat Mar 19 15:59:03 2011
15:59          <-- miroljubspasic_ has quit irc
--- Log closed Sat Mar 19 16:04:44 2011
