--- Log opened Wed Mar 10 08:10:57 2010
08:10 Starting query in Bitlbee with mmiletic
08:10 mmiletic| sto si ti budan vako rano?
--- Log closed Wed Mar 10 08:16:19 2010
--- Log opened Wed Mar 10 08:24:22 2010
08:24 playahater| upravo postizem radnu temperaturu ..
08:24 playahater| :)
08:24 playahater| radi se punom parom .. 
08:24 mmiletic| hehe
08:24 Closing query with mmiletic
--- Log closed Wed Mar 10 08:24:36 2010
--- Log opened Wed Mar 10 08:24:40 2010
08:24 Starting query in Bitlbee with mmiletic
08:24 mmiletic| ja sad zavrsio sa kaficom
08:24 playahater| laganitza ..
08:24 playahater| ja stavio lonche za drugu ..
08:24 playahater| :)
08:25 Closing query with mmiletic
--- Log closed Wed Mar 10 08:25:07 2010
--- Log opened Wed Mar 10 08:25:17 2010
08:25 Starting query in Bitlbee with mmiletic
08:25 mmiletic| kakav je inkscape?
08:26 mmiletic| razmisljam da ubacim komp na poso, i na njega da instaliram ubuntu
08:27 mmiletic| da sluzi za administraciju
08:27 mmiletic| a da stavim i taj inscape da moze da se crta pomalo
08:28 playahater| inkscape rulaz !!
08:28 playahater| ;)
08:28 mmiletic| podrzava eps?
08:28 playahater| neku vrstu epsa .. da .. :)
08:28 playahater| ne znam koju ..
08:28 playahater| pitaj google
08:28 playahater| :)
08:28 Closing query with mmiletic
--- Log closed Wed Mar 10 08:28:56 2010
--- Log opened Wed Mar 10 08:29:23 2010
08:29 Starting query in Bitlbee with mmiletic
08:29 mmiletic| evo instaliram ga na win pa cu da isprobam
08:29 playahater| sad tju zeljku da stavim po jedan ubunut ..
08:29 mmiletic| ja sam resio da kupim neku plocu
08:29 mmiletic| ima za 20 eura polovne
08:29 playahater| i otju da mu metnem sedmicu .. pa da ima bar giga rama .. da vimo jel radi i kako radi .. 
08:29 playahater| ima ..
08:30 playahater| vidi na benchu ..
08:30 playahater| svaaaaashta ima .. 
08:30 mmiletic| ja gledo na pcberzi
08:30 playahater| e .. da .. i plus .. winwin
08:30 mmiletic| tamo ima za 20 eura
08:30 playahater| winwin ubiva
08:30 mmiletic| win win?
08:30 mmiletic| oni imaju polovne stvari?
08:31 playahater| da bre ..
08:32 playahater| sve i svashta polovno ..
08:32 mmiletic| interesantno izgleda ovaj inkscape
08:32 playahater| misim ( ali MISLIM ) da im je najvetja radnja u balkanskoj ispod moskve
08:32 playahater| ma jebe kevu .. 
08:32 mmiletic| znam za tamo.. bio sam par puta
08:32 playahater| ja sve iz njega za web
08:32 mmiletic| ok su im cene
08:32 mmiletic| sad ce ga testiramo na sito stampu :)
08:33 playahater| :)
08:33 Closing query with mmiletic
--- Log closed Wed Mar 10 08:33:43 2010
--- Log opened Mon Apr 05 11:21:19 2010
11:21 Starting query in Bitlbee with mmiletic
11:21 mmiletic| budan si?
--- Log closed Mon Apr 05 11:26:52 2010
--- Log opened Mon Apr 05 11:38:39 2010
11:38          <-- mmiletic has quit irc
--- Log closed Mon Apr 05 11:43:52 2010
--- Log opened Mon Apr 05 15:17:19 2010
15:17 Closing query with mmiletic
--- Log closed Mon Apr 05 15:17:19 2010
--- Log opened Fri Apr 09 12:51:10 2010
12:51 Starting query in Bitlbee with mmiletic
12:51 playahater| drugare??
12:51 Closing query with mmiletic
--- Log closed Fri Apr 09 12:51:18 2010
--- Log opened Fri Apr 09 13:06:52 2010
13:06 Starting query in Bitlbee with mmiletic
13:06 mmiletic| ej
13:08 mmiletic| reci sta treba
13:11 playahater| koji gps software koristish na telefonu?
13:11 Closing query with mmiletic
--- Log closed Fri Apr 09 13:11:26 2010
--- Log opened Fri Apr 09 13:21:57 2010
13:21 Starting query in Bitlbee with mmiletic
13:21 mmiletic| Igo
--- Log closed Fri Apr 09 13:27:30 2010
--- Log opened Fri Apr 09 13:31:29 2010
13:31 playahater| ne seri ..
13:31 playahater| do jaja 
13:31 playahater| i?
13:31 playahater| kako radi?
13:31 playahater| kakve su mape?
13:31 playahater| jel ima kompletna srbija?
13:34 mmiletic| ima
13:34 mmiletic| super je
13:35 mmiletic| jedini problem je hardverski
13:36 mmiletic| a softver extra sljaka
--- Log closed Fri Apr 09 13:41:30 2010
--- Log opened Fri Apr 09 17:08:05 2010
17:08          <-- mmiletic has quit irc
--- Log closed Fri Apr 09 17:13:30 2010
--- Log opened Fri Apr 09 17:50:49 2010
17:50 Closing query with mmiletic
--- Log closed Fri Apr 09 17:50:49 2010
--- Log opened Fri Apr 09 18:40:48 2010
18:40 Starting query in Bitlbee with mmiletic
18:40 playahater| e be
18:40 playahater| :)
18:40 mmiletic| e be
18:41 mmiletic| reci
18:41 playahater| kako to mislish hardwareski ?
18:41 playahater| :)
18:41 mmiletic| pa omnia
18:41 playahater| mish slab gps receiver
18:41 mmiletic| pa tako nesto
18:41 playahater| aa .. dobro .. to je drugo ..
18:41 mmiletic| u svakom slucaju.. igo super radi
18:41 mmiletic| i ima dobre mape
18:41 playahater| ima cela srbija,a?
18:42 playahater| ja gledao .. igo ima oko 70% pokrivenosti srbije ..
18:42 mmiletic| ima
18:42 playahater| bar im tako pishe na sajtu :/
18:42 mmiletic| oces na pivce kasnije?
18:42 mmiletic| nismo se videli 100 god
18:42 playahater| sad idem do zeljka .. 
18:42 playahater| ae djido do njega pa da odemo na vops ..
18:43 playahater| al ne bih se zadrzavao ..
18:43 mmiletic| pa daajde.. ja treba da dam nesto gagi oko 9 kod vuka
18:43 playahater| lezem ranije sad .. do desetke sam vetj pod zabod ..
18:43 mmiletic| taman da vas pokupim pa ce sednemo
18:43 playahater| pa dobro ..
18:43 playahater| eto ..
18:43 mmiletic| petak je
18:43 playahater| nishta .. za kolko si kod zeljka?
18:43 playahater| :)
18:43 mmiletic| eto
18:43 mmiletic| kod zexa sam oko pola 9
18:44 playahater| aaa .. ti mish vecheras da pravimo kombinacije ..
18:44 playahater| ja mislio sad da odemo na vops negde
18:44 mmiletic| ovako ranije..
18:44 mmiletic| hmmm
18:44 playahater| pa da ..
18:44 playahater| dobro .. vops .. kafa .. sok ..
18:44 mmiletic| pa ajde.. i da docekamo gagu u 9
18:44 playahater| svejedno
18:44 playahater| :)
18:44 mmiletic| idemo onda do tranvaja
18:45 playahater| pa to ti pricham
18:45 mmiletic| tamo je fino pivo
18:45 mmiletic| ajde...
18:45 playahater| ajde
18:45 mmiletic| onda... da klopam nesto i stizem
18:45 playahater| za kolko si kod zeljka?
18:45 mmiletic| oko 7-pola 8
18:45 mmiletic| 8
18:45 mmiletic| ko zna
18:45 mmiletic| :)
18:46 playahater| pola osam
18:46 playahater| :)
18:46 playahater| moze
18:46 playahater| :)
18:46 mmiletic| ajd pozuricu
18:46 playahater| ae ..
18:46 playahater| ql
18:46 mmiletic| taman da pogledam komp
18:46 mmiletic| vidimo se
18:46 playahater| ae ..
18:46 playahater| vidimo se ..
18:46 playahater| javi mu
18:46 playahater| imash fixni ..
18:46 playahater| :)
--- Log closed Fri Apr 09 18:52:30 2010
--- Log opened Fri Apr 09 18:58:59 2010
18:58 Closing query with mmiletic
--- Log closed Fri Apr 09 18:58:59 2010
--- Log opened Thu Apr 29 18:42:18 2010
18:42 Starting query in Bitlbee with mmiletic
18:42 playahater| drugare ??!!
18:42 Closing query with mmiletic
--- Log closed Thu Apr 29 18:42:23 2010
--- Log opened Thu Apr 29 18:44:21 2010
18:44 Starting query in Bitlbee with mmiletic
18:44 mmiletic| reci
18:44 mmiletic| aj brzo
18:44 mmiletic| radim
18:44 playahater| ne idem za zajechar
18:45 playahater| kako tjemo da dostavimo kesh za 10-ogodishnjicu ?
18:45 playahater| gde tjesh za 1.Maj
18:45 playahater| :)
18:45 playahater| toliko
18:45 playahater| :)
18:45 playahater| ne mora odmah da odgovorish .. moze i vecheras .. 
18:45 playahater| mislite o tome .. ;)
18:45 Closing query with mmiletic
--- Log closed Thu Apr 29 18:45:59 2010
--- Log opened Thu Apr 29 18:46:34 2010
18:46 Starting query in Bitlbee with mmiletic
18:46 mmiletic| ajd
18:47 playahater| ajd
18:47 Closing query with mmiletic
--- Log closed Thu Apr 29 18:47:28 2010
--- Log opened Thu Apr 29 23:44:14 2010
23:44 Starting query in Bitlbee with mmiletic
23:44 mmiletic| e
23:44 mmiletic| kasno sam dosao kuci
23:44 mmiletic| sutra cu da zovem Jocu da vidim sta cemo za 1
23:45 mmiletic| pa cemo da se cujemo da se izdogovaramo
--- Log closed Thu Apr 29 23:50:11 2010
--- Log opened Thu Apr 29 23:59:08 2010
23:59          <-- mmiletic has quit irc
--- Log closed Fri Apr 30 00:04:11 2010
--- Log opened Fri Apr 30 00:13:22 2010
00:13 Closing query with mmiletic
--- Log closed Fri Apr 30 00:13:22 2010
--- Log opened Fri Apr 30 15:47:39 2010
15:47 Starting query in Bitlbee with mmiletic
15:47 mmiletic| ocemo na frusku goriu?
15:48 playahater| otjemo
15:48 playahater| :)
15:48 playahater| moze
15:48 mmiletic| mislis da je pametno
15:48 Closing query with mmiletic
--- Log closed Fri Apr 30 15:48:24 2010
--- Log opened Fri Apr 30 15:48:29 2010
15:48 Starting query in Bitlbee with mmiletic
15:48 mmiletic| ali mora rano da se krece
15:48 mmiletic| oko 7
15:48 mmiletic| ja
15:48 playahater| ok
15:48 mmiletic| pa po tebe
15:48 mmiletic| pa ostale
15:48 mmiletic| i tako
15:48 playahater| dogovoreto
15:48 mmiletic| eto dogovoreno
15:49 playahater| a .. kad se danas vidimo ?
15:49 mmiletic| za pola sta sat
15:49 mmiletic| tako nesto
15:49 mmiletic| dva
15:49 mmiletic| :)
15:49 playahater| :P
15:50 mmiletic| samo Tomo neke duhove da istera iz sita
15:50 playahater| javi mi pola sata pre nego shto krenesh
15:50 playahater| moze i na chat
15:50 mmiletic| ok
15:50 playahater| ae
15:50 playahater| odo pod tush
15:50 Closing query with mmiletic
--- Log closed Fri Apr 30 15:50:31 2010
--- Log opened Fri Apr 30 15:51:24 2010
15:51 Starting query in Bitlbee with mmiletic
15:51 mmiletic| ae
--- Log closed Fri Apr 30 15:56:29 2010
--- Log opened Fri Apr 30 16:02:38 2010
16:02          <-- mmiletic has quit irc
--- Log closed Fri Apr 30 16:08:29 2010
--- Log opened Fri Apr 30 16:35:10 2010
16:35 Closing query with mmiletic
--- Log closed Fri Apr 30 16:35:10 2010
--- Log opened Fri Apr 30 16:36:58 2010
16:36 Starting query in Bitlbee with mmiletic
16:36 mmiletic| krecem
16:37          <-- mmiletic has quit irc
16:39 Closing query with mmiletic
--- Log closed Fri Apr 30 16:39:50 2010
--- Log opened Sun May 02 19:27:55 2010
19:27 Starting query in Bitlbee with mmiletic
19:27 mmiletic| zar nije username i pass isti ko za mejl?
19:28 mmiletic| meni lepo otvori u mozili
19:28 mmiletic| ali preko picasa nece
19:28 mmiletic| kaze nije oktivan
19:28 mmiletic| aktivan
19:28 playahater| u username probaj samo mmiletic .. bez @blabla
19:28 mmiletic| i tako nece
19:28 playahater| vidi mail
19:28 mmiletic| vido sam
19:29 playahater| i shta kazu podeshavanja?
19:29 mmiletic| nista
19:29 mmiletic| sta treba da kazu?
19:29 playahater| jebem li ga .. :)
19:29 playahater| reko mozda ima neshto se klikne
19:29 mmiletic| meni je web album podesen
19:29 mmiletic| radi
19:29 mmiletic| imam slike
19:30 mmiletic| i otvara se u mozzili
19:30 mmiletic| mozilli
19:30 playahater| nije public .. jer ih ja ne vidim
19:30 mmiletic| nije
19:30 mmiletic| ali to nema veze
19:30 playahater| pa da
19:30 mmiletic| picasa mora da se uloguje
19:30 mmiletic| ja kad ti dam link ti ces moci da vidis
19:31 playahater| jebem li ga shta moz da bude problem .. pitaj google .. 
19:31 playahater| osetjam da nisi jedini kome se to desilo
19:31 playahater| :D
19:31 mmiletic| http://picasaweb.google.com/mmiletic/Letovanje2008Ostalo?authkey=Gv1sRgCJnooYytwa-7vQE#
19:31 mmiletic| jel mozes da vidis?
19:31 mmiletic| http://picasaweb.google.com/mmiletic/Letovanje2008Ostalo?authkey=Gv1sRgCJnooYytwa-7vQE&feat=directlink
19:31 mmiletic| ili ovo
19:31 playahater| mogu ..
19:31 playahater| vidim ..
19:31 mmiletic| eto
19:31 playahater| sve ok ..
19:31 mmiletic| vidis da imam
19:32 playahater| ma pitaj tatu(google) ..
19:32 playahater| ;)
19:32 playahater| on sve zna ..
19:32 playahater| ;)
19:32 mmiletic| evo gledam
19:35 playahater| izbrishi aplikaciju pa instaliraj opet .. proveri podeshavanja na google-u .. proveri portove(firewall)
19:35 playahater| to je ono shto meni pada na pamet
19:35 playahater| :)
19:35 mmiletic| evo cackam nesto
19:39 mmiletic| Thanks for letting us know about this error. Our development team is looking into this. In the mean time, please install the most recent version of Picasa from our site (referenced below).
19:39 mmiletic| haha
19:39 mmiletic| 17.12
19:39 mmiletic| .2009
19:39 mmiletic| eto
19:39 mmiletic| google
--- Log closed Sun May 02 19:45:04 2010
--- Log opened Sun May 02 19:53:45 2010
19:53 Closing query with mmiletic
--- Log closed Sun May 02 19:53:45 2010
--- Log opened Wed May 05 12:24:23 2010
12:24 Starting query in Bitlbee with mmiletic
12:24 mmiletic| jel ides na rostilj u subotu?
12:28 playahater| gde .. ko ide .. kolko para ?
12:28 playahater| u principu sam za ..
12:29 playahater| mozda chak budem ukompotovao i neko rolanje .. pa svratim samo do vas da se vidimo .. :)
12:29 Closing query with mmiletic
--- Log closed Wed May 05 12:29:32 2010
--- Log opened Fri May 14 16:42:19 2010
16:42 Starting query in Bitlbee with mmiletic
16:42 playahater| drugare ?
16:42 mmiletic| ola
16:42 playahater| otjemo na 10ogodishnjicu ?
16:42 mmiletic| ja necu
16:43 mmiletic| mrzi me pravo da ti kazem
16:44 playahater| ja se juche video sa ziletom .. 
16:44 playahater| ispeglali su ta sranja dole shto su se deshavala ..
16:44 playahater| bitje oko 70-ak ljudi ..
16:45 mmiletic| kul
16:45 playahater| ja tju da odem .. da vidim ko je kolko uspeo u zivotu .. :P
16:45 mmiletic| hehe
16:45 playahater| poslatju ovih dana kesh za celu akciju mitji .. 
16:45 mmiletic| ako ako
16:45 playahater| pa ti razmisli ..
16:45 playahater| ne bi bilo loshe da se pojavimo ..
16:45 playahater| to je vikend
16:45 mmiletic| ma jok
16:46 mmiletic| jos nisam javio Vanji
16:46 mmiletic| jel njoj treba da javimo dal ocemo?
16:46 playahater| mislim da je svejedno kome ..
16:46 playahater| mitja .. vanja .. gruja .. facebook grupa
16:47 mmiletic| aham
16:47 mmiletic| ok
16:47 Closing query with mmiletic
--- Log closed Fri May 14 16:47:59 2010
--- Log opened Fri May 14 16:49:22 2010
16:49 Starting query in Bitlbee with mmiletic
16:49 mmiletic| a koliko je sad?
16:49 mmiletic| jel i dalje 2000?
16:49 playahater| 2000
16:50 playahater| .. pa nije mnogo .. 50eur plafon za celu akciju ..
16:50 playahater| sad .. ko tamo kolko i shta uzima .. pa jebesh .. nisu bog zna kakve pare .. 
16:50 playahater| kad ostali daju .. datju i ja ..
16:51 Closing query with mmiletic
--- Log closed Fri May 14 16:51:10 2010
--- Log opened Fri May 14 16:52:23 2010
16:52 Starting query in Bitlbee with mmiletic
16:52 mmiletic| ma da
16:52 mmiletic| ko ce sve iz naseg odeljenja da bude tamo?
--- Log closed Fri May 14 16:57:50 2010
--- Log opened Fri May 14 16:58:53 2010
16:58 playahater| e .. pravo da ti kazem ne znam .. 
16:59 playahater| moz bacish pogled na grupu .. 
17:00 playahater| iz dosadashnje priche kontam da je tretjina sigurna ..
17:00 playahater| sad .. tachno ko .. jebem li ga ..
17:00 Closing query with mmiletic
--- Log closed Fri May 14 17:00:26 2010
--- Log opened Fri May 14 17:04:53 2010
17:04 Starting query in Bitlbee with mmiletic
17:04 mmiletic| hmmm
17:04 mmiletic| ok
--- Log closed Fri May 14 17:10:50 2010
--- Log opened Fri May 14 18:34:13 2010
18:34 Closing query with mmiletic
--- Log closed Fri May 14 18:34:13 2010
--- Log opened Thu May 27 18:27:15 2010
18:27 Starting query in Bitlbee with mmiletic
18:27 playahater| drugare?
18:27 Closing query with mmiletic
--- Log closed Thu May 27 18:27:17 2010
--- Log opened Thu May 27 18:28:35 2010
18:28 Starting query in Bitlbee with mmiletic
18:28 mmiletic| alo
18:28 playahater| stigo mi sms od zeljka
18:29 playahater| kakve to organizacije budzite?
18:29 mmiletic| za kad?
18:30 playahater| vecheras ..
18:30 playahater| skadarlija ..
18:30 mmiletic| aha
18:30 mmiletic| pa da
18:30 mmiletic| jel zvao Jocu?
18:31 playahater| ma pojma nemam .. meni stigo sms da budem u 10 tamo ..
18:31 playahater| ja sam u gradu kasnije .. ne znam da l tju da stignem ..
18:32 playahater| a i prazan mi novchanik ..
18:32 playahater| tako da .. planiram da preskochim ..
18:32 playahater| :)
18:32 mmiletic| pa valjda je to momacko.. meni rece djole da to on placa
18:33 playahater| momacko? .. aaa ..
18:33 mmiletic| tako je obicno za momacko vece
18:33 mmiletic| pa da
18:34 playahater| pa jel idesh ti?
18:34 playahater| ko ide sve?
18:34 mmiletic| idem
18:34 mmiletic| i Ivica
18:38 playahater| a gde su ta 3 sheshira ?
18:39 mmiletic| skadarlija
18:40 playahater| munem
--- Log closed Thu May 27 18:45:49 2010
--- Log opened Thu May 27 20:09:42 2010
20:09          <-- mmiletic has quit irc
--- Log closed Thu May 27 20:14:49 2010
--- Log opened Thu May 27 20:43:43 2010
20:43 Closing query with mmiletic
--- Log closed Thu May 27 20:43:43 2010
--- Log opened Fri May 28 22:40:17 2010
22:40 Starting query in Bitlbee with mmiletic
22:40 playahater| e ..
22:40 Closing query with mmiletic
--- Log closed Fri May 28 22:40:22 2010
--- Log opened Fri May 28 23:10:04 2010
23:10 Starting query in Bitlbee with mmiletic
23:10 mmiletic| e
--- Log closed Fri May 28 23:15:12 2010
--- Log opened Fri May 28 23:51:24 2010
23:51 playahater| u kolko kod zeljka?
23:51 Closing query with mmiletic
--- Log closed Fri May 28 23:51:28 2010
--- Log opened Fri May 28 23:51:35 2010
23:51 Starting query in Bitlbee with mmiletic
23:51 mmiletic| nemam pojma
23:51 mmiletic| ivica kaze u 10:30
23:52 playahater| zeljko mi kaze u 9
23:52 playahater| jel vi to mene zajebavate il shta .. :) ?
23:52 mmiletic| pa da
23:52 mmiletic| on mi je reko u 9
23:52 mmiletic| i da nece svi da idu po sandru
23:52 mmiletic| kad si se cuo sa njim?
23:52 playahater| nisam se chuo .. 
23:53 playahater| shibno mi info na fbchat
23:53 mmiletic| meni je reko da je okupljanje kod njega od 9
23:53 mmiletic| i da nece svi da idu po sandru
23:53 mmiletic| pa se vracaju kod njega
23:53 mmiletic| pa odatle u crkvu
23:54 playahater| dobro .. onda se nalazimo kod njega u 9 i mi ne idemo po sandru
23:54 playahater| jel to ok ?
23:54 playahater| ili idemo po sandru ..
23:54 playahater| kako god ..
23:54 mmiletic| pa nemam pojma
23:54 mmiletic| ja mislim da je crkva tek u 11-12
23:54 mmiletic| sta ce radimo 3 sata tamo
23:55 mmiletic| ja cu da ustanem u 8
23:55 mmiletic| pa cemo da se dogovaramo ujutru
23:55 mmiletic| pitacu ja zeljka kad da dodjemo
23:55 mmiletic| ujutru
23:55 playahater| moze .. a moze i ovako .. jel ti nije problem da me cimnesh kad stignesh kod njega ??
23:55 playahater| :)
23:56 playahater| ja tju da budem "spreman" oko devetke .. 
23:56 mmiletic| ok
23:56 mmiletic| narafski
23:56 playahater| vi kad se pokupite .. vi me cimnite .. i ja se pojavim kod njega
23:56 mmiletic| ok
23:56 playahater| eto ..
23:56 playahater| da ne mrsimo bezveze .. :)
23:56 mmiletic| pa ok
23:57 mmiletic| evo sad se i sa jocom dopisujem
23:57 playahater| vidim .. cima me .. :)
23:57 Closing query with mmiletic
--- Log closed Fri May 28 23:57:18 2010
--- Log opened Sat May 29 00:06:45 2010
00:06 Starting query in Bitlbee with mmiletic
00:06 mmiletic| u 9 kod zexa
00:06 playahater| k
00:06 Closing query with mmiletic
--- Log closed Sat May 29 00:06:58 2010
--- Log opened Sat May 29 00:13:58 2010
00:13 Starting query in Bitlbee with mmiletic
00:13 mmiletic| ti i ja u 9, Joca i Ivica malo kasnije
--- Log closed Sat May 29 00:19:12 2010
--- Log opened Sat May 29 00:23:37 2010
00:23          <-- mmiletic has quit irc
--- Log closed Sat May 29 00:29:12 2010
--- Log opened Sat May 29 02:11:46 2010
02:11 Closing query with mmiletic
--- Log closed Sat May 29 02:11:46 2010
--- Log opened Tue Jun 15 11:00:19 2010
11:00 Starting query in Bitlbee with mmiletic
11:00 playahater| kolko bi koshtala shtampa na jednom peshkiru za plazu .. i jel to uopshte mogutje ??
11:01 playahater| drug otje custom made peshkir .. pa mu ja predlozio da kupi blanko peshkir a da mu ti na_sitash neshto
11:04 mmiletic| hmmm.. pa moze...
11:05 mmiletic| a sta hoce da stampa?
11:05 playahater| ne znam ..
11:05 playahater| ja tju da mu prosledim tvoj kontakt mail .. pa se vi dopisujte
11:06 mmiletic| ok
--- Log closed Tue Jun 15 11:11:54 2010
--- Log opened Tue Jun 15 11:14:31 2010
11:14 playahater| prosledio sam mu (ti) mail .. pa moz ochekujesh da te kontaktira
11:14 playahater| ae
11:14 Closing query with mmiletic
--- Log closed Tue Jun 15 11:14:33 2010
--- Log opened Tue Jun 15 11:15:22 2010
11:15 Starting query in Bitlbee with mmiletic
11:15 mmiletic| ae
11:15 Closing query with mmiletic
--- Log closed Tue Jun 15 11:15:27 2010
--- Log opened Sat Jun 26 18:05:17 2010
18:05 Starting query in Bitlbee with mmiletic
18:05 mmiletic| os do ade veceras?
--- Log closed Sat Jun 26 18:10:26 2010
--- Log opened Sat Jun 26 18:23:42 2010
18:23 playahater| teshko .. 
18:23 playahater| radim ..
18:24 playahater| moz se desi da skochim do voxstock-a .. mada sumnjam ..
--- Log closed Sat Jun 26 18:29:26 2010
--- Log opened Sat Jun 26 19:26:41 2010
19:26 Closing query with mmiletic
--- Log closed Sat Jun 26 19:26:41 2010
--- Log opened Wed Jul 07 15:18:35 2010
15:18 Starting query in Bitlbee with mmiletic
15:18 playahater| pa desi ti na fejsu? .. :)
15:18 Closing query with mmiletic
--- Log closed Wed Jul 07 15:18:38 2010
--- Log opened Wed Jul 07 15:19:01 2010
15:19 Starting query in Bitlbee with mmiletic
15:19 mmiletic| eeee
15:19 mmiletic| pobego sam
15:19 mmiletic| :)
15:19 mmiletic| ne treba mi to 
15:19 mmiletic| ;)
--- Log closed Wed Jul 07 15:24:32 2010
--- Log opened Thu Jul 08 15:20:59 2010
15:20 Starting query in Bitlbee with mmiletic
15:20 mmiletic| e
15:21 mmiletic| tu li si?
--- Log closed Thu Jul 08 15:26:12 2010
--- Log opened Thu Jul 08 15:32:07 2010
15:32 playahater| aham
15:32 Closing query with mmiletic
--- Log closed Thu Jul 08 15:32:29 2010
--- Log opened Thu Jul 08 15:32:32 2010
15:32 Starting query in Bitlbee with mmiletic
15:32 mmiletic| ooooooooo
15:32 mmiletic| jel kuvas kafu ako svrnem?
15:32 mmiletic| :)
15:32 playahater| ae ae ..
15:33 mmiletic| evo ja na poso.. presvlacim se
15:33 mmiletic| i dolazim
15:33 playahater| ae ..
15:33 playahater| ja sam doma ..
15:34 Closing query with mmiletic
--- Log closed Thu Jul 08 15:34:20 2010
--- Log opened Tue Aug 17 18:41:23 2010
18:41 Starting query in Bitlbee with mmiletic
18:41 mmiletic| E.. sutra pre podne
18:41 mmiletic| kad vam odgovara
--- Log closed Tue Aug 17 18:47:00 2010
--- Log opened Tue Aug 17 22:32:00 2010
22:32 Closing query with mmiletic
--- Log closed Tue Aug 17 22:32:00 2010
--- Log opened Thu Aug 26 20:22:08 2010
20:22 Starting query in Bitlbee with mmiletic
20:22 playahater| e?
20:22 playahater| si tu?
20:22 mmiletic| aham
20:22 playahater| vidi mail
20:23 mmiletic| al ovo su neciji sajtovi. Zar nisi trebao da napravis njihov sajt sa predlogom nekog dizajna
--- Log closed Thu Aug 26 20:29:44 2010
--- Log opened Thu Aug 26 20:39:03 2010
20:39 Closing query with mmiletic
--- Log closed Thu Aug 26 20:39:03 2010
--- Log opened Wed Sep 15 16:37:15 2010
16:37 Starting query in Bitlbee with mmiletic
16:37 mmiletic| e
16:37 mmiletic| tu li si
16:37 playahater| da be
16:37 mmiletic| na poso?
16:37 playahater| da be
16:37 playahater| :)
16:37 mmiletic| heh
16:37 playahater| ti?
16:37 playahater| sha ima
16:37 mmiletic| cu ti sibnem na mejl novi dizajn za prvu stranu za sajt
16:38 mmiletic| i sve one png sto idu
16:38 playahater| slobodno ..
16:38 mmiletic| pa veceras da slozis
16:38 mmiletic| ili do veceras
16:38 mmiletic| jel moze?
16:38 mmiletic| jel oces preview u pdf?
16:39 playahater| u principu moze .. sve zavisi kolko se budem ovde zadrzao .. 
16:39 playahater| ako zaginem duze .. ne znam da l tju stitji da iskliktjem taj template do vecheras ..
16:39 mmiletic| MA OK
16:39 playahater| sve zavisi shta si uradio i kolko je komplikovano ..
16:39 mmiletic| VECERAS
16:39 mmiletic| ZA UJUTRU
16:39 mmiletic| UPS
16:40 mmiletic| ma nije
16:40 playahater| iskljuchi caps
16:40 playahater| aaa
16:40 playahater| :)
16:40 mmiletic| sad je malo druksi
16:40 mmiletic| pravim po dva gifa za dugmeta
16:40 playahater| shto dva?
16:40 mmiletic| jedan ti je kad nema mis preko i drugi kad ima
16:40 playahater| i shto gif?
16:40 mmiletic| png
16:40 mmiletic| :)
16:40 playahater| odlichno .. 
16:40 playahater| ako samo nastavi
16:40 playahater| :)
16:41 mmiletic| ce vis kad stigne ;)
16:41 playahater| png .. shto manji .. to bolji ..
16:41 mmiletic| dugmeta su po 3-4 kb
16:41 mmiletic| jel to ok?
16:41 playahater| mada ne mora ni da preterash .. pa da ukenjash sliku ..
16:41 playahater| aha .. ql .. 
16:41 playahater| bitje ok ..
16:41 playahater| jel ima puno slichica?
16:41 mmiletic| ma da
16:42 playahater| 20ak?
16:42 mmiletic| bez slika nece da predje 100-200
16:42 mmiletic| pa kolko stave
16:42 mmiletic| to ce sami da biraju
16:42 mmiletic| al ce na glavnoj da ide do 4
16:42 mmiletic| ne verujem vise
16:42 playahater| chek chek .. kake 4 .. 
16:42 playahater| ja pricham o slikama vezanim za dizajn ..
16:43 playahater| a ti kolko kontam .. prichash o slikama za sadrzaj
16:43 playahater| a?
16:43 mmiletic| hmmmm
16:43 mmiletic| nece da predje 20
16:43 playahater| ql
16:43 playahater| :)
16:43 mmiletic| 10 za dugmeta
16:43 mmiletic| dva natpisa
16:43 mmiletic| jedna slika
16:43 mmiletic| i dve za pozadinu
16:43 mmiletic| i okvir
16:43 mmiletic| i granicnik
16:43 mmiletic| eto
16:44 playahater| ok .. mozda neke mogu iz css-a da se srede .. pa chak i smanjimo .. al dobro .. videtjemo kad stigne ..
16:44 mmiletic| ok ok
16:44 mmiletic| videces
16:44 playahater| a si pito za n95?
16:44 playahater| :D
16:45 mmiletic| jesam
16:45 mmiletic| zvucnik je valjda 600
16:45 mmiletic| ako je zvucnik
16:45 mmiletic| kaze da moz da bude i flat kabel
16:45 mmiletic| oce i tad da krci
16:45 playahater| aaa .. ne seri .. :( .. 
16:45 playahater| sranje ..
16:45 playahater| a maskica?
16:45 mmiletic| maska.. kineska dobra.. a klasa
16:45 mmiletic| 25 eura
16:46 mmiletic| original
16:46 mmiletic| valjda 50
16:46 mmiletic| ili 35
16:46 mmiletic| nisam siguran
16:46 mmiletic| mada ona predlaze da zamenis samo neke delove maske
16:46 mmiletic| ne mora cela
16:47 playahater| dobro .. znachi .. oko 10eur zvuk i 25 maska ..
16:47 mmiletic| ako je zvucnik...
16:48 playahater| ako nije .. onda 50,a?
16:48 playahater| :)
16:48 mmiletic| nemam pojma kolko je flat kabel
16:48 playahater| pa ae da vidimo nekako da ti ja dam to sokotjalo ovih dana .. pa da ona pogleda .. 
16:48 playahater| meni u principu ok da dam do 40eur da ga sredim ..
16:49 mmiletic| e.. njen serviser nije tu 10-ak dana
16:49 mmiletic| oces da sacekas da se vrati/
16:49 mmiletic| kaze da je pedantan
16:49 playahater| pa otju .. 
16:49 mmiletic| eto
16:49 playahater| ako je ok lik .. bolje da sachetkam ..
16:49 mmiletic| kaze da pazi kad radi
16:49 mmiletic| nece da ofusari
16:50 mmiletic| sad otisu u norvesku
16:50 playahater| super .. 
16:50 playahater| chetkam
16:50 playahater| :)
16:50 mmiletic| jure ga ovi iz nokije da radi za njih
16:50 mmiletic| ili tako nesto
16:50 playahater| a on netje .. :) .. udara kontru
16:50 playahater| :P
16:50 playahater| :)
16:50 mmiletic| ma oce
16:50 mmiletic| sto nece
--- Log closed Wed Sep 15 16:56:39 2010
--- Log opened Wed Sep 15 17:05:23 2010
17:05 mmiletic| poslao sam ti
17:05 mmiletic| ustvari...
17:05 mmiletic| 98%
17:05 mmiletic| evo sad jesam
17:05 mmiletic| :)
17:09 playahater| e ..
17:09 playahater| a opet fale primarni linkovi ?
17:10 playahater| ima manje ..
17:10 playahater| 6 linka ima ukupno
17:11 playahater| kontakt / cenovnik / vesti / kolekcija / partneri / o nama
--- Log closed Wed Sep 15 17:16:39 2010
--- Log opened Wed Sep 15 17:17:41 2010
17:17 mmiletic| pa vesti su na naslovnoj
17:17 mmiletic| ne treba gore klik
17:17 playahater| i ne treba ti link?
17:17 playahater| maa daaaaj ..
17:18 playahater| to su primarni linkovi .. 
17:18 mmiletic| i kad kliknes na cvetic design da te vraca na home
17:18 mmiletic| ili da dodamo neku kucicu
17:18 playahater| ne ne .. moze na cvetitj ..
17:18 mmiletic| ma nemaju oni nekih vesti
17:18 mmiletic| njima je bitan katalog
17:18 mmiletic| nisu vesti
17:18 mmiletic| a jel sad bolji dizajn?
17:18 mmiletic| :)
17:18 playahater| samo je BITNO da imash sve linkove zbog pretrazivacha ..
17:19 mmiletic| pa stavices ih dole
17:19 mmiletic| kod copyright
17:19 mmiletic| i nek vraca na naslovnu stranu
17:19 mmiletic| tu su vesti
17:19 playahater| au da .. jeste .. ja sam ih i dole stavio .. dobro .. 
17:19 playahater| dosta chudan koncept .. al ok .. 
17:19 playahater| nije frka uraditi ..
17:19 playahater| :)
17:19 mmiletic| kako cudan?
17:20 mmiletic| sta mu fali?
17:20 mmiletic| oblaci moraju da lete
17:20 playahater| ma ne mislim na dizajn ..
17:20 playahater| mislim na f-je
17:20 playahater| tipa tih linkova u headeru i sl.
17:20 playahater| dizajn je .. pa ok .. 
17:20 mmiletic| pa sta oni imaju od vesti
17:21 playahater| ove backround slike u header i footer ..
17:21 mmiletic| da
17:22 mmiletic| odo sad da kuliram
17:22 mmiletic| aj pa se cujemo
17:22 mmiletic| radi nesto
17:22 playahater| DESCLAIMER - pazi .. generalno sve moz da se uradi .. znachi shta god da stavim primedbu .. nije tehnichki problem .. nego vishe dizajn .. i koncept ..
17:22 playahater| se chujemo kad prihajam doma .. 
17:22 mmiletic| ok ok
17:23 playahater| gledatju da to zavrshim do notjas da oni mogu sutra to da kliknu
17:23 mmiletic| ok
17:23 mmiletic| ok
17:23 mmiletic| a mi nastavljamo veceras
17:23 mmiletic| ima dosta stranica da napravimo
17:23 mmiletic| otprilike bice slicne
17:23 mmiletic| ali ima da se preradjuju
17:23 mmiletic| ;)
17:23 mmiletic| boje i raspored i tako...
17:24 mmiletic| od ovog cvetica cu ti napravim onaj logo za adressbar
17:24 mmiletic| :)
17:29 playahater| favicon .. da .. :) .. moze ..
--- Log closed Wed Sep 15 17:34:39 2010
--- Log opened Wed Sep 15 18:01:12 2010
18:01 Closing query with mmiletic
--- Log closed Wed Sep 15 18:01:12 2010
--- Log opened Wed Sep 15 18:18:20 2010
18:18 Starting query in Bitlbee with mmiletic
18:18 playahater| e .. bitju na poslu najkasnije do desetke .. 
18:18 playahater| pored toga shto radim trenutno za njih .. radim im i jedan sajt paralelno .. pa treba da ostanem posle posla da to iskliktjemo do kraja ..
18:19 playahater| samo ti javim da znash ..
18:19 mmiletic| ok...danas je 15-i
18:19 playahater| ti shta god imash od dizajna .. (ako planirash da doradjujesh) samo mi pusti na mail
18:19 mmiletic| samo ti javljam da znas
18:19 mmiletic| :)
18:19 mmiletic| ocem
18:19 mmiletic| ne brini
18:19 playahater| ql ..
18:19 playahater| jebiga .. nisu ni oni zavrshili sadrzaj ..
18:20 mmiletic| hehehe
18:20 playahater| gledatju makar front da uradim kad stignem ..
18:20 playahater| ovo shto si mi sad poslao ..
18:20 mmiletic| oket
18:20 playahater| a to shto tek treba da stigne .. ako ne notjas .. onda sutra ..
18:21 playahater| jebiga .. sad ustajem u sedmicu svaki dan .. 
18:21 playahater| :)
18:21 playahater| radni ljudi .. :P
18:21 playahater| hehe
18:21 mmiletic| hehehe
18:21 mmiletic| mora da se radi
18:21 mmiletic| hehe
18:21 mmiletic| samo ti ne valja sto ostajes duze
18:22 playahater| pa moram jer im radimo sajt mare i ja .. i dobili kesh za to .. 
18:22 playahater| tek kad smo se dogovorili oko sajta .. i skoro ga uradili .. oni cimnuli za shljaku
18:23 playahater| inache .. pfff .. mislim da netje se desi prekovremeno ..
18:23 playahater| :)
18:23 Closing query with mmiletic
--- Log closed Wed Sep 15 18:23:14 2010
--- Log opened Sun Sep 19 14:49:40 2010
14:49 Starting query in Bitlbee with mmiletic
14:49 mmiletic| hej hej
--- Log closed Sun Sep 19 14:55:05 2010
--- Log opened Sun Sep 19 15:48:32 2010
15:48          <-- mmiletic has quit irc
--- Log closed Sun Sep 19 15:54:05 2010
--- Log opened Sun Sep 19 16:22:58 2010
16:22 Closing query with mmiletic
--- Log closed Sun Sep 19 16:22:58 2010
--- Log opened Wed Sep 22 12:40:58 2010
12:40 Starting query in Bitlbee with mmiletic
12:40 mmiletic| poslo sam ti jos dve stranice
12:45 playahater| da dokliktjem malo css i postavitju ga ..
12:46 playahater| realno .. do kraja nedelje imaju gotov sajt
--- Log closed Wed Sep 22 12:51:39 2010
--- Log opened Wed Sep 22 12:54:34 2010
12:54 Closing query with mmiletic
--- Log closed Wed Sep 22 12:54:34 2010
--- Log opened Wed Sep 22 12:59:03 2010
12:59 Starting query in Bitlbee with mmiletic
12:59 mmiletic| ok.. al posalji ti njima i te strane da vide kako izgleda
13:00 playahater| pa nema tu strane .. to je template .. jedan fajl .. on se sredi shodno dizajnu i imash temu za sajt
13:01 playahater| uglavnom ..chim pre im shaljem linak ..
13:01 mmiletic| kad si se poslednji put cuo sa njima? oni meni svaki dan prebacuju kako se nista ne radi i nista ne zavrsava. 15 je bio pre 7 dana i oni jos nista nisu dobili
13:02 playahater| chuli smo se kad sam im postavio beta verziju ..
13:02 mmiletic| pre 10 dana
13:02 mmiletic| i od tad nista nisi napravio
13:02 mmiletic| :)
13:03 playahater| e .. ja tju ovo da im uradim do kraja .. da im otvorim hosting i domen .. i dobitje sajt ..
13:03 playahater| to tje verovatno da bude do kraja nedelje .. 
13:03 mmiletic| ama.. ti mene ne razumes... ja sve to kontam... al oni to ne vide
13:03 playahater| ako im se ne bude svideo sajt ne mora da ga iskoriste ..
13:04 mmiletic| ti njima to moras da pokazes...
13:04 playahater| razumem ja sve .. SVE mi je jasno ..
13:04 playahater| kad budem uradio pokazatju i dobitje gotovu stvar ..
13:04 playahater| ne nameravam nikog da ispalim ..
13:05 playahater| jednostavno .. potrebno je vreme da se stvar u radi ..
13:05 mmiletic| onda ima napisi mejl i objasni dokle si stigao
13:05 mmiletic| ma nije to
13:05 mmiletic| nego kasni sajt
13:05 mmiletic| o tome se radi
13:05 playahater| kasni se .. jeste .. ne ulazim u to ko je kriv i zashto .. ideja je da stvar bude shto pre gotova
13:05 playahater| i radim na tome ..
13:06 playahater| pa ne pravimo cipele na pokretnu traku .. pa ako se zakasni nedelju dana .. pola azije tje ide boso ..
13:06 mmiletic| slusaj ovako. ako ti njima danas ne pokazes bilo sta, oni ce polako da ti obaraju cenu sajta... penali za kasnjenje
13:06 mmiletic| jbg... dogovor je bio 15.
13:06 mmiletic| sto nisi reko 30
13:07 mmiletic| :)
13:07 mmiletic| ma nema veze sto kasni... samo i POKAZI nesto
13:07 mmiletic| danas
--- Log closed Wed Sep 22 13:12:39 2010
--- Log opened Wed Sep 22 13:13:42 2010
13:13 mmiletic| poenta kod poslovanja je da se dogovara, pregovara, laze... prvo ste dogovorili poso, pa se radilo, pa se probijaju rokovi, ali se odrzava kontakt, i objasnjava dokle se stiglo, zasto se kasni, i sl. ne mozes da sedis kod kuce i klikces dok ne zavrsis, moras i da pricas s klijentom, pozoves da pitas nesto, i tako, da on vidi da radis. ovako on nema pojma dal ti radis to ili ne. taman ce da stekne utisak koliko je to velik
13:13 mmiletic| posao, ako ga stalno pitas za detalje...
--- Log closed Wed Sep 22 13:19:39 2010
--- Log opened Wed Sep 22 15:28:18 2010
15:28 Closing query with mmiletic
--- Log closed Wed Sep 22 15:28:18 2010
--- Log opened Fri Sep 24 20:35:02 2010
20:35 Starting query in Bitlbee with mmiletic
20:35 mmiletic| os na pivce veceras?
--- Log closed Fri Sep 24 20:41:01 2010
--- Log opened Fri Sep 24 20:45:33 2010
20:45 mmiletic| hehe.. nisam ni sumnjao... ;) ajd ce se dogovorimo onda neki drugi put
20:45 mmiletic| :)
--- Log closed Fri Sep 24 20:51:01 2010
--- Log opened Fri Sep 24 20:58:41 2010
20:58          <-- mmiletic has quit irc
--- Log closed Fri Sep 24 21:04:01 2010
--- Log opened Fri Sep 24 22:27:05 2010
22:27          <-- mmiletic has quit irc
--- Log closed Fri Sep 24 22:33:01 2010
--- Log opened Sat Sep 25 10:56:05 2010
10:56 Closing query with mmiletic
--- Log closed Sat Sep 25 10:56:05 2010
--- Log opened Sun Sep 26 11:42:32 2010
11:42 Starting query in Bitlbee with mmiletic
11:42 mmiletic| eeeeeee
11:42 mmiletic| si tu?
--- Log closed Sun Sep 26 11:48:01 2010
--- Log opened Sun Sep 26 12:15:23 2010
12:15          <-- mmiletic has quit irc
--- Log closed Sun Sep 26 12:21:01 2010
--- Log opened Sun Sep 26 12:27:47 2010
12:27 Closing query with mmiletic
--- Log closed Sun Sep 26 12:27:47 2010
--- Log opened Sun Sep 26 20:41:05 2010
20:41 Starting query in Bitlbee with mmiletic
20:41 mmiletic| evo saljem... ti to kad zavrsis, mislim da ce neki png da se promeni, ali to nije strasno... samo copy paste
20:41 mmiletic| :)
20:41 mmiletic| kako im se tacno zove sajt?
20:41 mmiletic| koja je adresa
20:41 mmiletic| na to sam mislio
20:41 mmiletic| radim im neku deklaraciju pa da stavim
20:42 playahater| cvetic.com
20:42 mmiletic| a mejl ces da im otvoris na gogle?
20:42 mmiletic| office@cvetic.com?
20:42 playahater| da .. sve tje da ide preko gmaila
20:42 playahater| shtagod@cvetic.com
20:42 playahater| :)
20:43 mmiletic| e da... ja sam na tim stranama, devojcice, decaci i bebe stavio 4 slike
20:44 mmiletic| to ce da se menja.. koliko god oni stave
20:44 mmiletic| samo se dodaje na dole...
20:45 mmiletic| evo poslato
20:46 mmiletic| pazi da se naslov strane nastavlja u produzetku CVETIC DESIGN, da je poravnato donjom linijom
--- Log closed Sun Sep 26 20:52:01 2010
--- Log opened Sun Sep 26 21:13:53 2010
21:13 mmiletic| evo salje se.. malo je veci pdf, ima i neke slike unutra
--- Log closed Sun Sep 26 21:19:01 2010
--- Log opened Sun Sep 26 21:21:18 2010
21:21          <-- mmiletic has quit irc
--- Log closed Sun Sep 26 21:27:01 2010
--- Log opened Sun Sep 26 22:25:51 2010
22:25 Closing query with mmiletic
--- Log closed Sun Sep 26 22:25:51 2010
--- Log opened Mon Oct 04 22:44:24 2010
22:44 Starting query in Bitlbee with mmiletic
22:44 mmiletic| necu moci sutra da dodjem
22:44 mmiletic| skroz sam zaboravio
--- Log closed Mon Oct 04 22:49:53 2010
--- Log opened Mon Oct 04 23:11:35 2010
23:11          <-- mmiletic has quit irc
--- Log closed Mon Oct 04 23:16:53 2010
--- Log opened Mon Oct 04 23:29:43 2010
23:29 Closing query with mmiletic
--- Log closed Mon Oct 04 23:29:43 2010
--- Log opened Tue Oct 05 17:40:41 2010
17:40 Starting query in Bitlbee with mmiletic
17:40 mmiletic| pricao danas sa Danijelom.. i pita na kraju.. A sta se desava sa nasim nesrecnim sajtom?
--- Log closed Tue Oct 05 17:46:23 2010
--- Log opened Tue Oct 05 17:47:22 2010
17:47 playahater| pa sutra da svrnesh (poshto si reko da ne moze danas) i da ga finishiramo ..
17:47 playahater| ja tju da vidim danas/sutra da klikenm da im kupim domen ..
17:47 playahater| hosting sam im vetj kupio i bacio na njihovo ime ..
17:47 playahater| tachnije danijelino ..
17:47 mmiletic| pa ti danas prepravi one pngove
17:48 mmiletic| okok
17:48 playahater| ostao domen da kupim .. da zemenim slichice i podesim shirine/visine .. i da se baci na njihov domen 
17:48 playahater| te 3 stvari ..
17:48 playahater| sutra ga zavrshavamo
17:50 mmiletic| ok
17:50          <-- mmiletic has quit irc
--- Log closed Tue Oct 05 17:56:23 2010
--- Log opened Tue Oct 05 18:34:47 2010
18:34 Closing query with mmiletic
--- Log closed Tue Oct 05 18:34:47 2010
--- Log opened Thu Oct 07 23:24:13 2010
23:24 Starting query in Bitlbee with mmiletic
23:24 mmiletic| e
23:25 mmiletic| vidim da sad radis na sajtu... vidi ovaj prvi oblacak sredi.. da ne pomera sve zivo a i cudno se desava kad stavis kursor... menja se rucica i strelica
23:26 mmiletic| i poslao sam ti par pngova sto sam zeznuo. iste su dimenzije, samo fali kvacica na č i sl
23:26 mmiletic| Č=
23:26 mmiletic| :)
--- Log closed Thu Oct 07 23:31:40 2010
--- Log opened Thu Oct 07 23:45:38 2010
23:45 playahater| trenutno budzim mapu ..
23:45 playahater| http://www.cvetic.droopia.net/mapa_partnera
23:45 playahater| :)
23:46 playahater| sreditju taj link gore .. otju ove partnere da otkachim .. to je vetja stvar koja je ostala nezavrshena .. 
23:47 mmiletic| ok ok.. i na bebi proiyvod nije dobra slicka :) Al u globalu.. svidja mi se kako je ispalo
23:47 playahater| pa kad se sve isto zovu .. !!
23:47 playahater| :)
23:48 mmiletic| hehe
23:48 playahater| tje sredimo ..
23:48 playahater| radim na tome
23:48 playahater| ;)
23:48 mmiletic| samo primecujem
23:48 playahater| munem
23:48 playahater| :)
23:48 mmiletic| i onaj sto na kolekciji.. noga odsecena
23:49 mmiletic| i dole fali design by Studio OTISAK
23:49 mmiletic| Č=
23:49 mmiletic| :)
23:51 mmiletic| a home oblacak ne mora
23:51 mmiletic| sad mi stigo mejl
23:51 mmiletic| lepo je i ovako
23:51 mmiletic| idem ja da klopam pa da spavam
23:51 playahater| tje te stavimo u footer .. ne brini .. :)
23:51 mmiletic| ustaje se u 7
23:51 playahater| isto i ja
23:51 playahater| :(
23:52 playahater| al mora kliktjem .. :(
23:52 playahater| ae ..
23:52 playahater| chujemo se ..
23:52 mmiletic| jbg... ja danas crto ceo dan
23:52 mmiletic| pozz
23:52 mmiletic| i za mareta
23:52 mmiletic| ajd
23:52 playahater| ae
23:52 playahater| :)
23:53 Closing query with mmiletic
--- Log closed Thu Oct 07 23:53:35 2010
--- Log opened Sat Oct 09 13:39:21 2010
13:39 Starting query in Bitlbee with mmiletic
13:39 mmiletic| meni se cini da jos nisi zavrsio ovaj cvetic...
--- Log closed Sat Oct 09 13:44:21 2010
--- Log opened Sat Oct 09 15:05:20 2010
15:05          <-- mmiletic has quit irc
--- Log closed Sat Oct 09 15:10:21 2010
--- Log opened Sat Oct 09 19:56:29 2010
19:56 Closing query with mmiletic
--- Log closed Sat Oct 09 19:56:29 2010
--- Log opened Sun Oct 10 19:38:13 2010
19:38 Starting query in Bitlbee with mmiletic
19:38 mmiletic| hej hej
19:38 mmiletic| sta se radi?
--- Log closed Sun Oct 10 19:43:35 2010
--- Log opened Sun Oct 10 19:50:45 2010
19:50 playahater| e bre ..
19:50 playahater| eve me ..
19:50 playahater| evo .. kliktjem u najvetje ..
19:50 mmiletic| oooooo
19:51 mmiletic| jel da
19:51 mmiletic| ne primeti se
19:51 mmiletic| :)
19:51 playahater| mapa ne radi .. 
19:51 playahater| jebe me vetj 3 dana ..
19:51 mmiletic| vidim... i gomila stvarcica
19:51 playahater| trudim se da sredim mapu .. pishem svoj modul ..
19:52 mmiletic| pa kad si lud
19:52 mmiletic| da si stavio ono moje sve bi bilo gotovo
19:52 playahater| pa jebi ga .. kad sam reko ..
19:52 mmiletic| ja ti predlazem da veceras sredis sve ostalo
19:52 mmiletic| pa da onda nastavis mapu
19:52 playahater| pa ostao je meni i mapa
19:53 mmiletic| i oni pngovi da se zamene
19:53 playahater| sve ostalo je ok ..
19:53 playahater| cvetitji ?
19:53 mmiletic| i lose su slike u proizvodima
19:53 playahater| kako loshe ?
19:53 mmiletic| budu izduzene
19:53 mmiletic| uploaduje 800*600
19:53 mmiletic| a bude izduzena
19:53 mmiletic| pogledaj, sad ima par proizvoda
19:54 playahater| slike u proizvodu se generishu na osnovu velichine okvira koji si mi poslao
19:54 mmiletic| i na pocetnoj bude tri slike od jednog proizvoda
19:54 playahater| mora da se isposhtuje aspect ratio
19:54 mmiletic| novi okviri imaju ram 800*600 standarda
19:54 mmiletic| samo preko rama viri slicica
19:55 mmiletic| tj4:3
19:55 mmiletic| ili koji je vec
19:55 playahater| daj mi link da vidim na shta mislish
19:55 mmiletic| http://www.cvetic.droopia.net/kolekcija/muska/3303-komplet-trenerka
19:56 mmiletic| ova slika nije 4:3
19:56 playahater| dobro .. onda je slika koja se generishe da bude manja od rama
19:56 mmiletic| moguce da si malo izduzio png rama
19:56 playahater| samo sam prekopirao tvoje slike
19:57 playahater| nisam nishta zivo editovao
19:57 playahater| i na osnovu tvoje slike sam generisao velichinu slike koju oni uploaduju
19:57 mmiletic| a da nije sacuvao dimenzije prethodne slike?
19:57 mmiletic| rama
19:57 playahater| ne
19:57 mmiletic| ram je izduzen 
19:57 mmiletic| sad cu da proverim
19:58 playahater| ali ja ne vidim u chemu je problem .. uopshte nije izduzeno !
19:58 mmiletic| jeste bre
19:58 playahater| ne bodi ..
19:58 mmiletic| http://www.cvetic.droopia.net/kolekcija/bebi/2055-bebi-komplet
20:03 mmiletic| jel slika moze da ide ispod rama?
20:03 playahater| ne
20:03 mmiletic| oces novi ram?
20:03 mmiletic| jel to ide prema tom ramu za proizvod?
20:03 playahater| shta tje mi?
20:03 playahater| :)
20:03 playahater| druge velichine?
20:03 mmiletic| to resize?
20:04 mmiletic| da
20:04 mmiletic| ili ga ti smanji
20:04 playahater| ae poshalji drugi ..
20:04 playahater| al ga izmeri kako treba ..
20:04 mmiletic| po kom se generisu slike?
20:05 mmiletic| tom velikom iz proizvoda?
--- Log closed Sun Oct 10 20:10:35 2010
--- Log opened Sun Oct 10 20:43:03 2010
20:43 Closing query with mmiletic
--- Log closed Sun Oct 10 20:43:03 2010
--- Log opened Tue Oct 12 12:29:41 2010
12:29 Starting query in Bitlbee with mmiletic
12:29 mmiletic| e
12:29 mmiletic| si tu
12:30 mmiletic| pita danijela da li slicice na stranici bebe mogu da se sortiraju po onim siframa
12:30 mmiletic| tj po imenu
12:30 mmiletic| isto i na decaci i na devojcice
12:30 mmiletic| tamo gde bude gomila proizvoda
--- Log closed Tue Oct 12 12:36:38 2010
--- Log opened Tue Oct 12 12:50:42 2010
12:50 playahater| mislim da tje motji ..
12:50 playahater| sad su po datumu ..
12:51 playahater| moze po nazivu .. 
12:51 playahater| aaa .. pa da .. ona ima sifru u nazivu proizvoda ..
12:52 playahater| moze .. sortiratju po nazivu proizvoda ..
12:52 Closing query with mmiletic
--- Log closed Tue Oct 12 12:52:45 2010
--- Log opened Tue Oct 12 12:56:49 2010
12:56 Starting query in Bitlbee with mmiletic
12:56 mmiletic| pa to
12:57 mmiletic| extra
--- Log closed Tue Oct 12 13:02:38 2010
--- Log opened Tue Oct 12 13:02:49 2010
13:02 playahater| evo ga po title-u
--- Log closed Tue Oct 12 13:08:38 2010
--- Log opened Tue Oct 12 13:22:41 2010
13:22 Closing query with mmiletic
--- Log closed Tue Oct 12 13:22:41 2010
--- Log opened Wed Oct 13 15:35:52 2010
15:35 Starting query in Bitlbee with mmiletic
15:35 mmiletic| oces veceras na pivce?
15:36 mmiletic| tamani tel da uzmes
15:38          <-- mmiletic has quit irc
--- Log closed Wed Oct 13 15:43:10 2010
--- Log opened Wed Oct 13 16:16:31 2010
16:16 Closing query with mmiletic
--- Log closed Wed Oct 13 16:16:31 2010
--- Log opened Wed Oct 13 19:34:23 2010
19:34 Starting query in Bitlbee with mmiletic
19:34 mmiletic| promena plana
19:34 mmiletic| ipak necemo na pivce
19:34 mmiletic| pa cu ja da svrnem do vas
--- Log closed Wed Oct 13 19:40:04 2010
--- Log opened Wed Oct 13 19:41:09 2010
19:41 playahater| e ..
19:41 playahater| eve me ..
19:41 playahater| ispalio zeljko?
19:41 playahater| pa ae ne mora se cimash .. se organizujemo za sutra ..
19:41 playahater| nije mi hitja ..
19:41 mmiletic| pa ok
19:41 playahater| pa taj fazon ..
19:42 playahater| odmaraj .. :)
19:42 mmiletic| ok
19:42 mmiletic| ok
19:42 mmiletic| :)
--- Log closed Wed Oct 13 19:48:04 2010
--- Log opened Wed Oct 13 21:03:07 2010
21:03          <-- mmiletic has quit irc
--- Log closed Wed Oct 13 21:09:04 2010
--- Log opened Wed Oct 13 21:15:23 2010
21:15 Closing query with mmiletic
--- Log closed Wed Oct 13 21:15:23 2010
--- Log opened Sat Oct 16 17:48:53 2010
17:48 Starting query in Bitlbee with mmiletic
17:48 mmiletic| ehej
--- Log closed Sat Oct 16 17:54:44 2010
--- Log opened Sat Oct 16 21:09:03 2010
21:09          <-- mmiletic has quit irc
--- Log closed Sat Oct 16 21:14:44 2010
--- Log opened Sat Oct 16 21:20:20 2010
21:20 Closing query with mmiletic
--- Log closed Sat Oct 16 21:20:20 2010
--- Log opened Tue Oct 19 18:45:27 2010
18:45 Starting query in Bitlbee with mmiletic
18:45 mmiletic| hej hej.. kad ces da uzmes ovaj tel? i kako napreduje sajt? 
--- Log closed Tue Oct 19 18:50:51 2010
--- Log opened Tue Oct 19 20:12:13 2010
20:12          <-- mmiletic has quit irc
--- Log closed Tue Oct 19 20:46:19 2010
--- Log opened Tue Oct 19 20:49:12 2010
20:49 Closing query with mmiletic
--- Log closed Tue Oct 19 20:49:12 2010
--- Log opened Sun Oct 24 11:20:26 2010
11:20 Starting query in Bitlbee with mmiletic
11:20 mmiletic| http://www.studiootisak.co.rs/proba/home.php
--- Log closed Sun Oct 24 11:25:29 2010
--- Log opened Sun Oct 24 12:02:33 2010
12:02          <-- mmiletic has quit irc
--- Log closed Sun Oct 24 12:08:29 2010
--- Log opened Sun Oct 24 16:54:33 2010
16:54 Closing query with mmiletic
--- Log closed Sun Oct 24 16:54:33 2010
--- Log opened Mon Nov 01 13:10:07 2010
13:10 Starting query in Bitlbee with mmiletic
13:10 mmiletic| E
13:10 mmiletic| Tu li si?
13:11 mmiletic| Pogle sta sam ja napravio: www.studiootisak.co.rs/proba/home.php
13:14          <-- mmiletic has quit irc
13:16 playahater| hehe .. :) ..
13:16 playahater| video sam ..
13:16 playahater| poslo si mi na mail ..
13:16 playahater| dobar pochetak
13:16 playahater| :)
--- Log closed Mon Nov 01 13:21:54 2010
--- Log opened Mon Nov 01 13:32:11 2010
13:32 Closing query with mmiletic
--- Log closed Mon Nov 01 13:32:11 2010
--- Log opened Sat Nov 06 09:43:42 2010
09:43 Starting query in Bitlbee with mmiletic
09:43 mmiletic| prso ti server :)
09:43 mmiletic| nece da se otvori vas sajt
--- Log closed Sat Nov 06 09:49:01 2010
--- Log opened Sat Nov 06 10:28:28 2010
10:28          <-- mmiletic has quit irc
--- Log closed Sat Nov 06 10:34:01 2010
--- Log opened Sat Nov 06 13:04:28 2010
13:04 playahater| blist
13:04 Closing query with mmiletic
--- Log closed Sat Nov 06 13:04:33 2010
--- Log opened Thu Nov 18 19:14:32 2010
19:14 Starting query in Bitlbee with mmiletic
19:14 mmiletic| si tu?
19:14 playahater| jesam
19:14 playahater| na poslu josh uvek ..
19:14 playahater| shta ima?
19:14 mmiletic| ccc
19:14 mmiletic| do kad?
19:15 playahater| pre osmice sigurno netju motji da izletim ..
19:15 mmiletic| pa evo nesto se cuh sa Ivicom
19:15 mmiletic| pa reko da vidim kaki su planovi
19:15 mmiletic| uh uh
19:15 playahater| vi?
19:15 playahater| kad ?
19:15 playahater| gde ?
19:15 playahater| ko ?
19:15 mmiletic| pa on jedino kod njega da banemo
19:15 mmiletic| Joca nesto ispaljuje
19:15 mmiletic| marko?
19:16 playahater| kod kog da banemo ?
19:16 playahater| joca netje motji ?
19:17 mmiletic| pa on mi nesto spominje
19:17 mmiletic| cek da ga pozovem
19:17 playahater| ae .. 
19:18 mmiletic| da dodje kuci pa ce vidi kakav je
19:18 mmiletic| ti si za druzenje?
19:18 mmiletic| da odemo do Ivice i gage na neko pivce
19:19 playahater| u rupchine .. dedeeee ..
19:19 playahater| daleko ..
19:19 playahater| :)
19:19 playahater| shto ne smislimo neki vops/kafu negde u bulevaru .. poprichamo malo ..
19:20 playahater| vidimo se ..
19:20 playahater| i kutji na spavanje ..
19:20 playahater| sutra ustajem u osmicu .. a imam brdo posla ..
19:20 mmiletic| pa on ne moze
19:20 mmiletic| on samo kod kuce
19:20 mmiletic| pa zato
19:20 playahater| dobro .. tjemo sa njim za vikend onda,a? :)
19:20 mmiletic| ja oko 7
19:20 playahater| a joca ?
19:20 mmiletic| i imam brdo posla
19:20 mmiletic| :)
19:21 mmiletic| ce se javi kad dodje kuci
19:21 mmiletic| sad toci gorivo
19:21 playahater| :)
19:21 playahater| hehe
19:23 mmiletic| ':)
--- Log closed Thu Nov 18 19:28:13 2010
--- Log opened Thu Nov 18 19:41:30 2010
19:41 playahater| se javio joca
19:41 playahater| :)
19:41 mmiletic| jos ne
19:42 playahater| a gde si ti ?
19:42 mmiletic| kuci
19:43 mmiletic| seo da klopam
19:43 mmiletic| :)
19:43 playahater| ajde jedi pa te cimam za 20-ak minuta ..
19:43 mmiletic| ajd
19:43 playahater| :)
--- Log closed Thu Nov 18 19:49:13 2010
--- Log opened Thu Nov 18 19:52:54 2010
19:52 playahater| ako joca ne stigne vecheras .. mozemo da odlozimo stvar za sutra ..
19:53 playahater| taman takpe
19:53 playahater| :)
19:53 mmiletic| ja sutra necem moci
19:53 mmiletic| tek subota
19:53 mmiletic| :)
--- Log closed Thu Nov 18 19:59:13 2010
--- Log opened Thu Nov 18 20:26:56 2010
20:26 playahater| si se chuo sa jocom ?
20:27 mmiletic| nema da se javlja
20:27 playahater| do kad je on u bgd ?
20:27 mmiletic| nisam ga pitao
20:27 mmiletic| nemam pojma
20:28 mmiletic| jbg.. ostaje subota
20:28 mmiletic| :)
--- Log closed Thu Nov 18 20:33:13 2010
--- Log opened Thu Nov 18 20:52:52 2010
20:52 playahater| i ..
20:52 playahater| nema ga joca ?
20:52 mmiletic| jok
20:53 playahater| ja imam josh jedno pola sata bar ovde u office ..
20:53 playahater| *bar
20:53 playahater| :(
20:53 playahater| otjemo subotu ?
20:53 mmiletic| ma kasno je sad
20:53 mmiletic| subota
20:53 mmiletic| ustaje se rano ujutru
20:53 playahater| ok .. *planiramo subotu ..
20:53 mmiletic| eto
20:53 mmiletic| dogovoreto
20:53 playahater| dogovoreto ..
20:54 playahater| :)
--- Log closed Thu Nov 18 20:59:13 2010
--- Log opened Thu Nov 18 21:01:04 2010
21:01 Closing query with mmiletic
--- Log closed Thu Nov 18 21:01:04 2010
--- Log opened Sat Nov 20 17:29:55 2010
17:29 Starting query in Bitlbee with mmiletic
17:29 mmiletic| kakav je plan?
17:30 mmiletic| jel se druzimo veceras?
17:30 mmiletic| << BitlBee - Invitation to chatroom private-chat-ebfa81ef-23cf-4bc6-bc30-aeaeae6ccbb6@groupchat.google.com >>
17:30 mmiletic| You have been invited to private-chat-ebfa81ef-23cf-4bc6-bc30-aeaeae6ccbb6@groupchat.google.commmiletic@gmail.com You have been invited to private-chat-ebfa81ef-23cf-4bc6-bc30-aeaeae6ccbb6@groupchat.google.com
17:30 mmiletic| Click here to join: http://talkgadget.google.com/talkgadget/joinpmuc?r=CmxHAbuRliEV8E5b-yd-QkS7gfv_v5zSxSTlEHuSJ71T2FinlSdMulsue5MDQpRXxuew1DeyaW1DX-N75M9tab3eOPQhqpl5ouBvnbvYYveNTpvWkue5PdYhTeqTwwHjJ1QbLGhiEGQjVVNhknwSDOpFCu5nRn8uGyXNmxgB&si=1
17:31 mmiletic| << BitlBee - Invitation to chatroom private-chat-ebfa81ef-23cf-4bc6-bc30-aeaeae6ccbb6@groupchat.google.com >>
17:31 mmiletic| You have been invited to private-chat-ebfa81ef-23cf-4bc6-bc30-aeaeae6ccbb6@groupchat.google.commmiletic@gmail.com You have been invited to private-chat-ebfa81ef-23cf-4bc6-bc30-aeaeae6ccbb6@groupchat.google.com
17:31 mmiletic| Click here to join: http://talkgadget.google.com/talkgadget/joinpmuc?r=CmxHAbuRliEV8E5b-yd-QkS7gfv_v5zSxSTlEHuSJ71T2FinlSdMulsue5MDQpRXxuew1DeyaW1DX-N75M9tab3eOPQhqpl5ouBvnbvYYveNTpvWkue5PdYhTeqTwwHjJ1QbLGhiEGQjVVNhknwSDOpFCu5nRn8uGyXNmxgB&si=1
--- Log closed Sat Nov 20 17:36:53 2010
--- Log opened Sat Nov 20 18:22:45 2010
18:22 mmiletic| si tu?
--- Log closed Sat Nov 20 18:27:53 2010
--- Log opened Sat Nov 20 18:33:25 2010
18:33 playahater| ebe ..
18:33 playahater| eve me ..
18:33 mmiletic| ohoh
18:33 playahater| sad sam usho .. bio u metro ..
18:33 mmiletic| sta ima?
18:33 playahater| nova stolica
18:33 playahater| :)
18:34 mmiletic| heh
18:34 mmiletic| ako ako
18:34 mmiletic| valja se
18:34 playahater| skroz obichna al bolja nego stara ..
18:34 playahater| ti?
18:34 mmiletic| evo dogoavaram se sa jocom za veceras
18:34 mmiletic| ocemo negde?
18:34 mmiletic| on je za
18:34 mmiletic| i ja sam za
18:35 playahater| lele .. ne znam da l tju da mogu ..
18:35 mmiletic| brzina a?
18:35 mmiletic| hahaha
18:35 playahater| treba da sednem s maretom da iskliktjemo jedan sajt ..
18:35 playahater| mora bude gotovo do ponedeljka ..
18:35 mmiletic| naravno
18:35 playahater| a i cvetitj ima josh malo da se dokliktje ..
18:36 mmiletic| i makni onaj ruzan fb
18:36 playahater| tako da .. tju pre skochim ..
18:36 mmiletic| samo stavi dugme
18:36 mmiletic| malo.. obicno
18:36 playahater| pa nemojte me jebati ..
18:36 playahater| :)
18:36 playahater| jelenche sastavi .. jelenche rastavi .. :)
18:36 playahater| danijela mi rekla da stavim
18:37 mmiletic| al ne ono
18:37 mmiletic| ono je ruzno
18:37 mmiletic| niste se razumeli
18:37 playahater| jeste .. potpuno je besmisleno ..
18:37 mmiletic| samo treba da ima opcija da kliknes i da te prebaci tamo.. ili sta vec. Ima ono find us on fb
18:38 mmiletic| nesto tako
18:38 mmiletic| prosto dugmecne, plavo
18:38 mmiletic| ja mislim da je to bolje
18:38 mmiletic| slikaj na nekom sajtu i posalji joj jpg... kazi jel oces ovako?
18:38 mmiletic| ;)
18:39 mmiletic| jel si vido mejl?
18:39 playahater| ne
18:39 playahater| od danas?
--- Log closed Sat Nov 20 18:45:53 2010
--- Log opened Sun Nov 21 23:47:24 2010
23:47 Starting query in Bitlbee with mmiletic
23:47 mmiletic| Zvala me Danijela malopre
23:47 mmiletic| Opet si jesto naljutio :(
23:48 mmiletic| *nesto
23:51          <-- mmiletic has quit irc
--- Log closed Sun Nov 21 23:56:52 2010
--- Log opened Mon Nov 22 10:01:42 2010
10:01 Closing query with mmiletic
--- Log closed Mon Nov 22 10:01:42 2010
--- Log opened Mon Nov 22 12:58:34 2010
12:58 Starting query in Bitlbee with mmiletic
12:58 mmiletic| Ako sam dobro razumeo Danijelu, zbog tvoje zajebancije sa google maps, ja cu da izvisim za 150 eura od stampe? Jesi li ti upoznat sa time? 
--- Log closed Mon Nov 22 13:03:35 2010
--- Log opened Mon Nov 22 13:04:31 2010
13:04 playahater| ma daj .. mani se molim te .. kakvih 150eur .. o chemu ona pricha ..
13:05 playahater| ostale su te mape i exploder i opera da se kliknu .. i reko sam joj da tje to biti chim pre ..
13:05 playahater| nemoj sad da smara i izmishlja kad smo skoro gotovi .. 
13:05 playahater| kad je dosad cheTkala neka chetka josh malo
13:06 playahater| bitje gotovo za dan - dva
13:06 mmiletic| ne znam ja sta se desava, samo mi je malopre rekla ovo
13:07 playahater| zato ti ja kazem shta se deshava
13:07 mmiletic| dobro, nemoj ja da placam zbog vasih gluposti
13:08 playahater| shta god treba ti da platish .. preusmeri na mene ..
13:08 playahater| ja hendlam tvoje finansije prema njoj ako bude bilo potrebe
13:08 mmiletic| ok
13:09 mmiletic| uzmi slobodan dan i zavrsi te zaostale poslove
13:09 mmiletic| ovako ti ocigledno ne ide
13:09 mmiletic| ne mozes na 100 strana
13:09 mmiletic| sredi se malo
13:10 playahater| da da .. gledatju da odvojim vecheras/sutra i kompletiram sranje ..
13:10 mmiletic| ne mislim samo za ovaj sajt, u poslednje vreme nemas vremena ni za sta
13:10 mmiletic| preterao si
13:11 mmiletic| sta ces sa tolkim parama kad ni na pivce da izadjes
13:11 mmiletic| :)
13:11 playahater| u poslednje vreme nemam vremena ni za shta jer imam 2 danijele za vratom ..
13:11 playahater| plus radno vreme do sedmice ..
13:11 mmiletic| o tome ti pricam
13:11 mmiletic| uzmi slobodan dan
13:11 mmiletic| kazi sefu
13:12 mmiletic| moras da pozavrsavas zaostale poslove
13:12 mmiletic| i njemu nije u interesu da si nikakav
13:12 mmiletic| i da gresis
13:12 playahater| u pravu si ..
13:12 playahater| samo to nije bash tako ..
13:12 playahater| jer je i ovde na poslu hitja ..
13:12 playahater| vetj se kasni ..
13:13 playahater| sechesh ushi krpish dupe ..
13:13 playahater| stvarno se nadam da do kraja nedelje poskidam sve repove ..
13:14 playahater| onda imam lagano do shestice shljaku i posle toga sam bleya ..
13:14 mmiletic| ok
13:14 mmiletic| ti znas najbolje
13:14 mmiletic| nemoj samo da placam penale za tebe
13:14 mmiletic| ma ko da je kriv
--- Log closed Mon Nov 22 13:19:35 2010
--- Log opened Mon Nov 22 13:19:50 2010
13:19 playahater| ma shta ti da platjash .. mani se molim te .. 
13:19 playahater| ti nemash nikakve veze s tim ..
13:20 playahater| ti si chinio uslugu shto si bio u komunikaciji u vezi izrade ..
13:20 playahater| kakvi penali .. kakvi bakrachi ..
13:20 playahater| prosledi kod mene samo ..
13:20 mmiletic| oni meni duguju preko 1500 eura koji se ne nalaze na fakturama, i sad spominju da ce da iskuliraju 150
13:21 mmiletic| tako da mogu da kazu da nece da plate
13:21 mmiletic| i sta im ja mogu
13:21 mmiletic| cisto da znas
13:21 playahater| objasnish da nemash veze sa tim i da nije u redu da ti na ciganski nachin izvlache pare !!!
13:22 mmiletic| ma mene to sad uopste ne zanima... sredi to...
13:22 mmiletic| :)
13:22 playahater| i ako hotje penale neka dodju kod mene 
13:23 playahater| kako su teshki .. dobitje sajt koji vredi bar 3 puta vishe ..
13:23 playahater| prichaju o penalima ..
13:23 playahater| ja ne razumem ..
13:23 playahater| strashno ..
13:23 playahater| uglavnom ..
13:23 playahater| uzivaj .. ako neshto treba da platish prosledi kod mene .. ja odgovaram za finansije 
13:23 playahater| chujemo se .. i gledamo se ovih dana na vops i da ti dam fontele
13:23 playahater| green ?
13:23 playahater| :)
13:25 mmiletic| e
13:25 mmiletic| ok
--- Log closed Mon Nov 22 13:31:35 2010
--- Log opened Mon Nov 22 13:32:33 2010
13:32 Closing query with mmiletic
--- Log closed Mon Nov 22 13:32:33 2010
--- Log opened Mon Nov 29 15:58:51 2010
15:58 Starting query in Bitlbee with mmiletic
15:58 mmiletic| de si bre
15:59 mmiletic| sto ne podje s nama za PO?
--- Log closed Mon Nov 29 16:04:54 2010
--- Log opened Mon Nov 29 16:16:53 2010
16:16 playahater| pa shta mislish?
16:17 playahater| :)
16:17 playahater| kad se gledamo?
16:17 playahater| pijemo neke kafe? .. ti dam fontele?
16:17 playahater| vidim .. pao neki unlock ?
16:17 playahater| :)
16:17 Closing query with mmiletic
--- Log closed Mon Nov 29 16:17:33 2010
--- Log opened Mon Nov 29 16:17:36 2010
16:17 Starting query in Bitlbee with mmiletic
16:17 mmiletic| kad oces
16:17 mmiletic| sutra?
16:17 playahater| moze
16:17 mmiletic| da bre
16:17 mmiletic| konacno izaso
16:17 playahater| :)
16:17 playahater| hehe
16:17 mmiletic| a bas su ga elegantno resili
16:18 playahater| nismo ni sumnjali .. :)
16:19 mmiletic| sta se radi kod tebe? 
--- Log closed Mon Nov 29 16:24:54 2010
--- Log opened Mon Nov 29 16:30:42 2010
16:30 playahater| work work ..
16:30 playahater| :)
16:30 playahater| gledam da otkachim sve obaveze u shto kratjem vremenskom roku ..
16:31 mmiletic| ako ako
16:31 mmiletic| valja se
--- Log closed Mon Nov 29 16:36:54 2010
--- Log opened Mon Nov 29 16:37:07 2010
16:37 playahater| kad i gde sutra?
16:37 mmiletic| kad oces
16:37 mmiletic| ti si taj sa obavezama
16:37 mmiletic| :)
16:37 playahater| pola sedam / sedam ?
16:37 playahater| brod
16:38 playahater| moze?
16:38 mmiletic| brod?
16:38 playahater| http://www.kudazavikend.com/3-Na%20pi%C4%87e/8527-Brod%20caffe/
16:39 playahater| :)
16:39 mmiletic| ajd, al tu je prva zona
16:39 mmiletic| sat parkinga
16:40 playahater| aj .. da .. ti si motorizovan
16:40 mmiletic| ili je druga?
16:40 playahater| otjesh bondjorno u bulevaru kod batuta ?
16:40 playahater| tu moz da prodjesh bez zone ?
16:41 mmiletic| sad gledam, tamo je prva
16:41 mmiletic| ma smara bondjorno
16:41 playahater| parkiraj ga kod cvetka pa se spusti trandzom :D
16:42 playahater| petaja .. vozi pravo u brod
16:42 playahater| :D
16:42 mmiletic| heh
16:42 playahater| hehe
16:42 playahater| bondjorno da .. smara ..
16:42 playahater| slazem se ..
16:42 mmiletic| gledam. blizu je 3 zona
16:43 playahater| a donji deo palmotitjeve ? .. koja to zona ..
16:43 playahater| to ti je blizu broda .. moz nadjesh parking skoro uvek .. 
16:43 playahater| mare ga tamo metje 
16:43 mmiletic| http://www.parking-servis.co.rs/lat/parkiranje/zone/mape/mape_zona
16:43 mmiletic| pa to
16:44 mmiletic| blizu je 3 zona
16:44 mmiletic| moze taj brod
16:44 mmiletic| 7
16:44 playahater| zemo
16:44 playahater| dogovoreto ..
16:45 mmiletic| eto
16:45 mmiletic| tamo se nadjemo?
16:45 playahater| pa da ..
16:45 mmiletic| ok
16:45 playahater| ko prvi stigne .. nek se popne gore .. i zasedne ..
16:46 mmiletic| ok
16:46 playahater| ja zavrshvam u shesticu .. pakujem se ii lagano peshaka do tamo ..
16:46 playahater| p.s. - imaju dobro tamno na tochenje .. ;)
16:46 playahater| i fliper
16:46 mmiletic| videcemo vec
16:46 playahater| :D
16:46 mmiletic| :)
16:47 mmiletic| onda smo se dogovorili
16:47 mmiletic| vidamo se sutra
16:47 playahater| ajd
16:47 playahater| iscimaj zeljka ako ima vremena ..
16:47 playahater| :0
16:47 mmiletic| ocem
16:49 Closing query with mmiletic
--- Log closed Mon Nov 29 16:49:09 2010
--- Log opened Fri Dec 10 17:59:50 2010
17:59 Starting query in Bitlbee with mmiletic
17:59 mmiletic| ej
18:00 playahater| ehej
18:00 playahater| desi
18:01 mmiletic| eve me kod kuce
18:01 mmiletic| ti?
18:01 playahater| josh na shljaci ..
18:01 playahater| za jedno sat vremena sam free ..
18:01 playahater| tje me chekash?
18:01 mmiletic| kad cemo kod zexa?
18:01 mmiletic| tek tad?
18:01 playahater| jbg
18:01 mmiletic| pa ajd
18:01 mmiletic| u 7
18:01 mmiletic| gde?
18:01 playahater| kako ti idesh do njega?
18:02 mmiletic| kolima
18:02 playahater| gde parkirash?
18:02 mmiletic| ispred zgrade
18:02 playahater| pa ..
18:02 playahater| ja sam u resavskoj ..
18:02 playahater| moz se nadjemo tamo negde kod idiota
18:03 playahater| kod crkve sv marka ..
18:03 playahater| kod poshte ..
18:03 playahater| :)
18:03 mmiletic| jel znas de je on
18:03 playahater| ne
18:03 playahater| :)
18:03 playahater| znam da je tu oko idiota
18:03 playahater| .. valjda ..
18:03 mmiletic| sad cu ti pokazem 
18:03 mmiletic| cek da nadjem koordinate
18:05 mmiletic| 44.812922,20.475712
18:05 playahater| jbte .. :) ..
18:05 playahater| ulica .. broj .. ne,a?
18:05 playahater| :)
18:06 mmiletic| pa samo paste u maps
18:06 mmiletic| :)
18:06 playahater| misim .. haxorski je ovo .. al malo nezgodno
18:06 mmiletic| imas google maps?
18:06 playahater| iam .. chek
18:07 mmiletic| to ti je 3 min pesaka
18:07 mmiletic| od resavske
18:08 playahater| aaa .. misim da znam gde je to ..
18:09 playahater| se nadjemo na uglu 27.marta i tog dragoslava ..
18:09 mmiletic| jel moze tu u 7?
18:09 mmiletic| moze
18:09 playahater| ja imam ovde da zvrshim josh malo neku rabotu .. i kretjem ..
18:09 mmiletic| mada ja dolazim iz dalmatinske
18:09 playahater| nadam se da sam za pola sata gotovo
18:09 mmiletic| ok
18:09 mmiletic| 7
18:09 mmiletic| jel moze
18:09 playahater| ne moze .. :) ..
18:10 playahater| hehe
18:10 mmiletic| onda dogovoreto
18:10 mmiletic| 7
18:10 playahater| moze oko sedam ..
18:10 playahater| cimam te ako kojim lsuchajem kasnim malo
18:10 mmiletic| ajd
18:10 playahater| vidimo se ..
18:10 mmiletic| jeste
18:10 playahater| jel tje kupujemo neko vino/cvetje?
18:10 playahater| ae kupi pa ti dam kesh
18:10 mmiletic| vino
18:10 mmiletic| moze
18:10 mmiletic| ajd
18:11 playahater| ae ..
18:11 playahater| odo da radim
18:11 mmiletic| ajd
--- Log closed Fri Dec 10 18:16:23 2010
--- Log opened Fri Dec 10 18:21:41 2010
18:21          <-- mmiletic has quit irc
--- Log closed Fri Dec 10 18:27:23 2010
--- Log opened Fri Dec 10 18:41:38 2010
18:41 Closing query with mmiletic
--- Log closed Fri Dec 10 18:41:38 2010
--- Log opened Sun Dec 12 11:07:14 2010
11:07 Starting query in Bitlbee with mmiletic
11:07 mmiletic| javi se neki put kad zove Danijela
--- Log closed Sun Dec 12 11:12:37 2010
--- Log opened Sun Dec 12 12:20:37 2010
12:20          <-- mmiletic has quit irc
--- Log closed Sun Dec 12 12:25:37 2010
--- Log opened Sun Dec 12 14:39:40 2010
14:39 Closing query with mmiletic
--- Log closed Sun Dec 12 14:39:40 2010
--- Log opened Thu Dec 23 13:49:48 2010
13:49 Starting query in Bitlbee with mmiletic
13:49 mmiletic| e
13:49 mmiletic| si ziv bre?
13:52 playahater| e be .. 
13:52 playahater| uh .. jebote .. jedva ..
13:53 playahater| vadio neki zub .. pa dva dana vetj ne komuniciram verbalno
13:53 mmiletic| heh
13:53 playahater| zlo ..
13:53 mmiletic| :)
13:53 playahater| video sam mail shto si mi poslao ..
13:53 mmiletic| zeznuta situacija
13:53 playahater| ne pitaj ..
13:53 playahater| nego ..
13:53 mmiletic| ostavio sam tel kod Zexa
13:53 playahater| shta to sad znachi .. da tjesh ti da platish penale ??
13:53 mmiletic| pa ti svrati kod njega
13:53 playahater| aha .. ok .. ql .. to je manji problem
13:53 playahater| :)
13:54 mmiletic| ma opusteno.. prezivecu tu jednu fakturu
13:54 playahater| ma netjesh .. ne mozemo tako da radimo ..
13:54 playahater| sva dodana funkcionalnost je radjena na kontu tih penala ..
13:55 playahater| i sad opet da se plate ..
13:55 playahater| ne moze tako ..
13:55 playahater| ako ti platish to .. ja izbacujem neke stvari sa sajta ..
13:55 playahater| nije u redu ..
13:55 playahater| nemoj da se prave blesavi .. 
13:55 mmiletic| heh
13:55 mmiletic| pa dogovorite se kako ocete
13:55 playahater| na kraju su dobili mnogo vishe nego shto je dogovoreno .. 
13:55 mmiletic| ja sam to iskulirao
13:56 mmiletic| ;)
13:56 playahater| ja sam joj napisao to u mailu .. samo mi ona nije nishta odgovorila .. 
13:56 playahater| i nakon toga mi stigo mail od tebe za tu fakturu
13:56 mmiletic| gde ces za Novaka?
13:57 playahater| nemoj da skretjesh temu .. :)
13:57 playahater| uglavnom .. ako ti ona skine kesh .. ja skidam funkcionalnost ..
13:57 mmiletic| heh
13:57 playahater| poslatju joj mail za to .. a i ti joj reci ..
13:57 playahater| eto .. toliko o tome ..
13:57 playahater| inache .. jebem li ga ..
13:57 mmiletic| ma ne mogu vise oko toga da se bakcem
13:58 playahater| nistha nisam planirao ..
13:58 mmiletic| to je vec vasa stvar
13:58 playahater| verovatno doma .. ili takva neka varijanta
13:58 playahater| ti?
13:59 mmiletic| dogovaram se sa Ivicom
13:59 mmiletic| ja bih neku kucnu zurku
13:59 mmiletic| pa cu da vidim ko je sve za to
13:59 mmiletic| pa da se organizujemo
13:59 mmiletic| cek sad.. moram da radim
14:00 mmiletic| kuckamo se veceras
--- Log closed Thu Dec 23 14:05:40 2010
--- Log opened Thu Dec 23 14:10:52 2010
14:10 playahater| ok
14:10 playahater| ae
14:10 Closing query with mmiletic
--- Log closed Thu Dec 23 14:10:54 2010
--- Log opened Sun Dec 26 18:22:22 2010
18:22 Starting query in Bitlbee with mmiletic
18:22 mmiletic| idem kasnije sa bojketom na pivce, jesi mozda i ti za?
--- Log closed Sun Dec 26 18:27:43 2010
--- Log opened Sun Dec 26 18:33:09 2010
18:33 playahater| opa .. vops .. bojke? .. :) .. 
18:33 playahater| ako ako .. samo napred ..
18:33 playahater| ja upravo kretjem do jelene ..
18:34 playahater| ste rachunali shogod za ng?
18:35 mmiletic| ja se dogovarao sa Ivicom
18:35 mmiletic| kod nekog cemo kuci
18:35 mmiletic| kod mene, njih...
18:35 mmiletic| gde se vec dogovorimo
18:37 mmiletic| sta si ti planiro?
18:37 playahater| jebote .. ladno nishta .. :|
18:37 playahater| ima neke opcije da se ode u brodic ..
18:38 playahater| neke koleginice s posla napinju ..
18:38 playahater| tje vidimo shta tje biti od toga ..
18:38 playahater| ako ne to .. onda verovatno kutjna varijanta ..
18:38 playahater| jebem li ga ..
18:38 mmiletic| pa napnite i vi njih
18:38 mmiletic| :)
18:39 playahater| a shta ako pristanu?
18:39 playahater| :)
18:39 playahater| hehe
18:39 playahater| tje vimo .. 
18:39 mmiletic| pa ako ne znas sta da radis... onda ne valja
18:39 mmiletic| :)
18:40 mmiletic| eto mi cemo da se okupljamo u kucnoj varijanti
18:40 playahater| pravo ti kazem .. ja bih da provedem ng sa najmanje mogutje utroshene energije oko dogovora i same realizacije ..
18:40 mmiletic| ako se ne snadjes
18:40 mmiletic| javni se
18:40 playahater| :)
18:40 mmiletic| haha
18:40 playahater| pa super .. hvala na pozivu .. 
18:41 playahater| tje rachunamo .. pa tje vimo na kraju rezultat ..
18:41 playahater| :)
18:41 mmiletic| mi smo razmisljali nedelju dana
18:41 mmiletic| onda se culi
18:41 playahater| i u 3 poteza reshili
18:41 playahater| :)
18:41 mmiletic| i dogovorili jednoglasno
18:41 mmiletic| a razmisljanje je bilo
18:41 mmiletic| aj se cujemo u petak
18:41 mmiletic| ajd
18:42 mmiletic| i to je to
18:42 playahater| hehe
18:42 mmiletic| hehe
18:42 playahater| :)
18:42 mmiletic| pa da se ne trosimo
18:42 mmiletic| cuvamo se za zimovanje
18:42 playahater| pa pametno .. tako itreba
18:42 mmiletic| :)
18:42 mmiletic| resili smo da idemo skupa
18:43 playahater| ja kao reshio da shtekam za shkolu .. mada moz se desi da tju ga izdutjkam za to ..
18:43 playahater| treba da odem do shkole posle praznika .. mozda i pre .. tje vimo ..
18:43 playahater| da vidim kakav mi status ..
18:44 playahater| imam sve predispozicije da me ne prime tamo nazad ..
18:44 playahater| po novom ima neki rok u kome morash da zavrshish .. 
18:44 playahater| meni taj rok isteko ..
18:44 playahater| al nisam obnavljao .. pa mozda mogu na to da se izvuchem ..
18:44 playahater| a mozda i ne vazi to za mene ..
18:44 playahater| :)
18:44 playahater| jebem li ga ..
18:45 mmiletic| heh
18:45 mmiletic| jbg
18:45 playahater| ko nema u glavu .. 
18:45 playahater| netje ni da ima
18:45 playahater| :)
18:48 mmiletic| ipak ne idem na pivce
18:48 mmiletic| :)
18:49 mmiletic| nece bojke samo sa mnom
18:49 mmiletic| :)
--- Log closed Sun Dec 26 18:54:43 2010
--- Log opened Sun Dec 26 21:02:05 2010
21:02          <-- mmiletic has quit irc
--- Log closed Sun Dec 26 21:07:43 2010
--- Log opened Sun Dec 26 23:13:09 2010
23:13 Closing query with mmiletic
--- Log closed Sun Dec 26 23:13:09 2010
--- Log opened Wed Jan 12 18:19:39 2011
18:19 Starting query in Bitlbee with mmiletic
18:19 mmiletic| izguglaj ko je Bruce Springsteen
18:20 mmiletic| a onda idi na google translate i prevedi njegovo ime i prezime na srpski
18:20 playahater| znam i jedno i drugo ..
18:20 playahater| :)
18:20 mmiletic| strasno
--- Log closed Wed Jan 12 18:26:22 2011
--- Log opened Wed Jan 12 19:24:57 2011
19:24 mmiletic| Sutra rostiljamo...
--- Log closed Wed Jan 12 19:30:22 2011
--- Log opened Thu Jan 13 15:20:15 2011
15:20 Starting query in Bitlbee with mmiletic
15:20 mmiletic| ej
15:20 mmiletic| jesi tu?
--- Log closed Thu Jan 13 15:25:50 2011
--- Log opened Thu Jan 13 15:30:08 2011
15:30 playahater| ehej ..
15:30 playahater| jesam
15:30 Closing query with mmiletic
--- Log closed Thu Jan 13 15:30:13 2011
--- Log opened Thu Jan 13 15:30:20 2011
15:30 Starting query in Bitlbee with mmiletic
15:30 mmiletic| pa sta se radi?
15:30 playahater| evo .. raduckam ..
15:30 playahater| na poslu ..
15:30 playahater| kod tebZe ?
15:30 mmiletic| ako ako
15:30 mmiletic| valja se
15:30 mmiletic| evo kuci sam
15:30 mmiletic| sad cu da idem po meso
15:30 mmiletic| rostiljamo danas
15:31 mmiletic| oces da naidjes?
15:32 playahater| e .. pa ae videtju .. ako se organizujem .. tju da banem ..
15:32 playahater| voleo sam da dodjem ..
15:33 mmiletic| pa vidi sa Zexom
15:33 mmiletic| on ce kolima
--- Log closed Thu Jan 13 15:38:50 2011
--- Log opened Thu Jan 13 15:39:29 2011
15:39 playahater| kad se planira okupljanje ?
15:40 mmiletic| oko 7
15:40 playahater| pazi .. ja bi trebalo da sam do osmice doma ..
15:40 playahater| da se isplaniram shta i kako .. pa ako se uglobim .. dolazim ..
15:41 playahater| verovatno tju da vidim da iscimam mareta .. pa bi zajedno doshli kolima ..
15:41 playahater| ako ne .. sednem na bas .. pa dodjem ..
15:41 mmiletic| eto
15:41 mmiletic| ovdemoze
15:41 mmiletic| da se parkira
15:41 mmiletic| ne placa se
15:41 mmiletic| :)
15:41 playahater| hehe ..
15:42 playahater| uglavnom .. ne mora me planirate za klopu i pitje neshto posebno ..
15:42 mmiletic| pivo ili kuvano?
15:42 playahater| *nishta
15:42 mmiletic| ccc
15:42 playahater| pa verovatno vops .. 
15:42 playahater| al uzetju ja neki komad .. 
15:42 mmiletic| ok
15:42 playahater| drugim rechima .. ne brini za hranu i pitje za mene .. 
15:42 playahater| :)
15:42 mmiletic| ili samo javni zexu da te planira
15:43 mmiletic| on je zaduzen za pice
15:43 mmiletic| ok ok
15:43 playahater| :)
15:43 playahater| do jajca ..
15:43 playahater| a koja ekipa?
15:43 mmiletic| desetak persona
15:44 mmiletic| 10-12
15:44 mmiletic| tako nesto
15:44 mmiletic| jel se secas koliko smo mesa imali za prvi maj?
15:44 playahater| uhhh
15:44 playahater| :/
15:44 playahater| oko petice beshe,a?
15:44 playahater| il manje ..
15:45 playahater| ne pamtim ..
--- Log closed Thu Jan 13 15:50:50 2011
--- Log opened Thu Jan 13 15:55:08 2011
15:55          <-- mmiletic has quit irc
--- Log closed Thu Jan 13 16:00:50 2011
--- Log opened Thu Jan 13 16:02:54 2011
16:02 Closing query with mmiletic
--- Log closed Thu Jan 13 16:02:55 2011
--- Log opened Sun Jan 23 13:27:42 2011
13:27 Starting query in Bitlbee with mmiletic
13:27 mmiletic| ej
13:27 mmiletic| si tu?
--- Log closed Sun Jan 23 13:33:37 2011
--- Log opened Sun Jan 23 17:48:01 2011
17:48 Closing query with mmiletic
--- Log closed Sun Jan 23 17:48:01 2011
--- Log opened Mon Jan 24 19:55:26 2011
19:55 Starting query in Bitlbee with mmiletic
19:55 mmiletic| Ehej
19:55 playahater| yo
19:56 playahater| eve me ..
19:56 playahater| desi
19:56 mmiletic| Ziv li si?
19:56 playahater| ne pitaj ..
19:56 playahater| poslednjih 5 dana ubijam po 10-12 sati ..
19:56 mmiletic| Evo kuci. Kuckam na tel. Ostao mi punjac za lap na poslu
19:56 playahater| radio i vikend ..
19:56 mmiletic| :)
19:56 playahater| a radim i sledetji ..
19:56 playahater| zlo ..
19:57 mmiletic| Ako ako
19:57 mmiletic| Valja se 
19:57 playahater| jashta
19:58 mmiletic| Nego di je odgovor na mejl?
19:58 playahater| e da .. 
19:58 playahater| pazi ..
19:58 playahater| nema nishta u skorije vreme ..
19:58 playahater| znachi ginem ..
19:58 mmiletic| Ok
19:59 mmiletic| Mize i tako:)
19:59 mmiletic| Moze
19:59 mmiletic| Masim slova malko
19:59 playahater| nije strashno .. :)
20:00 playahater| to moze bilo ko da im zavrshi .. nije "bed" shto bi kazli bratja rvati ..
20:00 playahater| :)
20:00 mmiletic| Sta si uradio sa skolom?
20:00 playahater| lele .. tjuti .. nisam josh bio ..
20:01 playahater| otitjitju sledtje nedelje da se raspitam za status
20:01 playahater| ako mi odobre .. da im dam kesh .. i da otkachinjem sranje ..
20:01 playahater| kako tebi ide shtrebanje ?
20:01 mmiletic| Slabo
20:01 playahater| shto be
20:01 mmiletic| Guzva neka na poslu
20:02 playahater| pa da .. ume da smeta .. :/
20:02 mmiletic| Malo poso
20:02 mmiletic| Malo cice
20:02 mmiletic| Sve oduzima vreme
20:02 mmiletic| :)
20:03 playahater| da bre .. ja ne mogu nikako da se organizujem da postignem sve shto bih hteo ..
20:04 mmiletic| Heh
20:05 mmiletic| Meni sad ovo dodje ko odmor
20:05 mmiletic| Nemam lap veceras
20:05 mmiletic| Pa nema ni posla
20:05 mmiletic| :)
20:05 playahater| to to .. sad si u luft modu
20:05 playahater| ;)
20:05 playahater| planirate neka smuchanja?
20:06 mmiletic| Mislim o tome
20:06 mmiletic| Mozda
20:07 playahater| a jovica?
20:07 mmiletic| Pa i on misli
20:07 playahater| :D
20:07 mmiletic| Patice se skuplaju
20:07 mmiletic| Mozda idemo na kop
20:07 mmiletic| To je najjeftinije
20:10 playahater| ma kop je skroz regularan ..
20:11 mmiletic| Samo parice da dodju
20:13 mmiletic| Idem da perem sudove
20:14 mmiletic| Aj pozz
20:14          <-- mmiletic has quit irc
20:14 Closing query with mmiletic
--- Log closed Mon Jan 24 20:14:29 2011
--- Log opened Thu Jan 27 21:07:08 2011
21:07 Starting query in Bitlbee with mmiletic
21:07 mmiletic| ej
21:07 mmiletic| tu li si?
21:12          <-- mmiletic has quit irc
--- Log closed Thu Jan 27 21:17:52 2011
--- Log opened Thu Jan 27 22:06:02 2011
22:06          <-- mmiletic has quit irc
--- Log closed Thu Jan 27 22:11:52 2011
--- Log opened Thu Feb 17 15:50:30 2011
15:50 Starting query in Bitlbee with mmiletic
15:50 mmiletic| ehej
15:50 mmiletic| sta se radi?
--- Log closed Thu Feb 17 15:56:19 2011
--- Log opened Thu Feb 17 21:34:10 2011
21:34          <-- mmiletic has quit irc
--- Log closed Thu Feb 17 21:39:19 2011
--- Log opened Thu Feb 17 22:38:33 2011
22:38 Closing query with mmiletic
--- Log closed Thu Feb 17 22:38:33 2011
--- Log opened Mon Mar 07 15:13:46 2011
15:13 Starting query in Bitlbee with mmiletic
15:13 mmiletic| e
15:13 mmiletic| si tu?
--- Log closed Mon Mar 07 15:19:10 2011
--- Log opened Mon Mar 07 15:44:01 2011
15:44          <-- mmiletic has quit irc
15:46 Closing query with mmiletic
--- Log closed Mon Mar 07 15:46:54 2011
--- Log opened Thu Mar 10 00:00:38 2011
00:00 Starting query in Bitlbee with mmiletic
00:00 mmiletic| os u subotu na vops?
00:04          <-- mmiletic has quit irc
--- Log closed Thu Mar 10 00:09:15 2011
--- Log opened Tue Mar 15 12:33:28 2011
12:33 Starting query in Bitlbee with mmiletic
12:33 mmiletic| ehej
12:33 mmiletic| si ziv?
--- Log closed Tue Mar 15 12:39:30 2011
--- Log opened Tue Mar 15 13:07:34 2011
13:07 playahater| ehe .. drugarstvo ..
13:07 playahater| da be .. ziv ..
13:07 playahater| povremeno .. :)
13:07 playahater| povremeno ne .. :)
13:07 playahater| ti
13:07 playahater| sha ima
13:08 mmiletic| evo raduckam
13:08 mmiletic| kod tiu?
--- Log closed Tue Mar 15 13:14:30 2011
--- Log opened Tue Mar 15 13:38:15 2011
13:38 playahater| vishe-manje isto .. 
13:38 playahater| kliktjem po ceo dan ..
13:38 mmiletic| ko zna zasto je to dobro
13:38 mmiletic| :)
13:38 playahater| ja za sad ne znam .. :)
13:39 playahater| ste bili na vops u subotu?
13:39 mmiletic| aha
13:39 mmiletic| svake subote
13:39 mmiletic| :)
13:41 playahater| uu .. pa niste labavi .. :)
13:42 mmiletic| prija posle radne nedelje
13:42 mmiletic| opustimo mozak
--- Log closed Tue Mar 15 13:48:30 2011
--- Log opened Tue Mar 15 15:08:52 2011
15:08 Closing query with mmiletic
--- Log closed Tue Mar 15 15:08:52 2011
--- Log opened Sat Apr 02 23:33:47 2011
23:33 Starting query in Bitlbee with mmiletic
23:33 mmiletic| alo
23:34          <-- mmiletic has quit irc
--- Log closed Sat Apr 02 23:40:51 2011
--- Log opened Sun Apr 03 00:36:27 2011
00:36 Closing query with mmiletic
--- Log closed Sun Apr 03 00:36:27 2011
--- Log opened Mon Apr 04 17:42:10 2011
17:42 Starting query in Bitlbee with mmiletic
17:42 mmiletic| ehej
17:42 playahater| ehej .. drugarstvo ..
17:42 mmiletic| sta se radi?
17:42 playahater| evo .. na poslu .. kliktjem ..
17:42 playahater| :)
17:43 playahater| ti?
17:43 mmiletic| ja kuci
17:43 mmiletic| malo kuliram
17:43 mmiletic| pa cu do Zexa
17:43 playahater| hehe .. ako ako .. valja se ..
17:43 mmiletic| na kavicu
17:43 mmiletic| pa da
17:43 playahater| ja radio vikend .. nisam se ukopotovao za vops ..
17:43 playahater| :\
17:43 mmiletic| ma opusteno
17:44 mmiletic| inace... samo poso a?
17:44 mmiletic| jel bar lepo placeno?
17:46 playahater| e .. pa jeste .. :) .. ne zalim se .. :) ..
17:46 playahater| chastio sam se laptopom od plate .. :)
17:46 mmiletic| pa fino
17:47 playahater| trebalo bi se vidimo ovih dana .. jebiga .. 
17:47 playahater| ispijemo vops .. ti vratim kesh ..
17:48 mmiletic| heh
17:48 mmiletic| ma opusteno... kad nadjes vremena, ti cimni
17:48 mmiletic| lako ce se organizujemo
17:48 mmiletic| ;)
--- Log closed Mon Apr 04 17:54:15 2011
--- Log opened Mon Apr 04 18:00:59 2011
18:00          <-- mmiletic has quit irc
--- Log closed Mon Apr 04 18:06:15 2011
--- Log opened Wed Apr 06 19:45:38 2011
19:45 Starting query in Bitlbee with mmiletic
19:45 mmiletic| e
19:45 mmiletic| da te pitam nesto
19:45 mmiletic| si tu?
19:45 playahater| e .. 
19:46 playahater| da be ..
19:46 playahater| :)
19:46 playahater| kazi ..
19:46 mmiletic| jel moze negde na netu da se nadje android sa srpskim menijem
19:46 mmiletic| za wildfire
19:46 mmiletic| ili bar krvatski
19:46 mmiletic| :)
19:46 playahater| uh .. jebem li ga ..
19:46 playahater| ako postoji .. mora da bude na ..
19:47 playahater| market.android.com
19:47 mmiletic| ja vidim da ima puno custom romova, al kako da vidim dal ima srpski
19:47 playahater| ne .. nema to veze sa rom-om ..
19:47 playahater| to je translation file samo ..
19:47 mmiletic| sense?
19:47 playahater| ali pitanje da li postoji ..
19:47 mmiletic| pa ja na mom imam srpski
19:47 mmiletic| al ja imam froyo
19:48 playahater| na tvom??
19:48 playahater| :D
19:48 mmiletic| uzo sam nov tel
19:48 mmiletic| :)
19:48 playahater| ne seri ..
19:48 playahater| hehe
19:48 mmiletic| uso sam u android svet
19:48 mmiletic| heh
19:48 playahater| pa shta bi sa jabukom?
19:48 mmiletic| evo je na polici
19:48 mmiletic| ceka da ode negde dalje
19:48 playahater| sho?
19:48 mmiletic| pa star je
19:48 mmiletic| smara
19:49 mmiletic| :)
19:49 mmiletic| uzo sam samsung galaxy ace
19:49 playahater| uuu .. qualcomm na 800 .. do jajca ..
19:50 playahater| sumpor ..
19:50 playahater| :)
19:50 playahater| uglavnom .. ako nema srpski prevod na market.android.com .. onda ne znam ..
19:50 playahater| a ako nadjesh .. prosledi info .. ;)
19:51 mmiletic| pa naso sam da ima neki dhd mozda
19:51 mmiletic| sta god to bilo
19:51 mmiletic| http://forum.androidsrbija.com/viewtopic.php?f=47&t=311
19:51 mmiletic| ili je to neki tel
19:51 mmiletic| DHD
19:52 playahater| DesireHD
19:52 mmiletic| aha
19:52 mmiletic| :)
19:52 playahater| :)
19:52 mmiletic| http://forum.xda-developers.com/showthread.php?t=706453
--- Log closed Wed Apr 06 19:58:30 2011
--- Log opened Wed Apr 06 19:58:42 2011
19:58 mmiletic| http://forum.xda-developers.com/showthread.php?t=877243
19:58 mmiletic| eto ga
--- Log closed Wed Apr 06 20:04:30 2011
--- Log opened Wed Apr 06 20:26:00 2011
20:26 Closing query with mmiletic
--- Log closed Wed Apr 06 20:26:00 2011
--- Log opened Mon Apr 25 16:43:34 2011
16:43 Starting query in Bitlbee with mmiletic
16:43 mmiletic| sta to cujem.. mozda ides sa nama za 1 maj?
--- Log closed Mon Apr 25 16:48:57 2011
--- Log opened Mon Apr 25 18:11:07 2011
18:11          <-- mmiletic has quit irc
--- Log closed Mon Apr 25 18:16:57 2011
--- Log opened Mon Apr 25 21:11:19 2011
21:11 Closing query with mmiletic
--- Log closed Mon Apr 25 21:11:19 2011
--- Log opened Sat Apr 30 21:53:43 2011
21:53 Starting query in Bitlbee with mmiletic
21:53 mmiletic| ehej
21:53 mmiletic| si ziv/
21:54 mmiletic| jel se gledamo sutra u prirodi?
21:55 playahater| ehej .. 
21:55 playahater| jedva ..
21:56 playahater| pa ne znam .. moz se desi da zabodem doma ..
21:56 mmiletic| ;)
21:56 mmiletic| rece Zex da ces mozda sa nama
21:56 mmiletic| nista od toga?
21:56 playahater| pa da .. reko sam mu da tju da mu javim ako se odluchim ..
21:57 playahater| ali josh se nisam odlucio ..
21:57 playahater| :)
21:57 playahater| ako reshim .. ja zovem .. ne znam za sad preciznije ..
21:57 playahater| mrtav sam umoran .. sledetja nedelja je kosmichka brzina ..
21:58 playahater| a imam samo sutra da odmorim ..
21:58 playahater| i to me jebe ..
21:58 mmiletic| pa mi krecemo od Kaludjerice u 7.15
21:58 mmiletic| :)
21:58 playahater| tako da .. josh rachunam ..
21:58 mmiletic| pa dobro... Poso pre svega ;)
21:58 mmiletic| hehehe
21:59 mmiletic| Mi inace idemo da riljamo
21:59 mmiletic| ceo dan
21:59 playahater| riljate?
21:59 mmiletic| hehe
21:59 playahater| :)
21:59 mmiletic| pa da
21:59 mmiletic| necemo da odmaramo
21:59 playahater| :)
22:01 mmiletic| mozda bacimo i nesto na rostilj ako stignemo
22:01 mmiletic| al to jos ne zanamo
22:01 playahater| pa zavisi kolko poso imate .. :)
22:01 mmiletic| hehehe
22:01 mmiletic| ima dosta
22:01 playahater| hehe
22:01 mmiletic| oce joca neke pritke paradajza da sadi
22:01 mmiletic| pa da mu pomognemo
22:01 mmiletic| krece organsku poljoprivredu
22:02 playahater| ajde .. new age
22:02 playahater| :)
22:02 mmiletic| pa da
22:02 mmiletic| to je sad u modi
22:02 playahater| do jajca .. to su lepe stvari ..
22:02 playahater| :
22:03 playahater| :)
22:03 mmiletic| haha
22:03 mmiletic| a kad ces da znas da li ti se ide sa nama?
22:05 playahater| sad vetj znam .. 
22:05 playahater| :)
22:05 playahater| ide mi se .. al nemam snage/volje/zelje da mrdam nigde
22:05 mmiletic| i? jel idemo?
22:05 mmiletic| aaaa
22:06 playahater| :)
22:06 mmiletic| ti to ko svabe
22:06 mmiletic| ceo zivot rade, pa u penziji putuju i gledaju spomenike
22:06 playahater| sho shvabe?
22:06 playahater| he ..
22:07 mmiletic| daj da ti kupimo neku tastaturu sa manjim otporom u dirkama, da te ne zamara toliko
22:07 mmiletic| ;)
22:08 playahater| nije tastatura teshka .. ljudi su zajebani
22:08 playahater| ;)
22:08 mmiletic| zato ja odem sa Jocom na pivce da odmorim mozak
22:09 playahater| dobro je kad/dok mozesh ..
22:09 playahater| :)
22:11 mmiletic| pa dobro... aj mozda za sledeci 1 maj ne bude guzve oko posla
--- Log closed Sat Apr 30 22:17:10 2011
--- Log opened Sat Apr 30 22:31:30 2011
22:31 Closing query with mmiletic
--- Log closed Sat Apr 30 22:31:30 2011
