--- Log opened Tue Apr 12 15:09:12 2011
15:09 Starting query in Bitlbee with nenadscekic
15:09 nenadscekic| Ha.. da li si tu ?!!!
--- Log closed Tue Apr 12 15:15:01 2011
--- Log opened Tue Apr 12 15:20:34 2011
15:20 playahater| ha .. pazi kad jesam ..
15:20 playahater| :)
15:20 Closing query with nenadscekic
--- Log closed Tue Apr 12 15:20:42 2011
--- Log opened Tue Apr 12 16:23:01 2011
16:23 Starting query in Bitlbee with nenadscekic
16:23 nenadscekic| elem
16:23 nenadscekic| da li si probao i kakav je rezultat ?
16:24 playahater| yo .. izvini .. verovatno mi je promaklo .. na vpn-u sam pa mi puca chat svako malo ..
16:24 playahater| da li sam probao .. shta .. ?
16:24 playahater| :)
--- Log closed Tue Apr 12 16:30:01 2011
--- Log opened Tue Apr 12 16:30:54 2011
16:30 Closing query with nenadscekic
--- Log closed Tue Apr 12 16:30:54 2011
--- Log opened Tue Apr 12 16:32:13 2011
16:32 Starting query in Bitlbee with nenadscekic
16:32 playahater| ah .. da .. 
16:32 playahater| :)
16:32 playahater| poputno sam rastrojen na x strana .. :) ..
16:32 playahater| nisam stigo pravo da ti kazem ..
16:33 playahater| malo sam na par strana simultano .. pa ne stizem .. 
16:33 playahater| uglavnom, kliknutju prvom prilikom pa pingujem ..
16:33 playahater| ;)
16:34 playahater| nego .. da nemash mozda iskustvo sa temiranjem facebook like widget-a ..
16:34 playahater| trebalo bi da override-ujemo njihov css i izmenimo par stvari ..
16:35 Closing query with nenadscekic
--- Log closed Tue Apr 12 16:35:22 2011
--- Log opened Wed Apr 13 14:54:47 2011
14:54 Starting query in Bitlbee with nenadscekic
14:54 nenadscekic| [2011-04-12 19:46:03] tu
14:54 nenadscekic| [2011-04-12 22:34:14] Fora je u css-u da koristis !overide;
14:54 nenadscekic| [2011-04-12 22:34:31] to je mehanizam da prepeglas kada ti nesto dolazi iz iframe-a
14:54 nenadscekic| [2011-04-12 22:36:18] a da i  !important ;)
14:54 nenadscekic| [10:37:41] TU
--- Log closed Wed Apr 13 15:00:30 2011
--- Log opened Wed Apr 13 15:08:50 2011
15:08 Closing query with nenadscekic
--- Log closed Wed Apr 13 15:08:50 2011
--- Log opened Thu Apr 14 14:27:22 2011
14:27 Starting query in Bitlbee with nenadscekic
14:27 nenadscekic| Tu doktore ?
14:29 playahater| ehe .. druze .. 
14:29 playahater| pa da .. :) ..
14:29 nenadscekic| ukratko.. si resio css za fb
14:30 nenadscekic| ja sam sredio ono moje digo sam modul i dodao meta
14:30 playahater| nisam se bavio time .. 
14:30 playahater| radim na nekoj registraciji ..
14:30 nenadscekic| ali nevolim da radim moje module za nesto sto vec postoji
14:30 nenadscekic| ako je fb u pitanju pucaj
14:31 playahater| ae da bolje prosledim celu stvar mariji .. jer se ona bavi css-om .. pa da te ona priupita vezano za like widget styling ..
14:31 playahater| to ok?
14:31 playahater| :)
14:31 nenadscekic| sram te bilo
14:31 nenadscekic| ....
14:31 nenadscekic| ;)
14:32 nenadscekic| neka baci mail...
--- Log closed Thu Apr 14 14:38:02 2011
--- Log opened Thu Apr 14 14:41:10 2011
14:41 playahater| hehe .. :)
14:41 playahater| ql ..
14:41 nenadscekic| kakvu registraciju radis ?
14:41 playahater| user registration forma ..
14:41 nenadscekic| fb ili normalnu
14:42 playahater| opet je neshto menjaju i dobudzavaju ..
14:42 playahater| normalna .. drupalova ..
14:42 nenadscekic| posto sam se namucio sa fb ili drupal
14:42 nenadscekic| aha m3com
14:42 nenadscekic| onda nista ;)
14:43 playahater| e . mada .. vidish .. i o tome bi mogli nekom prilikom .. 
14:43 playahater| fb/drupal autologin ..
14:43 nenadscekic| radio.. ;)
14:43 nenadscekic| i smorio se ;)
14:43 playahater| hehe
14:43 playahater| verujem ..
14:43 nenadscekic| vidi.. smaram ja Bogdana za razmene iskustva ;)
14:43 playahater| e tooo .. 
14:44 playahater| i ja isto .. x puta sam mu napomenuo ..
14:44 playahater| chak je u jednom trenutku i bilo u planu da odradimo neku razmenu ..
14:44 playahater| ali nije nam se dalo ..
14:44 playahater| :)
14:44 nenadscekic| da ih izedemo ;)
14:45 nenadscekic| znam tu pesmu... bas nam se neda ;)
14:45 nenadscekic| doduse zaboravio sam ko je izvodjac ;)
14:46 nenadscekic| nista.. cepaj tvoje muke ;)
14:47 nenadscekic| pa kad budes pocinjao nesto "ql" javi da vidimo da li sam radio.. i i sto ako si za ako nesto ja trebam da drndam da se konsultujem ?!
14:49 playahater| obavezno .. 
14:49 playahater| cimaj za shta god .. cimam za shta god ..
14:49 nenadscekic| prodato ;)
14:49 playahater| pa shta ispadne .. :)
14:49 playahater| hehe
14:49 playahater| inache .. prosledio sam tvoj mail mariji ..
14:49 nenadscekic| nek znanje..prsti !!!! ;)
14:49 nenadscekic| ok
14:51 nenadscekic| Vidi.. zaista se nadam da ce mo jedan drugome biti ok koristi.. sto se tice ustede vremena !!!!
14:51 nenadscekic| posto te je mako vucinic nahvalio.. bas...
14:51 playahater| uh uh uh .. mashala .. nisam bash toliko dobar .. 
14:51 playahater| :)
14:52 playahater| ali trudim se .. ;)
14:52 nenadscekic| ;)
14:52 nenadscekic| ni ja ;)
14:52 nenadscekic| salu na stranu !!!!
14:52 playahater| mada mi je opensource u krvi .. tako da sam uvek raspolozan za bilo kakve razmene veshtina ..
14:52 playahater| ;)
14:52 nenadscekic| srecno oranje njive !!!
14:52 nenadscekic| pa to...
14:57 playahater| o da .. hvala takodjer .. :) .. 
14:57 playahater| i vichi ako neshto .. ;)
14:57 Closing query with nenadscekic
--- Log closed Thu Apr 14 14:57:22 2011
--- Log opened Thu Apr 14 14:58:06 2011
14:58 Starting query in Bitlbee with nenadscekic
14:58 nenadscekic| ja sam skontao da vama treba ;)
14:58 nenadscekic| tu
14:59 nenadscekic| ?
14:59 playahater| pa ne bi bilo na odmet .. :) ..
15:00 playahater| .. nikad nije .. :)
15:00 Closing query with nenadscekic
--- Log closed Thu Apr 14 15:00:08 2011
--- Log opened Thu Apr 14 15:00:42 2011
15:00 Starting query in Bitlbee with nenadscekic
15:00 nenadscekic| ma znam.. nego mi carica Marija poslala mail da moze da mi pomogne sutra ;) Milos mi rece da treba da pripomognem oko stilizovanja nekih stvarcica za FB.
15:00 nenadscekic| mi poslala, devojak ;)
15:01 playahater| joooj .. 
15:01 nenadscekic| ;)
15:01 playahater| idem da joj ochitam .. :) ..
15:01 nenadscekic| nemoj, ti si kriv... NEPRECIZNO GOVORIS ;)
15:05 playahater| sad je ok .. :) 
15:05 nenadscekic| ;)
15:05 playahater| sporazumeli smo se .. :) ..
15:05 nenadscekic| ;)
15:05 nenadscekic| strava
15:05 nenadscekic| ovo ko u starim serijama....
15:05 playahater| ne .. zajebano je .. svako od nas radi jednu stvar i ima josh par stvari na que .. 
15:06 playahater| i onda se tretje lice ispojavljuje i doda ulje na vatru ..
15:06 playahater| :)
15:06 nenadscekic| da se razumemo. Da li mariji treba help za like css ?
15:06 playahater| kix u najavi
15:06 playahater| :)
15:06 playahater| da .. mariji treba help za like widget .. 
15:06 playahater| http://www.m3com.com.sa/album/%D8%AE%D9%84%D9%81%D9%8A%D8%A7%D8%AA-%D8%AA%D8%AC%D8%B1%D9%8A%D8%AF%D9%8A%D8%A9-12
15:06 nenadscekic| eee.. jednom uz kafu.. nikad se nezna !@!!!!!!
15:07 playahater| na toj stranici .. treba da se ubudzi neki padding na text u samom widgetu ..
15:11          <-- nenadscekic has quit irc
--- Log closed Thu Apr 14 15:12:17 2011
--- Log opened Thu Apr 14 16:19:28 2011
16:19 Starting query in Bitlbee with nenadscekic
16:19 nenadscekic| Tu
16:19 nenadscekic| ?
16:20 nenadscekic| Vidi
16:20 nenadscekic| nemoze css jer dolaze sa razlicitih domena
16:20 nenadscekic| ima par fora
16:20 nenadscekic| kako se radi
16:20 nenadscekic| a nemoze css
16:20 nenadscekic| dakle 
16:20 nenadscekic| jedan je da javascript pravi iframe i da ga proglasi istim domenom
16:20 nenadscekic| sto je lose ;)
16:20 nenadscekic| laksi je da se koristi fb:commnets
16:21 nenadscekic| koji podrzava eksterni css
16:21 playahater| e .. da video sam za fb_comments ..
16:21 nenadscekic| pa da se onda css-om ubije sve sto ne treba.. tipa comment-box a ostavi like
16:21 playahater| pa to mi deluje najlogichnije ..
16:21 nenadscekic| moze neki fon da te cujem
16:21 nenadscekic| lakse mi je ;)
16:22 nenadscekic| http://shop.wesc.com/product/ahab-white
16:22 nenadscekic| moze i mob
16:22 playahater| e .. narafski ..
16:22 nenadscekic| posto znam da nemas fiksni blizu ;)
16:22 playahater| ima fixni ovde .. ali ne znam gde je .. ni koji je broj ..
16:22 playahater| ako imash broj fixnog .. zovi ..
16:22 nenadscekic| ddaj broj
16:22 nenadscekic| '_
16:22 nenadscekic| nemam
16:22 nenadscekic| uvek idem na sajt
16:23 playahater| fixni nemam ali sad tju da pitam .. inache .. moj mob je 069/1270010
--- Log closed Thu Apr 14 16:28:31 2011
--- Log opened Thu Apr 14 17:05:38 2011
17:05 Closing query with nenadscekic
--- Log closed Thu Apr 14 17:05:38 2011
--- Log opened Fri Apr 15 11:50:40 2011
11:50 Starting query in Bitlbee with nenadscekic
11:50 nenadscekic| Da li si ikada imao potrebu da prises nesto sa fb-ovog grapha .. tipa pogresne lik-ove ?
11:51 nenadscekic| Znam da si zauzet, dakle samo d/n '_
11:51 nenadscekic| ;)
--- Log closed Fri Apr 15 11:56:27 2011
--- Log opened Fri Apr 15 12:11:18 2011
12:11 playahater| e .. poz druze .. nisam se do sad igrao sa tim ..
--- Log closed Fri Apr 15 12:16:27 2011
--- Log opened Fri Apr 15 12:32:18 2011
12:32 nenadscekic| ok
12:32 nenadscekic| idem da se smaram sa isitm
12:32 nenadscekic| ;)
--- Log closed Fri Apr 15 12:37:27 2011
--- Log opened Fri Apr 15 12:40:34 2011
12:40 nenadscekic| Dakle, mogu da imam 50 stranica.. sa golotinjama
12:40 nenadscekic| i onda da ih preko opegrapha spojim u moju vest ;)
--- Log closed Fri Apr 15 12:46:27 2011
--- Log opened Fri Apr 15 13:23:05 2011
13:23          <-- nenadscekic has quit irc
--- Log closed Fri Apr 15 13:28:27 2011
--- Log opened Fri Apr 15 13:39:17 2011
13:39          <-- nenadscekic has quit irc
--- Log closed Fri Apr 15 13:44:27 2011
--- Log opened Fri Apr 15 13:52:25 2011
13:52          <-- nenadscekic has quit irc
--- Log closed Fri Apr 15 13:57:27 2011
--- Log opened Fri Apr 15 14:29:35 2011
14:29          <-- nenadscekic has quit irc
--- Log closed Fri Apr 15 14:35:27 2011
