--- Log opened Thu Mar 25 11:42:48 2010
11:42 Starting query in Bitlbee with NenadMarkovic
11:42 NenadMarkovic| c 2?
--- Log closed Thu Mar 25 11:48:05 2010
--- Log opened Thu Mar 25 11:55:38 2010
11:55          <-- NenadMarkovic has quit irc
--- Log closed Thu Mar 25 12:01:05 2010
--- Log opened Thu Mar 25 13:47:51 2010
13:47 Closing query with NenadMarkovic
--- Log closed Thu Mar 25 13:47:51 2010
--- Log opened Mon Sep 27 12:20:04 2010
12:20 Starting query in Bitlbee with NenadMarkovic
12:20 NenadMarkovic| 2?
--- Log closed Mon Sep 27 12:25:12 2010
--- Log opened Mon Sep 27 13:03:13 2010
13:03 Closing query with NenadMarkovic
--- Log closed Mon Sep 27 13:03:13 2010
--- Log opened Thu Oct 07 21:49:04 2010
21:49 Starting query in Bitlbee with NenadMarkovic
21:49 NenadMarkovic| yo
21:50 NenadMarkovic| si tu?
--- Log closed Thu Oct 07 21:55:40 2010
--- Log opened Thu Oct 07 21:56:12 2010
21:56 playahater| da be
21:56 NenadMarkovic| uuuuuuuuuu
21:56 NenadMarkovic| ziv
21:56 playahater| desi jebote .. nema te na razmeni godinama ..
21:56 playahater| nema smisla
21:56 playahater| :)
21:56 NenadMarkovic| pa brate stvarno nema smo
21:56 NenadMarkovic| *smisla
21:58 playahater| sha ima ..
21:58 NenadMarkovic| znachi uvek organizujete kad nisam u bgd-u
21:58 NenadMarkovic| pochecu da mislim da me izbegavate :D
21:59 NenadMarkovic| jel me izbegavate? a? sise jedne :D
21:59 NenadMarkovic| nema nishta, uzeo odmor, malo u ZA raduckam oko kuce i u kuci i tako
22:00 NenadMarkovic| kod tebe?
22:01 playahater| pa brate .. ti kad svaki vikend palish dole .. 
22:01 playahater| ae preskochi neki .. za pelcer makar
22:01 playahater| :)
22:01 NenadMarkovic| brate palim 1x mesechno ili na 5 nedelja 1x
22:01 playahater| ja .. radim .. zaposlio se od skoro ..
22:01 NenadMarkovic| kad pitam jel hoce neko, nema nikog ... jbga
22:02 NenadMarkovic| jel? extra:) svaka chasT! :)
22:02 NenadMarkovic| gde? :D
22:03 playahater| firmica .. bavi se web developmentom .. radi se php/drupal ..
22:03 playahater| ja upao kao drupalash ..
22:03 playahater| mada ok je ekipa skroz .. zadovoljan sam ..
22:03 playahater| nisam ja to tako zamishljao .. :)
22:04 playahater| ochekivao sam mnogo gore .. 
22:04 NenadMarkovic| xtra :) pa ekipa je bitna i bitno da placaju :)
22:04 playahater| chak mi je ok i prekovremeno .. pa ti vidi .. 
22:04 playahater| dokurchile mi sve mogutje "privatne" kombinacije .. niko nishta ne platja .. a svi drkaju ..
22:04 playahater| morao sam da reagujem .. :)
22:05 NenadMarkovic| xexexe znachi upala ti sekira u med?:D
22:05 playahater| pa ne bih ja to tako nazvao .. ali u odnosu na prethodno stanje .. zadovoljan sam .. :)
22:05 NenadMarkovic| :)
22:05 NenadMarkovic| ako ako :)
22:06 NenadMarkovic| bre ako si ti zadovoljan i ja sam za tebe :D
22:06 NenadMarkovic| gde je markoni? jel on zhiv? shta radi?
22:06 NenadMarkovic| jel i on nasho posao ili ide za norveshku, hrvatsku....
22:06 playahater| on se "vratio" na fax .. 
22:07 NenadMarkovic| poslushao me:D
22:07 playahater| ustvari .. trenutno se trudi da mu to podje za rukom
22:07 playahater| :)
22:07 playahater| a i radi part-time u istoj firmi gde sam i ja uleteo ..
22:07 playahater| ma prichatju ti kad se vidimo .. :)
22:08 NenadMarkovic| ma to mu je idealno ako mozhe da se natera, a posle mozhe da pali kao master sa etf diplomom bilo gde
22:08 NenadMarkovic| kao zhika :)
22:08 playahater| pa da .. 
22:08 playahater| samo ..
22:08 playahater| .. nije to tako jednostavno ..
22:08 NenadMarkovic| pa ajd, ja se vracam tamo oko 18.
22:09 playahater| zgazile nas godine ..
22:09 playahater| a ti si u zavichaju trenutno ?
22:09 NenadMarkovic| ma jebesh godine:)
22:09 NenadMarkovic| pa da
22:09 NenadMarkovic| uzeo sam odmor
22:09 playahater| aaa .. nice ..
22:09 NenadMarkovic| poiskljuchivao telefone :D
22:10 NenadMarkovic| samo net i to uveche i tako :D
22:10 NenadMarkovic| odmorish mozak malo :D
22:10 playahater| valja se ..
22:10 playahater| :)
22:10 NenadMarkovic| malo z, malo bumbar
22:10 NenadMarkovic| :P
22:10 playahater| hehe
22:10 NenadMarkovic| pivo ovde pivo onde:D
22:10 NenadMarkovic| shtra cesh vishe:D
22:10 NenadMarkovic| ti cesh dole skoro?
22:11 NenadMarkovic| za weekend na primer:)
22:11 playahater| uuhhh .. nema shanse .. 
22:12 playahater| znachi .. poginuo sam od posla ..
22:12 NenadMarkovic| arbajt:D
22:12 playahater| krenuo da radim .. a josh nam se vuku par sajtova koje treba zavrshimo .. i to shto pre .. 
22:12 NenadMarkovic| btw srecan rodjus
22:12 playahater| kratak mi dan
22:12 playahater| 10x ;)
22:12 NenadMarkovic| nisam ni provalio da je bio pre par dana:(
22:12 playahater| ma opushteno ..
22:13 NenadMarkovic| tako ti je to kad izbegavash socijalne mrezhe :D
22:13 playahater| hehe
22:13 NenadMarkovic| kratak dan - znam kako ti je :)
22:13 NenadMarkovic| pa lepo,  drago mi je da smo se chuli, valjda cemo i da se vidimo
22:13 NenadMarkovic| kad se vratim u bgd
22:14 NenadMarkovic| a sad odoK da se spremam za zezanje:D
22:14 NenadMarkovic| ae poz mi Markonija i chujemo se ;)
22:14 NenadMarkovic| b g00d :P
22:17 playahater| u2 .. ;)
22:17 playahater| javi se kad prihajash .. cepamo neki vops u brodu .. 
22:17          <-- NenadMarkovic has quit irc
22:17 Closing query with NenadMarkovic
--- Log closed Thu Oct 07 22:17:27 2010
--- Log opened Sat Mar 19 13:44:25 2011
13:44 Starting query in Bitlbee with NenadMarkovic
13:44 NenadMarkovic| c 2?
--- Log closed Sat Mar 19 13:49:44 2011
--- Log opened Sat Mar 19 13:59:47 2011
13:59          <-- NenadMarkovic has quit irc
--- Log closed Sat Mar 19 14:05:44 2011
