--- Log opened Fri Jan 28 12:03:20 2011
12:03 Starting query in Bitlbee with NenadMilanov
12:03 NenadMilanov| Mishkez?
12:03 playahater| yo
12:04 NenadMilanov| what;s up
12:04 NenadMilanov| :)
12:04 playahater| evo .. programirkam ..
12:04 playahater| :)
12:04 playahater| you?
12:04 NenadMilanov| xexe
12:04 NenadMilanov| evo na bolovanju
12:04 NenadMilanov| lezim kuci odmaram
--- Log closed Fri Jan 28 12:10:36 2011
--- Log opened Fri Jan 28 12:21:36 2011
12:21 playahater| izlezavash se dok ostali dirinche ..
12:21 playahater| :)
12:21 playahater| tz tz tz ..
12:21 playahater| :D
12:21 Closing query with NenadMilanov
--- Log closed Fri Jan 28 12:21:45 2011
--- Log opened Fri Jan 28 12:22:21 2011
12:22 Starting query in Bitlbee with NenadMilanov
12:22 NenadMilanov| aj napravimo neki sajt
12:22 NenadMilanov| bice para?
12:22 NenadMilanov| ako ima vremena
--- Log closed Fri Jan 28 12:27:36 2011
--- Log opened Fri Jan 28 12:33:11 2011
12:33 playahater| moze drugare .. ja sam uvek raspolozan za te akcije ..
12:33 playahater| imam neku frku na shljaci josh jedno dve nedelje ..
12:33 playahater| nakon toga moz planiramo budzenja ..
12:34          <-- NenadMilanov has quit irc
12:36 Closing query with NenadMilanov
--- Log closed Fri Jan 28 12:36:10 2011
--- Log opened Fri Jan 28 12:52:44 2011
12:52 Starting query in Bitlbee with NenadMilanov
12:52 NenadMilanov| aj pa da budzimo nesto
12:52 NenadMilanov| par nedelja kazes
12:53 NenadMilanov| kad se vidimo malo?
--- Log closed Fri Jan 28 12:58:36 2011
--- Log opened Fri Jan 28 13:06:18 2011
13:06 playahater| pa moz smislimo neshto za sledetji vikend ..
13:06 playahater| subota recimo ..
13:10 Closing query with NenadMilanov
--- Log closed Fri Jan 28 13:10:02 2011
--- Log opened Fri Jan 28 16:05:32 2011
16:05 Starting query in Bitlbee with NenadMilanov
16:05 NenadMilanov| ae sledeci wikend subota neka
16:05 NenadMilanov| pa se vidimo
16:06          <-- NenadMilanov has quit irc
--- Log closed Fri Jan 28 16:12:36 2011
--- Log opened Fri Jan 28 16:35:26 2011
16:35 Closing query with NenadMilanov
--- Log closed Fri Jan 28 16:35:26 2011
