--- Log opened Fri Apr 02 18:24:22 2010
18:24 Starting query in Bitlbee with NenadJankulovic
18:24 NenadJankulovic| dobar dan ...
18:24 NenadJankulovic| da li si tu ?
18:24 NenadJankulovic| treba mi neka pomoć moko neta ...
18:25 NenadJankulovic| trebam da proverim na serveru da li mi je uključen vajlers 
18:25 NenadJankulovic| molim te kaži mi onaj broj ...
18:26 playahater| ehe .. prijatelju ..
18:26 playahater| poz ..
18:26 playahater| na kakvom serveru?
18:26 playahater| ne kontam .. 
18:26 NenadJankulovic| onaj broj
18:26 playahater| misish na wireless ?
18:27 NenadJankulovic| što se kuca na brouzeru 
18:27 NenadJankulovic| pa ima tamo opcija wajlers of on ...
18:27 NenadJankulovic| da
18:27 playahater| aa .. otjesh se kachish na ruter ??
18:27 NenadJankulovic| da 
18:27 playahater| to mi reci .. :) ..
18:27 playahater| pa probaj ..
18:27 playahater| 10.0.0.1
18:27 playahater| ili
18:27 playahater| 192.168.0.1
18:27 playahater| ili
18:27 playahater| 192.168.1.1
18:29 NenadJankulovic| E SAD MI TRAŽI JUZER NEJM I PASVORD ...
18:29 NenadJankulovic| GDE TO DA NADJEM
18:29 playahater| pitash provajdera
18:29 playahater| mozda pishe i na njemu ..
18:29 NenadJankulovic| to bi trbalo da bude u ugovoru ?
18:29 playahater| vidi ispod njega
18:29 playahater| s donje strane, ustvari .. :)
18:31 playahater| taj user i pass iz ugovora ti je samo za konekciju na net .. ruter je druga stvar .. mada moz da probash .. :)
18:34 NenadJankulovic| 192.168.1.1
18:34 NenadJankulovic| telekom telekom 
18:34 NenadJankulovic| ako te neko pita .. 
18:34 NenadJankulovic| :=)
18:35 playahater| fala ti .. :)
18:36          <-- NenadJankulovic has quit irc
--- Log closed Fri Apr 02 18:42:05 2010
--- Log opened Fri Apr 02 18:42:38 2010
18:42 Closing query with NenadJankulovic
--- Log closed Fri Apr 02 18:42:38 2010
