--- Log opened Thu Apr 07 17:11:06 2011
17:11 Starting query in Bitlbee with nikolinakovacevic_
17:11 playahater| jel se vidimo?
17:11 playahater| :)
17:11 nikolinakovacevic_| e da
17:11 playahater| jeeee
17:11 playahater| :)
17:11 nikolinakovacevic_| hehe dala sam ti 1100 e
17:11 nikolinakovacevic_| hehe prav se kada ti stigne mail
17:11 nikolinakovacevic_| od jece kao da si iznenadjen posto sam se zajebala on je htela da ti da pare
17:11 nikolinakovacevic_| tj da posalje mail pre nego sto ti kaze zasta je
17:12 nikolinakovacevic_| izbrisati chat obavezno :)
17:12 nikolinakovacevic_| ako ne razumes dodji na terasu
17:12 playahater| hmm.. mislim da ne razumem .. :) ..
17:12 playahater| ae na cigaru
17:12 playahater| :)
--- Log closed Thu Apr 07 17:18:07 2011
--- Log opened Thu Apr 07 17:23:44 2011
17:23          <-- nikolinakovacevic_ has quit irc
--- Log closed Thu Apr 07 17:29:07 2011
--- Log opened Thu Apr 07 18:27:12 2011
18:27 Closing query with nikolinakovacevic_
--- Log closed Thu Apr 07 18:27:12 2011
--- Log opened Fri Apr 15 10:01:30 2011
10:01 Starting query in Bitlbee with nikolinakovacevic_
10:01 nikolinakovacevic_| reci miroljubu da upise ketering
10:05 playahater| ok
10:05 playahater| :)
--- Log closed Fri Apr 15 10:11:27 2011
--- Log opened Fri Apr 15 11:04:12 2011
11:04 Closing query with nikolinakovacevic_
--- Log closed Fri Apr 15 11:04:12 2011
