--- Log opened Wed Mar 10 00:48:39 2010
00:48 Starting query in Bitlbee with NinaJovanovic
00:48 NinaJovanovic| eeeeeeeeeej bre
00:48 NinaJovanovic| nema te nigde?!
00:48 NinaJovanovic| kad ces na kaficuuuuu?!
00:48 NinaJovanovic| i milorad
00:49 NinaJovanovic| bem vas naopacke
00:49 NinaJovanovic| :D
--- Log closed Wed Mar 10 00:54:32 2010
--- Log opened Wed Mar 10 01:01:35 2010
01:01          <-- NinaJovanovic has quit irc
--- Log closed Wed Mar 10 01:07:32 2010
--- Log opened Wed Mar 10 01:10:35 2010
01:10          <-- NinaJovanovic has quit irc
01:12          <-- NinaJovanovic has quit irc
--- Log closed Wed Mar 10 01:17:32 2010
--- Log opened Wed Mar 10 01:18:50 2010
01:18          <-- NinaJovanovic has quit irc
--- Log closed Wed Mar 10 01:24:32 2010
--- Log opened Wed Mar 10 01:29:20 2010
01:29          <-- NinaJovanovic has quit irc
01:30 Closing query with NinaJovanovic
--- Log closed Wed Mar 10 01:30:07 2010
--- Log opened Mon May 03 21:16:29 2010
21:16 Starting query in Bitlbee with NinaJovanovic
21:16 NinaJovanovic| eeeeeheeej...pa gde si bleeee????
--- Log closed Mon May 03 21:22:05 2010
--- Log opened Mon May 03 21:57:26 2010
21:57          <-- NinaJovanovic has quit irc
21:59          <-- NinaJovanovic has quit irc
--- Log closed Mon May 03 22:05:05 2010
--- Log opened Mon May 03 22:06:26 2010
22:06          <-- NinaJovanovic has quit irc
22:07          <-- NinaJovanovic has quit irc
22:10          <-- NinaJovanovic has quit irc
--- Log closed Mon May 03 22:16:05 2010
--- Log opened Mon May 03 22:22:56 2010
22:22          <-- NinaJovanovic has quit irc
22:23 Closing query with NinaJovanovic
--- Log closed Mon May 03 22:23:02 2010
