--- Log opened Sun Feb 28 10:42:53 2010
10:42 [nvideo(nvideo@gmail.com)] si ziv?
10:42 [nvideo(nvideo@gmail.com)] nema te
10:43 [nvideo(nvideo@gmail.com)] ...
--- Log closed Sun Feb 28 10:48:12 2010
--- Log opened Tue Mar 23 08:55:42 2010
08:55 Starting query in Bitlbee with nvideo
08:55 nvideo| ?
08:55 nvideo| si ziv?
08:56 playahater| da bre ..
08:56 playahater| ti?
08:56 Closing query with nvideo
--- Log closed Tue Mar 23 08:56:58 2010
--- Log opened Tue Mar 23 08:58:17 2010
08:58 Starting query in Bitlbee with nvideo
08:58 nvideo| jesam valjda
08:58 nvideo| sta ima_
08:58 nvideo| ?
08:58 playahater| evo .. radno od rano na sabajle ..
08:59 nvideo| to je zdravo
08:59 nvideo| :)
08:59 nvideo| samo polako
08:59 nvideo| pravis nesto novo?
09:00 playahater| pa da .. uvek .. :)
09:00 playahater| ovo je i novo i veliko .. :)
09:00 nvideo| uuuu
09:00 nvideo| daj da vidim
09:00 nvideo| Č)
09:00 nvideo| ;)
09:00 nvideo| glupa sr tastatura
09:01 nvideo| i glupa $vi$ta#
09:01 playahater| dev.radioswap.net
09:01 playahater| ne znam kolko moz da vish .. nisam sredjivao permisije za anonimuse
09:01 playahater| al to ti je koncept .
09:01 playahater| work in progress
09:01 playahater| :)
09:02 nvideo| super
09:02 nvideo| moyes sve ove nase radio stanice da uymes
09:02 nvideo| i svima da uzimas kintu ČD
09:02 nvideo| :D
09:02 nvideo| drupal opet?
09:03 playahater| nije ovo za nashe trzishte
09:03 playahater| ovo je za izvoz
09:03 playahater| ;)
09:03 playahater| da bre .. always drupal ..  ;)
09:03 playahater| s krilcima 
09:03 playahater| :P
09:03 playahater| :)
09:03 nvideo| super ;)
09:04 nvideo| mozes li da mi pokazes nesto
09:04 nvideo| mozda zajedno da uradimo
09:04 nvideo| velika baza podataka
09:04 nvideo| recimo postgresql mislim da je ok
09:05 nvideo| i u drupalu da se napravi neki jednostavan interfejs
09:05 playahater| uvek spreman za saradnju .. ;)
09:05 nvideo| koji obuhvata neke delove
09:05 nvideo| extra
09:05 nvideo| aj da organizujemo neki vikend
09:05 playahater| mozemo se vidimo .. poprichamo ..
09:05 nvideo| jbt
09:05 playahater| pa .. misim .. bio bi red jebiga
09:06 playahater| :)
09:06 nvideo| taj fazon
09:07 nvideo| aj idem sad da nastavim gentoo
09:07 playahater| hehe
09:07 nvideo| kompajliram sa 256 mB
09:07 nvideo| ddr
09:07 nvideo| uzas
09:07 nvideo| ccache ne pomaze
09:07 playahater| always gentoo ..
09:07 nvideo| taj fazon
09:08 nvideo| svi ispravni serveri su gentoo
09:08 nvideo| i slackware
09:08 nvideo| :)
09:08 nvideo| aj cujemo se
09:08 playahater| http://en.wikipedia.org/wiki/Distcc
09:08 nvideo| javi se nekad
09:08 nvideo| jbt!
09:08 playahater| to ti treba .. 
09:08 playahater| ;)
09:08 playahater| ae .. planiraj vikend neku razmenu .. 
09:08 playahater| ;()
09:09 nvideo| ne seri
09:09 nvideo| extra
09:09 nvideo| aj planiram
09:09 nvideo| kad je to
09:09 nvideo| u koje vreme
09:09 nvideo| _
09:09 nvideo| ?
09:09 playahater| subota .. 18h ..
09:09 playahater| ako ne ispadne nishta u gradu .. onda kod mene .. 
09:09 playahater| ;)
09:10 nvideo| aj vidimo se
09:10 playahater| poz ..
09:10 nvideo| jel ima struije tamo?
09:10 nvideo| nemam baterije
09:10 nvideo| uopste vise
09:10 nvideo| crkla skroz
09:10 playahater| e .. to nema .. :( ..
09:10 playahater| i ja imam isti problem ..
09:10 nvideo| pa koj ce mi onda laptop
09:10 nvideo| jbg
09:10 playahater| al dobro .. druzenje ..
09:10 playahater| :)
09:11 Closing query with nvideo
--- Log closed Tue Mar 23 09:11:32 2010
--- Log opened Fri Apr 30 11:27:05 2010
11:27 Starting query in Bitlbee with nvideo
11:27 nvideo| hej
11:27 nvideo| si ziv?
11:27 playahater| of skroz
11:27 Closing query with nvideo
--- Log closed Fri Apr 30 11:27:43 2010
--- Log opened Fri Apr 30 11:28:18 2010
11:28 Starting query in Bitlbee with nvideo
11:28 nvideo| imas li nekog iskustva sa VLAN mrezama?
11:29 playahater| vpn i ta sranja,a?
11:29 playahater| pa onako ..
11:29 nvideo| jel si bio da cekas Emanuela?
11:29 nvideo| :D
11:29 playahater| chekamo da nam se javi..
11:29 playahater| :)
11:29 Closing query with nvideo
--- Log closed Fri Apr 30 11:29:34 2010
--- Log opened Fri Apr 30 11:29:41 2010
11:29 Starting query in Bitlbee with nvideo
11:29 nvideo| jel tu?
11:30 nvideo| pazi vako
11:30 nvideo| vconfig add bond0 101
11:30 nvideo| ERROR
11:31 nvideo| trying to add VLAN £3 to IF :bond0: error
11:31 nvideo| operation not supported
11:31 nvideo| pozvani moduli
11:31 nvideo| 8021q
11:31 nvideo| i bonding
11:31 nvideo| ipv6 koristi bonding ne znam zasto
11:32 nvideo| treba mi ipv4
11:32 playahater| lele ..
11:32 nvideo| da znas
11:32 playahater| pa kako mislish ovako?
11:32 playahater| :)
11:32 nvideo| kako ovako
11:32 playahater| ne budzi se to preko chat-a
11:32 playahater| juri wiki ..
11:32 nvideo| XAxa :D
11:32 playahater| bsd / gentoo / arch
11:32 nvideo| ma jebe me nesto
11:33 nvideo| da jerim wiki za layer swicheve
11:33 nvideo| i vlan mreze
11:33 nvideo| nema to
11:33 nvideo| ni wiki ni niko
11:33 playahater| najbolje na bsd wikiju da vidish .. shvatitjesh shta je vlan .. a onda na gentoo ili arch vidi samo kako ide setup
11:33 playahater| :)
11:33 Closing query with nvideo
--- Log closed Fri Apr 30 11:33:45 2010
--- Log opened Fri Apr 30 11:34:00 2010
11:34 Starting query in Bitlbee with nvideo
11:34 nvideo| video sam ja to odavno
11:34 nvideo| pazi
11:34 nvideo| jedna vrsta toga je
11:34 nvideo| ifconfig eth0:1 xxx.xx.xxx.x
11:34 nvideo| samo  ne mogu ja tako
11:35 nvideo| imam na jednom utp portu tagovano 5 mreza
11:35 nvideo| treba mi 5 ip adresa na jednoj mreznoj karti
11:35 nvideo| pritom linux mora predhodno da nauci da radi sa tim
11:35 nvideo| jbg
11:35 nvideo| a sto je najgore ja moram da ga naucim a ne znam
11:37 playahater| mozda bolje da probash sa vpn-om
11:37 playahater| http://www.gentoo.org/doc/en/handbook/handbook-x86.xml?part=4&chap=3#doc_chap10
11:38 nvideo| to je plan B
11:38 nvideo| :)
11:38 nvideo| probacu
11:39 playahater| :)
11:39 playahater| bitno da imash backup :)
11:39 playahater| hehe
11:39 nvideo| Xaxa
11:39 nvideo| nemam :)
11:39 nvideo| kad napravim imacu
11:40 nvideo| gle ovo
11:40 nvideo| http://en.wikipedia.org/wiki/IEEE_802.1Q
--- Log closed Fri Apr 30 11:46:29 2010
--- Log opened Fri Apr 30 13:12:12 2010
13:12 Closing query with nvideo
--- Log closed Fri Apr 30 13:12:12 2010
--- Log opened Fri May 07 12:37:59 2010
12:37 Starting query in Bitlbee with nvideo
12:37 nvideo| Mishkez?
12:37 nvideo| jel si ziv?
--- Log closed Fri May 07 12:43:04 2010
--- Log opened Fri May 07 12:43:54 2010
12:43          <-- nvideo has quit irc
12:44          <-- nvideo has quit irc
--- Log closed Fri May 07 12:50:04 2010
--- Log opened Fri May 07 14:31:19 2010
14:31          <-- nvideo has quit irc
--- Log closed Fri May 07 14:37:04 2010
--- Log opened Sat May 08 14:35:09 2010
14:35 Closing query with nvideo
--- Log closed Sat May 08 14:35:09 2010
--- Log opened Tue May 18 12:49:43 2010
12:49 Starting query in Bitlbee with nvideo
12:49 nvideo| sta ima?
12:49 nvideo| si ziv?
--- Log closed Tue May 18 12:55:33 2010
--- Log opened Tue May 18 13:14:19 2010
13:14 playahater| lele .. brzina .. tjuti ..
13:14 Closing query with nvideo
--- Log closed Tue May 18 13:14:25 2010
--- Log opened Tue May 18 13:24:34 2010
13:24 Starting query in Bitlbee with nvideo
13:24 nvideo| bodro je
13:24 nvideo| super
13:24 nvideo| :)
--- Log closed Tue May 18 13:30:33 2010
--- Log opened Tue May 18 13:33:31 2010
13:33          <-- nvideo has quit irc
--- Log closed Tue May 18 13:38:33 2010
--- Log opened Tue May 18 15:04:46 2010
15:04 Closing query with nvideo
--- Log closed Tue May 18 15:04:46 2010
--- Log opened Mon Dec 20 13:57:54 2010
13:57 Starting query in Bitlbee with nvideo
13:57 nvideo| Mishkez
13:57 nvideo| ?
13:58 playahater| ohooo .. dje si matori ..
13:58 playahater| malopre te bash ogovarasmo
13:58 playahater| :)
13:58 playahater| zivke i ja
13:58 playahater| :)
13:58 playahater| si dobar
13:58 nvideo| evo na shljaci :)
13:58 nvideo| stvarno
13:58 nvideo| aj se vidimo malo
13:59 playahater| mogli bi za promenu ..
13:59 playahater| vikend,a?
13:59 nvideo| jesam
13:59 nvideo| nije lose :)
13:59 nvideo| ti?
13:59 nvideo| jel si ziv? :D
13:59 playahater| tjuti .. jedva .. 
13:59 playahater| kreno i ja da radim od skoro ..
13:59 nvideo| neki dan u toku nedelje?
13:59 playahater| ustajem rano i te fore
13:59 nvideo| moze i vikend
13:59 playahater| vikend bolje pashe
13:59 nvideo| sta
13:59 nvideo| gde?
14:00 nvideo| u jbt :)
14:00 nvideo| xaxa
14:00 nvideo| imas telefon?
14:00 nvideo| mislio sam nesto poslovno isto
14:00 nvideo| ?
14:00 playahater| imam telefon, naravno ..
14:00 playahater| :)
14:00 playahater| kakvo je to pitanje
14:00 playahater| :)
14:01 playahater| i to haxorski broj skroz .. :) .. 069/1270010
14:01 nvideo| 064223.....
14:01 nvideo| ?
14:01 playahater| ali .. ae se chujemo kasnejo .. poshto sam sad u firmi ..
14:01 playahater| pa da ne izlazim ..
14:01 playahater| ta 064 ne postoji vishe
14:01 nvideo| a 064
14:01 nvideo| nema vise
14:01 nvideo| ae
14:01 playahater| za trenutno .. jedan jedini je taj 069
14:01 nvideo| poz
14:01 playahater| poz
14:01 Closing query with nvideo
--- Log closed Mon Dec 20 14:01:59 2010
--- Log opened Mon Dec 20 14:02:17 2010
14:02 Starting query in Bitlbee with nvideo
14:02 nvideo| evo ti moj 065
14:02 playahater| da da .. znam .. ;)
14:02 nvideo| poz :)
14:02 playahater| imam
14:02 nvideo| cujemose uvece
14:02 playahater| chujemo se posle shestice
14:02 playahater| ajd ..
14:02 nvideo| ae :)
14:02 nvideo| poz
14:02 nvideo| ok
14:02 Closing query with nvideo
--- Log closed Mon Dec 20 14:02:58 2010
--- Log opened Wed Dec 22 11:02:42 2010
11:02 Starting query in Bitlbee with nvideo
11:02 nvideo| Mishkez
11:02 nvideo| shta ima?
11:03 nvideo| se gledamo ove nedelje?
11:03 playahater| mozemo da isplaniramo neki vikend .. ali da potvrdimo to u petak, racimo ..
11:03 nvideo| ae wikend
11:03 nvideo| potvrdjeno
11:03 nvideo| :)
11:03 playahater| :)
11:04 Closing query with nvideo
--- Log closed Wed Dec 22 11:04:02 2010
--- Log opened Wed Dec 22 11:04:11 2010
11:04 Starting query in Bitlbee with nvideo
11:04 nvideo| i nesto veselo za vikend?
11:04 playahater| ne umem da kazem ne na to .. :)
11:04 Closing query with nvideo
--- Log closed Wed Dec 22 11:04:39 2010
--- Log opened Wed Dec 22 11:04:49 2010
11:04 Starting query in Bitlbee with nvideo
11:04 nvideo| vidis da umesh, samo na poseban nachin :D
11:04 nvideo| xexe
11:05 nvideo| a sad sto su dva puta ne da to nema veze
11:05 playahater| you`re doing it wrong! .. ;)
11:05 playahater| hehe
11:05 nvideo| zlo
11:06 playahater| i naopako
11:11 Closing query with nvideo
--- Log closed Wed Dec 22 11:11:32 2010
--- Log opened Wed Dec 22 11:21:10 2010
11:21 Starting query in Bitlbee with nvideo
11:21 nvideo| znas li roundcube mozda?
11:21 playahater| pa nisam kliktao .. al kontam da nije neka pamet, sem ako ne upetljash ldap i sranja
11:22 playahater| rtfm and it will eventually work
11:22 playahater| :)
11:22 playahater| nema kix
11:22 playahater| :)
11:22 Closing query with nvideo
--- Log closed Wed Dec 22 11:22:29 2010
--- Log opened Wed Dec 22 11:26:17 2010
11:26 Starting query in Bitlbee with nvideo
11:26 nvideo| ma nemam ldap i sranja samo rouncube sa mysql bazom i apachem
11:26 nvideo| i postfixom :)
11:27 playahater| onda samo rtfm .. i ne moz da omanesh
11:27 playahater| ;)
11:27 playahater| to ti je basic setup
11:27 nvideo| kakav rtfm
11:27 nvideo| fali mi ono polje ze sender-a
11:28 playahater| bilo kakav rtfm .. imash ih sigurno zilion na netu .. :) ..
11:29 nvideo| RTFM a?
11:30 playahater| da be .. pa nisi prvi kome palo na pamet da postavi roundcube a da ne zna kako ..
11:31 playahater| imash brdo man-ova .. sednesh .. ishchitash .. ispratish .. iskliktjesh .. i .. 
11:31 playahater| ta ddaaaaaa ..
11:31 playahater| :)
11:31 Closing query with nvideo
--- Log closed Wed Dec 22 11:31:21 2010
--- Log opened Wed Dec 22 14:43:54 2010
14:43 Starting query in Bitlbee with nvideo
14:43 nvideo| ma imam ja roundcube vec neko vreme
14:43 nvideo| nego nova verzija
14:44 nvideo| neka 0.4
14:45 nvideo| pa sam morao da napravim jos dve tabele u mysql
14:45 playahater| aa .. pa dobro .. malo budenje .. :) ..
14:45 nvideo| pa to :)
14:45 playahater| to su interesantne stvari .. :)
14:45 nvideo| ima neki mysql_update.sh
14:45 playahater| tu najvishe nauchish ..
14:45 nvideo| ali ne radi pa sam morao ruchno :D
14:46 playahater| ako netje .. uzmesh vetji chekitj .. i udri .. :D
14:46 playahater| dok ne popusti
14:46 nvideo| xaxa :D
14:46 playahater| :)
14:46 nvideo| da mu uradim make sa chekicem
14:47 playahater| ne ne .. drmnesh ga chekitjem .. pa ga pitash jel otje da proba make ..
14:47 playahater| ako netje ..
14:47 playahater| uzmesh vetji chekitj .. pa ga opet drmesh ..
14:47 playahater| pa ga .. opet .. pitash jel otje make ..
14:47 playahater| i tako dok ne prodje
14:47 playahater| :)
14:47 nvideo| odo kuci sad
14:47 playahater| pametno
14:47 nvideo| :)
14:47 nvideo| xaxa
14:48 nvideo| vidimo se za vikend
14:48 nvideo| cujemo se ovih dana
14:48 playahater| dogovoreto ..
14:48 playahater| chujemo se u petak da potvrdimo vreme
14:48 playahater| poz ..
14:48 Closing query with nvideo
--- Log closed Wed Dec 22 14:48:29 2010
--- Log opened Thu Jan 13 13:57:08 2011
13:57 Starting query in Bitlbee with nvideo
13:57 nvideo| Mishkez
13:57 nvideo| srecna nova i Bozici :)
14:01 playahater| ehee .. prijatelju ..
14:01 playahater| hvala ..
14:01 playahater| takodje ..
14:01 playahater| sve najbolje i tebi ..
14:02 playahater| da si ziv, zdrav .. i uzbrdo brz .. :)
14:02 Closing query with nvideo
--- Log closed Thu Jan 13 14:02:10 2011
--- Log opened Thu Jan 13 14:02:31 2011
14:02 Starting query in Bitlbee with nvideo
14:02 nvideo| xexe :)
14:02 nvideo| i nevidesmo se prosle godine
14:02 nvideo| jbt
14:02 nvideo| bedak
14:02 nvideo| al zato narednih 360 dana ispred nas :)
14:03 nvideo| znas li neko programche
14:03 nvideo| za meil u komandnoj liniji?
14:03 nvideo| necu da saljem meilove
14:03 nvideo| niti spamove
14:04 nvideo| samo trebam da pokupim atachment kroz komandnu liniju
14:04 nvideo| ako imash struchnu preporuku
14:04 nvideo| ?
14:05 playahater| mutt
14:05 playahater| sendmail
14:05 playahater| :)
14:05 nvideo| da pokupim meil sa pop3-a?
14:05 nvideo| i to da stavim u bash
14:06 nvideo| samo koji mi je najbolji za to?
14:06 playahater| skoro sam siguran da je mutt najbolje reshenje ..
14:06 nvideo| Xvala :)
14:06 nvideo| probacu
14:06 playahater| kljuchna rech .. SKORO .. :) ..
14:06 playahater| probaj ..
14:06 playahater| :)
14:08 nvideo| SKORO je zajebana rech
14:08 playahater| vaistinu zajebana
14:08 nvideo| al PROBACU je kljuchna L)
14:08 playahater| :)
14:08 nvideo| :)
14:08 playahater| hehe
14:09 nvideo| jel budzis sajtove
14:09 nvideo| imas telefon fix da te zovem
14:09 nvideo| ?
14:09 playahater| budzenje .. opasno .. evo me na shljaci ..
14:10 nvideo| telefon?
14:10 playahater| pazi .. ima fixni .. al bolje da se izorganizujemo pa da se chujemo van radnog vremena ..
14:10 playahater| ovde je radna atmosfera .. tishina ..
14:10 playahater| pa da ne smaram ljude sad .. :) ..
14:10 nvideo| ok
14:10 nvideo| i kod mene u kancelariji isto
14:10 nvideo| sam sam
14:11 playahater| hehe
14:11 nvideo| :)
14:11 nvideo| radish za firmu?
14:11 nvideo| gg
14:12 nvideo| ?
14:16 playahater| da bre ..
14:16 playahater| radnim danima za poduzetnik .. vikendom freelancer
14:16 playahater| :)
14:16 Closing query with nvideo
--- Log closed Thu Jan 13 14:16:40 2011
--- Log opened Thu Jan 13 14:19:10 2011
14:19 Starting query in Bitlbee with nvideo
14:19 nvideo| isto ko ja
14:19 nvideo| ziv covek se na sve navikne
14:19 nvideo| :)
14:19 nvideo| aj pozdravljam te pa se cujemo/vidimo
14:19 nvideo| :)
14:19 nvideo| javim ti za mutt sta sam uradio
14:21          <-- nvideo has quit irc
--- Log closed Thu Jan 13 14:26:50 2011
--- Log opened Thu Jan 13 14:58:23 2011
14:58 Closing query with nvideo
--- Log closed Thu Jan 13 14:58:23 2011
--- Log opened Thu Jan 20 00:14:19 2011
00:14 Starting query in Bitlbee with nvideo
--- Log closed Thu Jan 20 00:19:49 2011
--- Log opened Thu Jan 20 00:21:02 2011
00:21 Closing query with nvideo
--- Log closed Thu Jan 20 00:21:02 2011
