--- Log opened Tue Sep 14 12:57:56 2010
12:57 Starting query in Bitlbee with pecapecko
12:57 pecapecko| de si prix
12:57 pecapecko| :)
12:58 pecapecko| murdsh li
12:58 pecapecko| si li zivko, zdravko
12:58 pecapecko| pravko
12:58 pecapecko| :)
12:58 pecapecko| njah
12:58 pecapecko| ko i ufek
12:59 pecapecko| sam si logiran i odsutan od samog sebe
12:59 pecapecko| hehehehheheheee
12:59 pecapecko| aj pa tako
12:59 pecapecko| pozzzz..
12:59 pecapecko| ;)
13:00          <-- pecapecko has quit irc
--- Log closed Tue Sep 14 13:06:35 2010
--- Log opened Tue Sep 14 13:06:42 2010
13:06 Closing query with pecapecko
--- Log closed Tue Sep 14 13:06:42 2010
--- Log opened Thu Nov 11 10:32:58 2010
10:32 Starting query in Bitlbee with pecapecko
10:32 pecapecko| drugareeeeeeeeee
10:33 pecapecko| pa ti si ziiiiiv
10:33 playahater| eheeeeeeeee
10:33 pecapecko| :)
10:33 playahater| drugarstvooooo
10:33 playahater| :)
10:33 pecapecko| heheheheheee
10:33 playahater| pa jesam
10:33 pecapecko| si kutji
10:33 playahater| :)
10:33 pecapecko| il pri fiksan
10:33 playahater| na poslu
10:33 playahater| bez fixan ..
10:33 playahater| radno i vredno
10:33 playahater| :)
10:33 playahater| silovito
10:33 pecapecko| pa rekni da te zvrca
10:33 pecapecko| ako imash vremena
10:33 pecapecko| ebaga
10:33 pecapecko| ojha
10:33 pecapecko| malko mi chudno da te vidim
10:34 pecapecko| mislim da pratish shata se pishe
10:34 pecapecko| :)
10:34 playahater| ma uvek sam ja tu .. al nikako da te vidim kad si online ..
10:34 playahater| :)
10:34 pecapecko| lepo od tebe
10:34 pecapecko| ma ja to munjevito
10:34 playahater| pa vidim .. :)
10:34 playahater| hehe
10:34 pecapecko| si se privikao
10:34 pecapecko| na posa
10:34 playahater| iihhh .. pa vetj dva meseca peglam ..
10:35 playahater| usha sam u seriju
10:35 playahater| :)
10:35 pecapecko| ti blizu kutje
10:35 playahater| hehe
10:35 playahater| ja sam trenutno kod beogradjanke ..
10:35 playahater| tu nam je office
10:35 playahater| u resavskoj
10:35 pecapecko| uh..
10:35 pecapecko| sami centar
10:35 pecapecko| si bijo i 10 oktombra
10:35 pecapecko| :)
10:36 playahater| ma tjuti .. firma je teshka fenserica ..
10:36 playahater| sa kalenca smo preshli kod beogradjanke ..
10:36 playahater| zlo ..
10:36 playahater| :)
10:36 pecapecko| e da azboravih da ti chestitam rodjendan
10:36 playahater| fala prix .. fala .. ;)
10:36 playahater| nego .. 
10:36 playahater| ne radim u petak ..
10:37 playahater| free sam ..
10:37 pecapecko| da
10:37 pecapecko| :)
10:37 playahater| otjemo da pijemo neke kafe u nekim popodnevnim chasovima
10:37 pecapecko| pa ti se falish
10:37 playahater| se vidimo 
10:37 pecapecko| pa i ja sam
10:37 pecapecko| ali se ne falim
10:37 pecapecko| ali radim
10:37 playahater| :)
10:37 playahater| hehe
10:37 pecapecko| :)
10:37 pecapecko| mogna
10:38 pecapecko| ste josh gore na zvez
10:38 playahater| da be
10:38 pecapecko| si u poslu
10:38 pecapecko| da te ne gnjavim
10:38 playahater| pa pod omanju sam brzinu ..
10:38 pecapecko| poshto sam trenutno free
10:38 pecapecko| nishtak onda
10:38 pecapecko| aj si radi
10:38 playahater| ae zvrcam te kad prihajam doma da se organizujemo za sutra,a?
10:38 pecapecko| pa se chujemo u takpe
10:39 pecapecko| mogne
10:39 playahater| ql
10:39 pecapecko| ali sam doma tek oko polak 6
10:39 pecapecko| dok se dogegam
10:39 playahater| blago tebi .. ja sam doma oko osmice :)
10:39 pecapecko| ojha
10:39 playahater| od osam do osam
10:39 playahater| :)
10:39 pecapecko| moze onda
10:39 playahater| full 
10:39 pecapecko| bitju sigurno
10:39 playahater| bamboocha
10:39 pecapecko| ok
10:39 playahater| ql ..
10:39 pecapecko| pozzz
10:39 playahater| chujemo se ..
10:39 pecapecko| ;)
10:39 playahater| mah mah
10:39 Closing query with pecapecko
--- Log closed Thu Nov 11 10:39:57 2010
--- Log opened Wed Feb 16 14:59:30 2011
14:59 Starting query in Bitlbee with pecapecko
14:59 pecapecko| ih bre..nema te ko rose u podne..zovi kuckaj..mora da su te zarobili na taj posa..nista..kad bides free ti se javi..pozzz..
--- Log closed Wed Feb 16 15:05:05 2011
--- Log opened Wed Feb 16 15:54:23 2011
15:54 Closing query with pecapecko
--- Log closed Wed Feb 16 15:54:23 2011
--- Log opened Tue Feb 22 15:01:59 2011
15:01 Starting query in Bitlbee with pecapecko
15:01 pecapecko| drugare..
15:02 pecapecko| ima li te..
15:02 pecapecko| ja te trazim da te nadjem
15:02 pecapecko| ali te nema te.
15:03 playahater| drugarstvo ..
15:03 playahater| prijateljstvo ..
15:03 playahater| :)
15:03 playahater| evo me majka mu stara ..
15:03 playahater| na shljaci ..
15:03 pecapecko| pa di si ti..
15:04 pecapecko| si pri fonu da te zvrcam
15:04 playahater| pa trenutno ne ..
15:04 playahater| al moz se chujemo vecheraske ..
15:04 pecapecko| ne daju se orica
15:04 playahater| zvrcam te chim prihajam doma
15:04 pecapecko| smorovi
15:05 playahater| pa ne .. nego nemam gde da se sklonim da mogu da pricham ..
15:05 playahater| :)
15:05 pecapecko| oket..
15:05 pecapecko| kad si kutji
15:05 playahater| uglavnom .. zvrcam vecheras kad prihajam doma ..
15:05 playahater| kontam da sam doma do devetke 
15:06 playahater| ne bi trebalo da zaginem danas previshe
15:06 playahater| :)
15:06 pecapecko| okili..
15:06 pecapecko| da si budem spreman
15:06 pecapecko| ;)
15:06 playahater| ;)
15:06 playahater| of skroz ..
15:06 playahater| :)
15:06 pecapecko| chujemo se
15:06 pecapecko| pozzz
15:09 playahater| dogovoreto drugare ..
15:09 playahater| zvrcam!
15:09 playahater| :)
15:09 pecapecko| ;)
--- Log closed Tue Feb 22 15:14:44 2011
--- Log opened Tue Feb 22 15:15:55 2011
15:15 Closing query with pecapecko
--- Log closed Tue Feb 22 15:15:55 2011
