--- Log opened Mon Dec 06 00:14:42 2010
00:14 Starting query in Bitlbee with piratskapartijasrbije
00:14 piratskapartijasrbije| e super
00:14 playahater| 00:14 @playahater| otr connect piratska.partija.srbije@gmail.com
00:14 playahater| 00:14 @root| piratska.partija.srbije@gmail.com: unknown user
00:15 playahater| 00:14 @root| new fingerprint for piratskapartijasrbije: 518CE132 359A1954 61A7846A 1A279359 A65A91AF
00:15 playahater| misim da radi
00:15 playahater| :)
00:15 piratskapartijasrbije| gnome-rdp
00:15 piratskapartijasrbije| uf pogresn prozor
00:15 playahater| :)
00:15 piratskapartijasrbije| e vidi
00:16 piratskapartijasrbije| organizujemo globalan skup sutra uvece ako je moguce
00:16 piratskapartijasrbije| da se ljudi jave
00:16 piratskapartijasrbije| wl izbacuje u utorak TOP secret
00:16 piratskapartijasrbije| krenuce opasan hunt na regionalne cvorove 
00:16 piratskapartijasrbije| net mozda bude ugrozen i to
00:16 piratskapartijasrbije| inicijativa krenula od orgaka iz hrvatske
00:16 playahater| pa to nam na zalost ne gine ..
00:17 piratskapartijasrbije| da skupimo pametne i skilled ljude da porazgovaramo
00:17 playahater| ali do .. dobra ideja ..
00:17 playahater| a gde bi se to odrzalo?
00:17 piratskapartijasrbije| jel oke da cimnemo sve koje znamo za sutra 00:00CET
00:17 piratskapartijasrbije| neki irc
00:17 playahater| pa do jaja ..
00:17 playahater| moze ..
00:17 playahater| mozda malo kasno ..
00:17 playahater| :/
00:17 piratskapartijasrbije| ja zovem kao official PPI board-a
00:17 piratskapartijasrbije| to sad razmisljam za kad da zakazemo sastanak
00:18 playahater| pa desetka je ok ..
00:18 playahater| .. ne znam ..
00:18 playahater| :)
00:18 piratskapartijasrbije| a zapadna obala USA?
00:18 playahater| jebem li ga ..
00:18 playahater| imash neki konverter pir ruci
00:18 playahater| :)
00:18 playahater| *pri
00:19 piratskapartijasrbije| imam
00:19 piratskapartijasrbije| sec
00:19 playahater| koja to zona tamo?
00:19 piratskapartijasrbije| minus 12 cak ja mislim
00:20 piratskapartijasrbije| sad je u LA 15 nedelja
00:20 piratskapartijasrbije| skoro 12
00:20 piratskapartijasrbije| znaci deset
00:21 playahater| desetka,a 
00:21 playahater| pa to je ok ..
00:21 piratskapartijasrbije| pa aj mogu da stignem u deset
00:21 playahater| .. ako si siguran da je 12h razlika .. :) ..
00:22 piratskapartijasrbije| 9 je razlika za LA
00:22 piratskapartijasrbije| evo mi pored vreme
00:22 piratskapartijasrbije| sad je tamo 15h
00:24 piratskapartijasrbije| jel oke da cimnes ljude koje znas za utorak uvece?
00:24 piratskapartijasrbije| cek da pitam ovog ortaka iz nl. 
00:24 playahater| pa ok .. 
00:24 playahater| mozesh da pustish na listu,a? ..
00:24 playahater| il je to previshe javno ..
00:25 piratskapartijasrbije| saljem mail direktno sa svog ppi mejla
00:25 piratskapartijasrbije| @pp-international.net
00:25 piratskapartijasrbije| trebalo bi da da legitimet
00:26 playahater| ok .. ae videtju i sa maretom pa ti javljam ..
00:27 piratskapartijasrbije| aj 
00:27 playahater| ql ..
00:27 piratskapartijasrbije| ja sam online do sutra u10am
00:27 piratskapartijasrbije| javi mi sto vise mozes mejlova
00:27 playahater| ok ..
00:27 playahater| dogovoreto ..
00:28 piratskapartijasrbije| ja sam iskopao neke videcu da sto pre javim ljudima da ne skracjujemo timeframe
00:28 playahater| pa to .. 
00:28 playahater| pustitju mailove josh vecheras .. pa .. videtjemo ..
00:28 piratskapartijasrbije| hajde super
00:29 piratskapartijasrbije| najavi me
00:29 playahater| of skroz ..
00:29 piratskapartijasrbije| a ja cu im poslati sa pp naloga za 10 sati ja se nadam
00:32 playahater| ok .. javljam chim dobijem feedback ..
00:32 playahater| moratju u maretu mail .. on vetj zaboo .. :)
00:32 piratskapartijasrbije| postaje zabavno:)
00:32 piratskapartijasrbije| jeli kako poso?
00:32 playahater| e do jaja ..
00:33 playahater| super ekipa ..
00:33 playahater| skroz opushteno ..
00:33 piratskapartijasrbije| nesto sam predpostavljao da je ok
00:33 playahater| ja nisam ochekivao ..
00:33 playahater| :)
00:34 piratskapartijasrbije| brate vidi sta sam dobio
00:34 piratskapartijasrbije| sec
00:34 playahater| ae
00:34 piratskapartijasrbije| --- <A HREF="http://www.l.google.com">www.l.google.com</A> ping statistics ---<br>14 packets transmitted, 14 received, 0% packet loss, time 13054ms<br>rtt min/avg/max/mdev = 5.657/6.029/6.536/0.212 ms<br>
00:34 piratskapartijasrbije| dedicated monster 
00:34 piratskapartijasrbije| :)
00:34 playahater| didi
00:34 playahater| :)
00:35 playahater| okle ti to :)
00:35 piratskapartijasrbije| ortak
00:35 playahater| lepo lepo ..
00:35 piratskapartijasrbije| low prophile dude
00:35 piratskapartijasrbije| e sad
00:35 piratskapartijasrbije| pazi posto ja ucim sve vreme
00:35 piratskapartijasrbije| sad treba izvalim kako da tamo posadim ovaj nas srpski wikilieaks
00:36 playahater| pa samo ga bacish na apache ..
00:36 playahater| :)
00:36 playahater| josh bolje nginx
00:36 piratskapartijasrbije| cek polako
00:36 piratskapartijasrbije| ja sam vlasnik domainname-a
00:36 piratskapartijasrbije| i imam dns records managing za taj domen
00:36 piratskapartijasrbije| sad sam dobio ovu masinu
00:37 playahater| dobro .. i taj name veshesh za neki ip(server)
00:37 playahater| a na njega metnesh apache .. il josh bolje nginx
00:37 playahater| i teraj
00:37 playahater| :)
00:37 piratskapartijasrbije| ip ove masine
00:37 piratskapartijasrbije| sto sam dobio 
00:37 piratskapartijasrbije| jel?
00:37 playahater| pa da ..
00:37 playahater| jel imash pristup? ..
00:37 playahater| ssh i to ..
00:38 piratskapartijasrbije| imam root za ovo cudo
00:38 playahater| pa do jaja ..
00:38 playahater| shta tje ti vishe ..
00:38 playahater| :)
00:38 piratskapartijasrbije| da sad sam u terminalu ssh root na dedicated
00:38 piratskapartijasrbije| a gde da medjem fajlove
00:38 piratskapartijasrbije| absded5:/# ls<br>bin  boot  cdrom  dev  etc  home  initrd.img  lib  lost+found  media  mnt  opt	proc  root  sbin  selinux  srv	sys  tmp  usr  var  vmlinuz<br>
00:39 playahater| iskompajliraj apache i ubaci wl u njega i otvori browser :)
00:39 playahater| naravno .. iamsh podeshavanja u medjuvremenu .. 
00:39 playahater| al ima do jaja wiki ..
00:39 piratskapartijasrbije| msm da ima tamo vec apache kolko mi se cini
00:40 playahater| odlichno .. samo ga podesi ..
00:40 playahater| i ubaci wl dir u apache-ov home dir
00:40 playahater| obichno /var/www/domaname
00:41 piratskapartijasrbije| sec
00:41 piratskapartijasrbije| evo jos jedan copy paste 
00:41 piratskapartijasrbije| wikileaks@absded5:/var/www$ ls<br>admin				 class_CCTemplate.php	   class_PieChart.php	   config.php	    index.php	 rpc<br>api.php				 class_DBObject.php	   class_Playlist.php	   config.php.dist  install.php  start<br>class_AccountEditor.php		 class_FileUpload.php	   class_RC4Crypt.php	   diagnostics.php  ioncube	 start.php<br>class_AccountTemplateEditor.php  class_Graph.php	   class_RemoteServer.php  empty.html	   
00:41 piratskapartijasrbije| js.php	 system<br>class_AmazonCacheLookup.php	 class_HTTPRetriever.php   class_ServerType.php    external	    login	 theme<br>class_APIClient.php		 class_JSON.php		   class_SourceType.php    fonts	    modules	 traylink.php<br>class_Application.php		 class_LiveStatistics.php  class_Template.php	   functions.php    proxy.php	 traylink.xml<br>class_CastGraph.php		 class_Module.php	   client		   include.php	    reseller	
00:41 piratskapartijasrbije| tunein.php<br>
00:42 playahater| le le .. slabo shta razumem tu ..
00:42 playahater| ovaj mi lomi formatiranje ..
00:42 playahater| irssi
00:42 playahater| :/
00:42 playahater| neki fajlovi,a?
00:42 playahater| jel ima index.php?
00:43 piratskapartijasrbije| u svakom slucaju sam digo
00:43 piratskapartijasrbije| ima index php
00:43 piratskapartijasrbije| sad sam napravio moj dir i nalazim se u
00:43 piratskapartijasrbije| wikileaks@absded5:/var/www/prijavigazdu.com$ 
00:43 piratskapartijasrbije| :)
00:45 piratskapartijasrbije| oke ovde wikileaks@absded5:/var/www$ <br> ima index.php
00:46 playahater| treba objasnish apache-u gde ti se nalazi zeljeni index.php
00:46 playahater| i iz browsera opalish na localhost ili ip ..
00:46 piratskapartijasrbije| oke aj da te ne smaram vise
00:47 playahater| takodje taj ip mora da imash i u apache-u .. chini mi se ..
00:47 piratskapartijasrbije| citacu wiki kasnije
00:47 playahater| najpametnije .. :)
00:48 piratskapartijasrbije| na ovoj dedicated masini trebam da podesim apache server da na poziv domainname-a koje se bude bacalo na njega reaguje tako da apache prikazuje ono sto budem stavio od fajlova na server ;)
00:48 playahater| tako je
00:48 playahater| :)
00:49 piratskapartijasrbije| :)
00:49 piratskapartijasrbije| kazem ti. samo jos sintaxu da naucim i mogu da menjam profesiju. 
00:49 piratskapartijasrbije| saaay za jedno pet godina
00:49 playahater| pre ili kasnije mora proradi ..
00:49 piratskapartijasrbije| taman kad dignem ruke od smaraca
00:49 playahater| nema kix
--- Log closed Mon Dec 06 00:54:36 2010
--- Log opened Mon Dec 06 11:45:46 2010
11:45          <-- piratskapartijasrbije has quit irc
--- Log closed Mon Dec 06 11:51:15 2010
--- Log opened Mon Dec 06 11:53:01 2010
11:53 Closing query with piratskapartijasrbije
--- Log closed Mon Dec 06 11:53:01 2010
--- Log opened Mon Jan 31 13:56:07 2011
13:56 Starting query in Bitlbee with piratskapartijasrbije
13:56 piratskapartijasrbije| video sam ovo na jednom sajtu http://imgur.com/RcpDn
--- Log closed Mon Jan 31 14:01:17 2011
--- Log opened Mon Jan 31 15:44:40 2011
15:44          <-- piratskapartijasrbije has quit irc
15:45 Closing query with piratskapartijasrbije
--- Log closed Mon Jan 31 15:45:00 2011
