--- Log opened Fri Mar 05 01:58:15 2010
01:58 Starting query in Bitlbee with PredragDjokic
01:58 PredragDjokic| gde si mali?
01:58 playahater| ohoo .. desi prijatelju .. 
01:58 playahater| :)
01:58 playahater| faceujesh,a?
01:58 playahater| :)
01:59 PredragDjokic| evo mlatim se,ne spava mi se. ha, ha fejsujem da
01:59 PredragDjokic| ti?
02:00 playahater| raduckam .. :)
02:00 playahater| tek sam na pola radnog vremena .. :) ..
02:00 PredragDjokic| nocu?
02:00 playahater| pa da ..
02:00 playahater| najbolja koncentracija .. :)
02:01 PredragDjokic| cime se bavis?
02:01 playahater| pravim sajtove
02:02 PredragDjokic| ajd cujemo se uskoro. svrni kad si u prolazu do kafane.
02:03 playahater| vazilizazili .. 
02:03 playahater| :)
02:03 playahater| ae ..
02:03 Closing query with PredragDjokic
--- Log closed Fri Mar 05 02:03:43 2010
--- Log opened Mon Jan 17 13:50:03 2011
13:50 Starting query in Bitlbee with PredragDjokic
13:50 PredragDjokic| kude si bro?
13:51 playahater| yo bro ..
13:51 playahater| evo .. na shljaci ..
13:51 playahater| primio sms .. sve da ti odgovorim .. pa nikako da vidim kad sam slobodan ..
13:52 playahater| uglavnom .. kontam .. neki dan od srede pa na dalje ..
13:52 playahater| posle .. sedmice ..
13:52 playahater| moz se chujemo .. pa da preciziramo ..
13:52 playahater| kako ti radish? .. kad si ti libero?
13:53 PredragDjokic| ok,kad budes mogao, no rush. moz da svrnes na pivce u kafanu. vikendom free.
13:53 PredragDjokic| svaki dan od 5 sam tamo.
13:53 playahater| uuu .. do jaja .. tju ga uglobim neki dan od srede da svrnem posle posla .. oko sedmice/osmice ..
13:54 PredragDjokic| dogovnoreno! ajd odoh sad pa se vidjamo. pozz
13:54 playahater| dogovoreto drugarstvo .. poz ..
13:55          <-- PredragDjokic has quit irc
--- Log closed Mon Jan 17 14:01:06 2011
--- Log opened Mon Jan 17 14:01:55 2011
14:01 Closing query with PredragDjokic
--- Log closed Mon Jan 17 14:01:55 2011
--- Log opened Wed Jan 19 12:02:28 2011
12:02 Starting query in Bitlbee with PredragDjokic
12:02 PredragDjokic| sutra radim prepodne, cisto da znas. danas i u petak sam od 5. sta ima?
12:05          <-- PredragDjokic has quit irc
12:05 playahater| e .. moze petak
12:05 Closing query with PredragDjokic
--- Log closed Wed Jan 19 12:05:38 2011
--- Log opened Fri Feb 11 12:56:46 2011
12:56 Starting query in Bitlbee with PredragDjokic
12:56 PredragDjokic| dje si playhateru? 
13:00          <-- PredragDjokic has quit irc
13:02          <-- PredragDjokic has quit irc
--- Log closed Fri Feb 11 13:08:11 2011
--- Log opened Fri Feb 11 13:09:03 2011
13:09 playahater| yo dude ..
13:09 Closing query with PredragDjokic
--- Log closed Fri Feb 11 13:09:05 2011
--- Log opened Tue Mar 01 14:28:50 2011
14:28 Starting query in Bitlbee with PredragDjokic
14:28 PredragDjokic| milose brate, nikako da se navatamo...:)­­
--- Log closed Tue Mar 01 14:34:49 2011
--- Log opened Tue Mar 01 14:37:36 2011
14:37          <-- PredragDjokic has quit irc
--- Log closed Tue Mar 01 14:42:49 2011
--- Log opened Tue Mar 01 14:59:21 2011
14:59          <-- PredragDjokic has quit irc
--- Log closed Tue Mar 01 15:04:49 2011
--- Log opened Tue Mar 01 16:00:20 2011
16:00 Closing query with PredragDjokic
--- Log closed Tue Mar 01 16:00:20 2011
--- Log opened Sun Apr 17 13:33:22 2011
13:33 Starting query in Bitlbee with PredragDjokic
13:33 PredragDjokic| kude si be chichinno?:)­­
13:33 playahater| e be .. prijateljstvo .. 
13:33 playahater| ne pitaj .. 
13:34 playahater| poginuo sam ..
13:34 playahater| trenutno na nsnd-u .. :) .. 
13:34 PredragDjokic| ne razumeti?­­
13:34 playahater| prichatju ti kad se vidimo ..
13:35 playahater| ae nishanim da ne ispalim za sledetju nedelju .. :)
13:35 PredragDjokic| ajd do cetvrtke, u petak palim u za.­­
13:37 playahater| ae zemo ..
13:37 playahater| planiram .. cimam te ..
13:37 playahater| :)
13:37 Closing query with PredragDjokic
--- Log closed Sun Apr 17 13:37:59 2011
--- Log opened Sun Apr 17 13:38:01 2011
13:38 Starting query in Bitlbee with PredragDjokic
13:38 PredragDjokic| see ya­­
--- Log closed Sun Apr 17 13:43:35 2011
--- Log opened Sun Apr 17 13:46:42 2011
13:46 playahater| c-ya
13:46 Closing query with PredragDjokic
--- Log closed Sun Apr 17 13:46:44 2011
