--- Log opened Wed Mar 24 01:22:53 2010
01:22 Starting query in Bitlbee with PredragMarinkovic
01:22 PredragMarinkovic| alo
--- Log closed Wed Mar 24 01:28:02 2010
--- Log opened Wed Mar 24 01:29:20 2010
01:29          <-- PredragMarinkovic has quit irc
01:31          <-- PredragMarinkovic has quit irc
--- Log closed Wed Mar 24 01:37:02 2010
--- Log opened Wed Mar 24 17:21:44 2010
17:21 Closing query with PredragMarinkovic
--- Log closed Wed Mar 24 17:21:44 2010
--- Log opened Sun Mar 28 19:27:49 2010
19:27 Starting query in Bitlbee with PredragMarinkovic
19:27 PredragMarinkovic| jel igras
19:29          <-- PredragMarinkovic has quit irc
19:31          <-- PredragMarinkovic has quit irc
--- Log closed Sun Mar 28 19:37:00 2010
--- Log opened Sun Mar 28 23:23:26 2010
23:23 Closing query with PredragMarinkovic
--- Log closed Sun Mar 28 23:23:26 2010
--- Log opened Sun Apr 18 13:34:00 2010
13:34 Starting query in Bitlbee with PredragMarinkovic
13:34 PredragMarinkovic| de si brate
13:34 playahater| ehej ..
13:35 playahater| 4 i 6
13:35 playahater| :)
13:35 PredragMarinkovic| boja
13:36 playahater| ideeemo
13:36 playahater| :)
13:37 PredragMarinkovic| dama
13:38 PredragMarinkovic| dama kec
13:38 playahater| 10.3
13:41 PredragMarinkovic|  pa sta bi
13:41 playahater| pa bacio se pre vremena .. :(
13:41 playahater| 7 i 7
13:41 playahater| 5 i 7 ... 
13:41 playahater| :)
13:42 PredragMarinkovic| sa h jebii
13:42 PredragMarinkovic| nemas tri
13:43 PredragMarinkovic| skala
13:46 playahater| 9 J u hercu
13:47 PredragMarinkovic| k 2
13:48 playahater| k 10 u trefu
13:48 PredragMarinkovic| 5 7
13:50 playahater| 9 4
13:50 PredragMarinkovic| k 6 pik
13:52 playahater| mrtvak .. :)
13:52 playahater| 3 6
13:52 PredragMarinkovic| A 5
13:55 playahater| trebalo vishe da dignem ..
13:55 playahater| 4 10 u karou
13:55 playahater| :)
13:55 PredragMarinkovic| A4 nerc
13:56 playahater| sad dizi
13:56 playahater| :)
13:56 PredragMarinkovic| boja
13:56 playahater| opet
13:56          <-- PredragMarinkovic has quit irc
13:57 playahater| opet 4 i 10
13:57 PredragMarinkovic| 4 9
13:58 playahater| opet 4 i 10
13:59 PredragMarinkovic| K 3
13:59 playahater| 5 i Q u hercu
14:00 PredragMarinkovic| sad
14:01 playahater| FUCK ..
14:01 playahater| zabola mi mreza
14:01 playahater| :(
14:01 playahater| Q 3
14:01 PredragMarinkovic| e jeba ga
14:02 PredragMarinkovic| dama kralj
14:03 playahater| 4 K
14:04 PredragMarinkovic| A 10 karo
14:05 PredragMarinkovic| boja
14:05 playahater| dii
14:05 playahater| dizi
14:05 playahater| :)
14:06 PredragMarinkovic| bacili se rumuni
14:06 playahater| :)
14:06 playahater| 9 J
14:06 PredragMarinkovic| 6 j
14:07 playahater| mrtvak
14:08 PredragMarinkovic| 4 7
14:09 playahater| Q 10 karo
14:10 PredragMarinkovic| dama 2
14:11 PredragMarinkovic| odo na rucak 
14:11 playahater| ae
14:11 playahater| :)
14:13          <-- PredragMarinkovic has quit irc
--- Log closed Sun Apr 18 14:18:33 2010
--- Log opened Sun Apr 18 14:18:57 2010
14:18 Closing query with PredragMarinkovic
--- Log closed Sun Apr 18 14:18:57 2010
