--- Log opened Wed Oct 13 23:18:27 2010
23:18 Starting query in Bitlbee with RatkoKostic
23:18 RatkoKostic| GDE SI BRE
--- Log closed Wed Oct 13 23:24:04 2010
--- Log opened Mon Nov 15 16:20:04 2010
16:20 Starting query in Bitlbee with RatkoKostic
16:20 RatkoKostic| djuks gde csi
--- Log closed Mon Nov 15 16:25:13 2010
--- Log opened Mon Nov 15 16:25:46 2010
16:25          <-- RatkoKostic has quit irc
16:29 Closing query with RatkoKostic
--- Log closed Mon Nov 15 16:29:03 2010
--- Log opened Mon Nov 22 21:24:11 2010
21:24 Starting query in Bitlbee with RatkoKostic
21:24 RatkoKostic| gde si djuks
--- Log closed Mon Nov 22 21:30:06 2010
--- Log opened Mon Nov 22 21:45:24 2010
21:45          <-- RatkoKostic has quit irc
--- Log closed Mon Nov 22 21:51:06 2010
--- Log opened Mon Nov 22 22:45:03 2010
22:45 Closing query with RatkoKostic
--- Log closed Mon Nov 22 22:45:03 2010
--- Log opened Thu Jan 20 00:14:26 2011
00:14 Starting query in Bitlbee with RatkoKostic
--- Log closed Thu Jan 20 00:19:49 2011
--- Log opened Thu Jan 20 00:21:00 2011
00:21 Closing query with RatkoKostic
--- Log closed Thu Jan 20 00:21:00 2011
