--- Log opened Tue Apr 05 21:56:12 2011
21:56 Starting query in Bitlbee with sandradudvarski_
21:56 playahater| poz sandra ..
21:56 sandradudvarski_| Desi!
21:56 playahater| imamo beta verziju flash-a online ..
21:56 sandradudvarski_| ok
21:57 playahater| ostalo je da istestiramo mms sutra .. i naravno prevodi/textovi ako nisu ok ..
21:57 sandradudvarski_| ok, deal
21:57 playahater| ql
21:57 playahater| odoh u suspend .. :)
21:58 playahater| poz .. :)
21:58 Closing query with sandradudvarski_
--- Log closed Tue Apr 05 21:58:07 2011
--- Log opened Tue Apr 05 21:58:12 2011
21:58 Starting query in Bitlbee with sandradudvarski_
21:58 sandradudvarski_| ajd zdravo
21:58 Closing query with sandradudvarski_
--- Log closed Tue Apr 05 21:58:18 2011
--- Log opened Wed Apr 06 12:29:53 2011
12:29 Starting query in Bitlbee with sandradudvarski_
12:29 sandradudvarski_| Evo odgovora ko je premijum user 
12:29 sandradudvarski_| the premium user is the internet afaq shamel DSL user
--- Log closed Wed Apr 06 12:35:06 2011
--- Log opened Wed Apr 06 12:41:14 2011
12:41 playahater| ok .. to vetj proveravamo ..
12:41 playahater| to je ok ..
12:41 Closing query with sandradudvarski_
--- Log closed Wed Apr 06 12:41:23 2011
--- Log opened Wed Apr 06 20:11:53 2011
20:11 Starting query in Bitlbee with sandradudvarski_
20:11 sandradudvarski_| Miloseeeeeeeee
20:13 sandradudvarski_| Marko ce za oko sat da ti posalje novu verziju, uploaduj mi je odmah molim te, jer covek izlazi napolje i vraca se ko zna kad, a ne bih da ga cekam i mi cigani imamo dusu
20:15 playahater| upravo mu pishem mail ..
20:15 playahater| ok ..
--- Log closed Wed Apr 06 20:20:30 2011
--- Log opened Wed Apr 06 20:29:05 2011
20:29 Closing query with sandradudvarski_
--- Log closed Wed Apr 06 20:29:05 2011
--- Log opened Thu Apr 07 11:03:33 2011
11:03 Starting query in Bitlbee with sandradudvarski_
11:03 sandradudvarski_| Salje ti Marko novi fajl nasao je gresku
11:03 playahater| ok
11:03 Closing query with sandradudvarski_
--- Log closed Thu Apr 07 11:03:59 2011
--- Log opened Thu Apr 07 13:58:03 2011
13:58 Starting query in Bitlbee with sandradudvarski_
13:58 sandradudvarski_| Marko ce da ti posaljhe verziju za live, Bogdan hoce u 16h da dizemo
--- Log closed Thu Apr 07 14:03:07 2011
--- Log opened Thu Apr 07 14:21:58 2011
14:21          <-- sandradudvarski_ has quit irc
14:26 Closing query with sandradudvarski_
--- Log closed Thu Apr 07 14:26:17 2011
--- Log opened Thu Apr 07 23:49:30 2011
23:49 Starting query in Bitlbee with sandradudvarski_
23:49 sandradudvarski_| Milose jel ste uspeli na live?
23:49 playahater| jesmo ..
23:49 playahater| i to pre par minuta ..
23:49 playahater| ja sam josh u kancu
23:50 sandradudvarski_| a sad cu da pogledam, jel jelena tu?
23:50 playahater| upravo sam poslao vladi mail da istestira i klikne po mms-u ..
23:50 playahater| ne
23:50 playahater| bogdan, ivan, titja i ja
23:50 playahater| :)
23:50 playahater| i upravo se spremamo da krenemo .. :)
23:50 Closing query with sandradudvarski_
--- Log closed Thu Apr 07 23:50:40 2011
--- Log opened Thu Apr 07 23:50:45 2011
23:50 Starting query in Bitlbee with sandradudvarski_
23:50 sandradudvarski_| wassim mi je poslao da je jedan prevod pogresan
23:51 sandradudvarski_| aha, ok
23:51 sandradudvarski_| jel ja ne mogu da vidim igricu sad na m3com.com.sa?
23:52 playahater| mozesh ..
23:52 playahater| http://www.m3com.com.sa/games/%D8%A7%D8%B1%D8%AA%D8%AF%D9%8A-%D9%82%D9%85%D9%8A%D8%B5-%D9%81%D8%B1%D9%8A%D9%82%D9%83-%D8%A7%D9%84%D9%85%D9%81%D8%B6%D9%84
23:52 sandradudvarski_| ok, thanks
23:52 playahater| np
23:52 playahater| :)
23:53 sandradudvarski_| :)
--- Log closed Thu Apr 07 23:58:07 2011
--- Log opened Fri Apr 08 00:09:34 2011
00:09 sandradudvarski_| Milose, jel si jos tu?
00:09 playahater| jesam
00:09 sandradudvarski_| Jel neko ulogovan na petak user?
00:10 playahater| to ne bih znao
00:10 sandradudvarski_| Ne uspevam da se logujem
00:10 playahater| probaj kao neki drugi ..
00:10 sandradudvarski_| user: petak, pass: 12345, jel to ok?
00:11 sandradudvarski_| daj neki da mogu da probam
00:11 playahater| a123456
00:11 playahater| petak
00:11 sandradudvarski_| i to sam probala nece
00:12 sandradudvarski_| imas nekog drugog usera da mogu da probam?
00:13 sandradudvarski_| uspela sam, izvini na gnjavazi
00:13 playahater| ok
00:13 sandradudvarski_| poslala sam Marku da treba da izmeni prevod na jednom dugmetu, ali on nije vise online
00:14 sandradudvarski_| jel ovo vide svi? ili samo odabrani
00:14 playahater| da .. izlogovao se pre pola sata
00:14 playahater| svi koji imaju link
00:14 playahater| drugim rechima .. samo odabrani
00:14 playahater| :)
00:14 sandradudvarski_| znaci nije bas, bas live
00:14 playahater| nije bas bas .. :)
00:14 sandradudvarski_| :) Hvala puno, sorry jos jednom
00:14 sandradudvarski_| Cao
00:14 playahater| np .. ;)
00:15 playahater| poz ..
00:15 Closing query with sandradudvarski_
--- Log closed Fri Apr 08 00:15:12 2011
--- Log opened Fri Apr 08 18:06:00 2011
18:06 Starting query in Bitlbee with sandradudvarski_
18:06 sandradudvarski_| Kad neko bude podigao na live ili ti ili Ivan, javi mi odmah molim te
18:06 playahater| ok
18:06 playahater| :)
18:06 Closing query with sandradudvarski_
--- Log closed Fri Apr 08 18:06:13 2011
