--- Log opened Sun Apr 04 14:51:58 2010
14:51 Starting query in Bitlbee with SandraPetkovic
14:51 SandraPetkovic| drugar Hristos Vaskrese :*
--- Log closed Sun Apr 04 14:57:03 2010
--- Log opened Sun Apr 04 15:00:07 2010
15:00          <-- SandraPetkovic has quit irc
--- Log closed Sun Apr 04 15:06:03 2010
--- Log opened Sun Apr 04 15:23:21 2010
15:23 Closing query with SandraPetkovic
--- Log closed Sun Apr 04 15:23:21 2010
--- Log opened Mon Jan 10 15:17:19 2011
15:17 Starting query in Bitlbee with SandraPetkovic
15:17 SandraPetkovic| hej...
15:17 SandraPetkovic| cula sam za deda Djuru...bas mi je zao...
15:18 playahater| o da .. :( .. 
15:18 playahater| ispratili smo deda djuru u vechna lovishta ..
15:18 playahater| u 92oj godini .. 
15:19 playahater| nije shto mi je deda .. ali .. legenda
15:19 playahater| :0
15:19 SandraPetkovic| dobro se on drzao,stvarno legenda,poslednji put kad sam bila me je i poznao i bas smo se lepo ispricali... sta ce baba sada?
15:20 playahater| u zajecharu tje biti ..
15:20 playahater| tjale je dole .. pa tje zajedno nekako ..
15:20 playahater| mada josh se nishta definitivno ne zna ..
15:21 SandraPetkovic| ...pa sama gore ne moze...
15:22 playahater| ma da .. josh je maltene nepokretna ..
15:22 playahater| zlo ..
15:22 playahater| godine .. mnogo godina ..
15:22 SandraPetkovic| a tako to ide..stari ljudi...
15:22 SandraPetkovic| koliko ona ima?
15:23 playahater| bruka .. ali .. iskreno .. ne znam ..
15:23 playahater| mislim da je jedno desetak godina mladja od dede ..
15:23 playahater| tako neshto ..
15:24 playahater| ali mnogo .. :)
15:24 SandraPetkovic| samo je on bio vitalniji,pokretniji... moze ona jos :)
15:25 playahater| moze sigurno .. ali je pitanje da li hotje ..
15:25 playahater| dugo su oni u braku .. a nju je ovo pogodilo vishe nego shto smo ochekivali ..
15:26 playahater| no dobro .. pamtimo dedu .. i idemo dalje ..
15:26 playahater| nogu pred nogu .. shto bi on reko ..
15:26 playahater| :)
15:26 Closing query with SandraPetkovic
--- Log closed Mon Jan 10 15:26:27 2011
--- Log opened Mon Jan 10 15:27:39 2011
15:27 Starting query in Bitlbee with SandraPetkovic
15:27 SandraPetkovic| bili su vezani...ali nije sama... nogu pred nogu :)
15:27 SandraPetkovic| kako si ti?
15:28 playahater| nije loshe mogu ti retji ..
15:28 playahater| radno i vredno .. :) ..
15:28 playahater| ne zalim se ..
15:28 playahater| kod tebe .. shta ima .. kad tjesh ti u zavichaj? ..
15:29 playahater| ja planiram neshto oko prvog maja .. 
15:29 playahater| smilovica i to .. :)
15:30 SandraPetkovic| i kod mene je radno i vredno,samo sam sada nesto bolesna,ali je u sustini ok... ja jos uvek ne znam,ali bi mi bas prijalo da odem makar na 5 dana...
15:30 SandraPetkovic| :)
15:33 playahater| e .. da .. zajebani neki virusi se motaju unaokolo .. zlo ..
15:33 playahater| inache .. da .. ja se preporodim tamo ..
15:33 playahater| mir .. tishina .. daleko od svih obaveza ..
15:33 playahater| milinka ..
15:33 playahater| :)
15:34 SandraPetkovic| bas vala :) prava milina... :) mozda i odem za prvi maj...
15:38          <-- SandraPetkovic has quit irc
--- Log closed Mon Jan 10 15:43:50 2011
--- Log opened Mon Jan 10 16:05:26 2011
16:05 Closing query with SandraPetkovic
--- Log closed Mon Jan 10 16:05:26 2011
--- Log opened Sat Mar 19 12:41:37 2011
12:41 Starting query in Bitlbee with SandraPetkovic
12:41 SandraPetkovic| OMG: This girl killed herself after her FATHER posted this message on her wall: bit.ly/hiht3w
--- Log closed Sat Mar 19 12:46:44 2011
--- Log opened Sat Mar 19 13:49:18 2011
13:49          <-- SandraPetkovic has quit irc
--- Log closed Sat Mar 19 13:54:44 2011
--- Log opened Sat Mar 19 15:36:32 2011
15:36          <-- SandraPetkovic has quit irc
--- Log closed Sat Mar 19 15:41:44 2011
