--- Log opened Sun Mar 14 19:06:16 2010
19:06 Starting query in Bitlbee with sanjadragovic
19:06 sanjadragovic| drugare, sta radis??
19:11 playahater| ehee ..
19:11 playahater| :)
19:11 playahater| sad sam ustao .. :)
19:11 sanjadragovic| uffffffffffffffff
19:11 sanjadragovic| kad si lego onda
19:12 playahater| danas oko podneva ..
19:12 playahater| .. nachi .. koma .. :/
19:12 playahater| ti?
19:12 playahater| fta ima?
19:12 playahater| :)
19:12 sanjadragovic| ludaku....
19:13 sanjadragovic| ja cu jos malo da spavam :)
19:13 playahater| radno .. nema odmora dok traje obnova :)
19:13 sanjadragovic| znas neki ljudi rade po normalnoj satnici
19:13 playahater| pa i ja radim po normalonoj satnici ..
19:13 playahater| samo sam u drugoj vremenskoj zoni
19:13 playahater| :)
19:14 sanjadragovic| haha....mislim da smo mi u istoj vremenskoj zoni...
19:14 playahater| ochigledno da nismo .. :)
19:14 playahater| ja pijem jutarnju kafu .. :)
19:14 sanjadragovic| nego si ti nesto pobrkao :P
19:14 playahater| hehe
19:14 playahater| :)
19:14 sanjadragovic| mnogo radis....
19:15 playahater| nedovoljno .. :)
19:15 sanjadragovic| nece jos da svane, nemoj da se nadas...tek je pao mrak
19:16 playahater| chim svane .. opasno mi opadne koncentracija ..
19:16 playahater| :)
19:16 sanjadragovic| haha
19:16 sanjadragovic| prispava ti se
19:17 playahater| aha .. :)
19:17 sanjadragovic| auuuuuu....sad stvarno brinem :)
19:17 playahater| hehe
19:17 sanjadragovic| nesto se opasno pomesalo u tvojoj glavici...
19:18 playahater| ma nema veze samnom .. neshto se tu globalno okrenulo :) .. a ja greshkom ostao u pogreshnoj vremenskoj zoni ..
19:19 playahater| nikako da pohvatam sve konce .. :)
19:19 sanjadragovic| hmmmm....znaci tako su ti objasnili...dobro, samo polako....bice bolje :)
19:20 playahater| ma jok bre .. kamo sretje .. netje niko da se potrudi da mi objasni .. :(
19:21 playahater| shta ima tamo?
19:21 playahater| :)
19:22 sanjadragovic| nista, oporavljam se od srede i cetvrtka (poginula pijuci)....odmaram i nadoknadjujem propusteni rad
19:23 playahater| lagano nedeljno popodne znachi .. :)
19:23 sanjadragovic| da....popodne, vidis da znas :)
19:24 playahater| pamtim .. kao kroz maglu ..
19:24 playahater| :)
19:24 Closing query with sanjadragovic
--- Log closed Sun Mar 14 19:24:41 2010
--- Log opened Sun May 09 20:15:14 2010
20:15 Starting query in Bitlbee with sanjadragovic
20:15 sanjadragovic| sta radis
20:15 sanjadragovic| ja dolazim 13 :)
20:15 sanjadragovic| hoces na maturu??
--- Log closed Sun May 09 20:21:19 2010
--- Log opened Mon May 10 00:20:37 2010
00:20          <-- sanjadragovic has quit irc
--- Log closed Mon May 10 00:26:19 2010
--- Log opened Mon May 10 10:07:30 2010
10:07          <-- sanjadragovic has quit irc
--- Log closed Mon May 10 10:13:19 2010
--- Log opened Mon May 10 10:49:50 2010
10:49          <-- sanjadragovic has quit irc
--- Log closed Mon May 10 10:55:19 2010
--- Log opened Mon May 10 12:30:28 2010
12:30          <-- sanjadragovic has quit irc
--- Log closed Mon May 10 12:36:19 2010
--- Log opened Mon May 10 13:31:12 2010
13:31 Closing query with sanjadragovic
--- Log closed Mon May 10 13:31:12 2010
--- Log opened Tue Jul 20 21:18:07 2010
21:18 Starting query in Bitlbee with sanjadragovic
21:18 sanjadragovic| ej
21:18 sanjadragovic| jel si tu
21:18 sanjadragovic| pomoc prijatelja? :)
--- Log closed Tue Jul 20 21:24:12 2010
--- Log opened Tue Jul 20 22:41:09 2010
22:41          <-- sanjadragovic has quit irc
--- Log closed Tue Jul 20 22:46:12 2010
--- Log opened Tue Jul 20 23:19:22 2010
23:19 playahater| ehej ..
23:19 Closing query with sanjadragovic
--- Log closed Tue Jul 20 23:19:24 2010
--- Log opened Wed Jul 21 09:14:55 2010
09:14 Starting query in Bitlbee with sanjadragovic
09:14 sanjadragovic| too late :P
09:15 sanjadragovic| sada cu da mucim nekoga ovde....opet photoshop :)
--- Log closed Wed Jul 21 09:20:59 2010
--- Log opened Wed Jul 21 09:41:33 2010
09:41          <-- sanjadragovic has quit irc
--- Log closed Wed Jul 21 09:46:59 2010
--- Log opened Wed Jul 21 11:44:41 2010
11:44          <-- sanjadragovic has quit irc
11:45          <-- sanjadragovic has quit irc
11:45          <-- sanjadragovic has quit irc
11:45          <-- sanjadragovic has quit irc
--- Log closed Wed Jul 21 11:50:59 2010
--- Log opened Wed Jul 21 12:44:46 2010
12:44          <-- sanjadragovic has quit irc
--- Log closed Wed Jul 21 12:49:59 2010
--- Log opened Wed Jul 21 14:31:59 2010
14:31          <-- sanjadragovic has quit irc
14:36 Closing query with sanjadragovic
--- Log closed Wed Jul 21 14:36:50 2010
--- Log opened Thu Jan 06 21:10:20 2011
21:10 Starting query in Bitlbee with sanjadragovic
21:10 sanjadragovic| drugareeeeeeeeee
21:10 sanjadragovic| Srecna Novaaaa
21:11 sanjadragovic| pokusavala sam da te zovem....ali nijedan od brojeva koje ja imam nije u funkciji
21:11 sanjadragovic| evo me u Za :)
21:11 sanjadragovic| gde si ti
21:16          <-- sanjadragovic has quit irc
--- Log closed Thu Jan 06 21:21:59 2011
--- Log opened Thu Jan 06 23:42:53 2011
23:42          <-- sanjadragovic has quit irc
--- Log closed Thu Jan 06 23:47:59 2011
--- Log opened Fri Jan 07 12:01:44 2011
12:01          <-- sanjadragovic has quit irc
--- Log closed Fri Jan 07 12:06:59 2011
--- Log opened Fri Jan 07 16:32:44 2011
16:32 Closing query with sanjadragovic
--- Log closed Fri Jan 07 16:32:44 2011
--- Log opened Mon Apr 18 14:20:48 2011
14:20 Starting query in Bitlbee with sanjadragovic
14:20 sanjadragovic| drugare
14:20 sanjadragovic| sta radis?
14:20 sanjadragovic| http://www.komplett.nl/Komplett/Site/Catalog/ItemDetail.aspx?ItemNo=20024051&utm_source=wm_110418a_weekly&utm_medium=email&utm_campaign=w1116_weekly&src=wm_110418a
14:21 sanjadragovic| sta mislis o ovome?
14:21 sanjadragovic| treba mi pokretni komp
14:21 sanjadragovic| i dolazim 25.maja, moramo da se vidimo!!!
14:22 playahater| obavezno vichi kad prihajash!
14:22 playahater| inache .. preporuchio bih intel umesto amd-a ..
14:22 playahater| manje troshi .. duze traje baterija ..
14:23 playahater| realno .. kolko para, tolko muzike .. oduvek .. :) .. 
14:23 playahater| skrenuo bih paznju na dve stvari ..
14:23 playahater| cpu - intel
14:23 sanjadragovic| ali ovo je jeftino
14:24 playahater| baterija - 9 celija
14:24 playahater| u principu je ok .. raditje .. 
14:25 playahater| to za tebe?
14:25 playahater| :)
14:25 sanjadragovic| da
14:25 playahater| za poso?
14:26 sanjadragovic| a da....da kada krenem negde mogu da ga ponesem sa sobom
14:27 sanjadragovic| ma ne na 13.3
14:27 sanjadragovic| baterija bi bila veca nego laptop
14:27 sanjadragovic| a amd neo platforma je brza i manje trosi od Atoma od intela :)
14:27 sanjadragovic| to mu reci :P
14:27 sanjadragovic| ovo kaze drugi IT strucnjak :P
14:30 playahater| to da li je brzi neo ili atom .. to realno u svakodnevnom radu nikad netjesh primetiti ..
14:30 playahater| inache intel je tjale po potroshnji ..
14:30 playahater| sad da li neo troshi manje .. 
14:30 playahater| .. pa ..
14:31 playahater| ne znam .. ;)
14:31 playahater| a betrija bi ti shtrchala sa zadnje strane jedno 10ak cm ..
14:31 playahater| ali bi autonomija ishla i do 6h .. sve zavisi od platforme ..
14:32 playahater| ja bih menjao 10cm za 6 sati .. :)
14:32 sanjadragovic| dobro, nemoj da se ljutis :P
14:32 playahater| tako da .. ok je .. raditje ..
14:33 sanjadragovic| sto ste vi neki sujetni ljudi :)
14:33 playahater| ko be ..
14:33 playahater| sho be..
14:33 playahater| :)
14:33 playahater| ma neeee ..
14:33 sanjadragovic| a zezam :P
14:34 playahater| a znam .. :)
14:35 sanjadragovic| a u principu meni treba nesto sto ce da mi vrsi glupe poslove....nista komplikovano...
14:35 sanjadragovic| pa mi je sada Dado poslao ovaj link...vidim nije skupo, pa rekoh da pitam
14:37 playahater| ma da .. ok je mashina .. zavrshitje ti poso ..
14:37 playahater| sasvim solidna konfiguracija ..
14:37 playahater| sve ql ..
14:38 playahater| samo bih ja to isto sa intelom i baKterojom od 9 celija ..
14:38 playahater| but that`s just me .. :)
14:38 sanjadragovic| HP Pavilion dm3-1020EA, 13.3-inch Notebook (Windows 7 Home Premium, AMD Athlon Neo X2 Processor L335, 4 GB RAM, 320GB SATA HDD, Ethernet, Bluetooth, 6 Cell Battery up to 6 Hours Life)
14:38 playahater| i cena je do jajca ..
14:38 sanjadragovic| kaze baterija do 6 sati
14:40 playahater| to je drugi neki model ..
14:40 playahater| koja njegova cena?
14:40 sanjadragovic| ali ista je baterija...
14:40 sanjadragovic| nema cene...tj ima u dolarima
14:41 sanjadragovic| http://www.amazon.co.uk/Pavilion-dm3-1020EA-13-3-inch-Processor-Bluetooth/dp/B002P8M9TA
14:42 playahater| ista baterija .. ali drugi procesor .. druga plocha ..
14:42 playahater| mislim da je ok da pitash da li taj model ide sa baterijom od 9 cells .. 
14:43 playahater| onda ga ispazarsih .. pa ako ti bude malo .. uvek imash opciju da stavish vetju bateriju
14:43 sanjadragovic| koji model
14:43 playahater| pa ovaj od 333eur
14:43 sanjadragovic| aha
14:44 playahater| odo na pauzu za ruchak .. pishemo se za pola sata/sat .. :)
14:45 sanjadragovic| ajde...
14:45 sanjadragovic| nije ovo hitno :)
14:45 sanjadragovic| nego sam dobila ponudu...jer sam pomenula da bih uzela...\
--- Log closed Mon Apr 18 14:50:51 2011
--- Log opened Mon Apr 18 14:55:20 2011
14:55          <-- sanjadragovic has quit irc
--- Log closed Mon Apr 18 15:00:51 2011
--- Log opened Mon Apr 18 15:43:33 2011
15:43 Closing query with sanjadragovic
--- Log closed Mon Apr 18 15:43:33 2011
