--- Log opened Wed Mar 03 19:59:50 2010
19:59 Starting query in Bitlbee with SanjaSpasojevic
19:59 SanjaSpasojevic| :)
19:59 SanjaSpasojevic| :*
20:00          <-- SanjaSpasojevic has quit irc
--- Log closed Wed Mar 03 20:06:52 2010
--- Log opened Wed Mar 03 20:30:39 2010
20:30 Closing query with SanjaSpasojevic
--- Log closed Wed Mar 03 20:30:39 2010
--- Log opened Mon Mar 22 22:24:13 2010
22:24 Starting query in Bitlbee with SanjaSpasojevic
22:24 SanjaSpasojevic| :)
22:24 SanjaSpasojevic| :*
22:25          <-- SanjaSpasojevic has quit irc
--- Log closed Mon Mar 22 22:30:05 2010
--- Log opened Mon Mar 22 23:54:47 2010
23:54 Closing query with SanjaSpasojevic
--- Log closed Mon Mar 22 23:54:47 2010
--- Log opened Sun Mar 28 20:46:49 2010
20:46 Starting query in Bitlbee with SanjaSpasojevic
20:46 SanjaSpasojevic| :*
20:47          <-- SanjaSpasojevic has quit irc
--- Log closed Sun Mar 28 20:53:00 2010
--- Log opened Sun Mar 28 22:11:23 2010
22:11          <-- SanjaSpasojevic has quit irc
--- Log closed Sun Mar 28 22:17:00 2010
--- Log opened Sun Mar 28 23:20:15 2010
23:20 Closing query with SanjaSpasojevic
--- Log closed Sun Mar 28 23:20:15 2010
--- Log opened Sun Mar 28 23:40:35 2010
23:40 Starting query in Bitlbee with SanjaSpasojevic
23:40 SanjaSpasojevic| :*
23:45          <-- SanjaSpasojevic has quit irc
--- Log closed Sun Mar 28 23:51:00 2010
--- Log opened Thu Apr 01 19:31:53 2010
19:31 Starting query in Bitlbee with SanjaSpasojevic
19:31 SanjaSpasojevic| :*
19:32 playahater| :*
19:32          <-- SanjaSpasojevic has quit irc
19:32 Closing query with SanjaSpasojevic
--- Log closed Thu Apr 01 19:32:13 2010
--- Log opened Sat Apr 10 20:29:22 2010
20:29 Starting query in Bitlbee with SanjaSpasojevic
20:29 SanjaSpasojevic| :*
20:29          <-- SanjaSpasojevic has quit irc
--- Log closed Sat Apr 10 20:35:30 2010
--- Log opened Sun Apr 11 17:35:51 2010
17:35 Starting query in Bitlbee with SanjaSpasojevic
17:35 SanjaSpasojevic| :*
17:37          <-- SanjaSpasojevic has quit irc
--- Log closed Sun Apr 11 17:43:01 2010
--- Log opened Sun Apr 11 18:16:51 2010
18:16 Closing query with SanjaSpasojevic
--- Log closed Sun Apr 11 18:16:51 2010
--- Log opened Mon Apr 12 21:35:00 2010
21:35 Starting query in Bitlbee with SanjaSpasojevic
21:35 SanjaSpasojevic| :*
21:35 playahater| a dugi?
21:35          <-- SanjaSpasojevic has quit irc
21:36 Closing query with SanjaSpasojevic
--- Log closed Mon Apr 12 21:36:02 2010
--- Log opened Wed Apr 14 18:44:52 2010
18:44 Starting query in Bitlbee with SanjaSpasojevic
18:44 SanjaSpasojevic| :*
18:46          <-- SanjaSpasojevic has quit irc
--- Log closed Wed Apr 14 18:51:54 2010
--- Log opened Wed Apr 14 21:57:21 2010
21:57 Closing query with SanjaSpasojevic
--- Log closed Wed Apr 14 21:57:21 2010
--- Log opened Fri Apr 16 20:33:43 2010
20:33 Starting query in Bitlbee with SanjaSpasojevic
20:33 SanjaSpasojevic| :*
20:34          <-- SanjaSpasojevic has quit irc
--- Log closed Fri Apr 16 20:39:27 2010
--- Log opened Sat Apr 17 14:14:58 2010
14:14 Closing query with SanjaSpasojevic
--- Log closed Sat Apr 17 14:14:58 2010
--- Log opened Mon Apr 19 21:26:19 2010
21:26 Starting query in Bitlbee with SanjaSpasojevic
21:26 SanjaSpasojevic| :*
21:27          <-- SanjaSpasojevic has quit irc
--- Log closed Mon Apr 19 21:32:48 2010
--- Log opened Mon Apr 19 21:41:42 2010
21:41 Closing query with SanjaSpasojevic
--- Log closed Mon Apr 19 21:41:42 2010
--- Log opened Sun May 02 19:52:34 2010
19:52 Starting query in Bitlbee with SanjaSpasojevic
19:52 SanjaSpasojevic| :*
19:53          <-- SanjaSpasojevic has quit irc
19:53 Closing query with SanjaSpasojevic
--- Log closed Sun May 02 19:53:41 2010
--- Log opened Mon May 10 22:49:13 2010
22:49 Starting query in Bitlbee with SanjaSpasojevic
22:49 SanjaSpasojevic| :*
22:49          <-- SanjaSpasojevic has quit irc
--- Log closed Mon May 10 22:55:35 2010
--- Log opened Tue May 11 15:26:07 2010
15:26 Closing query with SanjaSpasojevic
--- Log closed Tue May 11 15:26:07 2010
--- Log opened Tue May 18 19:56:50 2010
19:56 Starting query in Bitlbee with SanjaSpasojevic
19:56 SanjaSpasojevic| :*
19:57          <-- SanjaSpasojevic has quit irc
--- Log closed Tue May 18 20:03:33 2010
--- Log opened Wed May 19 11:15:49 2010
11:15 Closing query with SanjaSpasojevic
--- Log closed Wed May 19 11:15:49 2010
--- Log opened Tue Jun 15 18:13:05 2010
18:13 Starting query in Bitlbee with SanjaSpasojevic
18:13 SanjaSpasojevic| :*
18:14          <-- SanjaSpasojevic has quit irc
--- Log closed Tue Jun 15 18:19:54 2010
--- Log opened Tue Jun 15 18:26:01 2010
18:26 Closing query with SanjaSpasojevic
--- Log closed Tue Jun 15 18:26:01 2010
--- Log opened Thu Jun 24 19:54:32 2010
19:54 Starting query in Bitlbee with SanjaSpasojevic
19:54 SanjaSpasojevic| :*
19:55          <-- SanjaSpasojevic has quit irc
--- Log closed Thu Jun 24 20:01:26 2010
--- Log opened Thu Jun 24 20:02:54 2010
20:02 Closing query with SanjaSpasojevic
--- Log closed Thu Jun 24 20:02:54 2010
--- Log opened Fri Jul 02 19:07:40 2010
19:07 Starting query in Bitlbee with SanjaSpasojevic
19:07 SanjaSpasojevic| :*
19:08          <-- SanjaSpasojevic has quit irc
--- Log closed Fri Jul 02 19:13:53 2010
--- Log opened Fri Jul 02 19:15:13 2010
19:15 Closing query with SanjaSpasojevic
--- Log closed Fri Jul 02 19:15:13 2010
--- Log opened Mon Jul 05 21:05:45 2010
21:05 Starting query in Bitlbee with SanjaSpasojevic
21:05 SanjaSpasojevic| :*
21:06          <-- SanjaSpasojevic has quit irc
21:08 Closing query with SanjaSpasojevic
--- Log closed Mon Jul 05 21:08:33 2010
--- Log opened Sat Jul 10 22:51:13 2010
22:51 Starting query in Bitlbee with SanjaSpasojevic
22:51 SanjaSpasojevic| :*
22:52          <-- SanjaSpasojevic has quit irc
--- Log closed Sat Jul 10 22:58:26 2010
--- Log opened Sun Jul 25 21:22:00 2010
21:22 Starting query in Bitlbee with SanjaSpasojevic
21:22 SanjaSpasojevic| :*
21:22 playahater| kolko vidim .. nema :*
21:22 playahater| ups ..
21:22 playahater| samo ..
21:22 playahater| :*
21:22 playahater| :)
21:22 SanjaSpasojevic| sta bre?
21:23 playahater| hteo sam ti poslati samo :*
21:23 SanjaSpasojevic| e sada si me zeznuo a krenula da pobegnem
21:23 SanjaSpasojevic| hihih
21:23 SanjaSpasojevic| sta ima misice
21:23 playahater| posle koliko puta sam te uhvatio na delu
21:23 playahater| :)
21:24 playahater| evo .. radim .. kliktjem ..
21:24 playahater| i hladno mi .. :)
21:24 playahater| kod tebe?
21:24 playahater| :)
21:24 Closing query with SanjaSpasojevic
--- Log closed Sun Jul 25 21:24:24 2010
--- Log opened Sun Jul 25 21:24:48 2010
21:24 Starting query in Bitlbee with SanjaSpasojevic
21:24 SanjaSpasojevic| evo me kod nine, malo se zezamo...druzimo i tako. Kada se gledamo
21:25 playahater| mashi nini
21:25 playahater| pa ajmo da smislimo neki termin
21:25 playahater| :)
21:25 Closing query with SanjaSpasojevic
--- Log closed Sun Jul 25 21:25:28 2010
--- Log opened Sun Jul 25 21:25:35 2010
21:25 Starting query in Bitlbee with SanjaSpasojevic
21:25 SanjaSpasojevic| pa ajmo, red bi bio...nismo se videli od nove godine
21:26 playahater| pa kad te nema nigde .. :)
21:26 playahater| otjemo da ispijamo neke kafe neki dan posle tvog posla?
21:26 Closing query with SanjaSpasojevic
--- Log closed Sun Jul 25 21:26:57 2010
--- Log opened Sun Jul 25 21:27:09 2010
21:27 Starting query in Bitlbee with SanjaSpasojevic
21:27 SanjaSpasojevic| ajde da da
21:27 SanjaSpasojevic| ti si jos tamo preko mosta
21:28 playahater| ajde .. ja sam na 5min od bondjorna .. 
21:28 playahater| 7 od komercijalne :)
21:29 Closing query with SanjaSpasojevic
--- Log closed Sun Jul 25 21:29:18 2010
--- Log opened Sun Jul 25 21:30:11 2010
21:30 Starting query in Bitlbee with SanjaSpasojevic
21:30 SanjaSpasojevic| aha
21:30 SanjaSpasojevic| ali ...
21:30 SanjaSpasojevic| ja vise nisam...ja sam na vidikovcu u kom.b.
21:30 SanjaSpasojevic| a nina se preselila na novi beograd
21:30 SanjaSpasojevic| ne zna se ko je blize
21:30 SanjaSpasojevic| :D
21:30 playahater| ozbiljno?
21:30 playahater| ooo .. pa to su novi momenti ..
21:30 playahater| uoptje nisam u toku ..
21:32 playahater| mnogo si mi sad iskomplikovala ideju .. znash? .. :)
21:32 SanjaSpasojevic| pa znam...tek sada se necemo videti sto godina :(
21:33 playahater| tz ..
21:33 playahater| pa ..
21:33 playahater| hmm ..
21:33 playahater| :|
21:33 playahater| komplikatoru
21:33 playahater| :)
21:34 SanjaSpasojevic| :(
21:34 SanjaSpasojevic| a nisam...
21:35 playahater| a jeeesi ..
21:35 playahater| :)
21:35 SanjaSpasojevic| a nisaaaaaaaaaammmmmmmmm
21:36 playahater| ade .. ako nisi .. onda ti smisli kako tjemo i kad tjemo da se vidimo .. :)
21:37 playahater| ako se upetljash .. onda si komplikator ..
21:37 playahater| ja sam probao .. pa sam se sve upetljao ..
21:37 playahater| :|
21:40 SanjaSpasojevic| svejedno, moramo nesto da se dogovorimo....al da ne bude sl. nova godina :d
21:42 playahater| apsolutno se slazem
--- Log closed Sun Jul 25 21:47:49 2010
--- Log opened Sun Jul 25 21:57:30 2010
21:57 Closing query with SanjaSpasojevic
--- Log closed Sun Jul 25 21:57:30 2010
--- Log opened Tue Oct 19 19:34:46 2010
19:34 Starting query in Bitlbee with SanjaSpasojevic
19:34 SanjaSpasojevic| promenio si broj...ne volim te :(
19:34 SanjaSpasojevic| :*
19:36          <-- SanjaSpasojevic has quit irc
--- Log closed Tue Oct 19 19:41:51 2010
--- Log opened Tue Oct 19 20:49:15 2010
20:49 Closing query with SanjaSpasojevic
--- Log closed Tue Oct 19 20:49:15 2010
--- Log opened Mon Nov 01 21:18:57 2010
21:18 Starting query in Bitlbee with SanjaSpasojevic
21:18 SanjaSpasojevic| :*
21:18 SanjaSpasojevic| :*
21:19 SanjaSpasojevic| :*
21:20          <-- SanjaSpasojevic has quit irc
--- Log closed Mon Nov 01 21:26:17 2010
--- Log opened Mon Nov 01 21:42:00 2010
21:42 Closing query with SanjaSpasojevic
--- Log closed Mon Nov 01 21:42:00 2010
--- Log opened Wed Nov 03 18:39:44 2010
18:39 Starting query in Bitlbee with SanjaSpasojevic
18:39 SanjaSpasojevic| :*
18:39 SanjaSpasojevic| mrzim te
18:40          <-- SanjaSpasojevic has quit irc
--- Log closed Wed Nov 03 18:45:59 2010
--- Log opened Wed Nov 03 21:04:13 2010
21:04 Closing query with SanjaSpasojevic
--- Log closed Wed Nov 03 21:04:13 2010
--- Log opened Sat Nov 06 17:34:48 2010
17:34 Starting query in Bitlbee with SanjaSpasojevic
17:34 SanjaSpasojevic| :*
17:35          <-- SanjaSpasojevic has quit irc
--- Log closed Sat Nov 06 17:40:53 2010
--- Log opened Sat Nov 06 17:41:55 2010
17:41 Closing query with SanjaSpasojevic
--- Log closed Sat Nov 06 17:41:55 2010
--- Log opened Sun Mar 13 22:56:23 2011
22:56 Starting query in Bitlbee with SanjaSpasojevic
22:56 SanjaSpasojevic| :*
22:58          <-- SanjaSpasojevic has quit irc
--- Log closed Sun Mar 13 23:03:32 2011
--- Log opened Mon Mar 14 09:05:50 2011
09:05 Closing query with SanjaSpasojevic
--- Log closed Mon Mar 14 09:05:50 2011
--- Log opened Sun Apr 24 17:36:39 2011
17:36 Starting query in Bitlbee with SanjaSpasojevic
17:36 SanjaSpasojevic| Srecan Uskrs, decko mali dragi!!! :)
17:36 SanjaSpasojevic| :*
--- Log closed Sun Apr 24 17:42:45 2011
--- Log opened Sun Apr 24 17:58:05 2011
17:58          <-- SanjaSpasojevic has quit irc
--- Log closed Sun Apr 24 18:03:45 2011
--- Log opened Sun Apr 24 18:10:05 2011
18:10          <-- SanjaSpasojevic has quit irc
--- Log closed Sun Apr 24 18:15:45 2011
--- Log opened Sun Apr 24 19:01:05 2011
19:01          <-- SanjaSpasojevic has quit irc
--- Log closed Sun Apr 24 19:06:45 2011
--- Log opened Sun Apr 24 21:07:50 2011
21:07          <-- SanjaSpasojevic has quit irc
--- Log closed Sun Apr 24 21:13:45 2011
--- Log opened Sun Apr 24 22:35:35 2011
22:35          <-- SanjaSpasojevic has quit irc
--- Log closed Sun Apr 24 22:40:45 2011
--- Log opened Sun Apr 24 23:33:20 2011
23:33          <-- SanjaSpasojevic has quit irc
--- Log closed Sun Apr 24 23:38:45 2011
--- Log opened Mon Apr 25 00:27:20 2011
00:27          <-- SanjaSpasojevic has quit irc
00:30          <-- SanjaSpasojevic has quit irc
--- Log closed Mon Apr 25 00:35:45 2011
--- Log opened Mon Apr 25 00:41:35 2011
00:41          <-- SanjaSpasojevic has quit irc
00:46          <-- SanjaSpasojevic has quit irc
--- Log closed Mon Apr 25 00:51:45 2011
--- Log opened Mon Apr 25 00:55:05 2011
00:55          <-- SanjaSpasojevic has quit irc
--- Log closed Mon Apr 25 01:00:45 2011
--- Log opened Mon Apr 25 11:21:31 2011
11:21 Closing query with SanjaSpasojevic
--- Log closed Mon Apr 25 11:21:31 2011
