--- Log opened Fri Apr 29 11:41:16 2011
11:41 Starting query in Bitlbee with SladjanaJankovic
11:41 playahater| tjao mama ..
11:41 playahater| shta ima na internetu novo ?
11:41 playahater| :)
11:41 Closing query with SladjanaJankovic
--- Log closed Fri Apr 29 11:41:44 2011
--- Log opened Sat Apr 30 17:06:45 2011
17:06 Starting query in Bitlbee with SladjanaJankovic
17:06 SladjanaJankovic| Nemam pojma,sada sam stigla i donela pecenje.Dodji
--- Log closed Sat Apr 30 17:12:10 2011
--- Log opened Sat Apr 30 17:26:55 2011
17:26 Closing query with SladjanaJankovic
--- Log closed Sat Apr 30 17:26:55 2011
--- Log opened Sun May 01 12:19:36 2011
12:19 Starting query in Bitlbee with SladjanaJankovic
12:19 SladjanaJankovic| Gde je moje dete,ljubi ga majka? da li si otisao  na uranak?
12:19 playahater| oho .. majka nauchila da startuje chat
12:20 playahater| bravo!
12:20 playahater| :)
12:20 playahater| nisam josh .. doma sam .. pijem kafu ..
12:20 playahater| kasnije tju do ade ako ne ljusne kisha
12:20 playahater| ti?
12:21 Closing query with SladjanaJankovic
--- Log closed Sun May 01 12:21:02 2011
--- Log opened Sun May 01 12:25:54 2011
12:25 Starting query in Bitlbee with SladjanaJankovic
12:25 SladjanaJankovic| Ama kako to da mi je u donjem desnom uglu dva puta Facebook a nema onog you tub a juce ga je bilo i ja pronasla neki ruski film i nesto sam stisla i sve ode u pm. Ce dodjes do mene?
12:28 playahater| za youtube otvorish novi TAB  (File > New Tab), i u address bar-u upishesh ->  youtube.com
12:29 playahater| i kad ti youtube sajt .. unesesh neki kriterijum za pretragu .. neku rech ..
12:30 SladjanaJankovic| A ti ne mozes to da uradis sa tvog racunara?
12:30 playahater| i gledash resultate .. ako ne se slaze .. unesesh opet novu (poboljshanu) rech .. pa opet pregledash da vidish da li ti se svidjaju rezultati
12:30 playahater| mogu .. al nije u tome poenta ..
12:31 playahater| ideja je da TI NAUCHISH kliktajuci !!!
12:31 playahater| jedan jedini nachin .. al mora se potrudish .. :)
12:32 SladjanaJankovic| Ali ja sam dosta i naucila pa ne mogu toliko informacija da primim od jednom.
12:34 playahater| to ti mislish da ne mozesh .. ;)
12:34 playahater| nemoj da gledash sve ove informacije koje stizu kao podatke koje treba odmah da zapamtish ..
12:35 playahater| lagano .. polako .. kliktanje .. u jednom trenutku tje da se sloze kockice ..
12:35 playahater| :)
12:35 playahater| al mora da budesh otvorenog uma .. :)
--- Log closed Sun May 01 12:40:19 2011
--- Log opened Sun May 01 12:51:21 2011
12:51 SladjanaJankovic| -Stamatelatos
12:51 SladjanaJankovic|       заједничких пријатеља: 3
12:51 SladjanaJankovic|     *
12:51 SladjanaJankovic|       Milutinovic Mari
12:51 SladjanaJankovic|       заједничких пријатеља: 3
12:51 SladjanaJankovic|     *
12:51 SladjanaJankovic|       Zorica Ristic
12:51 SladjanaJankovic|       заједничких пријатеља: 3
12:51 SladjanaJankovic|     *
12:51 SladjanaJankovic|       Valentina Cica Spanovic
12:51 SladjanaJankovic|       заједничких пријатеља: 2
12:51 SladjanaJankovic|     *
12:51 SladjanaJankovic|       Nada Miletic
12:51 SladjanaJankovic|       1 заједнички пријатељ
12:51 SladjanaJankovic|  
12:51 SladjanaJankovic| Погледај све захтеве за пријатељство 20 захтева
12:51 SladjanaJankovic| 0
12:51 SladjanaJankovic| Пошаљи нову поруку
12:51 SladjanaJankovic| Поруке
12:51 SladjanaJankovic|  
12:51 SladjanaJankovic|     * Нема нових порука.
12:51 SladjanaJankovic|  
12:51 SladjanaJankovic| Погледај све поруке 0 непрочитаних порука.
12:51 SladjanaJankovic| 0
12:51 SladjanaJankovic| Обавештења
12:51 SladjanaJankovic|  
12:51 SladjanaJankovic| *
12:51 SladjanaJankovic|  
12:51 SladjanaJankovic| Прегледај сва обавештења
12:51 SladjanaJankovic| Претрага
12:51 SladjanaJankovic|  
12:51 SladjanaJankovic|     * Почетна страна
12:51 SladjanaJankovic|     * Профил
12:51 SladjanaJankovic|     * Пронађи пријатеље
12:51 SladjanaJankovic|     * Налог
12:51 SladjanaJankovic|           o Sladjana Jankovic
12:51 SladjanaJankovic|           o Подешавање пријатеља
12:51 SladjanaJankovic|         Ma nesto nikako ne mogu da se snadjem. ni sa ovim prijeteljima niti sa ovim pisanjem.Ovde vidim samo zadnje reci.
12:51 SladjanaJankovic|           o
12:51 SladjanaJankovic|  
12:51 SladjanaJankovic| Milutinovic Marinas  
12:56          <-- SladjanaJankovic has quit irc
--- Log closed Sun May 01 13:02:19 2011
--- Log opened Sun May 01 13:10:34 2011
13:10 Closing query with SladjanaJankovic
--- Log closed Sun May 01 13:10:34 2011
