--- Log opened Wed Sep 15 15:25:45 2010
15:25 Starting query in Bitlbee with slatermel
15:25 slatermel| cao miso
15:26 playahater| eee .. poz majo ..
15:26 slatermel| sta se radi
15:26 slatermel| kako napredujes
15:26 slatermel| :)
15:26 playahater| evo .. u guzvi smo trenutno .. zavrshavamo neki sajt trenutno ..
15:27 playahater| jel je gotov content kompletno ?
15:27 slatermel| kako napreduje ineska?
15:27 playahater| imamo sam sadrzaj?
15:27 slatermel| pa dala sam vam 99%
15:27 slatermel| fali vam samo neka mrvica za ruski
15:27 slatermel| sve imate
15:27 playahater| ok .. ql .. super ..
15:27 slatermel| kontaktirala me je juce
15:28 slatermel| ali sam ja krecial pa nisam mogla na skype
15:28 slatermel| prepostavljam da bi mi poslala to zadnje sto treba
15:28 playahater| kontam da bi za par dana trebalo da izadjemo iz guzve .. i nastavljmo inesku .. da to zavrshimo shto pre ..
15:29 slatermel| sta mislis kolko ce ti trebati za inesku
15:29 slatermel| za dizanje na srpski i engleski?
15:30 playahater| .. pa pazi .. ne bi trebalo da content bude problem .. 
15:31 playahater| nisamo detaljno pogledali shta se sve nalazi u onim fajlovima shto si nam poslala .. kako je cela stvar organizaovana ..
15:31 playahater| .. ali ideja je da se dok se ubacuje content .. taman istestiramo funckionalnost ..
15:33 playahater| krenutjemo sledetje nedelje silovito u zavrshnicu .. pa se nadam da do kraja meseca stvar bude kompletna
15:34 slatermel| ok
15:34 slatermel| vazi to mi zvuci dobro
15:34 slatermel| :)
15:34 playahater| :0
15:34 playahater| :)
15:35 slatermel| hvala vam
15:35 slatermel| :)
15:36 playahater| nishta .. da zavrshimo to shto pre i kako treba .. 
15:36 playahater| ipak treba da budemo svi zadovoljni na kraju ..
15:36 playahater| :)
15:36 slatermel| jja cu inace poslati materijal cim stigne
15:36 slatermel| naravno
15:37 slatermel| ja znam da njoj realno siote treba sto pre ali ako vi to mzoete uraditi do kraja meseca
15:37 slatermel| onda ce sve biti dobro
15:37 slatermel| jer tkao i ona ocekuje
15:37 slatermel| odprilike
15:38 playahater| ok .. shibni na mail samo taj delitj shto nedostaje i to je to ..
15:38 slatermel| dogovor je pao
--- Log closed Wed Sep 15 15:43:39 2010
--- Log opened Wed Sep 15 15:44:39 2010
15:44          <-- slatermel has quit irc
15:49 Closing query with slatermel
--- Log closed Wed Sep 15 15:49:37 2010
--- Log opened Mon Oct 04 18:15:28 2010
18:15 Starting query in Bitlbee with slatermel
18:15 slatermel| cao miso
--- Log closed Mon Oct 04 18:20:53 2010
--- Log opened Mon Oct 04 18:22:21 2010
18:22 slatermel| javi mi se danas kad mozes
18:22 slatermel| :)
18:27          <-- slatermel has quit irc
--- Log closed Mon Oct 04 18:32:53 2010
--- Log opened Mon Oct 04 20:26:44 2010
20:26          <-- slatermel has quit irc
--- Log closed Mon Oct 04 20:31:53 2010
--- Log opened Mon Oct 04 22:06:19 2010
22:06 Closing query with slatermel
--- Log closed Mon Oct 04 22:06:19 2010
--- Log opened Mon Oct 11 13:58:59 2010
13:58 Starting query in Bitlbee with slatermel
13:58 slatermel| cao miso
--- Log closed Mon Oct 11 14:04:55 2010
--- Log opened Mon Oct 11 16:36:42 2010
16:36          <-- slatermel has quit irc
--- Log closed Mon Oct 11 16:41:55 2010
--- Log opened Mon Oct 11 17:14:18 2010
17:14 Closing query with slatermel
--- Log closed Mon Oct 11 17:14:18 2010
--- Log opened Thu Jan 13 00:26:26 2011
00:26 Starting query in Bitlbee with slatermel
00:26 slatermel| miso :)
00:26 slatermel| si tu?
00:29 slatermel| poslala sam ti email
00:30 slatermel| molim te pogledaj pa mi odgovori sto pre mozes , bilo bi dobro da se cujemo
00:35          <-- slatermel has quit irc
--- Log closed Thu Jan 13 00:40:25 2011
--- Log opened Thu Jan 13 08:46:01 2011
08:46 Closing query with slatermel
--- Log closed Thu Jan 13 08:46:01 2011
