--- Log opened Wed Apr 14 07:13:40 2010
07:13 Starting query in Bitlbee with TamaraPetrovic
07:13 TamaraPetrovic| eee de si bre
--- Log closed Wed Apr 14 07:18:54 2010
--- Log opened Wed Apr 14 07:37:13 2010
07:37          <-- TamaraPetrovic has quit irc
07:39          <-- TamaraPetrovic has quit irc
--- Log closed Wed Apr 14 07:44:54 2010
--- Log opened Wed Apr 14 08:01:13 2010
08:01          <-- TamaraPetrovic has quit irc
--- Log closed Wed Apr 14 08:06:54 2010
--- Log opened Wed Apr 14 11:28:34 2010
11:28 playahater| eee .. evo me bre ..
11:28 Closing query with TamaraPetrovic
--- Log closed Wed Apr 14 11:28:37 2010
--- Log opened Thu Jul 15 05:12:46 2010
05:12 Starting query in Bitlbee with TamaraPetrovic
05:12 TamaraPetrovic| heeej
05:12 TamaraPetrovic| pa gde si ti
05:14          <-- TamaraPetrovic has quit irc
--- Log closed Thu Jul 15 05:19:21 2010
--- Log opened Thu Jul 15 06:53:16 2010
06:53          <-- TamaraPetrovic has quit irc
--- Log closed Thu Jul 15 06:58:21 2010
--- Log opened Thu Jul 15 13:42:32 2010
13:42 Closing query with TamaraPetrovic
--- Log closed Thu Jul 15 13:42:32 2010
--- Log opened Fri Aug 27 21:52:25 2010
21:52 Starting query in Bitlbee with TamaraPetrovic
21:52 TamaraPetrovic| de si bre
21:52 TamaraPetrovic| nema te nigde
21:56          <-- TamaraPetrovic has quit irc
--- Log closed Fri Aug 27 22:02:34 2010
--- Log opened Sat Aug 28 02:27:36 2010
02:27          <-- TamaraPetrovic has quit irc
--- Log closed Sat Aug 28 02:33:34 2010
--- Log opened Sat Aug 28 03:20:51 2010
03:20          <-- TamaraPetrovic has quit irc
--- Log closed Sat Aug 28 03:26:34 2010
--- Log opened Sat Aug 28 04:47:51 2010
04:47          <-- TamaraPetrovic has quit irc
--- Log closed Sat Aug 28 04:53:34 2010
--- Log opened Sat Aug 28 06:05:44 2010
06:05          <-- TamaraPetrovic has quit irc
--- Log closed Sat Aug 28 06:11:34 2010
--- Log opened Sat Aug 28 06:12:29 2010
06:12          <-- TamaraPetrovic has quit irc
--- Log closed Sat Aug 28 06:17:34 2010
--- Log opened Sat Aug 28 11:02:24 2010
11:02 Closing query with TamaraPetrovic
--- Log closed Sat Aug 28 11:02:24 2010
--- Log opened Sun Sep 19 02:31:42 2010
02:31 Starting query in Bitlbee with TamaraPetrovic
02:31 TamaraPetrovic| spavaj!
02:31 TamaraPetrovic| ;p
--- Log closed Sun Sep 19 02:37:05 2010
--- Log opened Sun Sep 19 03:42:31 2010
03:42          <-- TamaraPetrovic has quit irc
--- Log closed Sun Sep 19 03:48:05 2010
--- Log opened Sun Sep 19 05:58:23 2010
05:58          <-- TamaraPetrovic has quit irc
--- Log closed Sun Sep 19 06:04:05 2010
--- Log opened Sun Sep 19 16:23:00 2010
16:23 Closing query with TamaraPetrovic
--- Log closed Sun Sep 19 16:23:00 2010
