--- Log opened Fri Aug 27 14:18:44 2010
14:18 Starting query in Bitlbee with TijanaIlic
14:18 TijanaIlic| Jel te zvala Ika za svadbu ? :D
--- Log closed Fri Aug 27 14:24:34 2010
--- Log opened Fri Aug 27 16:40:20 2010
16:40          <-- TijanaIlic has quit irc
--- Log closed Fri Aug 27 16:45:34 2010
--- Log opened Fri Aug 27 17:55:41 2010
17:55 playahater| jeste ..
17:55 Closing query with TijanaIlic
--- Log closed Fri Aug 27 17:55:43 2010
--- Log opened Wed Apr 06 21:32:21 2011
21:32 Starting query in Bitlbee with TijanaIlic
21:32 TijanaIlic| Izlazi student na ispit i u index stavi 100e. Pita ga profesor: Kada je poceo II Svetski rat? Student odgovori: 1941 godine. Profesor: Odlicno kolega, polozili ste! Izlazi drugi student i predaje prazan index. Pita ga profesor: Gde je bacena atomska bomba? Student: Na Hirosimu i Nagasaki. Profesor: Koliko ljudi je pri tom poginulo? Student: 2-3 miliona ljudi, a profesor ce na to: Imena kolega, imena!!!
--- Log closed Wed Apr 06 21:37:30 2011
--- Log opened Wed Apr 06 22:01:04 2011
22:01          <-- TijanaIlic has quit irc
--- Log closed Wed Apr 06 22:06:30 2011
--- Log opened Wed Apr 06 22:13:34 2011
22:13 Closing query with TijanaIlic
--- Log closed Wed Apr 06 22:13:34 2011
