--- Log opened Wed Apr 06 15:27:25 2011
15:27 Starting query in Bitlbee with tijanaognjanovic_
15:27 playahater| <iframe name="mainBody" src="index.php" border="0" scrolling="auto"
15:27 playahater| marginwidth="0" marginheight="0" frameborder="0" vspace="0" hspace="0"
15:27 playahater| style="position: fixed; left: 0px; top: 0px; width: 100%; height: 100%; _overflow: hidden;"> </iframe>
15:27 playahater| http://veskomicovic.com/
--- Log closed Wed Apr 06 15:33:06 2011
--- Log opened Wed Apr 06 15:59:39 2011
15:59 Closing query with tijanaognjanovic_
--- Log closed Wed Apr 06 15:59:39 2011
--- Log opened Wed Apr 20 16:13:25 2011
16:13 Starting query in Bitlbee with tijanaognjanovic_
16:13 playahater| http://192.168.0.131/auth/dsl_login/nojs/
16:13 Closing query with tijanaognjanovic_
--- Log closed Wed Apr 20 16:13:27 2011
--- Log opened Wed Apr 20 17:22:36 2011
17:22 Starting query in Bitlbee with tijanaognjanovic_
17:22 playahater| if ((arg(0) == 'node') && (arg(2) == 'edit')){
--- Log closed Wed Apr 20 17:27:41 2011
--- Log opened Wed Apr 20 17:47:39 2011
17:47 Closing query with tijanaognjanovic_
--- Log closed Wed Apr 20 17:47:39 2011
