--- Log opened Tue Jun 01 12:31:19 2010
12:31 Starting query in Bitlbee with topalovicp
12:31 topalovicp| prikans
12:31 topalovicp| shta se radi
12:31 topalovicp| si danbu
--- Log closed Tue Jun 01 12:36:37 2010
--- Log opened Tue Jun 01 12:40:47 2010
12:40          <-- topalovicp has quit irc
12:44          <-- topalovicp has quit irc
--- Log closed Tue Jun 01 12:50:37 2010
--- Log opened Tue Jun 01 12:52:46 2010
12:52 Closing query with topalovicp
--- Log closed Tue Jun 01 12:52:46 2010
--- Log opened Thu Sep 16 14:30:32 2010
14:30 Starting query in Bitlbee with topalovicp
14:30 topalovicp| drugare..
14:30 topalovicp| da nisi sade budan
14:30 topalovicp| hmmmmm
14:31 topalovicp| izgleda da opet spavash
14:31 topalovicp| :D
14:32          <-- topalovicp has quit irc
--- Log closed Thu Sep 16 14:37:42 2010
--- Log opened Thu Sep 16 15:11:39 2010
15:11          <-- topalovicp has quit irc
--- Log closed Thu Sep 16 15:16:42 2010
--- Log opened Thu Sep 16 17:16:56 2010
17:16 Closing query with topalovicp
--- Log closed Thu Sep 16 17:16:56 2010
--- Log opened Wed Feb 16 10:32:20 2011
10:32 Starting query in Bitlbee with topalovicp
10:32 topalovicp| drugare..
10:32 topalovicp| si li tujne
10:33 topalovicp| ja se malko zeznuo..
10:33 topalovicp| nisam promenio tvoj broj pa ti slao porukice na 061
10:34 topalovicp| tek sam se sd setio da si menja pa video na mail-u
10:34 topalovicp| tedo da vim kakoj si..
10:34 topalovicp| mrdash li..
10:35 topalovicp| shat se deshava..
10:35 topalovicp| ima li kojih novisti
--- Log closed Wed Feb 16 10:41:05 2011
--- Log opened Wed Feb 16 11:06:40 2011
11:06 topalovicp| au bre prikane..
11:06 topalovicp| nema da te nadjem..
11:07 topalovicp| i zvrcam i kuckam..
11:07 topalovicp| a tebe te nema :)
--- Log closed Wed Feb 16 11:13:05 2011
--- Log opened Wed Feb 16 11:26:30 2011
11:26          <-- topalovicp has quit irc
--- Log closed Wed Feb 16 11:32:05 2011
--- Log opened Wed Feb 16 14:35:17 2011
14:35 Closing query with topalovicp
--- Log closed Wed Feb 16 14:35:17 2011
--- Log opened Wed Feb 16 18:49:59 2011
18:49 Starting query in Bitlbee with topalovicp
18:49 topalovicp| zvrrrrrrrrrrr..
18:50 topalovicp| opet ja
18:50 topalovicp| :)
18:52 topalovicp| ok..
18:52 topalovicp| opet sam corak.. :)
18:53 topalovicp| nistak..peckaj kad si free
18:53 topalovicp| pozzz.
--- Log closed Wed Feb 16 18:59:05 2011
--- Log opened Wed Feb 16 19:24:33 2011
19:24          <-- topalovicp has quit irc
--- Log closed Wed Feb 16 19:30:05 2011
--- Log opened Wed Feb 16 19:30:48 2011
19:30          <-- topalovicp has quit irc
--- Log closed Wed Feb 16 19:36:05 2011
--- Log opened Wed Feb 16 19:48:00 2011
19:48          <-- topalovicp has quit irc
--- Log closed Wed Feb 16 19:53:05 2011
--- Log opened Wed Feb 16 19:56:31 2011
19:56 Closing query with topalovicp
--- Log closed Wed Feb 16 19:56:31 2011
--- Log opened Fri Feb 25 21:41:35 2011
21:41 Starting query in Bitlbee with topalovicp
21:41 topalovicp| drugare...
21:41 topalovicp| \iv li si
21:41 topalovicp| murdash li
21:43          <-- topalovicp has quit irc
21:44          <-- topalovicp has quit irc
--- Log closed Fri Feb 25 21:49:16 2011
--- Log opened Sat Feb 26 13:36:28 2011
13:36 Closing query with topalovicp
--- Log closed Sat Feb 26 13:36:28 2011
--- Log opened Thu Apr 14 14:31:22 2011
14:31 Starting query in Bitlbee with topalovicp
14:31 topalovicp| drugare..zivko li si
--- Log closed Thu Apr 14 14:37:02 2011
--- Log opened Thu Apr 14 14:48:46 2011
14:48 Closing query with topalovicp
--- Log closed Thu Apr 14 14:48:46 2011
