--- Log opened Sun Feb 28 14:49:51 2010
14:49 [u1403701117(u1403701117@chat.facebook.com)] bratac
14:50 [u1403701117(u1403701117@chat.facebook.com)] malo mi fali da mi se skine pes 2010 
14:50 [u1403701117(u1403701117@chat.facebook.com)] jel treba ja posle nesto da krekujem,unzip-ujem
14:50 [u1403701117(u1403701117@chat.facebook.com)] ili tako nesto,pre nego sto ga narezem
--- Log closed Sun Feb 28 14:56:12 2010
--- Log opened Sun Feb 28 15:04:41 2010
15:04 [u1403701117(u1403701117@chat.facebook.com)] kako li si zelen a ne pises mi
15:04 [u1403701117(u1403701117@chat.facebook.com)] znaci da si na fb a kuliras me
--- Log closed Sun Feb 28 15:10:12 2010
--- Log opened Sun Feb 28 15:45:30 2010
15:45 [msg(u1403701117)] ne .. nego to znachi da samo nisam do kraja nabudzio svoj chat  klijent ..
15:46 [msg(u1403701117)] drugim rechima .. ja na chat nisam nakachen preko web facebook-a .. ;)
--- Log closed Sun Feb 28 15:52:12 2010
--- Log opened Sun Feb 28 15:57:35 2010
15:57 [u1403701117(u1403701117@chat.facebook.com)] grrrrrrrrrrrrrr
15:58 [msg(u1403701117)] shta ti nije jasno? :)
15:58 [u1403701117(u1403701117@chat.facebook.com)] kas skinem onu igricu
15:58 [u1403701117(u1403701117@chat.facebook.com)] treba nesto da pripremim rezanje
15:58 [u1403701117(u1403701117@chat.facebook.com)] ili samo rezem
15:59 [msg(u1403701117)] e .. pa .. jebem li ga .. zavisi od igre .. 
15:59 [u1403701117(u1403701117@chat.facebook.com)] ha ha
15:59 [msg(u1403701117)] mora pogledash neki README.txt ili readme.txt .. 
15:59 [u1403701117(u1403701117@chat.facebook.com)] pa sta sad mi nindze da radimo
16:00 [msg(u1403701117)] nishta nije napamet .. ne brini .. 
16:00 [u1403701117(u1403701117@chat.facebook.com)] sta sa tim
16:00 [u1403701117(u1403701117@chat.facebook.com)]  da radim
16:00 [msg(u1403701117)] sve .. ali apsolutno sve pishe ..
16:00 [msg(u1403701117)] samo treba da chitash ..
16:01 [msg(u1403701117)] nachi .. sedi i chitaj .. sve shto moz da se prochita iz toga shto si skinuo .. sedi i chitaj .. ako ne nadjesh nishta za chitanje .. rezhi .. ;)
--- Log closed Sun Feb 28 16:06:12 2010
--- Log opened Sun Feb 28 16:23:48 2010
16:23 Starting query in Bitlbee with u1403701117
16:24 playahater| kolki je taj fajl shto si skinuo?
--- Log closed Sun Feb 28 16:29:12 2010
--- Log opened Sun Feb 28 16:30:37 2010
16:30 playahater| set
16:31 u1403701117| 1.6 gb\
16:32 playahater| hmm..da .. dobro ..
16:33 u1403701117| sta je dobro
16:33 playahater| u svakom sluchaju .. rezesh ga kao iso file .. a ne kao video fajl ili sliku
16:33 u1403701117| zasto je dobro
16:33 u1403701117| neam pojma da rezem
16:33 u1403701117| :(
16:34 playahater| jebiga,a?
16:34 playahater| :)
16:34 u1403701117| aha
16:34 playahater| ne znash kako da narezesh iso file ??
16:34 playahater| e jebiga ..
16:34 playahater| google .. ;)
16:35 u1403701117| ha ha
16:35 u1403701117| ne mogu
16:35 u1403701117| kad skinem,cekam tebe,pa ce mi ti objasnis
16:35 u1403701117| rezacemo zajedno
16:35 playahater| ti si bash siguran u to,a? .. 
16:35 u1403701117| kad si rezao za maca maru
16:35 playahater| :)
16:36 playahater| hehe
16:36 playahater| e munem ..
16:36 u1403701117| ja kazem ,daj ja da rezem da me naucis
16:36 u1403701117| zurimo sad :P
16:36 playahater| sedeo si pored mene .. 
16:36 playahater| ;)
16:36 u1403701117| ma jedo g
16:36 u1403701117| jedi *
16:36 playahater| e munem
16:36 u1403701117| cukam
16:37 playahater| zgnjitam
16:37 u1403701117| nabivam
16:37 u1403701117| butam
16:37 playahater| oprem ..
16:37 u1403701117| nije to ta imenica :P
16:37 u1403701117| oprem
16:38 u1403701117| ne uklapa se u redosled
16:38 playahater| u pravu si .. to i nisu imenice .. ;)
16:38 playahater| :D
16:38 u1403701117| \ma jedi g
16:38 u1403701117| pa znam
16:38 u1403701117| nego se zebavam
16:39 playahater| a gde tjale, lebati, planira da pika tu fucu?
16:40 u1403701117| na sps
16:40 u1403701117| sony play station
16:40 playahater| ajde?
16:40 u1403701117| :
16:40 u1403701117| boban iznajmljuje
16:40 playahater| a na kojoj lokaciji?
16:40 playahater| aaaaa .. ne seri .. hehe
16:41 u1403701117| al za daksona dz
16:41 playahater| ne seri,a?
16:41 playahater| hehe
16:41 playahater| pa svuci onda vishe igara .. pa narezi ..
16:42 u1403701117| sve mu dz radimo a on nas jebe pa nas nepokriva
16:42 u1403701117| cekj dok obrne ovu
16:42 playahater| to je umetje ..
16:42 playahater| :)
--- Log closed Sun Feb 28 16:48:12 2010
--- Log opened Sun Feb 28 17:07:52 2010
17:07 Closing query with u1403701117
--- Log closed Sun Feb 28 17:07:52 2010
--- Log opened Sun Feb 28 18:15:18 2010
18:15 Starting query in Bitlbee with u1403701117
18:15 u1403701117| qq
18:15 u1403701117| stade mi ovo na 91  posto
--- Log closed Sun Feb 28 18:21:12 2010
