--- Log opened Thu Jun 17 01:20:36 2010
01:20 Starting query in Bitlbee with vlada019
01:20 playahater| ajmo sad svi polako na spavanje .. 
01:20 playahater| brzooo !!!
01:20 playahater| :)
01:20 Closing query with vlada019
--- Log closed Thu Jun 17 01:20:47 2010
--- Log opened Thu Jun 17 01:22:03 2010
01:22 Starting query in Bitlbee with vlada019
01:22 vlada019| seljo!!
01:22 vlada019| :)
01:22 vlada019| :p
01:22 vlada019| mora pogledam nešto za fax!! :B
01:22 vlada019| B)
--- Log closed Thu Jun 17 01:27:47 2010
--- Log opened Thu Jun 17 01:31:24 2010
01:31          <-- vlada019 has quit irc
--- Log closed Thu Jun 17 01:36:47 2010
--- Log opened Thu Jun 17 01:43:39 2010
01:43 Closing query with vlada019
--- Log closed Thu Jun 17 01:43:39 2010
--- Log opened Sat Oct 02 12:02:32 2010
12:02 Starting query in Bitlbee with vlada019
12:02 vlada019| bleja teretana bleja
12:02 vlada019| mada umesto bleja treba da stoji knjiga!
--- Log closed Sat Oct 02 12:08:41 2010
--- Log opened Sat Oct 02 12:15:54 2010
12:15          <-- vlada019 has quit irc
--- Log closed Sat Oct 02 12:21:41 2010
--- Log opened Sat Oct 02 18:39:56 2010
18:39 Closing query with vlada019
--- Log closed Sat Oct 02 18:39:56 2010
--- Log opened Thu Dec 16 17:52:15 2010
17:52 Starting query in Bitlbee with vlada019
17:52 vlada019| jebiga!!
17:52          <-- vlada019 has quit irc
17:52 playahater| vaistinu
17:52 Closing query with vlada019
--- Log closed Thu Dec 16 17:52:50 2010
--- Log opened Thu Dec 23 20:18:18 2010
20:18 Starting query in Bitlbee with vlada019
20:18 playahater| a sveska?
20:18 Closing query with vlada019
--- Log closed Thu Dec 23 20:18:19 2010
--- Log opened Thu Dec 23 20:18:38 2010
20:18 Starting query in Bitlbee with vlada019
20:18 vlada019| hehe...
20:18 vlada019| jebeš sveZku!
20:18 playahater| Zvesku
20:18 playahater| :)
20:19 vlada019| oćeš u budimpeštu 2 noći za 40 eu!?
20:19 vlada019| idemo kolicima...
20:19 playahater| kaD
20:19 vlada019| apartman..
20:19 vlada019| 31 i 1
20:19 playahater| aa .. to za novaka ..
20:20 vlada019| aha
20:20 playahater| pa jebem li ga .. 
20:20 playahater| pravo ti ka`em .. planirao sam da izblejim za dz za novaka ..
20:20 playahater| maximalno se shtekam ..
20:20 playahater| shto zimovanje .. shto shkolarina ..
20:20 playahater| do kad da ti javim?
20:20 playahater| do .. odma
20:20 playahater| :)
20:20 vlada019| do utre...
20:21 playahater| moze ..
20:21 playahater| ko ide
20:21 vlada019| peja i ja
20:22 playahater| ne seri .. pa lepo ..
20:22 playahater| sht obash peshta?
20:25 vlada019| smorio BG
20:25 vlada019| :)
20:26 playahater| validno
20:26 playahater| :)
20:26 playahater| a tamo neki dochek trg .. levo-desno .. ili .. ??
20:27 vlada019| jasno...
20:28 playahater| skroz
--- Log closed Thu Dec 23 20:33:40 2010
--- Log opened Thu Dec 23 20:38:16 2010
20:38 playahater| otisho sam doma ..
20:38 playahater| ajd .. pingujem te sutra ako se reshim ..
20:38 playahater| :)
--- Log closed Thu Dec 23 21:41:28 2010
--- Log opened Thu Dec 23 21:42:11 2010
21:42 Closing query with vlada019
--- Log closed Thu Dec 23 21:42:11 2010
--- Log opened Thu Dec 23 22:27:25 2010
22:27 Starting query in Bitlbee with vlada019
22:27 vlada019| barabo!
22:27 vlada019| :)
22:28 vlada019| ja rezervisao gajbu u budimpešti, pa ti javi do nedelje da l' će ideš... do tad ti čuvam mesto...
22:30 playahater| dogovoreto
--- Log closed Thu Dec 23 22:36:28 2010
--- Log opened Thu Dec 23 22:48:09 2010
22:48          <-- vlada019 has quit irc
--- Log closed Thu Dec 23 22:53:28 2010
--- Log opened Thu Dec 23 23:04:08 2010
23:04 Closing query with vlada019
--- Log closed Thu Dec 23 23:04:08 2010
