--- Log opened Thu Nov 11 13:35:45 2010
13:35 Starting query in Bitlbee with vladimirmitrovic
13:35 playahater| https://drupal.org/node/906006
--- Log closed Thu Nov 11 13:41:35 2010
--- Log opened Thu Nov 11 13:55:44 2010
13:55 Closing query with vladimirmitrovic
--- Log closed Thu Nov 11 13:55:44 2010
--- Log opened Tue Nov 16 15:21:48 2010
15:21 Starting query in Bitlbee with vladimirmitrovic
15:21 vladimirmitrovic| kako da dumpujem sve sto imam u view
15:22 playahater| ja to radim sa print_r ($view);
15:22 vladimirmitrovic| znaci $view u sebi sadrzi sve promenljive 
15:23 playahater| $view = views_embed_view($name, $display_id = 'default')
15:23 playahater| print_r ($view);
15:23 playahater| to je moja procedura ..
15:23 vladimirmitrovic| aha, ok, prvo treba se embeduje
15:23 playahater| pa da .. :) ..
--- Log closed Tue Nov 16 15:28:57 2010
--- Log opened Tue Nov 16 15:49:46 2010
15:49 Closing query with vladimirmitrovic
--- Log closed Tue Nov 16 15:49:46 2010
--- Log opened Tue Nov 23 11:30:00 2010
11:30 Starting query in Bitlbee with vladimirmitrovic
11:34          <-- vladimirmitrovic has quit irc
--- Log closed Tue Nov 23 11:40:04 2010
--- Log opened Tue Nov 23 11:46:33 2010
11:46          <-- vladimirmitrovic has quit irc
11:47 Closing query with vladimirmitrovic
--- Log closed Tue Nov 23 11:47:07 2010
--- Log opened Tue Nov 23 16:29:38 2010
16:29 Starting query in Bitlbee with vladimirmitrovic
16:29 vladimirmitrovic| Skinuo sam OSM i nesto nisam zadovoljan, skinuo sam kao neke mape za Srbiju al bez net ne jebe nesto da radi 
16:29 vladimirmitrovic| nekako me ne slusa
--- Log closed Tue Nov 23 16:35:04 2010
--- Log opened Tue Nov 23 16:40:00 2010
16:40 vladimirmitrovic| nema, nema od ovej mape nista 
16:41 vladimirmitrovic| celo ga Vlasotince nema a znas li google da me ponekad i iznenadi, ima ga svaki selski puteljak...
16:44 playahater| eee .. pa osm je community based mapa ..
16:44 playahater| odesh u vlasotince i dok proshetash kera .. izmapirash grad ..
16:44 playahater| za download ima varijanta da se iskeshiraju mape .. jeste malo na kant .. al moze ..
16:45 playahater| mada u principu meni je ok da vuchem to preko 3g-a
16:45 vladimirmitrovic| ma skinuo sam al dzaba, nisu dobre
16:45 vladimirmitrovic| nebi smeo da se oslonim na nji
16:45 vladimirmitrovic| u google mogu da se zakunem 
16:46 vladimirmitrovic| al gledam da nadjem neku alternativu za Bec kad budem iso 
16:46 playahater| pa da .. u principu ne .. nisu tako dobre kao google .. ali polako .. ;) .. radimo na tome .. :)
16:46 vladimirmitrovic| a alternativa ce bude da cu ostampam google maps i sa jedno 5-6 papira cu si podjem na put 
16:47 vladimirmitrovic| letos u grcku kad sam bio, 20 evra mi naplatili samo sto sam Bogdanu poslao izvestaj 
16:48 vladimirmitrovic| sve zajedno nije bilo vise od 0.5Mb protoka
16:48 playahater| ma ne bre .. imash ozbiljne mape koje moz da terash na to chudo ..
16:48 playahater| tipa ..
16:48 playahater| igo
16:48 playahater| igo ima prejebene mape .. samo je jebada malo instalirati ga ..
16:48 playahater| treba se krekuje .. se jebavaju klechke ..
16:48 playahater| ali trenutno nemash bolju soluciju ...
16:48 playahater| + ti ne treba net
16:49 playahater| :)
16:50 Closing query with vladimirmitrovic
--- Log closed Tue Nov 23 16:50:53 2010
--- Log opened Fri Nov 26 12:38:40 2010
12:38 Starting query in Bitlbee with vladimirmitrovic
12:38 playahater| http://drupal.org/node/305747
--- Log closed Fri Nov 26 12:44:26 2010
--- Log opened Fri Nov 26 12:46:01 2010
12:46 Closing query with vladimirmitrovic
--- Log closed Fri Nov 26 12:46:01 2010
--- Log opened Tue Nov 30 11:31:50 2010
11:31 Starting query in Bitlbee with vladimirmitrovic
11:31 playahater| jel imash usb kabel za fontele ? .. opet sam zaboravio .. a u crveno sam .. :)
11:31 Closing query with vladimirmitrovic
--- Log closed Tue Nov 30 11:31:55 2010
--- Log opened Tue Nov 30 11:32:19 2010
11:32 Starting query in Bitlbee with vladimirmitrovic
11:32 vladimirmitrovic| pa bre brate kalibrisi ga malo duze da traje ;)
11:32 vladimirmitrovic| imam
11:32 playahater| pa netje kad ga stalno drkam .. da izvinesh .. :0
11:32 playahater| tju svrnem da ga pokupim .. 
11:33 playahater| :)
11:33 playahater| imam strujni zavrshetak .. :)
11:33 playahater| bar neshto .. 
11:33 playahater| :)
11:33 vladimirmitrovic| ide bolje na struju 
--- Log closed Tue Nov 30 11:38:58 2010
--- Log opened Tue Nov 30 12:42:01 2010
12:42 Closing query with vladimirmitrovic
--- Log closed Tue Nov 30 12:42:01 2010
--- Log opened Fri Dec 03 18:49:29 2010
18:49 Starting query in Bitlbee with vladimirmitrovic
18:49 vladimirmitrovic| Jos li si u preduzece?
18:50 vladimirmitrovic| Ako jesi posalji mi backup baze na mail, setio sam se kako da resim mms preview
18:50 playahater| :)
18:50 Closing query with vladimirmitrovic
--- Log closed Fri Dec 03 18:50:59 2010
--- Log opened Fri Dec 24 12:15:51 2010
12:15 Starting query in Bitlbee with vladimirmitrovic
12:15 vladimirmitrovic| ja bi mozda i unsetovo ovaj original, jer ti ustvari kad rotiras radis to za sve slicice
12:16 vladimirmitrovic| ne znam sta ti znaci original path uopste kad ces sve jedno da je izrotiras
12:17 playahater| pa da .. znam .. ali to sam modul pravi dve iste varijante ..
12:17 playahater| jel mogu u moju metodu da unset-ujem taj key?
12:17 vladimirmitrovic| e pa onda je preskoci sa key
12:17 vladimirmitrovic| pa mozes 
12:18 playahater| kako?
12:18 playahater| :)
12:18 vladimirmitrovic| unset($nesto['images']['_original']);
--- Log closed Fri Dec 24 12:24:16 2010
--- Log opened Fri Dec 24 12:38:37 2010
12:38 Closing query with vladimirmitrovic
--- Log closed Fri Dec 24 12:38:37 2010
--- Log opened Fri Dec 24 13:08:58 2010
13:08 Starting query in Bitlbee with vladimirmitrovic
13:12 Closing query with vladimirmitrovic
--- Log closed Fri Dec 24 13:12:24 2010
--- Log opened Fri Dec 24 14:56:43 2010
14:56 Starting query in Bitlbee with vladimirmitrovic
14:57 playahater| m3com_arsel.module linija  850-857
--- Log closed Fri Dec 24 15:02:16 2010
--- Log opened Fri Dec 24 15:04:09 2010
15:04 playahater| nije do post 
15:04 playahater| :(
15:04 playahater| kad mu sklonim taj text box .. radi .. akd je tu .. ne radi ..
15:05 vladimirmitrovic| preimenuj mu to polje cisto da vidis, tu garan neki JS hvata neki msg_text tj taj ID i drka stvar
15:05 vladimirmitrovic| preimenuj ga da vidis kako ce se ponasa
15:05 playahater| ok
15:06 playahater| to je to .. :0
15:06 playahater| :)
15:07 vladimirmitrovic| on na SMS formu treba da ucita JS i taj JS radi sa tim poljem, e sad na MMS formu to ne treba da bude ukljuceno
15:07 vladimirmitrovic| tj JS koji na SMS formi radi ne treba da radi na MMS, to je onaj JS counter 
15:07 vladimirmitrovic| a on ocigledno radi, trazi taj field po ID i buguje
15:08 vladimirmitrovic| istrazi kako radi counter i proveri da se ne ucitava na MMS formu
15:08 playahater| al taj counter se ne uchitava na mms .. 
15:08 playahater| nije do njega .. :/
15:08 vladimirmitrovic| nesto se ocigledno ucitava
15:08 playahater| ochigledno .. :)
15:08 vladimirmitrovic| pored taj counter js ide jos nesto sigurno
15:09 vladimirmitrovic| pogledaj u firebug dal imas neki js error
15:09 vladimirmitrovic| to Bojcha kad napravi, to ti je
15:10 playahater| to sve vreme i gledam .. jedina razlika izmedju mms i sms je shto sms ima counter.js vishe ..
15:10 playahater| ostalo, bar kako kaze firebug je isto ..
15:10 playahater| al kad promenim id tog textbox-a .. onda radi dropdown ..
15:10 playahater| malo se pojebe css .. pobegne levo .. al to je manji problem
15:11 vladimirmitrovic| pa ti si bio jednom disableovo prikaz bas za tu MMS stranu
15:11 vladimirmitrovic| tj onaj meni
15:11 vladimirmitrovic| svuda mi je radio meni osim tu
15:14 playahater| sad je enabled na ceo m3com ..
15:14 playahater| i jebe samo na mms ..
15:14 playahater| sad tju ga ubudzim ..
15:14 playahater| :)
15:15 vladimirmitrovic| pa mozemo da preimenujemo to polje
15:15 vladimirmitrovic| isprati celu logiku ako ga menjas 
15:15 vladimirmitrovic| da udje u DB, mada bolje ja to da uradim
15:16 vladimirmitrovic| to terba sad i kroz migraciju da se obrati paznja
15:16 vladimirmitrovic| ne znam, jel imas neko drugo resenje
15:19 playahater| hmmm .. pa evo sad gledam ..
15:20 playahater| mogutje da ima neko drugo .. al ga ne vidim .. :(
15:20 vladimirmitrovic| uradi mu string replace za msg_text
15:20 vladimirmitrovic| u message_text
15:21 vladimirmitrovic| idi korak po korak i gledaj sta replacujes
15:21 vladimirmitrovic| da se ne zajebemo nesto 
15:21 playahater| ae da probam ..
15:21 playahater| mada dobro .. zato je tu git .. ;) ..
15:22 vladimirmitrovic| prodji kroz ceo arsel
15:22 vladimirmitrovic| ajd
15:23 playahater| upravo to radim ..
--- Log closed Fri Dec 24 15:28:16 2010
--- Log opened Fri Dec 24 15:42:58 2010
15:42          <-- vladimirmitrovic has quit irc
--- Log closed Fri Dec 24 15:48:16 2010
--- Log opened Fri Dec 24 16:17:46 2010
16:17 Closing query with vladimirmitrovic
--- Log closed Fri Dec 24 16:17:46 2010
--- Log opened Mon Dec 27 13:56:14 2010
13:56 Starting query in Bitlbee with vladimirmitrovic
14:00 playahater| jel si nasho kako se budi form autocomplete?
14:00 vladimirmitrovic| nisam radio na tome
14:00 vladimirmitrovic| nije tolko bitno za sada
14:00 playahater| aha .. ok ..
14:01 playahater| stavitju hint na redmine .. 
--- Log closed Mon Dec 27 14:06:07 2010
--- Log opened Mon Dec 27 14:51:43 2010
14:51 Closing query with vladimirmitrovic
--- Log closed Mon Dec 27 14:51:43 2010
--- Log opened Tue Jan 11 16:59:29 2011
16:59 Starting query in Bitlbee with vladimirmitrovic
17:00 playahater| sites/all/libraries/m3com_api/arsel/M3com_HTTPRequest.php =>  Fatal error on line 3
17:00 playahater| kad probam da uletim u arsel panel .. izbaci mi tu greshku ..
17:00 playahater| rekoh samo ti javim .. :) ..
17:00 vladimirmitrovic| iz lokal ako ides 
17:01 vladimirmitrovic| nemas pear net/socket paket
17:01 playahater| aaa .. ok .. jasno ..
17:01 vladimirmitrovic| tj HTTP/Request.php paket
17:02 vladimirmitrovic| tj nemas pear uopste 
17:02 playahater| da da .. jasno .. :)
17:02 vladimirmitrovic| a i ne radi API
17:02 vladimirmitrovic| komplet
17:02 playahater| znachi havarija ..
17:02 playahater| :)
17:03 vladimirmitrovic| slao sam im malopre jedan ljubazan mail kao u fazonu da provere da li mozda u poslednjih para dana imaju problema sa APIjem a imaju ga vec vise od 2 meseca
17:03 vladimirmitrovic| i dobijem ljubazni odgovor da trenutno rade na tome 
17:04 vladimirmitrovic| mislim, radice jos jako dugo 
--- Log closed Tue Jan 11 17:09:34 2011
--- Log opened Tue Jan 11 17:49:54 2011
17:49 Closing query with vladimirmitrovic
--- Log closed Tue Jan 11 17:49:54 2011
--- Log opened Fri Jan 14 16:31:12 2011
16:31 Starting query in Bitlbee with vladimirmitrovic
16:31 vladimirmitrovic| ajd dodji ovam
16:31 playahater| eve stizem ..
--- Log closed Fri Jan 14 16:36:49 2011
--- Log opened Fri Jan 14 16:45:20 2011
16:45 playahater| http://drupal.org/node/305225
16:45 playahater| probaj da mu dash full path
16:45 playahater| $file (required): The file to be played. If it is a SWF file it will usually be embedded directly. Use a full URL, a path relative to webroot, or a path relative to the configured files directory.
16:50 playahater| evo jedan primer koji je titja koristila .. i njoj je radilo ..
16:50 playahater|  print swf($node->field_video[0]['filepath'], array('params' =>  array('height' => '600', 'width' => '800', 'wmode' => 'opaque','bgcolor' => '', 'movie' => 'http://orange.ledjam.com/flv/player.swf')));
16:50 playahater| ti samo skloni taj player ..
16:51 playahater| mogutje da te path drka .. probaj sa basepath() .. 
--- Log closed Fri Jan 14 16:56:49 2011
--- Log opened Fri Jan 14 17:00:56 2011
17:00 Closing query with vladimirmitrovic
--- Log closed Fri Jan 14 17:00:56 2011
--- Log opened Fri Jan 14 17:09:37 2011
17:09 Starting query in Bitlbee with vladimirmitrovic
17:09 playahater| nabudzi li ga?
17:09 playahater| jel proshlo?
17:09 Closing query with vladimirmitrovic
--- Log closed Fri Jan 14 17:09:43 2011
--- Log opened Fri Jan 14 17:09:46 2011
17:09 Starting query in Bitlbee with vladimirmitrovic
17:09 vladimirmitrovic| ma naso sam u cemu je problem 
17:10 vladimirmitrovic| moram da skinem swf tools da uporedim, ovo sto imamo u swf tools folder (flowplayer i flowplayer3) nije uopste kompatibilno 
17:11 vladimirmitrovic| mislio sam da je to doslo sa swf tools
17:11 vladimirmitrovic| al pitanje
--- Log closed Fri Jan 14 17:16:49 2011
--- Log opened Fri Jan 14 17:40:19 2011
17:40 Closing query with vladimirmitrovic
--- Log closed Fri Jan 14 17:40:19 2011
--- Log opened Sun Jan 30 14:24:13 2011
14:24 Starting query in Bitlbee with vladimirmitrovic
14:24 vladimirmitrovic| http://www.angrydonuts.com/ctools-presentation-slides-and-example-code
14:24 vladimirmitrovic| ako ovo ne prodje da ga jebem 
14:28 vladimirmitrovic| http://www.portal-srbija.com/ugostiteljstvo/restorani/luda-kuca-kineski-fast-food/
14:29 vladimirmitrovic| pohovana teletina sa sargarepom, krastavcem i pecurkama
--- Log closed Sun Jan 30 14:35:25 2011
--- Log opened Sun Jan 30 14:38:21 2011
14:38          <-- vladimirmitrovic has quit irc
--- Log closed Sun Jan 30 14:43:25 2011
--- Log opened Sun Jan 30 15:15:56 2011
15:15 Closing query with vladimirmitrovic
--- Log closed Sun Jan 30 15:15:56 2011
--- Log opened Sun Jan 30 19:36:24 2011
19:36 Starting query in Bitlbee with vladimirmitrovic
19:36 vladimirmitrovic| http://www.tuxradar.com/practicalphp/2/6/3
--- Log closed Sun Jan 30 19:41:25 2011
--- Log opened Sun Jan 30 20:03:52 2011
20:03 Closing query with vladimirmitrovic
--- Log closed Sun Jan 30 20:03:52 2011
--- Log opened Wed Feb 02 17:23:42 2011
17:23 Starting query in Bitlbee with vladimirmitrovic
17:23 playahater| http://redmine.diwanee.com/issues/1305
--- Log closed Wed Feb 02 17:29:37 2011
--- Log opened Wed Feb 02 17:43:12 2011
17:43 Closing query with vladimirmitrovic
--- Log closed Wed Feb 02 17:43:12 2011
--- Log opened Thu Feb 03 15:36:06 2011
15:36 Starting query in Bitlbee with vladimirmitrovic
15:36 playahater| pull pls .. :)
15:36 Closing query with vladimirmitrovic
--- Log closed Thu Feb 03 15:36:12 2011
--- Log opened Fri Feb 04 11:08:10 2011
11:08 Starting query in Bitlbee with vladimirmitrovic
11:08 playahater| Fatal error: Call to undefined function m3com_dropbox_get_user_params() in /Volumes/nk/Apaches/m3com/sites/all/modules/custom/m3com_auth/m3com_auth.module on line 101
11:08 Closing query with vladimirmitrovic
--- Log closed Fri Feb 04 11:08:17 2011
--- Log opened Fri Feb 04 19:08:59 2011
19:08 Starting query in Bitlbee with vladimirmitrovic
19:09 playahater| http://www.hunlock.com/blogs/Mastering_Javascript_Arrays
19:13 Closing query with vladimirmitrovic
--- Log closed Fri Feb 04 19:13:18 2011
--- Log opened Sun Feb 06 17:45:53 2011
17:45 Starting query in Bitlbee with vladimirmitrovic
17:45 vladimirmitrovic| kako si radio dsl-credentials
17:46 vladimirmitrovic| ?
--- Log closed Sun Feb 06 17:51:26 2011
--- Log opened Sun Feb 06 18:35:40 2011
18:35          <-- vladimirmitrovic has quit irc
--- Log closed Sun Feb 06 18:41:26 2011
--- Log opened Sun Feb 06 19:26:56 2011
19:26          <-- vladimirmitrovic has quit irc
--- Log closed Sun Feb 06 19:32:26 2011
--- Log opened Sun Feb 06 20:12:42 2011
20:12          <-- vladimirmitrovic has quit irc
20:15          <-- vladimirmitrovic has quit irc
--- Log closed Sun Feb 06 20:20:26 2011
--- Log opened Sun Feb 06 20:28:33 2011
20:28          <-- vladimirmitrovic has quit irc
--- Log closed Sun Feb 06 20:34:26 2011
--- Log opened Sun Feb 06 20:38:49 2011
20:38          <-- vladimirmitrovic has quit irc
--- Log closed Sun Feb 06 20:44:26 2011
--- Log opened Sun Feb 06 23:35:30 2011
23:35          <-- vladimirmitrovic has quit irc
--- Log closed Sun Feb 06 23:41:26 2011
--- Log opened Sun Feb 06 23:52:20 2011
23:52          <-- vladimirmitrovic has quit irc
--- Log closed Sun Feb 06 23:57:26 2011
--- Log opened Mon Feb 07 00:09:10 2011
00:09          <-- vladimirmitrovic has quit irc
00:13          <-- vladimirmitrovic has quit irc
--- Log closed Mon Feb 07 00:18:26 2011
--- Log opened Mon Feb 07 00:46:51 2011
00:46          <-- vladimirmitrovic has quit irc
--- Log closed Mon Feb 07 00:52:26 2011
--- Log opened Mon Feb 07 00:53:22 2011
00:53          <-- vladimirmitrovic has quit irc
--- Log closed Mon Feb 07 00:58:26 2011
--- Log opened Mon Feb 07 01:13:05 2011
01:13          <-- vladimirmitrovic has quit irc
--- Log closed Mon Feb 07 01:18:26 2011
--- Log opened Mon Feb 07 01:30:32 2011
01:30          <-- vladimirmitrovic has quit irc
--- Log closed Mon Feb 07 01:36:26 2011
--- Log opened Mon Feb 07 01:48:27 2011
01:48          <-- vladimirmitrovic has quit irc
--- Log closed Mon Feb 07 01:54:26 2011
--- Log opened Mon Feb 07 11:32:52 2011
11:32 Starting query in Bitlbee with vladimirmitrovic
11:32 playahater| dechko ..
11:32 playahater| :)
11:33 playahater| ja juche prespavao ceo dan ..
11:33 playahater| :)
11:33 vladimirmitrovic| Lepo, lepo...
11:33 playahater| uglavnom .. u subotu sam prebudzio onu tvoju dsl formu .. prebacio je u m3com.misc .. i pozvao validaciju na submit
11:33 vladimirmitrovic| nema veze...
11:34 vladimirmitrovic| Ok sredio sam je, nisi ga bas ubo al blizu si bio...
11:35 vladimirmitrovic| Cu napravim i dsl login u dijalog
11:35 vladimirmitrovic| Ce ni treba megde ili je ti napravi ako ti treba...
11:35 vladimirmitrovic| ce se cujemo posle, mora nesto debugujem...
11:37 playahater| ok .. :)
--- Log closed Mon Feb 07 11:42:42 2011
--- Log opened Mon Feb 07 11:46:21 2011
11:46 Closing query with vladimirmitrovic
--- Log closed Mon Feb 07 11:46:21 2011
--- Log opened Wed Feb 09 15:57:04 2011
15:57 Starting query in Bitlbee with vladimirmitrovic
15:57 playahater| http://localhost/en/dsl-credentials
--- Log closed Wed Feb 09 16:02:46 2011
--- Log opened Wed Feb 09 16:04:40 2011
16:04 Closing query with vladimirmitrovic
--- Log closed Wed Feb 09 16:04:40 2011
--- Log opened Mon Feb 14 17:16:23 2011
17:16 Starting query in Bitlbee with vladimirmitrovic
17:16 vladimirmitrovic| imas sad m3com_auth_msisdn_load($uid, TRUE/FALSE) localni ili internacionalni format
--- Log closed Mon Feb 14 17:22:16 2011
--- Log opened Mon Feb 14 22:42:50 2011
22:42          <-- vladimirmitrovic has quit irc
--- Log closed Mon Feb 14 22:48:16 2011
--- Log opened Mon Feb 14 23:04:26 2011
23:04 Closing query with vladimirmitrovic
--- Log closed Mon Feb 14 23:04:26 2011
--- Log opened Wed Feb 16 18:42:28 2011
18:42 Starting query in Bitlbee with vladimirmitrovic
18:42 vladimirmitrovic| si pushovo?
18:48 playahater| pushovao
18:48 Closing query with vladimirmitrovic
--- Log closed Wed Feb 16 18:48:02 2011
--- Log opened Thu Feb 17 18:47:08 2011
18:47 Starting query in Bitlbee with vladimirmitrovic
18:47 vladimirmitrovic| kako ide dialog login url
18:47 vladimirmitrovic| jel dizes negde standardni user login 
18:47 playahater| pa da .. idi na tube kao anonimus i klikni upload video
18:48 playahater| ako sam te dobro razumeo :) ..
18:48 vladimirmitrovic| ima li nade za oni profili 
18:49 playahater| mislim da ima .. :)
18:49 playahater| upravo jurim ..
18:49 vladimirmitrovic| ajd cim budes siguran da si snimio ti mi javi 
18:50 playahater| narafski ..
18:50 playahater| sad tju da se potrudim da izjurim to .. a kasnije da bacimo pogled na ove slike i feedove .. :)
18:50 Closing query with vladimirmitrovic
--- Log closed Thu Feb 17 18:50:40 2011
--- Log opened Thu Feb 17 18:50:56 2011
18:50 Starting query in Bitlbee with vladimirmitrovic
18:50 vladimirmitrovic| moze
--- Log closed Thu Feb 17 18:56:19 2011
--- Log opened Thu Feb 17 19:01:47 2011
19:01 Closing query with vladimirmitrovic
--- Log closed Thu Feb 17 19:01:47 2011
--- Log opened Thu Feb 17 21:43:25 2011
21:43 Starting query in Bitlbee with vladimirmitrovic
21:43 vladimirmitrovic| resi li ga bwe
--- Log closed Thu Feb 17 21:49:19 2011
--- Log opened Thu Feb 17 22:38:13 2011
22:38 Closing query with vladimirmitrovic
--- Log closed Thu Feb 17 22:38:13 2011
--- Log opened Fri Feb 18 19:03:47 2011
19:03 Starting query in Bitlbee with vladimirmitrovic
19:03 playahater| drugare ..
19:03 playahater| si ziv?
19:03 playahater| :)
19:03 Closing query with vladimirmitrovic
--- Log closed Fri Feb 18 19:03:55 2011
--- Log opened Sun Feb 20 14:28:50 2011
14:28 Starting query in Bitlbee with vladimirmitrovic
14:28 vladimirmitrovic| Misko kazi mi samo koja je edit profile strana, posto kad se uloagujem kao devla i kliknem na link i baca me na 404
14:29 vladimirmitrovic| kao da aliasi ne rade
14:30 vladimirmitrovic| kako ide user/uid/edit/profile
14:31 vladimirmitrovic| OK, naso sam ali nije ta. meni treba edit account page ustvari 
14:31 vladimirmitrovic| to je ista kao register 
14:34 vladimirmitrovic| kako bre da dodjem na edit account page 
14:34 vladimirmitrovic| OK naso sam 
14:39 playahater| ehe .. tek sam sad video ..
14:39 playahater| bio kod bogija i ivana ..
14:39 playahater| user/uid/edit
14:39 playahater| user/uid/edit/profile
14:40 vladimirmitrovic| ok skontao sam 
--- Log closed Sun Feb 20 14:46:27 2011
--- Log opened Sun Feb 20 14:51:59 2011
14:51 vladimirmitrovic| Misko jel mozes tamo is misc da dodas onaj DSL fieldset na register i na edit account formu
14:52 vladimirmitrovic| jer to hookujem iz m3com_auth ali je to unsetovano
14:53 vladimirmitrovic| znaci vrati samo na dnu forme da stoji DSL fieldset
14:53 playahater| ok
14:53 vladimirmitrovic| pa pushuj i javi mi odma 
14:55 vladimirmitrovic| proveri u local kod sebe da li stoje ta DSL polja i za register i za edit pofile
14:55 vladimirmitrovic| posto cu pushujem to na dev da bi vido 
14:55 vladimirmitrovic| nemam bazu u lokalu
14:56 playahater| da da .. sreditju na formu na lokalu .. ako je ok .. radim push i pingujem te
14:56 vladimirmitrovic| ok
--- Log closed Sun Feb 20 15:02:27 2011
--- Log opened Sun Feb 20 15:14:31 2011
15:14 vladimirmitrovic| oce li Misko
15:15 vladimirmitrovic| jel treba samo da se skine unset na m3com_misc line 67
15:15 playahater| uradio sam to ..
15:16 playahater| al mi zaboo na lokalu .. pa chekam da mi uchita stranu .. da vidim da l je ok ..
15:16 vladimirmitrovic| ima ga i u line 147
15:16 playahater| da .. jeste .. na oba mesta je komentarisan unset red .. 
15:16 playahater| evo ga .. na register je dsl forma tu ..
15:17 playahater| samo josh da proverim na user/uid/edit/profile
15:17 playahater| i komitujem
15:17 vladimirmitrovic| aj proveri samo na edit profile 
15:17 vladimirmitrovic| ok
15:19 playahater| ne vidim je na user edit profile ..
15:20 playahater| chek da vidim shto se je pojavljuje ..
15:20 vladimirmitrovic| ajd, znao sam da ce bude neki sex, zato sam hteo da ti poglesad
15:20 playahater| :) ..
15:21 playahater| komitovatju ovo shto sam sad promenio ..
15:21 playahater| imash formu na register ,,
15:21 vladimirmitrovic| ok
15:21 playahater| kad je dobudzim na user edit .. komitujem i vichem
15:21 vladimirmitrovic| Ima li je Tica tamo, mozda ona zna
15:21 playahater| ne ..
15:22 playahater| medojevic, miroljub,ivan,bogdan i ja
15:22 vladimirmitrovic| ok, Bogi rece svi su tamo, lozi me malo
15:22 playahater| malo vishe .. :)
15:23 playahater| pazi .. isto .. brisali smo neke module.. devel, solr .. da znash samo ..
15:23 playahater| nishta bitno .. al su removed iz modules ..
15:23 vladimirmitrovic| znam, znam
15:23 playahater| pushovano
15:23 vladimirmitrovic| cuo sam da ga su ga Tica i Jeca ubile sa neki queryji
15:24 playahater| didi .. preterali ga ..
15:24 playahater| sad cele nedelje jurimo bloat i brishemo ..
15:24 playahater| nego danas treba ga osposobimo da dishe bar malo ..
15:24 playahater| jer umire na svaki tretji klik
15:24 playahater| uzas ..
15:24 playahater| varnish i memecache ne koristimo uopshte ..
15:25 playahater| zaobliazimo ih iz nekog razloga ..
15:25 vladimirmitrovic| ok, vidi molim te za edit profile da mogu da nastavim, malo sam tanak sa zivci, nerviram se sto ovako funkcionisu stvari a imam i posle na Arsel svasta da testiram 
15:26 vladimirmitrovic| e za to ne znam 
15:26 vladimirmitrovic| trebalo bi da ide preko varnisha
--- Log closed Sun Feb 20 15:31:27 2011
--- Log opened Sun Feb 20 15:50:33 2011
15:50 playahater| jebava me forma na user edit .. ne mogu da nadjem odakle je ona beshe ubachena tamo .. 
15:50 playahater| sklonio sam unset iz form_alter u m3com_misc .. al i dalje je nema ..
15:50 playahater| trazim ..
15:50 playahater| chim nadjem .. vichem ..
15:53 vladimirmitrovic| pa u m3com_auth sam je ja dodao, tj alterovao 
15:53 vladimirmitrovic| i to je radilo, nije nista menjano
15:54 vladimirmitrovic| e sad gde je to skinuto ne znam, mozda je promenjen form_id ili tako nesto 
15:54 playahater| mozda .. evo .. jurim ga ..
--- Log closed Sun Feb 20 16:00:27 2011
--- Log opened Sun Feb 20 16:05:44 2011
16:05 vladimirmitrovic| to znas da je bio drugi tab
16:06 vladimirmitrovic| mozda ti treba ono next dugme da bi se videlo
16:07 playahater| ma jok .. to next je bio obichan .js koji je pravio korak .. 
16:07 playahater| meni se dsl polja uopshte ne pojavljuju na formi ..
16:07 vladimirmitrovic| ok
16:07 vladimirmitrovic| koji je id forme 
16:07 playahater| 'user_profile_form'
16:07 vladimirmitrovic| pogledaj kako ih dodajem u m3com_auth
16:08 vladimirmitrovic| idem preko op
16:08 vladimirmitrovic| to je line 222
16:08 playahater| da .. vidim ..
16:09 vladimirmitrovic| to je ovo account category kad se desi 
--- Log closed Sun Feb 20 16:14:27 2011
--- Log opened Sun Feb 20 16:15:20 2011
16:15 playahater| to je to ..
16:15 playahater| imash na user/uid/edit i na register
16:16 playahater| tek sam sad video da shtampash formu na user/uid/edit samo kad nije setovana dsl rola ..
16:16 playahater| :\
16:17 vladimirmitrovic| e da
16:18 vladimirmitrovic| samo kad nisam DSL 
16:18 vladimirmitrovic| ok cepam dalje
16:18 vladimirmitrovic| hvala
16:18 playahater| pushovano ..
16:18 playahater| kolko vidim .. trebalo bi da su i validacije ok ..
16:18 vladimirmitrovic| to cu da proverim jos jednom ali mislim da je Ok
--- Log closed Sun Feb 20 16:24:27 2011
--- Log opened Sun Feb 20 16:39:01 2011
16:39 Closing query with vladimirmitrovic
--- Log closed Sun Feb 20 16:39:01 2011
--- Log opened Sun Feb 20 19:52:42 2011
19:52 Starting query in Bitlbee with vladimirmitrovic
19:52 playahater| drugare ..
19:52 playahater| jel si ti stavio var_dump na homepage ..
19:53 vladimirmitrovic| Na dev nesto radim
19:53 playahater| uchita mi login blok bez ikakvog css-a i vrati ..
19:53 playahater| string(1) "1"
19:53 playahater| Ok
19:53 playahater| aha ..
19:53 playahater| ok ..
19:53 playahater| ql
19:53 playahater| :)
19:53 vladimirmitrovic| To je webmail hendler
19:54 playahater| ok
19:54 vladimirmitrovic| radi si u lokalu neko vreme, nemoj da pullujes 
--- Log closed Sun Feb 20 20:00:27 2011
--- Log opened Sun Feb 20 20:27:48 2011
20:27          <-- vladimirmitrovic has quit irc
--- Log closed Sun Feb 20 20:33:27 2011
--- Log opened Sun Feb 20 20:47:07 2011
20:47 Closing query with vladimirmitrovic
--- Log closed Sun Feb 20 20:47:07 2011
--- Log opened Mon Feb 21 16:18:50 2011
16:18 Starting query in Bitlbee with vladimirmitrovic
16:18 playahater| drugare .. moze push?
16:19 playahater| updateovali smo drupalvb module .. pa nam treba nova verzija tamo na serveru
16:19 playahater| ae samo pinguj kad ga bacaish tamo
16:19 playahater| :)
16:19 Closing query with vladimirmitrovic
--- Log closed Mon Feb 21 16:19:29 2011
--- Log opened Mon Feb 21 16:20:20 2011
16:20 Starting query in Bitlbee with vladimirmitrovic
16:20 vladimirmitrovic| pushovanp
--- Log closed Mon Feb 21 16:25:54 2011
--- Log opened Mon Feb 21 16:33:41 2011
16:33 playahater| danke
16:33 playahater| :P
16:33 playahater| :)
16:33 Closing query with vladimirmitrovic
--- Log closed Mon Feb 21 16:33:46 2011
--- Log opened Wed Feb 23 17:31:43 2011
17:31 Starting query in Bitlbee with vladimirmitrovic
17:32 playahater| jel ima negde ovaj file na serveru pointView.php ?
--- Log closed Wed Feb 23 17:37:27 2011
--- Log opened Wed Feb 23 17:49:06 2011
17:49 vladimirmitrovic| pitaj Andriju 
--- Log closed Wed Feb 23 17:54:27 2011
--- Log opened Wed Feb 23 18:30:08 2011
18:30          <-- vladimirmitrovic has quit irc
--- Log closed Wed Feb 23 18:35:27 2011
--- Log opened Wed Feb 23 19:52:57 2011
19:52 Closing query with vladimirmitrovic
--- Log closed Wed Feb 23 19:52:57 2011
--- Log opened Thu Feb 24 14:55:49 2011
14:55 Starting query in Bitlbee with vladimirmitrovic
14:55 vladimirmitrovic| to sa VPN ti Andrija treba konfigurise
--- Log closed Thu Feb 24 15:01:18 2011
--- Log opened Thu Feb 24 16:49:56 2011
16:49 Closing query with vladimirmitrovic
--- Log closed Thu Feb 24 16:49:56 2011
--- Log opened Tue Mar 08 15:10:33 2011
15:10 Starting query in Bitlbee with vladimirmitrovic
15:10 vladimirmitrovic| gde je rece taj niz, podasavanje gde treba da se doda group-login
15:10 vladimirmitrovic| za submenu
15:12 vladimirmitrovic| cujes li me!?
--- Log closed Tue Mar 08 15:18:04 2011
--- Log opened Tue Mar 08 15:18:38 2011
15:18 vladimirmitrovic| naso sam, u css je 
--- Log closed Tue Mar 08 15:24:04 2011
--- Log opened Tue Mar 08 15:29:44 2011
15:29 playahater| e .. :) ..
15:29 playahater| bio sam da jedem
15:29 playahater| :)
15:29 vladimirmitrovic| naso sam Ok
15:30 playahater| ql
--- Log closed Tue Mar 08 15:36:04 2011
--- Log opened Tue Mar 08 17:42:50 2011
17:42 Closing query with vladimirmitrovic
--- Log closed Tue Mar 08 17:42:50 2011
--- Log opened Mon Mar 14 12:38:00 2011
12:38 Starting query in Bitlbee with vladimirmitrovic
12:38 playahater| ae pull .. menjao sam neshto u m3com_auth .. pa tju svrnem za par minuta kad budesh pulovao .. te pitam neshto ..
12:38 playahater| :)
12:38 Closing query with vladimirmitrovic
--- Log closed Mon Mar 14 12:38:23 2011
--- Log opened Mon Mar 14 17:16:47 2011
17:16 Starting query in Bitlbee with vladimirmitrovic
17:16 vladimirmitrovic| pushovano
--- Log closed Mon Mar 14 17:22:02 2011
--- Log opened Mon Mar 14 17:47:20 2011
17:47 playahater| ae push opet .. :)
17:50 vladimirmitrovic| pushovano
--- Log closed Mon Mar 14 17:56:02 2011
--- Log opened Mon Mar 14 17:57:16 2011
17:57 playahater| ae opet push .. :) ..
17:57 playahater| vecheras tju podesim vpn .. pa te sutra netju smaram .. :)
17:57 Closing query with vladimirmitrovic
--- Log closed Mon Mar 14 17:57:35 2011
--- Log opened Wed Mar 16 11:23:29 2011
11:23 Starting query in Bitlbee with vladimirmitrovic
11:23 playahater| path za album photos =
11:23 playahater| ustvari .. sad tju ti shibnem mail
11:23 playahater| :)
11:27 vladimirmitrovic| salji :-*
--- Log closed Wed Mar 16 11:33:26 2011
--- Log opened Wed Mar 16 13:13:29 2011
13:13 Closing query with vladimirmitrovic
--- Log closed Wed Mar 16 13:13:29 2011
--- Log opened Wed Mar 16 13:50:56 2011
13:50 Starting query in Bitlbee with vladimirmitrovic
13:50 playahater| ae push develop na dev :)
13:51 Closing query with vladimirmitrovic
--- Log closed Wed Mar 16 13:51:01 2011
--- Log opened Wed Mar 16 14:05:01 2011
14:05 Starting query in Bitlbee with vladimirmitrovic
14:05 vladimirmitrovic| pushovano
--- Log closed Wed Mar 16 14:10:26 2011
--- Log opened Wed Mar 16 14:16:24 2011
14:16 vladimirmitrovic| Misko kam si ovam chskom
--- Log closed Wed Mar 16 14:21:26 2011
--- Log opened Wed Mar 16 14:33:05 2011
14:33 playahater| http://api.lullabot.com/image_create_node_from
--- Log closed Wed Mar 16 14:38:26 2011
--- Log opened Wed Mar 16 14:39:37 2011
14:39 playahater| http://drupal.org/node/239895#comment-2834578
--- Log closed Wed Mar 16 14:45:26 2011
--- Log opened Wed Mar 16 15:14:47 2011
15:14 vladimirmitrovic| a sta je Album Photo
15:16 playahater| image node
--- Log closed Wed Mar 16 15:21:26 2011
--- Log opened Wed Mar 16 17:06:00 2011
17:06 Closing query with vladimirmitrovic
--- Log closed Wed Mar 16 17:06:00 2011
--- Log opened Tue Apr 05 14:33:41 2011
14:33 Starting query in Bitlbee with vladimirmitrovic
14:33 vladimirmitrovic| [Fri Mar 18 17:31:36 2011] [error] [client 89.216.16.77] PHP Fatal error:  require_once(): Failed opening required './sites/all/modules/ctools/plugins/content_types/custom/custom.inc' (include_path='.:/usr/share/pear:/usr/share/php') in /var/www/vhosts/dev.m3com.com.sa/httpdocs/sites/all/modules/ctools/includes/plugins.inc on line 653, referer: http://dev.m3com.com.sa:8080/node/812708/edit
14:33 vladimirmitrovic| sta mu znaci ovo po log
14:35 playahater| vim /var/www/vhosts/dev.m3com.com.sa/httpdocs/sites/all/modules/ctools/includes/plugins.inc
14:39 vladimirmitrovic| ma nisam pushovo izmene
--- Log closed Tue Apr 05 14:44:49 2011
--- Log opened Tue Apr 05 15:15:31 2011
15:15          <-- vladimirmitrovic has quit irc
--- Log closed Tue Apr 05 15:20:49 2011
--- Log opened Tue Apr 05 15:30:30 2011
15:30 Closing query with vladimirmitrovic
--- Log closed Tue Apr 05 15:30:30 2011
--- Log opened Mon Apr 18 14:07:12 2011
14:07 Starting query in Bitlbee with vladimirmitrovic
14:07 vladimirmitrovic| Miki mozes M3com_Broadband da dodas iz lib u master
14:08 playahater| naravno ..
14:08 playahater| :)
14:09 vladimirmitrovic| to nije bilo pitanje ili molba, vec zahtev!!!
14:09 vladimirmitrovic| :-*
14:11 playahater| miran tamo
14:11 playahater| :)
14:11 playahater| hehe
14:11 Closing query with vladimirmitrovic
--- Log closed Mon Apr 18 14:11:42 2011
--- Log opened Wed Apr 27 12:56:19 2011
12:56 Starting query in Bitlbee with vladimirmitrovic
12:56 playahater| PHP Fatal error:  Cannot redeclare m3com_auth_cronapi() (previously declared in /var/www/vhosts/dev.m3com.com.sa/httpdocs/sites/all/modules/custom/m3com_auth/m3com_auth.module:877) in /var/www/vhosts/dev.m3com.com.sa/httpdocs/sites/all/modules/custom/m3com_auth/m3com_auth.module on line 936
12:56 Closing query with vladimirmitrovic
--- Log closed Wed Apr 27 12:56:25 2011
--- Log opened Wed Apr 27 12:58:29 2011
12:58 Starting query in Bitlbee with vladimirmitrovic
12:58 playahater| PHP Fatal error:  Cannot redeclare m3com_auth_cronapi() (previously declared in /var/www/vhosts/dev.m3com.com.sa/httpdocs/sites/all/modules/custom/m3com_auth/m3com_auth.module:877) in /var/www/vhosts/dev.m3com.com.sa/httpdocs/sites/all/modules/custom/m3com_auth/m3com_auth.module on line 936
12:58 Closing query with vladimirmitrovic
--- Log closed Wed Apr 27 12:58:35 2011
