--- Log opened Thu Mar 04 17:05:34 2010
17:05 Starting query in Bitlbee with VladimirAleksic
17:05 VladimirAleksic| čekaj kakva je ovo zajebancija!!??
17:06 VladimirAleksic| mislim dokle!?
17:06 playahater| pa jebiga desi?
17:07 Closing query with VladimirAleksic
--- Log closed Thu Mar 04 17:07:00 2010
--- Log opened Thu Mar 04 17:07:34 2010
17:07 Starting query in Bitlbee with VladimirAleksic
17:07 VladimirAleksic| jebi ga, kod kuće!
17:07 VladimirAleksic| :)
17:07 playahater| shta ima jebiga?
17:07 playahater| :)
17:08 VladimirAleksic| jebi ga saću te zovem...
17:08 playahater| ajde jebiga .. :)
17:08 Closing query with VladimirAleksic
--- Log closed Thu Mar 04 17:08:26 2010
--- Log opened Fri Mar 12 03:08:59 2010
03:08 Starting query in Bitlbee with VladimirAleksic
03:08 VladimirAleksic| mi menjamo dan za noć mi menjamo noć za dan!! :)
03:09 VladimirAleksic| sutra palim za Franciju!
03:09 VladimirAleksic| na skijanje!
03:09 playahater| leleleeeeee ...
03:09 playahater| pichko ..
03:10 playahater| :)
03:10 VladimirAleksic| kukuuuu
03:10 VladimirAleksic| da da...
03:10 VladimirAleksic| sa sve zvučnjacima i lap topom!!
03:10 playahater| kojim bre laptopom?
03:10 playahater| :)
03:11 VladimirAleksic| što mi MTS poklonio uz honorar!!
03:11 playahater| aaaa?
03:11 playahater| :)
03:11 playahater| pa ti si lood ..
03:11 VladimirAleksic| B)
03:11 playahater| i sve ovo se izdeshavalo u 2 dana?
03:11 playahater| .. do jajca .. :)
03:12 VladimirAleksic| ma zajebavam...
03:12 VladimirAleksic| nemam ja lap top...
03:12 VladimirAleksic| MAne nosi LAPIĆ a ja TOPIĆ... ja zvučnjake!
03:13 playahater| ti si lood ..
03:13 playahater| :)
03:13 VladimirAleksic| DAAAAAAAAAAaaaaaaaaaaaaaaaaaaaaaaaaaaaaaaaaa.............
03:13 VladimirAleksic| AAAAHAHAHAHAHHAAHahahahahahahaa......
03:13 VladimirAleksic| :)
03:14 playahater| manijak ..
03:14          <-- VladimirAleksic has quit irc
03:14 Closing query with VladimirAleksic
--- Log closed Fri Mar 12 03:14:25 2010
--- Log opened Sun Apr 18 18:00:14 2010
18:00 Starting query in Bitlbee with VladimirAleksic
18:00 VladimirAleksic| ljakse, što si nedostupan!?
18:00 VladimirAleksic| :p
--- Log closed Sun Apr 18 18:05:37 2010
--- Log opened Sun Apr 18 18:18:29 2010
18:18 VladimirAleksic| ljakse!!
18:19          <-- VladimirAleksic has quit irc
--- Log closed Sun Apr 18 18:25:37 2010
--- Log opened Sun Apr 18 19:15:39 2010
19:15 Closing query with VladimirAleksic
--- Log closed Sun Apr 18 19:15:39 2010
--- Log opened Fri Jun 18 02:03:15 2010
02:03          -#- -524767321 is known as VladimirAleksic
--- Log closed Fri Jun 18 02:08:47 2010
--- Log opened Fri Jun 18 02:10:59 2010
02:10 VladimirAleksic| evo chatam sa tvojom davnom simpatijom Anđom Matejević...
02:15          <-- VladimirAleksic has quit irc
--- Log closed Fri Jun 18 02:21:47 2010
