--- Log opened Wed Mar 10 20:01:54 2010
20:01 Starting query in Bitlbee with ZeljkoPilipovic
20:01 ZeljkoPilipovic| de si drugar
20:02 ZeljkoPilipovic| evo proradio mi net napokon
20:06 playahater| ohooo ..
20:06 playahater| lepo lepo
20:06 playahater| :)
20:06 playahater| si backupovao sve sa tih tvojih rachunara ?
20:06 playahater| :)
20:07 playahater| trebalo bi da mi od sutra slobodan monitor .. tako da moz da donesesh makine sutra ..
20:07 playahater| pa da ja to lagano budzim .
20:07 playahater| i uzmi memoriju od radovana
20:07 playahater| :)
20:07 playahater| .q
20:07 Closing query with ZeljkoPilipovic
--- Log closed Wed Mar 10 20:07:36 2010
--- Log opened Wed Mar 10 20:09:02 2010
20:09 Starting query in Bitlbee with ZeljkoPilipovic
20:09 ZeljkoPilipovic| ok
20:09 ZeljkoPilipovic| dogovoreno
20:09 ZeljkoPilipovic| sutra dobijas jedan
20:09 ZeljkoPilipovic| i racunaj u petak da idemo na pivce
20:09 playahater| ;)
20:09 ZeljkoPilipovic| dogovorio sam se i sa radovanom
20:09 ZeljkoPilipovic| ivicom
20:09 ZeljkoPilipovic| gagom
20:09 ZeljkoPilipovic| ninom
20:09 ZeljkoPilipovic| ...
20:09 ZeljkoPilipovic| ...
20:09 ZeljkoPilipovic| ...
20:10 ZeljkoPilipovic| racunam i na tebe
20:10 playahater| gledatju da se pojavim .. :)
20:10 ZeljkoPilipovic| a sutra se onda vidimo
20:10 playahater| ;)
20:10 playahater| dogovoreto .. ;)
20:10 playahater| ae ..
20:10 Closing query with ZeljkoPilipovic
--- Log closed Wed Mar 10 20:10:52 2010
--- Log opened Wed Mar 10 20:11:08 2010
20:11 Starting query in Bitlbee with ZeljkoPilipovic
20:11 ZeljkoPilipovic| cujemo se i vidimo sutra
20:12 Closing query with ZeljkoPilipovic
--- Log closed Wed Mar 10 20:12:39 2010
--- Log opened Mon Mar 15 21:26:23 2010
21:26 Starting query in Bitlbee with ZeljkoPilipovic
21:26 ZeljkoPilipovic| de si bre drugare
21:26 ZeljkoPilipovic| jel mi gotov komp
--- Log closed Mon Mar 15 21:32:10 2010
--- Log opened Mon Mar 15 21:35:23 2010
21:35 playahater| jel si primio sms?
21:35 playahater| :)
21:35 playahater| nisam josh ni probao nishta da instaliram ..
21:35 playahater| u kosmichkoj sam brzini ..
21:36 playahater| instaliratju ti to ovih dana .. pa te cimam da pokupish ..
21:36 playahater| ;)
21:36 Closing query with ZeljkoPilipovic
--- Log closed Mon Mar 15 21:36:28 2010
--- Log opened Sun Mar 21 18:41:10 2010
18:41 Starting query in Bitlbee with ZeljkoPilipovic
18:41 ZeljkoPilipovic| dobro vece
--- Log closed Sun Mar 21 18:46:44 2010
--- Log opened Sun Mar 21 19:00:17 2010
19:00          <-- ZeljkoPilipovic has quit irc
--- Log closed Sun Mar 21 19:05:44 2010
--- Log opened Sun Mar 21 21:18:18 2010
21:18          <-- ZeljkoPilipovic has quit irc
21:20          <-- ZeljkoPilipovic has quit irc
21:24          <-- ZeljkoPilipovic has quit irc
--- Log closed Sun Mar 21 21:29:44 2010
--- Log opened Sun Mar 21 21:47:28 2010
21:47 Closing query with ZeljkoPilipovic
--- Log closed Sun Mar 21 21:47:28 2010
--- Log opened Wed Mar 24 18:11:41 2010
18:11 Starting query in Bitlbee with ZeljkoPilipovic
18:11 ZeljkoPilipovic| de si komso
18:12 ZeljkoPilipovic| jesi li ozdravio
18:14 playahater| komsho ..
18:14 playahater| majka mu stara ..
18:14          <-- ZeljkoPilipovic has quit irc
18:14 Closing query with ZeljkoPilipovic
--- Log closed Wed Mar 24 18:14:09 2010
--- Log opened Thu Mar 25 19:16:25 2010
19:16 Starting query in Bitlbee with ZeljkoPilipovic
19:16 ZeljkoPilipovic| sta se radi
19:17 ZeljkoPilipovic| kuci klikcem
19:17 ZeljkoPilipovic| odmaram
19:17 ZeljkoPilipovic| ne znam videcu
19:18 ZeljkoPilipovic| sad sam dosao kuci
19:18 ZeljkoPilipovic| ok
19:19 ZeljkoPilipovic| cucemo se
19:20 ZeljkoPilipovic| kakvu testeru
19:20 ZeljkoPilipovic| pa znam ko ima
19:20 ZeljkoPilipovic| JA
19:20 ZeljkoPilipovic| ozbiljno????
19:21 ZeljkoPilipovic| Ne seri????
19:21 ZeljkoPilipovic| da 
19:21 ZeljkoPilipovic| elektricnu ubodnu
19:21 ZeljkoPilipovic| moram samo da vidim da li imam testericu
19:22 ZeljkoPilipovic| ok
19:26 Closing query with ZeljkoPilipovic
--- Log closed Thu Mar 25 19:26:52 2010
--- Log opened Thu Apr 08 19:43:50 2010
19:43 Starting query in Bitlbee with ZeljkoPilipovic
19:43 ZeljkoPilipovic| de si ti
19:44 ZeljkoPilipovic| zovem te na mob ali kaze da nisi u mogucnosti da primis poziv
19:45 playahater| ohooo .. komsho ..
19:45 playahater| :)
19:45 playahater| pa tu sam ..
19:45 playahater| u komshiluku .. :)
19:45 ZeljkoPilipovic| pa gde
19:45 ZeljkoPilipovic| nema te 
19:46 playahater| ma iskljuchili mi mob .. pa sam reshio da ne obnavljam taj broj jer tju uskoro da uzmem paket+telefon u vip-u ..
19:46 ZeljkoPilipovic| treba bi te nesto na kratko
19:46 playahater| trnutno sam na .. 0616020075
19:46 playahater| trenutno .. :)
19:47 playahater| dok ne uzmem taj postpaid vip ..
19:47 playahater| kakav problem imash?
19:47 playahater| :)
19:47 playahater| jel za telefon il za gledanje?
19:47 playahater| :)
19:47 ZeljkoPilipovic| imam neki laptop
19:47 ZeljkoPilipovic| i nesto mi se cuje
19:48 ZeljkoPilipovic| pa da vidim da li da kupim kuler ili je dovoljno da se ocisti
19:48 playahater| pa moz da pogledamo ..
19:48 playahater| ali vrlo verovatno da moz da se ochisti ..
19:48 playahater| eventualno podmaze taj kuler ..
19:49 ZeljkoPilipovic| javi onda kad imas vremena da svrnem na kratko da vidis sta je
19:50 playahater| ae .. moz da ukombinujemo neshto sutra ..
19:50 playahater| javi se kad se vrnesh s posla .. pa da se uklapamo .. :)
19:50 playahater| ovo gore ti moj broj ..
19:50 Closing query with ZeljkoPilipovic
--- Log closed Thu Apr 08 19:50:46 2010
--- Log opened Thu Apr 08 19:50:54 2010
19:50 Starting query in Bitlbee with ZeljkoPilipovic
19:50 ZeljkoPilipovic| ok
19:51 ZeljkoPilipovic| znaci da izbrisem stari
19:51 playahater| pa nemorash josh .. 
19:51 playahater| ali planiram definitivno da ga menjam
19:51 ZeljkoPilipovic| zasto ti je toliko los
19:51 playahater| previshe ljudi ga zna ;)
19:52 ZeljkoPilipovic| pa?
19:52 playahater| a hotju i bolji telefon
19:52 playahater| pa taman da uzmem paket ..
19:52 Closing query with ZeljkoPilipovic
--- Log closed Thu Apr 08 19:52:15 2010
--- Log opened Thu Apr 08 19:52:24 2010
19:52 Starting query in Bitlbee with ZeljkoPilipovic
19:52 ZeljkoPilipovic| imas to i na 064
19:52 playahater| nema tih telefona koji mene zanimaju .. ;)
19:52 Closing query with ZeljkoPilipovic
--- Log closed Thu Apr 08 19:52:41 2010
--- Log opened Thu Apr 08 19:53:28 2010
19:53 Starting query in Bitlbee with ZeljkoPilipovic
19:53 ZeljkoPilipovic| ti najbolje znas
19:53 ZeljkoPilipovic| mada ti mogu reci da ja prosle godine nisam bio zadovoljan sa 061 karticom
19:53 ZeljkoPilipovic| nisam imao svuda signal
19:54 playahater| ozbiljno?
19:54 ZeljkoPilipovic| da
19:54 ZeljkoPilipovic| ne znam sad sta se desilo ove godine
19:54 ZeljkoPilipovic| ali prosla mi je bila uzas
19:54 ZeljkoPilipovic| jer koliko ja znam oni koriste repetitore od 064
19:55 ZeljkoPilipovic| ali se ti raspitaj
19:55 ZeljkoPilipovic| ja sam imao dosta problema i na kraju sam je bacio
19:55 playahater| pa tjale vozi vip vetj pola godine .. i zadovoljan je signalom ..
19:56 playahater| tako da mislim da je ok ..
19:56 ZeljkoPilipovic| onda ok
19:56 playahater| :)
19:56 Closing query with ZeljkoPilipovic
--- Log closed Thu Apr 08 19:56:17 2010
--- Log opened Fri Apr 09 19:06:04 2010
19:06 Starting query in Bitlbee with ZeljkoPilipovic
19:06 ZeljkoPilipovic| gde si
19:06 ZeljkoPilipovic| kad dolazis
19:10 playahater| da hasam i stizem
19:10 playahater| upravo hasam
19:10 playahater| :)
19:10 ZeljkoPilipovic| ajd....
--- Log closed Fri Apr 09 19:16:30 2010
--- Log opened Fri Apr 09 19:33:31 2010
19:33 Closing query with ZeljkoPilipovic
--- Log closed Fri Apr 09 19:33:31 2010
--- Log opened Fri Apr 30 11:21:40 2010
11:21 Starting query in Bitlbee with ZeljkoPilipovic
11:21 ZeljkoPilipovic| dje si komslo
11:26 playahater| ooo .. dje s komsho ..
11:26 playahater| sha ima
11:27 ZeljkoPilipovic| evo radim
11:27 ZeljkoPilipovic| kod tebe
11:27 ZeljkoPilipovic| nema da se javis
11:27 ZeljkoPilipovic| gde marko sad parkira auto,od 9 maja se naplacuje parking
11:28 playahater| radim .. 
11:28 playahater| uzas .. ne pitaj ..
11:28 playahater| a .. pravo ti kazem .. ne znam gde ga parkira .. al je u preshevskoj .. :)
11:28 playahater| a jel ima kod tebe jedno slobodno mesto?
11:28 playahater| :)
11:28 Closing query with ZeljkoPilipovic
--- Log closed Fri Apr 30 11:28:37 2010
--- Log opened Fri Apr 30 11:30:05 2010
11:30 Starting query in Bitlbee with ZeljkoPilipovic
11:30 ZeljkoPilipovic| sad vise ne znam jer svi parkiraju
11:30 ZeljkoPilipovic| jedino ako ga dugo ne vozi onda da ga parkira pa da ga ja zagradim
11:33 playahater| aha
11:33 playahater| ok
11:34 playahater| videtjemo .. :) ..
11:34 Closing query with ZeljkoPilipovic
--- Log closed Fri Apr 30 11:34:09 2010
--- Log opened Fri Apr 30 11:34:30 2010
11:34 Starting query in Bitlbee with ZeljkoPilipovic
11:34 ZeljkoPilipovic| ok
11:34 Closing query with ZeljkoPilipovic
--- Log closed Fri Apr 30 11:34:48 2010
--- Log opened Tue May 04 22:20:22 2010
22:20 Starting query in Bitlbee with ZeljkoPilipovic
22:20 ZeljkoPilipovic| de si svaler
--- Log closed Tue May 04 22:26:05 2010
--- Log opened Tue May 04 22:58:14 2010
22:58 playahater| evo me ..
22:58 playahater| tebe nema ..
22:58 playahater| shto shvaler?
22:58 playahater| :)
22:58 Closing query with ZeljkoPilipovic
--- Log closed Tue May 04 22:58:30 2010
--- Log opened Sat May 08 19:38:22 2010
19:38 Starting query in Bitlbee with ZeljkoPilipovic
19:38 ZeljkoPilipovic| gde si komso
19:38 ZeljkoPilipovic| sta ima
--- Log closed Sat May 08 19:44:04 2010
--- Log opened Sat May 08 19:45:26 2010
19:45          <-- ZeljkoPilipovic has quit irc
19:50 Closing query with ZeljkoPilipovic
--- Log closed Sat May 08 19:50:08 2010
--- Log opened Sat May 15 17:53:45 2010
17:53          -#- -1424133085 is known as ZeljkoPilipovic
--- Log closed Sat May 15 17:59:02 2010
--- Log opened Sat May 15 20:40:21 2010
20:40          <-- ZeljkoPilipovic has quit irc
--- Log closed Sat May 15 20:46:02 2010
--- Log opened Sat May 15 21:38:05 2010
21:38 Closing query with ZeljkoPilipovic
--- Log closed Sat May 15 21:38:05 2010
--- Log opened Tue May 18 17:36:37 2010
17:36 Starting query in Bitlbee with ZeljkoPilipovic
17:36 ZeljkoPilipovic| de si bre ti komso
17:36 ZeljkoPilipovic| da nisi nesto ljut
--- Log closed Tue May 18 17:42:33 2010
--- Log opened Tue May 18 17:47:11 2010
17:47 playahater| ja?
17:47 playahater| taman posla komsho ..
17:47 playahater| nego nikako da se nahvatamo u isto vreme online
17:47 playahater| gde si ti?
17:47 Closing query with ZeljkoPilipovic
--- Log closed Tue May 18 17:47:58 2010
--- Log opened Tue May 18 17:53:33 2010
17:53 Starting query in Bitlbee with ZeljkoPilipovic
17:53 ZeljkoPilipovic| evo spremam se za vesanje
17:53 ZeljkoPilipovic| tj za svadbu
--- Log closed Tue May 18 17:59:33 2010
--- Log opened Tue May 18 18:26:46 2010
18:26 Closing query with ZeljkoPilipovic
--- Log closed Tue May 18 18:26:46 2010
--- Log opened Sun May 23 22:37:47 2010
22:37 Starting query in Bitlbee with ZeljkoPilipovic
22:37 ZeljkoPilipovic| de si komso\
--- Log closed Sun May 23 22:42:59 2010
--- Log opened Sun May 23 22:47:54 2010
22:47          <-- ZeljkoPilipovic has quit irc
--- Log closed Sun May 23 22:52:59 2010
--- Log opened Sun May 23 23:06:50 2010
23:06 Closing query with ZeljkoPilipovic
--- Log closed Sun May 23 23:06:50 2010
--- Log opened Thu May 27 20:12:14 2010
20:12 Starting query in Bitlbee with ZeljkoPilipovic
20:12 ZeljkoPilipovic| de si komso
20:12 ZeljkoPilipovic| jel idemo veceras
--- Log closed Thu May 27 20:17:49 2010
--- Log opened Thu May 27 20:43:41 2010
20:43 Closing query with ZeljkoPilipovic
--- Log closed Thu May 27 20:43:41 2010
--- Log opened Fri May 28 23:06:44 2010
23:06 Starting query in Bitlbee with ZeljkoPilipovic
23:06 ZeljkoPilipovic| ujutro komso,vidimo se u 9 kod mene
--- Log closed Fri May 28 23:12:12 2010
--- Log opened Fri May 28 23:18:47 2010
23:18          <-- ZeljkoPilipovic has quit irc
--- Log closed Fri May 28 23:24:12 2010
--- Log opened Fri May 28 23:51:32 2010
23:51 Closing query with ZeljkoPilipovic
--- Log closed Fri May 28 23:51:32 2010
--- Log opened Tue Jun 15 20:16:29 2010
20:16 Starting query in Bitlbee with ZeljkoPilipovic
20:16 ZeljkoPilipovic| dobro vece
--- Log closed Tue Jun 15 20:21:54 2010
--- Log opened Tue Jun 15 21:19:25 2010
21:19          <-- ZeljkoPilipovic has quit irc
--- Log closed Tue Jun 15 21:24:54 2010
--- Log opened Tue Jun 15 21:34:28 2010
21:34 Closing query with ZeljkoPilipovic
--- Log closed Tue Jun 15 21:34:28 2010
--- Log opened Sat Jun 19 21:07:59 2010
21:07 Starting query in Bitlbee with ZeljkoPilipovic
21:07 ZeljkoPilipovic| komso
21:08 ZeljkoPilipovic| pa gde si ti
--- Log closed Sat Jun 19 21:13:58 2010
--- Log opened Sat Jun 19 21:50:47 2010
21:50          <-- ZeljkoPilipovic has quit irc
--- Log closed Sat Jun 19 21:55:58 2010
--- Log opened Sat Jun 19 22:11:05 2010
22:11 Closing query with ZeljkoPilipovic
--- Log closed Sat Jun 19 22:11:05 2010
--- Log opened Tue Jul 06 11:43:51 2010
11:43 Starting query in Bitlbee with ZeljkoPilipovic
11:43 ZeljkoPilipovic| ALO BRE KOMSO
11:43 ZeljkoPilipovic| GDE SI TI
--- Log closed Tue Jul 06 11:49:31 2010
--- Log opened Tue Jul 06 12:19:08 2010
12:19          <-- ZeljkoPilipovic has quit irc
--- Log closed Tue Jul 06 12:24:31 2010
--- Log opened Tue Jul 06 13:10:30 2010
13:10 Closing query with ZeljkoPilipovic
--- Log closed Tue Jul 06 13:10:30 2010
--- Log opened Wed Jul 07 11:25:45 2010
11:25 Starting query in Bitlbee with ZeljkoPilipovic
11:25 ZeljkoPilipovic| aloooooooooooooooooooo
11:25 ZeljkoPilipovic| jesi li ti to nesto ljut
--- Log closed Wed Jul 07 11:31:50 2010
--- Log opened Wed Jul 07 12:54:09 2010
12:54          <-- ZeljkoPilipovic has quit irc
--- Log closed Wed Jul 07 12:59:50 2010
--- Log opened Wed Jul 07 13:06:45 2010
13:06 Closing query with ZeljkoPilipovic
--- Log closed Wed Jul 07 13:06:45 2010
--- Log opened Wed Sep 08 21:49:34 2010
21:49 Starting query in Bitlbee with ZeljkoPilipovic
21:49 ZeljkoPilipovic| jesi li zavrsio sajt
--- Log closed Wed Sep 08 21:55:01 2010
--- Log opened Wed Sep 08 22:08:54 2010
22:08          <-- ZeljkoPilipovic has quit irc
--- Log closed Wed Sep 08 22:14:01 2010
--- Log opened Wed Sep 08 22:17:33 2010
22:17 Closing query with ZeljkoPilipovic
--- Log closed Wed Sep 08 22:17:33 2010
--- Log opened Mon Sep 27 10:57:16 2010
10:57 Starting query in Bitlbee with ZeljkoPilipovic
10:57 ZeljkoPilipovic| dobar dan
11:00 playahater| dobar dan ..
11:00 playahater| okle ti ..
11:00 playahater| :)
11:02 ZeljkoPilipovic| evo s posla
11:02 ZeljkoPilipovic| a ti
11:02 ZeljkoPilipovic| jel radis
11:02 playahater| punom parom
11:03 ZeljkoPilipovic| sta si uradio sa mojim snimcima
11:03 ZeljkoPilipovic| kad mogu da uzmem komp
11:07          <-- ZeljkoPilipovic has quit irc
11:11          <-- ZeljkoPilipovic has quit irc
--- Log closed Mon Sep 27 11:17:12 2010
--- Log opened Mon Sep 27 11:26:17 2010
11:26 playahater| e ..
11:26 playahater| nishta dalje nisam stigo da kliknem ..
11:26 playahater| iskompresovao sam ti ono shto si mi dao .. i kod mene je radilo kako treba .. ali je na tvom laptopu seckalo ..
11:27 playahater| treba da presnimim to sa tvog laptopa na moj .. pa da probam opet ..
--- Log closed Mon Sep 27 11:32:12 2010
--- Log opened Mon Sep 27 12:08:38 2010
12:08 Closing query with ZeljkoPilipovic
--- Log closed Mon Sep 27 12:08:38 2010
--- Log opened Wed Oct 06 10:46:04 2010
10:46 Starting query in Bitlbee with ZeljkoPilipovic
10:46 ZeljkoPilipovic| de si majstore
10:46 ZeljkoPilipovic| kako je na poslu
--- Log closed Wed Oct 06 10:51:28 2010
--- Log opened Wed Oct 06 10:52:22 2010
10:52 playahater| ehe .. evo .. silovito ..
10:52 playahater| kliktjem sve u 16 .. :)
10:52 playahater| ti?
--- Log closed Wed Oct 06 10:58:28 2010
--- Log opened Wed Oct 06 11:00:39 2010
11:00 ZeljkoPilipovic| odmaram na poslu
11:01 playahater| bole te brige
11:01 playahater| :)
11:01 ZeljkoPilipovic| pa mora i to neko
11:01 ZeljkoPilipovic| kako ti se cini na redovnom posliu
11:01 ZeljkoPilipovic| tj ustajanje rano 
11:02 playahater| javitju ti kad mi daju prvu platu .. ;)
11:02 playahater| za sad sam neopredeljen ..
11:02 playahater| :)
11:03 ZeljkoPilipovic| a to obavezno
11:03 ZeljkoPilipovic| mora da se zalije
--- Log closed Wed Oct 06 11:08:28 2010
--- Log opened Wed Oct 06 11:21:28 2010
11:21          <-- ZeljkoPilipovic has quit irc
--- Log closed Wed Oct 06 11:26:28 2010
--- Log opened Wed Oct 06 11:38:44 2010
11:38 Closing query with ZeljkoPilipovic
--- Log closed Wed Oct 06 11:38:44 2010
--- Log opened Tue Oct 19 21:38:17 2010
21:38 Starting query in Bitlbee with ZeljkoPilipovic
21:38 ZeljkoPilipovic| de si
--- Log closed Tue Oct 19 21:43:19 2010
--- Log opened Tue Oct 19 21:49:54 2010
21:49          <-- ZeljkoPilipovic has quit irc
--- Log closed Tue Oct 19 21:55:19 2010
--- Log opened Tue Oct 19 22:55:07 2010
22:55 Closing query with ZeljkoPilipovic
--- Log closed Tue Oct 19 22:55:07 2010
--- Log opened Sun Nov 21 21:19:14 2010
21:19 Starting query in Bitlbee with ZeljkoPilipovic
21:19 ZeljkoPilipovic| gde si komso
21:20          <-- ZeljkoPilipovic has quit irc
--- Log closed Sun Nov 21 21:25:52 2010
--- Log opened Sun Nov 21 21:44:56 2010
21:44 Closing query with ZeljkoPilipovic
--- Log closed Sun Nov 21 21:44:56 2010
--- Log opened Tue Nov 23 19:31:06 2010
19:31 Starting query in Bitlbee with ZeljkoPilipovic
19:31 ZeljkoPilipovic| de si bre komso
--- Log closed Tue Nov 23 19:36:20 2010
--- Log opened Tue Nov 23 20:22:16 2010
20:22 playahater| e be komsho ..
20:22 playahater| eve me ..
20:22 playahater| radno
20:22 playahater| ti?
--- Log closed Tue Nov 23 20:28:20 2010
--- Log opened Tue Nov 23 20:30:59 2010
20:30 Closing query with ZeljkoPilipovic
--- Log closed Tue Nov 23 20:30:59 2010
--- Log opened Fri Nov 26 21:57:51 2010
21:57 Starting query in Bitlbee with ZeljkoPilipovic
21:57 ZeljkoPilipovic| dobro vece komso
--- Log closed Fri Nov 26 22:03:17 2010
--- Log opened Fri Nov 26 22:06:20 2010
22:06          <-- ZeljkoPilipovic has quit irc
--- Log closed Fri Nov 26 22:12:17 2010
--- Log opened Fri Nov 26 22:53:38 2010
22:53 Closing query with ZeljkoPilipovic
--- Log closed Fri Nov 26 22:53:38 2010
--- Log opened Sat Nov 27 18:21:26 2010
18:21 Starting query in Bitlbee with ZeljkoPilipovic
18:21 ZeljkoPilipovic| dobro vece komsija
18:21 ZeljkoPilipovic| gde si ti
18:22 playahater| ehe .. komsho ..
18:22 playahater| evo me ..
18:22 playahater| radno .. 
18:22 playahater| ti?
18:25 ZeljkoPilipovic| sta se radi
18:25 ZeljkoPilipovic| oces li sa nama veceras u pozarevac
18:27 ZeljkoPilipovic| odmaram
18:28 ZeljkoPilipovic| ajde idemio na pivo u pozarevac oko 9 i vracamo se
--- Log closed Sat Nov 27 18:33:17 2010
--- Log opened Sat Nov 27 18:42:26 2010
18:42 Closing query with ZeljkoPilipovic
--- Log closed Sat Nov 27 18:42:26 2010
--- Log opened Fri Dec 03 12:57:41 2010
12:57 Starting query in Bitlbee with ZeljkoPilipovic
12:57 ZeljkoPilipovic| gde si
12:57 ZeljkoPilipovic| reci mi kad cemo se videti da mi das cd od svadbe
12:57 playahater| na poslu
12:58 ZeljkoPilipovic| o pa ti jos uvek radis
12:58 ZeljkoPilipovic| nisi jos odustao
13:01 playahater| moze vecheras kad dodjem s posla ..
13:05 ZeljkoPilipovic| ok
13:05 ZeljkoPilipovic| cujemo se
13:05 ZeljkoPilipovic| na koji bese broj da te zovem
13:06 playahater| na jedan jedini
13:06 playahater| 0691270010
13:06 playahater| :)
13:06 Closing query with ZeljkoPilipovic
--- Log closed Fri Dec 03 13:06:50 2010
--- Log opened Fri Dec 03 13:06:52 2010
13:06 Starting query in Bitlbee with ZeljkoPilipovic
13:06 ZeljkoPilipovic| ok
13:06 ZeljkoPilipovic| cujemo se
13:07 ZeljkoPilipovic| do kad  radis
13:07 playahater| oko osmice/devetke sam kutji
13:07 ZeljkoPilipovic| ok
13:07 ZeljkoPilipovic| cujemo se popodne
13:07 ZeljkoPilipovic| ajd idem da radim
13:07 playahater| :)
13:07 playahater| ae .. 
--- Log closed Fri Dec 03 13:13:29 2010
--- Log opened Fri Dec 03 13:15:22 2010
13:15          <-- ZeljkoPilipovic has quit irc
--- Log closed Fri Dec 03 13:20:29 2010
--- Log opened Fri Dec 03 15:42:10 2010
15:42 Closing query with ZeljkoPilipovic
--- Log closed Fri Dec 03 15:42:10 2010
--- Log opened Mon Dec 06 14:33:58 2010
14:33 Starting query in Bitlbee with ZeljkoPilipovic
14:33 ZeljkoPilipovic| komso
14:34 ZeljkoPilipovic| gde si ti
14:34 ZeljkoPilipovic| planiraj u petak popodne da se druzimo da dodjesa na kolace i pecenje kod mene.u cetvrtak mi je slava
--- Log closed Mon Dec 06 14:40:15 2010
--- Log opened Mon Dec 06 14:43:23 2010
14:43 playahater| ehe .. komsho ..
14:43 playahater| petak,a? .. pa moze .. da uplaniram .. :)
14:45 ZeljkoPilipovic| uplaniraj
14:45 ZeljkoPilipovic| nemoj da me ispalis
14:45 ZeljkoPilipovic| radovan i joca dolaze i znaju gde
14:45 ZeljkoPilipovic| to ti je ulica dr.Dragoslava popovica 15
14:45 playahater| chek chek .. to nije kod mene u komshiluk?
14:45 playahater| :)
14:46 playahater| mada ja radim do sedmice/osmice .. da znash ..
14:46 ZeljkoPilipovic| to ti je ulica koja sece dalmatinsku
14:46 ZeljkoPilipovic| udjes od postanske stedionice i krenes prema centru i druga ulica sa leve strane
14:47 playahater| aha .. pa to mi je tu .. blizu ..
14:48 playahater| to tvoja slava?
14:48 playahater| kakva je to lokacija? :)
--- Log closed Mon Dec 06 14:53:15 2010
--- Log opened Mon Dec 06 14:53:22 2010
14:53 ZeljkoPilipovic| jeste moja slava
14:53 ZeljkoPilipovic| to je u stanu kod mojih
14:55 ZeljkoPilipovic| nije nikakav problem do kad radis
14:55 ZeljkoPilipovic| dodjes direktno sa posla
14:57          <-- ZeljkoPilipovic has quit irc
--- Log closed Mon Dec 06 15:02:15 2010
--- Log opened Mon Dec 06 15:07:31 2010
15:07          <-- ZeljkoPilipovic has quit irc
--- Log closed Mon Dec 06 15:13:15 2010
--- Log opened Mon Dec 06 15:19:31 2010
15:19          <-- ZeljkoPilipovic has quit irc
--- Log closed Mon Dec 06 15:25:15 2010
--- Log opened Mon Dec 06 15:26:16 2010
15:26          <-- ZeljkoPilipovic has quit irc
15:31          <-- ZeljkoPilipovic has quit irc
--- Log closed Mon Dec 06 15:37:15 2010
--- Log opened Mon Dec 06 15:41:03 2010
15:41 Closing query with ZeljkoPilipovic
--- Log closed Mon Dec 06 15:41:03 2010
--- Log opened Wed Dec 22 20:30:05 2010
20:30 Starting query in Bitlbee with ZeljkoPilipovic
20:30 ZeljkoPilipovic| cao
20:30 ZeljkoPilipovic| sta ima komso
20:31 ZeljkoPilipovic| tvoj mobilni tel je kod mene
--- Log closed Wed Dec 22 20:37:00 2010
--- Log opened Wed Dec 22 20:42:04 2010
20:42          <-- ZeljkoPilipovic has quit irc
--- Log closed Wed Dec 22 20:48:00 2010
--- Log opened Thu Dec 23 09:43:02 2010
09:43 Closing query with ZeljkoPilipovic
--- Log closed Thu Dec 23 09:43:02 2010
--- Log opened Mon Dec 27 17:49:37 2010
17:49 Starting query in Bitlbee with ZeljkoPilipovic
17:49 ZeljkoPilipovic| de si komso
17:51 playahater| komsho .. majka mu stara ..
17:51 playahater| evo me na poslu ..
17:51 playahater| kliktjem ..
17:51 playahater| ti?
17:51 ZeljkoPilipovic| evo trenutno kuci
17:51 ZeljkoPilipovic| pa kad ces kuci
17:54 playahater| uhh .. ne bih znao do kad tju da zaginem danas ..
17:54 playahater| mislish oko telefona,a?
17:54 ZeljkoPilipovic| nista,ajde kaD dodjes javi se
17:54 ZeljkoPilipovic| da da
17:55 playahater| ajde .. u principu nije hitja ..
17:55 playahater| ja bi trebalo u chetvrtak da odem do keve ..
17:55 playahater| pa bi bilo ok do tad da se izogranizujemo ..
17:55 ZeljkoPilipovic| pa javi se
17:55 playahater| tako da .. ako ne danas .. videtjemo sutra/prekosutra da se chujemo i vidimo ..
17:56 ZeljkoPilipovic| ok,moze
17:56 playahater| ql ..
17:56 playahater| uglavnom .. javljam se chim pre ..
17:56 playahater| ;)
17:56 Closing query with ZeljkoPilipovic
--- Log closed Mon Dec 27 17:56:46 2010
--- Log opened Mon Dec 27 17:57:01 2010
17:57 Starting query in Bitlbee with ZeljkoPilipovic
17:57 ZeljkoPilipovic| nista imas moj tel pa se javi
17:57 ZeljkoPilipovic| cujemo se
17:57 playahater| vazi .. 
17:57 ZeljkoPilipovic| sad moram da idem
17:57 playahater| ajde .. poz ..
17:57 playahater| :0
17:57 playahater| :)
17:57 Closing query with ZeljkoPilipovic
--- Log closed Mon Dec 27 17:57:25 2010
--- Log opened Tue Dec 28 20:12:23 2010
20:12 Starting query in Bitlbee with ZeljkoPilipovic
20:12 ZeljkoPilipovic| jesi li se dogegao do kuce
20:12 ZeljkoPilipovic| ajde sad mi se javio i joca tu je pa da odemo svi zajedno na pivce i  necemo ostati duze od 12 h
20:12 ZeljkoPilipovic| pokupicu te
--- Log closed Tue Dec 28 20:18:18 2010
--- Log opened Tue Dec 28 20:19:05 2010
20:19 playahater| drugare .. 
20:19 playahater| moratju da preskochim ..
20:19 playahater| na zalost .. :(
20:19 playahater| lepo se provedite .. mashi joci .. pa se chujemo sutra ..
20:19 playahater| ;)
20:19 Closing query with ZeljkoPilipovic
--- Log closed Tue Dec 28 20:19:40 2010
--- Log opened Mon Jan 10 13:41:52 2011
13:41 Starting query in Bitlbee with ZeljkoPilipovic
13:41 ZeljkoPilipovic| dobar dan
13:41 ZeljkoPilipovic| gde si ti komso
13:42 ZeljkoPilipovic| jesi li ziv
--- Log closed Mon Jan 10 13:47:50 2011
--- Log opened Mon Jan 10 13:51:55 2011
13:51 playahater| ohoo .. desi komsho ..
13:52 playahater| ja na poslu ..
13:52 playahater| radno ..
13:52 playahater| ti?
13:52 playahater| "-
13:52 playahater| :)
13:52 Closing query with ZeljkoPilipovic
--- Log closed Mon Jan 10 13:52:08 2011
--- Log opened Mon Jan 10 14:08:02 2011
14:08 Starting query in Bitlbee with ZeljkoPilipovic
14:08 ZeljkoPilipovic| takodje
14:08 ZeljkoPilipovic| radim
14:08 ZeljkoPilipovic| kako je bilo za ng
--- Log closed Mon Jan 10 14:13:50 2011
--- Log opened Mon Jan 10 14:17:05 2011
14:17 playahater| mogu ti retji nishta posebno ..
14:17 playahater| mada sam zadovoljan .. ;)
--- Log closed Mon Jan 10 14:22:50 2011
--- Log opened Mon Jan 10 14:34:01 2011
14:34 playahater| kako vama bilo za ng?
14:34 playahater| kako ste se proveli?
14:34 playahater| ko bio sve?
14:34 Closing query with ZeljkoPilipovic
--- Log closed Mon Jan 10 14:34:09 2011
--- Log opened Mon Jan 10 15:18:49 2011
15:18 Starting query in Bitlbee with ZeljkoPilipovic
15:18 ZeljkoPilipovic| lepo bilo
15:18 ZeljkoPilipovic| samo sam ja bio umoran pa smo otisli oko 2
15:19 ZeljkoPilipovic| bio radova,gaga,ivica,gaga,ja ,sandra i bojke
15:19 ZeljkoPilipovic| pa jel smuva ti sta
15:19 ZeljkoPilipovic| jel bila neka cica
15:19 playahater| nishta ..
15:19 playahater| ja nigde ne zurim .. 
15:19 playahater| i ne radim pod presijom
15:19 ZeljkoPilipovic| kako bre nista
15:19 playahater| ;)
15:20 ZeljkoPilipovic| jel bila neka devojcia
15:20 ZeljkoPilipovic| dobro
15:20 ZeljkoPilipovic| kad ti tako kazes
15:21 ZeljkoPilipovic| kad cemo da odemo na neko pivce i da zalijemo taj tvoj posao
15:21 playahater| mozemo da isplaniramo sad za vikend neki vops
15:21 Closing query with ZeljkoPilipovic
--- Log closed Mon Jan 10 15:21:16 2011
--- Log opened Mon Jan 10 15:21:28 2011
15:21 Starting query in Bitlbee with ZeljkoPilipovic
15:21 ZeljkoPilipovic| MOLIM!!!!!!!!!!!!!1
15:21 ZeljkoPilipovic| jesi li ti siguran u to
15:21 ZeljkoPilipovic| neces da se predomislis???
15:22 playahater| da .. mozemo da planiramo vikend ..
15:22 playahater| ;)
15:22 Closing query with ZeljkoPilipovic
--- Log closed Mon Jan 10 15:22:43 2011
--- Log opened Mon Jan 10 15:23:04 2011
15:23 Starting query in Bitlbee with ZeljkoPilipovic
15:23 ZeljkoPilipovic| nista cujemo se onda u petak pa da se dogovorimo
15:23 ZeljkoPilipovic| a sad idem kuci
15:23 ZeljkoPilipovic| bezim malo ranije sa posla
15:23 ZeljkoPilipovic| cujemo se
15:23 playahater| vazi drugar ..
15:23 playahater| pozdrav ..
15:23 Closing query with ZeljkoPilipovic
--- Log closed Mon Jan 10 15:23:56 2011
--- Log opened Thu Jan 13 13:02:26 2011
13:02 Starting query in Bitlbee with ZeljkoPilipovic
13:02 ZeljkoPilipovic| de si
13:02 ZeljkoPilipovic| jel ides veceras kod Radovana
--- Log closed Thu Jan 13 13:07:50 2011
--- Log opened Thu Jan 13 14:03:00 2011
14:03 playahater| ehe .. eve me na poslu ..
14:03 playahater| pa ne znam pravo da ti kazem ..
14:03 playahater| nisam nishta planirao ..
14:04 playahater| trebalo bi da zavrshim neka sranja danas .. vetj se kasni .. a greota da radim za sng ..
14:04 playahater| ae izmeritju .. pa se javljam ako se odluchim da banem ..
14:04 playahater| :)
14:04 playahater| ko sve roshtilja ?
14:04 Closing query with ZeljkoPilipovic
--- Log closed Thu Jan 13 14:04:47 2011
--- Log opened Thu Jan 13 15:15:29 2011
15:15 Starting query in Bitlbee with ZeljkoPilipovic
15:15 ZeljkoPilipovic| joca
15:15 ZeljkoPilipovic| radovan
15:15 ZeljkoPilipovic| gaga
15:15 ZeljkoPilipovic| ivica
15:16 ZeljkoPilipovic| sandra
15:17 ZeljkoPilipovic| ja
15:17 ZeljkoPilipovic| ti
15:17 ZeljkoPilipovic| i druzina cela
15:18          <-- ZeljkoPilipovic has quit irc
--- Log closed Thu Jan 13 15:23:50 2011
--- Log opened Thu Jan 13 15:30:20 2011
15:30 Closing query with ZeljkoPilipovic
--- Log closed Thu Jan 13 15:30:20 2011
--- Log opened Thu Jan 27 16:39:46 2011
16:39 Starting query in Bitlbee with ZeljkoPilipovic
16:39 ZeljkoPilipovic| de si drugare
16:39 ZeljkoPilipovic| sta ima
16:39 ZeljkoPilipovic| kad se vidimo
16:43 playahater| ehee drugare ..
16:43 playahater| evo me ..
16:43 playahater| na poslu ..
16:43 playahater| kliktjem ..
16:43 playahater| :)
16:43 playahater| ti .. shta ima?
16:43 ZeljkoPilipovic| trebao bi jedan sajt  da mi uradis
16:43 ZeljkoPilipovic| za jednog mog prijatelja a ja bih ti platio
16:43 ZeljkoPilipovic| kad ces svratiti na kafu
16:44 ZeljkoPilipovic| ajde,oces li kad se budes vracao sa posla
16:47 playahater| ok .. nije frka ..
16:47 playahater| dogovoritjemo se ..
16:47 playahater| ali danas/sutra netju stitji ..
16:47 playahater| frka nam je ovde na poslu ..
16:47 ZeljkoPilipovic| ok
16:47 ZeljkoPilipovic| ajde
16:47 playahater| lansirali smo jedan projekat .. pa tje do kraja nedelje da bude povuci/potegni ..
16:47 ZeljkoPilipovic| javi se onda pa da se malo druzimo
16:47 playahater| chim mi se zavrshi brzina .. zovem .. 
16:48 playahater| obavezno!
16:48 playahater| ;)
16:48 ZeljkoPilipovic| kad krenes sa posla javi se
16:48 playahater| nisam nedruzeljubiv .. vetj samo pretrpan obavezama .. ;)
16:48 playahater| ok .. dogovoreto .. 
16:49 ZeljkoPilipovic| cujemo se onda
16:49 playahater| vazi drugare .. 
16:50 playahater| pozdravi sandru .. pa se chujemo ..
16:54          <-- ZeljkoPilipovic has quit irc
16:55 Closing query with ZeljkoPilipovic
--- Log closed Thu Jan 27 16:55:13 2011
--- Log opened Wed Feb 02 15:14:58 2011
15:14 Starting query in Bitlbee with ZeljkoPilipovic
15:14 ZeljkoPilipovic| de si drugare
15:15 ZeljkoPilipovic| jel imas posla
15:15 ZeljkoPilipovic| jel imas posla
15:15 ZeljkoPilipovic| oces li da radis
--- Log closed Wed Feb 02 15:20:37 2011
--- Log opened Wed Feb 02 15:26:38 2011
15:26          <-- ZeljkoPilipovic has quit irc
--- Log closed Wed Feb 02 15:32:37 2011
--- Log opened Wed Feb 02 16:55:17 2011
16:55 Closing query with ZeljkoPilipovic
--- Log closed Wed Feb 02 16:55:17 2011
--- Log opened Sat Feb 05 11:05:40 2011
11:05 Starting query in Bitlbee with ZeljkoPilipovic
11:05 ZeljkoPilipovic| dje si
11:05 ZeljkoPilipovic| jel idemo veceras na pivo
11:06 playahater| netjemo motji ..
11:06 playahater| evo me na poslu ..
11:06 playahater| radim ..
11:06 playahater| ceo dan ..
11:06 playahater| i sutra ..
11:07 playahater| nema odmora .. :)
11:07 playahater| samo silovito ..
11:07 playahater| ti?
11:07 playahater| sha ima ..
--- Log closed Sat Feb 05 11:13:18 2011
--- Log opened Sat Feb 05 11:16:10 2011
11:16 ZeljkoPilipovic| nista,odmaram danas
11:16 ZeljkoPilipovic| i idemo na pivce veceras
--- Log closed Sat Feb 05 11:21:18 2011
--- Log opened Sat Feb 05 11:39:51 2011
11:39          <-- ZeljkoPilipovic has quit irc
--- Log closed Sat Feb 05 11:45:18 2011
--- Log opened Sat Feb 05 12:45:04 2011
12:45 Closing query with ZeljkoPilipovic
--- Log closed Sat Feb 05 12:45:04 2011
--- Log opened Wed Feb 09 11:34:25 2011
11:34 Starting query in Bitlbee with ZeljkoPilipovic
11:34 ZeljkoPilipovic| de si bre komso
11:34 ZeljkoPilipovic| jesi li se ti odselio
11:35 playahater| umalo pa istina .. :) ..
11:35 playahater| iako vetji deo dana provedem u office .. i dalje dodjem doma da prespavam .. :)
11:35 Closing query with ZeljkoPilipovic
--- Log closed Wed Feb 09 11:35:51 2011
--- Log opened Wed Feb 09 13:13:01 2011
13:13 Starting query in Bitlbee with ZeljkoPilipovic
13:13 ZeljkoPilipovic| PA DOBRO,HOCEMO LI MI PITI TU KAFU?????????????
13:13 playahater| mogu ti retji sa 100% sigurnoshtju da .. DA
13:13 playahater| :)
13:14 ZeljkoPilipovic| KAD????
13:14 ZeljkoPilipovic| sledece godine
13:14 playahater| e .. to je pravo pitanje .. kad? ..
13:14 playahater| :)
13:14 playahater| to ne znam da ti kazem ..
13:14 playahater| :)
13:15 playahater| kad prestanem da radim po 14h dnevno
13:15 playahater| :\
13:15 ZeljkoPilipovic| pa to ti je dobro
13:15 ZeljkoPilipovic| ako ne znas gde da potrosis pare,ti mi javi
13:16 playahater| mislim da tju se snatji .. :)
13:16 Closing query with ZeljkoPilipovic
--- Log closed Wed Feb 09 13:16:24 2011
--- Log opened Wed Feb 09 13:16:32 2011
13:16 Starting query in Bitlbee with ZeljkoPilipovic
13:16 ZeljkoPilipovic| pa dobro
13:16 ZeljkoPilipovic| ja sam tu ako se ne snadjes
13:17 playahater| narafski .. imam te u vidu .. :)
--- Log closed Wed Feb 09 13:22:46 2011
--- Log opened Wed Feb 09 14:33:39 2011
14:33          <-- ZeljkoPilipovic has quit irc
--- Log closed Wed Feb 09 14:38:46 2011
--- Log opened Wed Feb 09 15:11:54 2011
15:11          <-- ZeljkoPilipovic has quit irc
--- Log closed Wed Feb 09 15:17:46 2011
--- Log opened Wed Feb 09 15:57:01 2011
15:57 Closing query with ZeljkoPilipovic
--- Log closed Wed Feb 09 15:57:01 2011
--- Log opened Wed Feb 16 10:49:12 2011
10:49 Starting query in Bitlbee with ZeljkoPilipovic
10:49 ZeljkoPilipovic| de si komso
--- Log closed Wed Feb 16 10:55:05 2011
--- Log opened Wed Feb 16 10:57:53 2011
10:57          <-- ZeljkoPilipovic has quit irc
--- Log closed Wed Feb 16 11:03:05 2011
--- Log opened Wed Feb 16 13:55:51 2011
13:55 Closing query with ZeljkoPilipovic
--- Log closed Wed Feb 16 13:55:52 2011
--- Log opened Wed Feb 16 14:50:57 2011
14:50 Starting query in Bitlbee with ZeljkoPilipovic
14:50 ZeljkoPilipovic| komso..........
--- Log closed Wed Feb 16 14:56:05 2011
--- Log opened Wed Feb 16 15:11:23 2011
15:11          <-- ZeljkoPilipovic has quit irc
--- Log closed Wed Feb 16 15:17:05 2011
--- Log opened Wed Feb 16 15:54:20 2011
15:54 Closing query with ZeljkoPilipovic
--- Log closed Wed Feb 16 15:54:20 2011
--- Log opened Fri Feb 25 15:01:44 2011
15:01 Starting query in Bitlbee with ZeljkoPilipovic
15:01 ZeljkoPilipovic| komso,jesi li ti ziv
--- Log closed Fri Feb 25 15:07:16 2011
--- Log opened Fri Feb 25 15:10:06 2011
15:10          <-- ZeljkoPilipovic has quit irc
--- Log closed Fri Feb 25 15:15:16 2011
--- Log opened Fri Feb 25 23:37:51 2011
23:37          <-- ZeljkoPilipovic has quit irc
--- Log closed Fri Feb 25 23:43:16 2011
--- Log opened Sat Feb 26 13:36:33 2011
13:36 Closing query with ZeljkoPilipovic
--- Log closed Sat Feb 26 13:36:33 2011
--- Log opened Thu Mar 03 21:26:27 2011
21:26 Starting query in Bitlbee with ZeljkoPilipovic
21:26 ZeljkoPilipovic| dobro vece komso
--- Log closed Thu Mar 03 21:32:25 2011
--- Log opened Thu Mar 03 21:41:28 2011
21:41          <-- ZeljkoPilipovic has quit irc
--- Log closed Thu Mar 03 21:47:25 2011
--- Log opened Wed Mar 09 12:26:50 2011
12:26 Starting query in Bitlbee with ZeljkoPilipovic
12:26 ZeljkoPilipovic| drugare,jesi li ti ziv nama
12:29 playahater| ehe .. drugare .. jesam ..
12:29 playahater| josh mrdam
12:29 playahater| :)
12:29 playahater| jedva .. al mrdam .. :)
12:30 ZeljkoPilipovic| nema te
12:30 ZeljkoPilipovic| zaboravio si skroz na nas
12:30 ZeljkoPilipovic| cesce smo se vidjali dok si ziveo u Kotezu
--- Log closed Wed Mar 09 12:36:11 2011
--- Log opened Wed Mar 09 12:42:18 2011
12:42 playahater| a manje sam i radio
12:42 playahater| :)
12:42 playahater| dje si ti .. sha ima novo?
--- Log closed Wed Mar 09 12:48:11 2011
--- Log opened Wed Mar 09 13:10:00 2011
13:10 ZeljkoPilipovic| ja evo radim,na poslu sam
--- Log closed Wed Mar 09 13:15:11 2011
--- Log opened Wed Mar 09 14:13:04 2011
14:13          <-- ZeljkoPilipovic has quit irc
--- Log closed Wed Mar 09 14:18:11 2011
--- Log opened Wed Mar 09 14:47:17 2011
14:47 Closing query with ZeljkoPilipovic
--- Log closed Wed Mar 09 14:47:17 2011
--- Log opened Fri Mar 11 13:21:37 2011
13:21 Starting query in Bitlbee with ZeljkoPilipovic
13:21 ZeljkoPilipovic| de si bre komso
13:21 ZeljkoPilipovic| jesi li ziv
13:21 ZeljkoPilipovic| jel pijemo sutra vece
13:24 playahater| ehe .. komsho ..
13:24 playahater| evo me .. na poslu ..
13:24 playahater| silovito ..
13:24 playahater| :) ..
13:24 playahater| videtju za sutra veche kakva je ortanizacija ..
13:24 ZeljkoPilipovic| radis,jel vidis kako je lep dan danas
13:25 playahater| ako se iskombinujem .. gledamo se na vopsu ..
13:25 ZeljkoPilipovic| tesko,ne verujem da ces se iskombinovati!!!!!!!!!!!!!!
13:25 ZeljkoPilipovic| ti ne zelis da se druzis sa nama
13:29 playahater| komsho .. nemoj si takav choek .. 
13:29 playahater| :)
--- Log closed Fri Mar 11 13:35:01 2011
--- Log opened Fri Mar 11 13:53:13 2011
13:53 Closing query with ZeljkoPilipovic
--- Log closed Fri Mar 11 13:53:13 2011
--- Log opened Mon Mar 14 14:35:44 2011
14:35 Starting query in Bitlbee with ZeljkoPilipovic
14:35 ZeljkoPilipovic| gde si
14:35 ZeljkoPilipovic| nema te u subotu
--- Log closed Mon Mar 14 14:41:02 2011
--- Log opened Mon Mar 14 14:41:33 2011
14:41 playahater| ehe .. nisam stigo .. na zalost ..
14:41 playahater| :\
14:41 playahater| gde ste bili?
14:41 playahater| ko sve bio?
14:41 playahater| :)
--- Log closed Mon Mar 14 14:47:02 2011
--- Log opened Mon Mar 14 15:29:50 2011
15:29          <-- ZeljkoPilipovic has quit irc
--- Log closed Mon Mar 14 15:35:02 2011
--- Log opened Mon Mar 14 15:36:36 2011
15:36 Closing query with ZeljkoPilipovic
--- Log closed Mon Mar 14 15:36:36 2011
--- Log opened Fri Mar 18 11:43:59 2011
11:43 Starting query in Bitlbee with ZeljkoPilipovic
11:43 ZeljkoPilipovic| alo,komso jesi li tu
11:45 playahater| ehe .. komsho ..
11:45 playahater| tu be .. narafski ..
11:45 ZeljkoPilipovic| sta ima 
11:45 playahater| evo .. radno ..
11:45 ZeljkoPilipovic| jesili ziv
11:45 playahater| silovito
11:45 playahater| jedva ..
11:45 ZeljkoPilipovic| slusaj,ovako
11:45 playahater| :\
11:46 playahater| ae
11:46 ZeljkoPilipovic| u utorak su mladenci
11:46 playahater| :)
11:46 ZeljkoPilipovic| to znas???
11:46 playahater| sad znam
11:46 playahater| :)
11:46 ZeljkoPilipovic| u utorak pravim uselenje i mladence u mirijevu tako da dodji
11:47 ZeljkoPilipovic| javljam ti ranije da s orgamzujes
11:49 playahater| ok .. uplanirao sam .. :)
11:50 playahater| gledatju da dodjem .. ne znam kad tju da zavrshim s poslom .. to je malo gusto .. ali potruditju se da se organizujem .. 
11:50 playahater| ;)
11:50 playahater| prvi mladenci,a? :)
11:55 ZeljkoPilipovic| da
11:55 ZeljkoPilipovic| ne bih mi bilo drago da nedodjes
11:55 ZeljkoPilipovic| i to slavimo na mirijevu
--- Log closed Fri Mar 18 12:01:47 2011
--- Log opened Fri Mar 18 12:05:38 2011
12:05 playahater| ne bi ni meni bilo drago da ne dodjem .. ;) ..
12:05 playahater| dajem sve od sebe da se vidimo tad ..
--- Log closed Fri Mar 18 12:10:47 2011
--- Log opened Fri Mar 18 12:17:41 2011
12:17 ZeljkoPilipovic| ok
--- Log closed Fri Mar 18 12:22:47 2011
--- Log opened Fri Mar 18 12:24:50 2011
12:24 Closing query with ZeljkoPilipovic
--- Log closed Fri Mar 18 12:24:50 2011
--- Log opened Mon Apr 18 14:44:03 2011
14:44 Starting query in Bitlbee with ZeljkoPilipovic
14:44 ZeljkoPilipovic| de si bivsi komso
--- Log closed Mon Apr 18 14:49:51 2011
--- Log opened Mon Apr 18 14:51:04 2011
14:51 playahater| oho .. dje si komsho..
14:51 playahater| kako na mirjevu u novoj gajbi?
14:51 playahater| si se ushushkao?
14:51 playahater| :)
14:51 Closing query with ZeljkoPilipovic
--- Log closed Mon Apr 18 14:51:24 2011
--- Log opened Tue Apr 19 09:36:47 2011
09:36 Starting query in Bitlbee with ZeljkoPilipovic
09:36 ZeljkoPilipovic| komso
09:36 ZeljkoPilipovic| organizuj se sutra pasvrati na pivce
09:37 ZeljkoPilipovic| nemacko kod nas
--- Log closed Tue Apr 19 09:42:35 2011
--- Log opened Tue Apr 19 10:55:15 2011
10:55          <-- ZeljkoPilipovic has quit irc
--- Log closed Tue Apr 19 11:00:35 2011
--- Log opened Tue Apr 19 11:22:15 2011
11:22          <-- ZeljkoPilipovic has quit irc
--- Log closed Tue Apr 19 11:27:35 2011
--- Log opened Tue Apr 19 11:30:05 2011
11:30 Closing query with ZeljkoPilipovic
--- Log closed Tue Apr 19 11:30:05 2011
--- Log opened Wed Apr 20 09:43:38 2011
09:43 Starting query in Bitlbee with ZeljkoPilipovic
09:43 ZeljkoPilipovic| de si
09:43 ZeljkoPilipovic| jel imas ti mob tel?
--- Log closed Wed Apr 20 09:49:41 2011
--- Log opened Wed Apr 20 10:03:26 2011
10:03 Closing query with ZeljkoPilipovic
--- Log closed Wed Apr 20 10:03:26 2011
--- Log opened Wed Apr 20 11:10:10 2011
11:10 Starting query in Bitlbee with ZeljkoPilipovic
11:10 ZeljkoPilipovic| alo bre komso
11:10 ZeljkoPilipovic| jesi li ti ljut nesto na mene
11:10 playahater| e be .. komsho ..
11:10 playahater| brojtro ..
11:10 playahater| ne bre .. nisam ljut ..
11:10 playahater| shto?
11:11 ZeljkoPilipovic| pa nema te 
11:11 ZeljkoPilipovic| ne javljas se
11:11 ZeljkoPilipovic| jel se druzimo sutra vece kod nas
11:11 playahater| pa radim .. brzina .. ne znam gde je levo ..
11:11 playahater| sutra? ..
11:11 playahater| hmm
11:11 playahater| nishta ne garantujem ..
11:11 playahater| sve zavisi do kad tju biti na poslu ..
11:12 playahater| planirate neku adu,a?
11:12 ZeljkoPilipovic| planiramo sutra vece da se druzimo kod nas
11:13 ZeljkoPilipovic| da dodjete na nemacko pivo sto sam doneo iz nemacke
11:13 playahater| aaa ..
11:13 playahater| ta kombinacija
11:13 playahater| :)
11:13 playahater| lepo lepo .. pa ae .. videtju .. ako ne zaginem na poslu .. mozda se proshetam ..
11:14 playahater| nezgodne mi te akcije u sred nedelje ..
11:14 ZeljkoPilipovic| znaci neces
11:14 playahater| shto si bre tako negativan
11:14 playahater| :)
11:15 playahater| hotju .. al ne znam da l tju motji
11:15 ZeljkoPilipovic| pa  nije sredina nedelje
11:15 ZeljkoPilipovic| ne radi se u petak
11:15 ZeljkoPilipovic| petak je praznik
11:17 playahater| ne seri .. 
11:17 playahater| aa .. to je sad ovaj petak?
11:18 playahater| ladno tju izgleda motji da odmorim sad za vikend .. :) .. neverovatno ..
11:19 playahater| uglavnom .. videtju .. ako budem bio u stanju sutra .. svratitju .. ako ne .. mozemo da isplaramo neko pivo na adi za vikend ..
11:19 playahater| trebalo bi da bude lepo vreme ..
11:19 playahater| preko dana .. izadjemo na sunce .. proshetamo ..
11:19 playahater| nisam video dan ne pamtim .. (ovo u kancu ne rachunam) :\
11:22 ZeljkoPilipovic| ne ardi se sad u petak i u ponedeljak
11:22 ZeljkoPilipovic| i sledece nedelje 2 i 3 maj se ne radi
11:23 playahater| ja sad u ponedeljak radim .. ali u petak ne radim ..
11:24 playahater| i za prvi maj ne radim ponedeljak samo
11:24 Closing query with ZeljkoPilipovic
--- Log closed Wed Apr 20 11:24:45 2011
--- Log opened Wed Apr 20 11:40:46 2011
11:40 Starting query in Bitlbee with ZeljkoPilipovic
11:40 ZeljkoPilipovic| ok
11:40 ZeljkoPilipovic| javi se pa organizuj se da se vidimo sutra
11:41 playahater| nishta ne garantujem .. ali ako se uglobim, javljam se ..
11:42 playahater| ako ne .. moz planiramo vikend/sunce/ada
11:42 Closing query with ZeljkoPilipovic
--- Log closed Wed Apr 20 11:42:15 2011
--- Log opened Thu Apr 21 11:49:29 2011
11:49 Starting query in Bitlbee with ZeljkoPilipovic
11:49 ZeljkoPilipovic| jel se vidimo oko 7,8
--- Log closed Thu Apr 21 11:54:50 2011
--- Log opened Thu Apr 21 12:10:06 2011
12:10 playahater| ne garantujem nishta ..
12:10 playahater| ne znam do kad radim danas ..
12:10 playahater| javitju se ako dolazim ..
12:10 Closing query with ZeljkoPilipovic
--- Log closed Thu Apr 21 12:10:35 2011
--- Log opened Fri Apr 22 18:54:28 2011
18:54 Starting query in Bitlbee with ZeljkoPilipovic
18:54 ZeljkoPilipovic| de si ti juce
18:54 ZeljkoPilipovic| bio sam u pravu!!!!!!!!!!!!!
18:54 playahater| za shta 
18:54 playahater| iliti .. u vezi chega ..
18:55 playahater| :)
18:55 ZeljkoPilipovic| znao sam da si vec zaboravio
18:55 ZeljkoPilipovic| pa da dodjes da se druzimo
18:55 playahater| lele kakav si chovek ..
18:55 playahater| :)
18:55 ZeljkoPilipovic| i da vidis gde ti se drugar ili bivsi grugar odeslio
18:56 ZeljkoPilipovic| gde si sad
18:56 playahater| jebote bio sam u kancu do desetke .. 
18:56 ZeljkoPilipovic| jel sad kuckasa
18:56 playahater| od devetke ..
18:57 ZeljkoPilipovic| ajde dodji sad
18:57 playahater| sad idem do gospodja mame na ruchak/vecheru i da joj instaliram net ..
18:57 playahater| otje mama facebook :D
18:58 playahater| hehe ..
18:58 ZeljkoPilipovic| xexexexe
18:58 playahater| a mozemo da isplaniramo neku adu u nedelju, recimo ..
18:58 ZeljkoPilipovic| a kad ces do nas
18:58 playahater| ili da se proshetam do vas u nedelju ..
18:58 ZeljkoPilipovic| u nedleju tesko
18:59 ZeljkoPilipovic| ali ako si raspolozen za prvi maj idemo na srebrno jezero
18:59 playahater| ne seri .. uuu .
18:59 playahater| dobro zvuchi ..
18:59 playahater| kolko je to odavde daleko?
18:59 ZeljkoPilipovic| ne znam
18:59 playahater| odemo ujutru, vratimo se uveche,a?
18:59 ZeljkoPilipovic| 70-ak
18:59 ZeljkoPilipovic| kod joce u po
19:00 ZeljkoPilipovic| da
19:00 ZeljkoPilipovic| tako
19:00 ZeljkoPilipovic| tako smo planirali
19:00 playahater| to je ok .. 
19:01 playahater| ae tje vimo .. ako ne odem za selo u smilovicu, shto sumnjam, mozemo da planiramo jezerce ..
19:01 ZeljkoPilipovic| pa mi smo isplanirali,bilo bi nam drago da nam se pridruzite
19:02 playahater| lepo ste isplananirali .. :) ..
19:02 playahater| i nama bi bilo drago da vam se pridruzimo
19:02 playahater| :)
19:02 ZeljkoPilipovic| na vama je
19:02 ZeljkoPilipovic| odlucite sami
19:03 ZeljkoPilipovic| to je sledeca nedelja
19:03 playahater| kolko imash libero oko prvog maja?
19:04 playahater| ja mozda ne radim samo petak .. al i to je sumnjivo ..
19:04 ZeljkoPilipovic| prvi,drugi i treci
19:04 playahater| didi ..
19:04 playahater| do jaja
19:04 ZeljkoPilipovic| se ne radi
19:05 ZeljkoPilipovic| a nisam radio danas i ne radim sutra i u ponedeljak
19:05 playahater| to da .. isto i kod nas .. al nas drknuli za prvi maj ..
19:05 playahater| :\
19:05 playahater| dobro .. planiram jezerce ..
19:06 ZeljkoPilipovic| onda se druzimo
19:06 playahater| treba da se chujem danas/sutra sa tajom .. da vidim shta oni planiraju ..
19:06 ZeljkoPilipovic| a vidi kad mozete pa svratite na kaficu kod nas
19:06 ZeljkoPilipovic| ok
19:06 playahater| al obzirom da nemam nishta slobodno oko prvog maja sumnjam da tju da se cimnem do sela i nazad ..
19:07 playahater| uglavnom .. chujemo se pa se gledamo ..
19:07 ZeljkoPilipovic| ok
19:07 ZeljkoPilipovic| nista pozdravi mamu
19:07 playahater| budi dobar .. i mashi lepshoj polovini .. :) ..
19:08 playahater| a mami tju da merim kolko tje joj trebati da se navuche na net .. :) ..
19:08 playahater| mali eksperiment .. :)
19:08 playahater| hehe
19:08 ZeljkoPilipovic| ajde javite se pa da svratite
19:08 ZeljkoPilipovic| na kaficu
19:08 playahater| ok .. ql .. budemo ..
19:08 playahater| :)
19:09 ZeljkoPilipovic| cao
19:09 ZeljkoPilipovic| planiram te onda za prvi maj
19:10 playahater| josh tju da potvrdim to ..
19:10 playahater| ali utefterio sam .. 
19:10 playahater| ;)
19:10 playahater| poz ..
--- Log closed Fri Apr 22 19:15:50 2011
--- Log opened Fri Apr 22 19:22:51 2011
19:22 Closing query with ZeljkoPilipovic
--- Log closed Fri Apr 22 19:22:51 2011
--- Log opened Mon Apr 25 21:42:22 2011
21:42 Starting query in Bitlbee with ZeljkoPilipovic
21:42 ZeljkoPilipovic| de si
21:42 ZeljkoPilipovic| jel te planiramo za 1
21:44          <-- ZeljkoPilipovic has quit irc
21:44 Closing query with ZeljkoPilipovic
--- Log closed Mon Apr 25 21:44:56 2011
--- Log opened Tue Apr 26 12:01:30 2011
12:01 Starting query in Bitlbee with ZeljkoPilipovic
12:01 ZeljkoPilipovic| dobrar dan
--- Log closed Tue Apr 26 12:06:59 2011
--- Log opened Tue Apr 26 12:08:51 2011
12:08 playahater| ohoo .. dobar dan komsho ..
12:08 playahater| sretjan rad
12:08 playahater| :)
12:09 ZeljkoPilipovic| hvala
12:09 ZeljkoPilipovic| takodje
12:09 ZeljkoPilipovic| kako si
12:09 ZeljkoPilipovic| jesi li se odmorio za praznike
12:12 playahater| pa nisam neshto bog zna ..
12:12 playahater| zujao sam tamo-vamo sve vreme ..
--- Log closed Tue Apr 26 12:17:59 2011
--- Log opened Tue Apr 26 12:19:34 2011
12:19 ZeljkoPilipovic| jel idemo za prvi maj zajedno
12:21          <-- ZeljkoPilipovic has quit irc
--- Log closed Tue Apr 26 12:26:59 2011
--- Log opened Thu Apr 28 13:24:08 2011
13:24 Starting query in Bitlbee with ZeljkoPilipovic
13:24 ZeljkoPilipovic| jel idemo zajedno za prvi maj
--- Log closed Thu Apr 28 13:30:00 2011
--- Log opened Thu Apr 28 13:34:30 2011
13:34 playahater| josh rachunam shta da radim za prvi maj .. :)
--- Log closed Thu Apr 28 13:40:00 2011
--- Log opened Thu Apr 28 13:42:11 2011
13:42 ZeljkoPilipovic| eee
13:42 ZeljkoPilipovic| pa zar drugare da ispalis
--- Log closed Thu Apr 28 13:48:00 2011
--- Log opened Thu Apr 28 13:57:21 2011
13:57 playahater| mnogo teshke rechi koristish komsho .. :)
13:57 Closing query with ZeljkoPilipovic
--- Log closed Thu Apr 28 13:57:24 2011
--- Log opened Thu Apr 28 21:07:41 2011
21:07 Starting query in Bitlbee with ZeljkoPilipovic
21:07 ZeljkoPilipovic| dobro vece
21:08 playahater| oho .. komsho .. 
21:08 playahater| broveche ..
21:08          <-- ZeljkoPilipovic has quit irc
21:08 Closing query with ZeljkoPilipovic
--- Log closed Thu Apr 28 21:08:13 2011
--- Log opened Thu Apr 28 21:15:29 2011
21:15 Starting query in Bitlbee with ZeljkoPilipovic
21:15 ZeljkoPilipovic| reci mi gde mogu da nadjem povoljan bezicni ruter i koji bi mi ti porucio
21:16 playahater| pa ..
21:16 playahater| bezichni ruter je shirok pojam ..
21:16 playahater| ali recimo ..
21:16 playahater| linksys wrt54gl jebe kevu ..
21:16 playahater| ja sam ponosan vlasnik istog .. 
21:16 playahater| :)
21:16 Closing query with ZeljkoPilipovic
--- Log closed Thu Apr 28 21:16:46 2011
--- Log opened Thu Apr 28 21:17:13 2011
21:17 Starting query in Bitlbee with ZeljkoPilipovic
21:17 ZeljkoPilipovic| koja mu je cena od prilike
21:17 playahater| mislim da sam dao negde oko 60-70 evritja ..
21:17 ZeljkoPilipovic| uh
21:17 ZeljkoPilipovic| jel ima sta jeftinije
21:18 playahater| :)
21:18 playahater| uvek ima jeftinije ..
21:18 ZeljkoPilipovic| ajde raspitaj mi se pa da posle praznika dodjes da mi povezes i zakljucas,da ne moze niko osim nas da ga koristi
21:18 ZeljkoPilipovic| jel moze
21:18 playahater| ae vazi ..
21:19 ZeljkoPilipovic| i da naravno ispodesavas sve sto treba
21:19 playahater| moz se organizujemo ..
21:19 ZeljkoPilipovic| pa da se vidimo posle godinu dana
21:21 playahater| bez godinu .. nishta ..
21:21 playahater| :)
21:21 Closing query with ZeljkoPilipovic
--- Log closed Thu Apr 28 21:21:32 2011
--- Log opened Thu Apr 28 21:22:44 2011
21:22 Starting query in Bitlbee with ZeljkoPilipovic
21:22 ZeljkoPilipovic| kad je bila moja svadba
21:22 ZeljkoPilipovic| 29 maja
21:22 playahater| i od tad se nismo videli?
21:23 playahater| mojne ti dodjem tamo
21:24 ZeljkoPilipovic| ajde dodji 
21:24 ZeljkoPilipovic| bas bih popio sa nekim pive
21:25 playahater| :)
21:25 Closing query with ZeljkoPilipovic
--- Log closed Thu Apr 28 21:25:42 2011
--- Log opened Thu Apr 28 21:27:04 2011
21:27 Starting query in Bitlbee with ZeljkoPilipovic
21:27 ZeljkoPilipovic| moze i kokta
21:27 ZeljkoPilipovic| ako si raspolozen
--- Log closed Thu Apr 28 21:33:00 2011
--- Log opened Thu Apr 28 22:28:40 2011
22:28 Closing query with ZeljkoPilipovic
--- Log closed Thu Apr 28 22:28:40 2011
