--- Log opened Tue Apr 13 21:38:16 2010
21:38 Starting query in Bitlbee with zilett
21:38 zilett| De si bre prijatelju >(
21:38 zilett| samo te gledam..samo haxuješ nešto.
21:38 zilett| i sad si našao na apache:
21:38 zilett| https://blogs.apache.org/infra/entry/apache_org_04_09_2010
--- Log closed Tue Apr 13 21:43:54 2010
--- Log opened Tue Apr 13 21:45:52 2010
21:45 playahater| ehe .. prijatelju ..
21:45 playahater| pa desi .. majka mu stara ..
21:46 playahater| :)
21:46 playahater| da da .. video sam linak .. ;)
21:47 Closing query with zilett
--- Log closed Tue Apr 13 21:47:40 2010
--- Log opened Tue Apr 13 21:48:04 2010
21:48 Starting query in Bitlbee with zilett
21:48 zilett| pa evo bre. nešto vamo tamo..
21:48 zilett| što bi reko prijatelj sa jutjuba kuca poso :D
21:48 zilett| ali evo vidim blizi nam se 10to godišnjica.
21:48 zilett| pa mi nešto baš drago.
21:48 zilett| nekako je jako :D
21:48 playahater| hehe .. da da ..
21:49 playahater| mitja .. kolko sam chuo .. glavni organizator ..
21:49 playahater| shef sale :P
21:49 zilett| šef nego šta. uvek je želeo da bude šef.
21:49 zilett| i eto :D
21:49 zilett| samo nemam pojma još ništa..
21:49 zilett| ko šta gde .. neki program
21:49 zilett| profesori? kolko para'
21:49 zilett| imaš li neki more info?
21:49 playahater| ideju nemam ..
21:50 playahater| ali imam neki osetjaj da tje da se pojavi invite na fb u nekom trenutku .. :P
21:50 playahater| :)
21:50 zilett| to to svi to čekamo :D
21:51 zilett| vidiš moram da promenim šifru na fb :)
21:51 zilett| ista je kao i na apache JIRI :D
21:51 zilett| samo nije isti nalog ..
21:51 zilett| fijuu dobro je
21:52 playahater| video se sa yapijem sad u subotu ..
21:52 playahater| posetio nashu sektu .. :)
21:53 zilett| uuuu .. Yapi :D
21:53 zilett| sektaši :D
21:53 zilett| da da .. vidiš.. trebalo bi da ga cimnem da vim gde je ša ima i ostalo
21:54 playahater| pa mogo bi isplanirash neki vops u blizoj budutjnosti sa drugarima haXorima .. :)
21:54 zilett| kako je tebi..
21:54 zilett| arbajtuješli ?
21:54 playahater| radim radim .. sve u 16 .. :)
21:54 playahater| drupal/django .. 
21:54 playahater| shtancujemo sajtove ..
21:55 playahater| :)
21:55 zilett| pravi si štancer.
21:56 playahater| neam izbor .. :)
21:56 playahater| kod tebze?
21:57 playahater| si josh privatnik-poduzetnik
21:57 Closing query with zilett
--- Log closed Tue Apr 13 21:57:36 2010
--- Log opened Tue Apr 13 21:57:43 2010
21:57 Starting query in Bitlbee with zilett
21:57 zilett| ma jock.
21:57 zilett| afk
21:58 Closing query with zilett
--- Log closed Tue Apr 13 21:58:28 2010
--- Log opened Thu Jul 08 22:57:13 2010
22:57 Starting query in Bitlbee with zilett
22:57 zilett| de si bre na trčanju je li bre :D
--- Log closed Thu Jul 08 23:02:54 2010
--- Log opened Thu Jul 08 23:16:31 2010
23:16          <-- zilett has quit irc
--- Log closed Thu Jul 08 23:21:54 2010
--- Log opened Thu Jul 08 23:29:17 2010
23:29          <-- zilett has quit irc
--- Log closed Thu Jul 08 23:34:54 2010
--- Log opened Thu Jul 08 23:42:31 2010
23:42          <-- zilett has quit irc
23:44 playahater| ko bre .. shta bre gde sam bre? .. a? .. :)
--- Log closed Thu Jul 08 23:49:54 2010
--- Log opened Thu Jul 08 23:55:31 2010
23:55 Closing query with zilett
--- Log closed Thu Jul 08 23:55:31 2010
--- Log opened Tue Aug 31 14:31:12 2010
14:31 Starting query in Bitlbee with zilett
14:31 zilett| Hole druže.. imam opet neki potencijalni posao.. a na tebi je da proceniš da li mož da se uradi
14:31 zilett| http://www.eurogradnja.hr/fivestars 
14:31 zilett| treba da se iskopira gorepomenuti sajt..
14:31 zilett| e sad ne mroa da bude flash može da bude i JScript pa slike ali zumiranje i efekti treba da budu tu.
14:31 zilett| e pa pitanje je koliko para koliko vremena i da li ste uopšte zainteresovani.
14:33 playahater| ehe .. prijateljstvo .. 
14:33 playahater| pa pazi .. jesmo zainteresovani ..
14:33 playahater| flash ne radimo .. ali neka javascript varijanta bi mogla ..
14:34 zilett| meni je to sasvim kul
14:34 playahater| a jel ima vetj neko odredjeno vreme do kad to mora da bude gotovo ?
14:34 zilett| ako misliš da je izvodljivo ja te spojim dalje
14:34 zilett| pa recimo do 2 meseca
14:34 zilett| ne bi trebalo duže.
14:35 playahater| aha .. odlichno ..
14:35 playahater| ae da vidim sa kolegom :) .. pa ti javljam ..
14:35 playahater| dobijash info u toku dana
14:35 zilett| oki..
--- Log closed Tue Aug 31 14:41:00 2010
--- Log opened Tue Aug 31 17:10:06 2010
17:10          <-- zilett has quit irc
--- Log closed Tue Aug 31 17:16:00 2010
--- Log opened Tue Aug 31 18:37:53 2010
18:37 Closing query with zilett
--- Log closed Tue Aug 31 18:37:53 2010
--- Log opened Mon Dec 06 18:17:20 2010
18:17 Starting query in Bitlbee with zilett
18:17 zilett| de si Mišo kralju
18:17 zilett| nema te da se javiš ..
18:17 zilett| ct ct ct.
18:17 zilett| sramota
18:17 playahater| zile .. prijatelju .. 
18:17 playahater| nemoj tako
18:17 playahater| :)
18:18 zilett| Heh ma nije frka nego mi nešto hića
18:18 zilett| pa reko da vidim da li si u fulu ?
18:18 zilett| treba mi neki cms i shop
18:18 zilett| da se nabaca neki drupal na brzaka.
18:18 zilett| ali ima i import podataka
18:20 zilett| e sad taj import treba da se odradi tako što će biti izvučen iz postojećeg sistema kroz sql
18:20 zilett| ali nemamo pristup postojećem sistemu već ćemo dobiti tekstove
18:20 zilett| i eto to je otprilike to
18:20 zilett| generalno standardica..
18:20 zilett| ništa veliko..
18:20 playahater| kolko toga ima .. i do kad treba bude gotovo ?
18:20 zilett| cms da može da se edituje
18:20 playahater| :)
18:20 playahater| i na chemu je trenutno reshnje?
18:20 zilett| blogić, shop, 
18:21 zilett| na nečemu :)
18:21 zilett| neko kastm rešenje
18:21 zilett| i to kažem malo ima da se izvuku podaci ali to ćemo dobiti od te firme na zahtev
18:21 zilett| dizajn se dobija
18:21 zilett| recimo oko 2-3 nedelje posla 
18:21 zilett| ako se iskoristi sve off the shelf
18:21 zilett| a treba da bude lansirano do nove godine
18:21 zilett| tj može i koj dan posle nije to previše strašno
18:22 zilett| ali tako nešto bi trebalo da je aut.
18:22 zilett| recimo do 15 januara maks
18:22 zilett| da ima i neka galerija
18:22 zilett| ako mi zaveštaš da nećeš da širiš priču dalje mogu da ti prosledim link šta treba da se preradi :D
18:22 playahater| pazi ovako ..
18:22 zilett| da napravimo neformalni NDA .
18:23 playahater| pricha mi deluje vishe-manje latja .. shto je ok ..
18:23 playahater| problem je vreme
18:23 playahater| ja sam u kosmichkoj do kraja godine .. 
18:23 zilett| vreme možemo malo da peglamo.
18:23 zilett| ali ne previše
18:23 zilett| e sad potencijalno postoje dalje priče za širenje oko ovog biznisa
18:23 zilett| ali videćemo kako će to da ide
18:23 zilett| u kojoj kosmičkoj :D
18:23 playahater| fora je shto sam krenuo da radim u jedoj firmi .. 
18:24 playahater| od 9-18h ..
18:24 playahater| libero sam pose i vikendom ..
18:24 playahater| *posle posla
18:24 playahater| jedini problem koji ja vidim u celoj prichi je rok ..
18:24 zilett| a to.. u onda jako :)
18:24 playahater| :)
18:24 zilett| pa dobro možda oće ta tvoja firma da odradi?
18:25 zilett| jel se bavi nečim sličnim?
18:25 playahater| development na drupalu :) ..
18:25 zilett| dobro to onda ispada ok.
18:25 playahater| to je skroz full ..
18:25 zilett| ma full fulova
18:25 zilett| realno mislim da bi svenuo da radiš posle posla sve ovo
18:26 playahater| kazem ti .. jedino mi je frka da ako radim sam .. prihvatim poso .. pa ispadne posle da ne stizem do zadatog roka ..
18:26 zilett| ali dobro na tebi je da odlučiš :=
18:26 zilett| a ja ne volim da preopterećujem ljude
18:26 zilett| pa ne moraš ti sam :)
18:26 playahater| realno .. ne bih voleo da ispaljujemo bilo kog ..
18:26 zilett| iscimaš još nekog.
18:26 zilett| mislim ja bih pomogao koliko se može ali samo u domenu usmeravanja i dalje komunikacije
18:26 zilett| ma dobro to je ok.. 
18:27 playahater| ae da razmislim .. popricham .. pa ti javim ..
18:27 zilett| realno nema previše posla jer je sve cilj da bude offthe shelf sa prilagođenim dizajnom
18:27 zilett| ajde.
18:27 zilett| ako mi odgovoriš na moje pitanje o ćutnji 
18:27 zilett| mogu da ti prosledim šta je to sad i kako bi otprilike i izgledalo
18:27 playahater| nda mi je direktno u kernel kompajliran ;)
18:27 zilett| tj samo da napišeš u četu da ćutaću :)
18:27 zilett| dobro to smatram za tim.
18:27 playahater| :)
18:28 playahater| naravno .. sve ostaje iskljuchivo medju nama
18:28 zilett| mislim te formalnosti ovo ono ali negde moram da imam zapis.. posle ja ispalim dalje i ispadne glupo .
18:28 zilett| dakle ovako
18:28 zilett| odeš na rajko.tv
18:28 zilett| i sve ti odmah bude jasno.
18:28 zilett| generalno ni redizajn ne bi bio preveliki .. izgledalo bi skoro slično.. ali to je manji deo priče
18:29 zilett| samo treba sve da se uklopi
18:29 zilett| i najveći deo priče je prebacivanje postojećeg sadržaja
18:29 zilett| što se opet uglavnom odnosi na bazu korisnika za newsletter
18:29 zilett| a to ćemo već da dobijemo u formatu kakav nam odgovoara pa da se naroka u bazu
18:30 playahater| ovo skroz latja kolko mogu da vidim ..
18:30 playahater| mislim da tju se prihvatiti posla
18:30 zilett| realno je laća..
18:31 zilett| poenta je da mora da bude php jer treba da ide na neki jeftiniji hosting.
18:31 zilett| poprilično je ravno.
18:31 playahater| da .. vidim .. statika .. nema nekih akrobacija ..
18:31 zilett| ako si fri mogu da te cimnem na foun?
18:31 playahater| josh sam na shljaci ..
18:31 playahater| mogu te zovem kad prihajam doma
18:32 zilett| jel ovaj beše 0616020075?
18:32 zilett| ok ajde taman da ti se slegne.
18:32 playahater| da se porpichamo pa da nakon toga ja izmerim .. pa da ti javim definitivno ..
18:32 playahater| novi broj je:
18:32 zilett| da da lepo popričamo šta je sve kako ko tu kome ..
18:32 playahater| 0691270010
18:32 zilett| mislim ako ne uspemo da napravimo samo treba da pošibamo Rajka i biće to ok :D
18:32 zilett| ok mene možeš da dobiješ na 63/468-615
18:32 zilett| to je taj stari
18:33 playahater| imam ga ..
18:33 zilett| ili 063/696-177
18:33 zilett| ok ja utefterio tvoj novi
18:33 playahater| upishi taj moj .. da imash .. 
18:33 zilett| čujemo se kad naiđeš kući
18:33 playahater| cimam te kad prihajam doma
18:33 playahater| ql
--- Log closed Mon Dec 06 18:39:15 2010
--- Log opened Mon Dec 06 18:41:57 2010
18:41          <-- zilett has quit irc
--- Log closed Mon Dec 06 18:47:15 2010
--- Log opened Mon Dec 06 19:16:19 2010
19:16 Closing query with zilett
--- Log closed Mon Dec 06 19:16:19 2010
--- Log opened Tue Dec 07 21:11:45 2010
21:11 Starting query in Bitlbee with zilett
21:11 zilett| Bome ima dosta gateway-a
21:11 zilett| ja naleteo ovde na listu>
21:11 zilett| http://www.metaltoad.com/blog/drupalubercart-be-wary-alternative-payment-gateways
21:13 playahater| http://www.ubercart.org/payment
21:13 playahater| moze i ova
21:13 zilett| ok to je kul.
21:14 zilett| e da garanciju koju standardno nudimo je 6 meseci za bagove
21:14 zilett| ali se strogo kontroliše šta je bag a šta je nova funkcionalnost
21:14 playahater| e to je samo bitno
21:14 playahater| ;)
21:14 zilett| a change request naplaćujemo po satu
21:15 playahater| inache .. to je ok ..
21:15 zilett| i to malo bolje nego ovo sad
21:15 zilett| tako da a ja verujem da ti proizvodiš sve bag fri :D
21:15 zilett| tako da nema frke
21:15 playahater| of skroz .. :)
21:15 playahater| hihi
21:16 zilett| a ja ću da se potrudim da to tako bude
21:16 zilett| i to je sve kul
21:16 playahater| ma da .. standardna postavka .. sve ok ..
21:17 zilett| I da RSS naravno za blog
21:17 playahater| to je build-in .. :)
21:17 playahater| teshko bez toga .. al sa tim nije frka
21:18 playahater| :)
21:18 zilett| to to.. samo popisujem.. ložim maksimalno.
21:18 zilett| gradimo bre spejs šatl ovde :D
21:18 playahater| ako ako .. i treba ..
21:18 playahater| :)
21:18 zilett| i naravno sve userfriendly urlovi
21:18 playahater| to se podrazumeva
--- Log closed Tue Dec 07 21:24:01 2010
--- Log opened Tue Dec 07 21:59:03 2010
21:59 Closing query with zilett
--- Log closed Tue Dec 07 21:59:03 2010
--- Log opened Thu Dec 09 18:21:00 2010
18:21 Starting query in Bitlbee with zilett
18:21 zilett| Brate Mišo... ložio sam maksimalno lika
18:21 zilett| i mislim da je budala onaj koji odbije onako dobru ponudu
18:21 zilett| ali seljak srpski .. koji je britanac je uvek srpski seljak ..
18:21 zilett| :D
18:21 zilett| nego da ne sudim o čoveku
18:21 zilett| nije se složio...
18:22 zilett| posle sam saznao posredno da je našao nekog drugara koji nema šta da radi i koji bi da se vežba i koji će da radi za neku siću
18:22 zilett| i to .NET i to .Net NUke :D
18:22 zilett| znači strašno...
18:22 zilett| tako da poželeo sam sreću..
18:22 zilett| i jebiga
18:22 zilett| tako da ako bude još nešto zanimljivo i ozbiljno cimam te opet..
18:22 zilett| jebiga za ovo
--- Log closed Thu Dec 09 18:27:58 2010
--- Log opened Thu Dec 09 18:30:18 2010
18:30 playahater| zile .. prijatelju .. 
18:30 playahater| nemash brige ..
18:30 playahater| on je na gubitku ..
18:30 playahater| ;)
18:30 playahater| samo josh nije svestan toga ..
18:30 playahater| :0
18:30 zilett| to definitivno.. Ali nudio sam mu neki dil posle toga.. tako da će sad da bude malo toga juče
18:30 playahater| uglavnom .. nije frka ..
18:31 zilett| oće on drugi dil ali neće da mu se radi ovo :)
18:31 zilett| eeeeeee.. to neće tako da prođe..
18:31 playahater| otje da se jebe a da mu ne udje
18:31 playahater| :)
18:31 playahater| teshko
18:31 playahater| :)
18:31 zilett| ma ako stvarno bude radio taj neko u netNjuku.. pozdravljam ga i želim mu sreću :D
18:31 playahater| taj netje da mu radi .. vetj tje da se vezba .. :)
18:32 playahater| no dobro .. nije strashno ..
18:32 playahater| nije ni prvi ni poslednji .. ;)
18:32 playahater| ja sam tu .. ako neshto .. moz me urachunash .. 
18:32 playahater| ;)
18:32 zilett| jes ti si mi prvi za cms .. pazi se :D
18:32 playahater| drupal nindza .. ;)
18:33 playahater| svakim danom sve vishe u svakom pogledu .. :P
18:33 playahater| lol
18:33 Closing query with zilett
--- Log closed Thu Dec 09 18:33:52 2010
--- Log opened Thu Dec 09 18:34:00 2010
18:34 Starting query in Bitlbee with zilett
18:34 zilett| haha :) e to..
18:34 zilett| ne daj se.. 
18:34 zilett| a u svakom slučaju bi mogli da se presretnemo na nekom pivcu
18:34 playahater| moz namestimo neshto .. 
18:34 playahater| bio bi red ..
18:35 playahater| ja se verovatno motam oko broda sad za vikend ..
18:35 playahater| ona moja sekta .. :) ..
18:35 playahater| pa mog ti shibnem sms ..
18:36 playahater| tje navrne i yapi haxor verovatno ..
18:36 playahater| :)
18:39 zilett| uu tvoja sekta... to je već strašna sekta :D
18:39 zilett| ajde pusti ti sms.
18:39 zilett| pa da vidim gde sam u to vreme pa nešto napravimo
18:40 playahater| dogovoreto .. 
18:40 playahater| tje te pingujem ..
18:40 playahater| :)
--- Log closed Thu Dec 09 18:45:58 2010
--- Log opened Thu Dec 09 19:06:46 2010
19:06 Closing query with zilett
--- Log closed Thu Dec 09 19:06:46 2010
