--- Log opened Mon Mar 01 15:56:51 2010
15:56          --> playahat1r has joined
15:56 #drupal-themes: Total of 87 nicks [1 ops, 0 halfops, 0 voices, 86 normal]
15:57 Join to #drupal-themes was synced in 12 secs
15:57          --> FransK has joined
16:03          --> fjs007 has joined
16:05          <-- YesCT has quit irc
16:07          <-- caroltron has quit irc
16:09          --> caroltron has joined
16:11          <-- caroltron has left
16:11          <-- madhums has quit irc
16:12          --> FransK_ has joined
16:12          <-- FransK has quit irc
16:15          <-- siliconmeadow has quit irc
16:17          --> q0rban has joined
16:20          --> siliconmeadow has joined
16:23          --> zacho has joined
16:29          --> johnvsc has joined
16:31          <-- CrashTest_ has quit irc
16:36          <-- Amitaibu has quit irc
16:41          --> adrinux has joined
16:41          <-- Slurpee has quit irc
16:44          <-- mikey_p has quit irc
16:45          --> darrenoh has joined
16:48          --> Slurpee has joined
16:49          --> sarah_p has joined
16:52          --> emmajane has joined
16:54          <-- emmajane has quit irc
16:57          --> webchick has joined
17:01          <-- yoroy has quit irc
17:06          <-- sarah_p has quit irc
17:06          --> FransK__ has joined
17:07          <-- FransK_ has quit irc
17:08          <-- seutje has quit irc
17:11          --> nitrospectide has joined
17:13          --> ShiNboi has joined
17:26          --> madhums has joined
17:29          <-- flabberkenny has quit irc
17:33          --> missWilder has joined
17:34          <-- lennartweb has quit irc
17:36          <-- Michelle has quit irc
17:37          --> rightsprocket has joined
17:40          --> golb has joined
17:40          <-- rightsprocket has quit irc
17:40          --> Michelle has joined
17:40          <-- Michelle has quit irc
17:40          --> Michelle has joined
17:43          --> momendo has joined
17:44          --> roelvangils has joined
17:44  roelvangils| Can I ask a quick newbie question about theming?
17:44  gooddesignusa| sure
17:45  roelvangils| nice :)
17:46  johnvsc| ask?
17:46  Druplicon| If you have a question, please go ahead and ask it. No need to ask permission. Tips on getting good help in IRC: http://blog.freenode.net/2008/03/helping-others-help-you/
17:46  roelvangils| when echoing $content in my node.tpl.php, it also includes the cck fields at the bottom (wrapped in a <fieldset>). is this normal behaviour?I thought it would echo the raw content
17:46          --> rightsprocket has joined
17:46  roelvangils| (i mean, nog the extra fields)
17:46  roelvangils| not
17:46  johnvsc| roelvangils: see
17:46  johnvsc| devel?
17:46  Druplicon| Devel is a useful module for getting extra information about your site, such as database calls and form element names. It's useful for developing themes and custom modules. Download is http://drupal.org/project/devel and docs are at http://drupal.org/node/174575
17:47  roelvangils| haven't tried devel yet
17:47  roelvangils| will it to help me figure out stuff like this?
17:47  johnvsc| install it
17:47  johnvsc| then go to a node
17:47  roelvangils| ok
17:47  johnvsc| then click the "render" tab
17:48  johnvsc| and you will see the contents of the $content
17:48  johnvsc| in an array
17:48  johnvsc| then you can target that with a node-contentTypeName.tpl.php
17:48  johnvsc| that is how you get to it
17:48  johnvsc| it sounds kinda round about
17:48  johnvsc| but it rawks
17:48  roelvangils| ok, do i enable everything for the devel module?
17:48  johnvsc| when you get the hang of it
17:48  johnvsc| no
17:49  johnvsc| jsut the devel one
17:49  johnvsc| that is all you need
17:49  johnvsc| (right now)
17:49  roelvangils| ok
17:49  roelvangils| oh, sexy :)
17:50  roelvangils| thanks
17:52  roelvangils| @johnvsc ok, got it :) it works. thanks for tip
17:53  johnvsc| your not a n00bie now :)
17:54  roelvangils| pffieeew ;)
17:54          <-- maikel has quit irc
17:57          <-- roelvangils has left
18:06          <-- timmillwood has quit irc
18:08          --> Bevan has joined
18:14          --> kdmarks has joined
18:14  gooddesignusa| you could also use drupal firebug thingy
18:15          --> MediaDoneRight has joined
18:15          --> geerlingguy has joined
18:15          --> golb_ has joined
18:15          <-- golb has quit irc
18:16          -#- golb_ is known as golb
18:16          <-- siliconmeadow has quit irc
18:16          <-- geerlingguy has left
18:16          <-- adrinux has quit irc
18:19          <-- Bevan has quit irc
18:22          --> mikey_p-office has joined
18:25          <-- cps0 has quit irc
18:27          <-- LouisEric has quit irc
18:35          --> LouisEric has joined
18:41          --> cps0 has joined
18:42          --> aaaa has joined
18:43          <-- aaaa has quit irc
18:43          <-- zzolo has quit irc
18:49          <-- Crash1hd has quit irc
--- Log closed Mon Mar 01 18:59:02 2010
--- Log opened Tue Mar 02 04:16:33 2010
04:16          --> playahat1r has joined
04:16 #drupal-themes: Total of 75 nicks [1 ops, 0 halfops, 0 voices, 74 normal]
04:16 Join to #drupal-themes was synced in 12 secs
--- Log closed Tue Mar 02 04:22:30 2010
